ic| len(dset): 60000
ic| len(dset): 10000
{'dataset': 'MNIST', 'model': 'densenet', 'calibration': False, 'epochs': 100, 'learning_rate': 0.001, 'batch_size': 128, 'oe_batch_size': 256, 'test_bs': 200, 'momentum': 0.9, 'decay': 0.0005, 'layers': 40, 'widen_factor': 2, 'droprate': 0.3, 'save': './snapshots/oe_tune', 'load': './snapshots/pretrained', 'test': False, 'ngpu': 1, 'prefetch': 1, 'm_in': -25.0, 'm_out': -7.0, 'score': 'OE', 'seed': 1, 'regime': 'Balanced', 'n_ood': 1024}
torch.Size([2048, 1, 28, 28])
Counter({8: 1024, 9: 1024})
Tesla V100-PCIE-16GB
Model restored!
  0%|          | 0/63 [00:00<?, ?it/s]  2%|▏         | 1/63 [00:00<00:14,  4.16it/s]  8%|▊         | 5/63 [00:00<00:03, 16.80it/s] 14%|█▍        | 9/63 [00:00<00:02, 23.79it/s] 21%|██        | 13/63 [00:00<00:01, 28.00it/s] 27%|██▋       | 17/63 [00:00<00:01, 30.69it/s] 33%|███▎      | 21/63 [00:00<00:01, 32.45it/s] 40%|███▉      | 25/63 [00:00<00:01, 33.65it/s] 46%|████▌     | 29/63 [00:01<00:00, 34.48it/s] 52%|█████▏    | 33/63 [00:01<00:00, 35.03it/s] 59%|█████▊    | 37/63 [00:01<00:00, 35.39it/s] 65%|██████▌   | 41/63 [00:01<00:00, 35.61it/s] 71%|███████▏  | 45/63 [00:01<00:00, 35.78it/s] 78%|███████▊  | 49/63 [00:01<00:00, 35.93it/s] 84%|████████▍ | 53/63 [00:01<00:00, 36.05it/s] 90%|█████████ | 57/63 [00:01<00:00, 36.14it/s] 97%|█████████▋| 61/63 [00:01<00:00, 36.20it/s]100%|██████████| 63/63 [00:01<00:00, 32.42it/s]
0.9972718253968254
0.010138743690890444
0.9972558313583637
Beginning Training

/home/xysong/.conda/envs/OoD/lib/python3.9/site-packages/torch/optim/lr_scheduler.py:131: UserWarning: Detected call of `lr_scheduler.step()` before `optimizer.step()`. In PyTorch 1.1.0 and later, you should call them in the opposite order: `optimizer.step()` before `lr_scheduler.step()`.  Failure to do this will result in PyTorch skipping the first value of the learning rate schedule. See more details at https://pytorch.org/docs/stable/optim.html#how-to-adjust-learning-rate
  warnings.warn("Detected call of `lr_scheduler.step()` before `optimizer.step()`. "
Epoch   1 | Time     5 | Train Loss 1.7746 | Test Loss 0.010 | Test Error 0.29
Epoch   2 | Time     3 | Train Loss 1.6214 | Test Loss 0.012 | Test Error 0.31
Epoch   3 | Time     3 | Train Loss 1.4739 | Test Loss 0.013 | Test Error 0.32
Epoch   4 | Time     3 | Train Loss 1.3396 | Test Loss 0.014 | Test Error 0.34
Epoch   5 | Time     4 | Train Loss 1.2438 | Test Loss 0.014 | Test Error 0.31
Epoch   6 | Time     3 | Train Loss 1.1755 | Test Loss 0.014 | Test Error 0.32
Epoch   7 | Time     3 | Train Loss 1.1164 | Test Loss 0.014 | Test Error 0.31
Epoch   8 | Time     3 | Train Loss 1.0668 | Test Loss 0.015 | Test Error 0.32
Epoch   9 | Time     3 | Train Loss 1.0413 | Test Loss 0.015 | Test Error 0.36
Epoch  10 | Time     3 | Train Loss 1.0105 | Test Loss 0.016 | Test Error 0.35
Epoch  11 | Time     3 | Train Loss 1.0018 | Test Loss 0.017 | Test Error 0.35
Epoch  12 | Time     3 | Train Loss 0.9831 | Test Loss 0.019 | Test Error 0.40
Epoch  13 | Time     3 | Train Loss 0.9732 | Test Loss 0.020 | Test Error 0.41
Epoch  14 | Time     3 | Train Loss 0.9654 | Test Loss 0.021 | Test Error 0.40
Epoch  15 | Time     3 | Train Loss 0.9589 | Test Loss 0.021 | Test Error 0.40
Epoch  16 | Time     3 | Train Loss 0.9554 | Test Loss 0.022 | Test Error 0.41
Epoch  17 | Time     3 | Train Loss 0.9460 | Test Loss 0.022 | Test Error 0.41
Epoch  18 | Time     3 | Train Loss 0.9450 | Test Loss 0.022 | Test Error 0.41
Epoch  19 | Time     3 | Train Loss 0.9422 | Test Loss 0.023 | Test Error 0.37
Epoch  20 | Time     3 | Train Loss 0.9474 | Test Loss 0.023 | Test Error 0.39
Epoch  21 | Time     3 | Train Loss 0.9345 | Test Loss 0.023 | Test Error 0.37
Epoch  22 | Time     3 | Train Loss 0.9381 | Test Loss 0.023 | Test Error 0.37
Epoch  23 | Time     3 | Train Loss 0.9319 | Test Loss 0.023 | Test Error 0.39
Epoch  24 | Time     3 | Train Loss 0.9300 | Test Loss 0.023 | Test Error 0.36
Epoch  25 | Time     3 | Train Loss 0.9327 | Test Loss 0.023 | Test Error 0.37
Epoch  26 | Time     3 | Train Loss 0.9293 | Test Loss 0.023 | Test Error 0.37
Epoch  27 | Time     3 | Train Loss 0.9272 | Test Loss 0.023 | Test Error 0.37
Epoch  28 | Time     3 | Train Loss 0.9269 | Test Loss 0.023 | Test Error 0.37
Epoch  29 | Time     3 | Train Loss 0.9223 | Test Loss 0.023 | Test Error 0.36
Epoch  30 | Time     3 | Train Loss 0.9231 | Test Loss 0.023 | Test Error 0.36
Epoch  31 | Time     3 | Train Loss 0.9222 | Test Loss 0.023 | Test Error 0.36
Epoch  32 | Time     3 | Train Loss 0.9248 | Test Loss 0.022 | Test Error 0.36
Epoch  33 | Time     4 | Train Loss 0.9195 | Test Loss 0.022 | Test Error 0.37
Epoch  34 | Time     3 | Train Loss 0.9205 | Test Loss 0.022 | Test Error 0.36
Epoch  35 | Time     3 | Train Loss 0.9196 | Test Loss 0.022 | Test Error 0.37
Epoch  36 | Time     3 | Train Loss 0.9181 | Test Loss 0.022 | Test Error 0.36
Epoch  37 | Time     3 | Train Loss 0.9153 | Test Loss 0.022 | Test Error 0.39
Epoch  38 | Time     3 | Train Loss 0.9161 | Test Loss 0.022 | Test Error 0.37
Epoch  39 | Time     3 | Train Loss 0.9112 | Test Loss 0.022 | Test Error 0.36
Epoch  40 | Time     3 | Train Loss 0.9139 | Test Loss 0.023 | Test Error 0.36
Epoch  41 | Time     3 | Train Loss 0.9103 | Test Loss 0.023 | Test Error 0.36
Epoch  42 | Time     3 | Train Loss 0.9154 | Test Loss 0.022 | Test Error 0.37
Epoch  43 | Time     3 | Train Loss 0.9160 | Test Loss 0.022 | Test Error 0.36
Epoch  44 | Time     3 | Train Loss 0.9094 | Test Loss 0.022 | Test Error 0.37
Epoch  45 | Time     3 | Train Loss 0.9116 | Test Loss 0.022 | Test Error 0.37
Epoch  46 | Time     3 | Train Loss 0.9121 | Test Loss 0.022 | Test Error 0.36
Epoch  47 | Time     3 | Train Loss 0.9140 | Test Loss 0.022 | Test Error 0.36
Epoch  48 | Time     3 | Train Loss 0.9116 | Test Loss 0.021 | Test Error 0.36
Epoch  49 | Time     3 | Train Loss 0.9096 | Test Loss 0.021 | Test Error 0.36
Epoch  50 | Time     3 | Train Loss 0.9115 | Test Loss 0.021 | Test Error 0.37
Epoch  51 | Time     3 | Train Loss 0.9113 | Test Loss 0.021 | Test Error 0.36
Epoch  52 | Time     3 | Train Loss 0.9119 | Test Loss 0.021 | Test Error 0.36
Epoch  53 | Time     3 | Train Loss 0.9060 | Test Loss 0.021 | Test Error 0.36
Epoch  54 | Time     3 | Train Loss 0.9088 | Test Loss 0.021 | Test Error 0.37
Epoch  55 | Time     3 | Train Loss 0.9077 | Test Loss 0.021 | Test Error 0.36
Epoch  56 | Time     3 | Train Loss 0.9043 | Test Loss 0.021 | Test Error 0.37
Epoch  57 | Time     3 | Train Loss 0.9098 | Test Loss 0.021 | Test Error 0.39
Epoch  58 | Time     3 | Train Loss 0.9142 | Test Loss 0.021 | Test Error 0.37
Epoch  59 | Time     3 | Train Loss 0.9060 | Test Loss 0.020 | Test Error 0.37
Epoch  60 | Time     3 | Train Loss 0.9048 | Test Loss 0.020 | Test Error 0.37
Epoch  61 | Time     3 | Train Loss 0.9103 | Test Loss 0.020 | Test Error 0.39
Epoch  62 | Time     3 | Train Loss 0.9088 | Test Loss 0.020 | Test Error 0.39
Epoch  63 | Time     3 | Train Loss 0.9016 | Test Loss 0.020 | Test Error 0.39
Epoch  64 | Time     3 | Train Loss 0.9024 | Test Loss 0.020 | Test Error 0.37
Epoch  65 | Time     3 | Train Loss 0.9056 | Test Loss 0.020 | Test Error 0.37
Epoch  66 | Time     3 | Train Loss 0.9076 | Test Loss 0.020 | Test Error 0.37
Epoch  67 | Time     3 | Train Loss 0.9014 | Test Loss 0.020 | Test Error 0.37
Epoch  68 | Time     3 | Train Loss 0.9028 | Test Loss 0.020 | Test Error 0.35
Epoch  69 | Time     3 | Train Loss 0.9063 | Test Loss 0.020 | Test Error 0.35
Epoch  70 | Time     3 | Train Loss 0.9028 | Test Loss 0.019 | Test Error 0.35
Epoch  71 | Time     3 | Train Loss 0.9023 | Test Loss 0.020 | Test Error 0.35
Epoch  72 | Time     3 | Train Loss 0.9021 | Test Loss 0.020 | Test Error 0.37
Epoch  73 | Time     3 | Train Loss 0.8985 | Test Loss 0.020 | Test Error 0.39
Epoch  74 | Time     3 | Train Loss 0.8996 | Test Loss 0.020 | Test Error 0.36
Epoch  75 | Time     3 | Train Loss 0.9031 | Test Loss 0.020 | Test Error 0.35
Epoch  76 | Time     3 | Train Loss 0.9036 | Test Loss 0.020 | Test Error 0.35
Epoch  77 | Time     3 | Train Loss 0.8998 | Test Loss 0.019 | Test Error 0.34
Epoch  78 | Time     3 | Train Loss 0.9005 | Test Loss 0.020 | Test Error 0.35
Epoch  79 | Time     3 | Train Loss 0.8977 | Test Loss 0.020 | Test Error 0.34
Epoch  80 | Time     3 | Train Loss 0.9032 | Test Loss 0.019 | Test Error 0.35
Epoch  81 | Time     3 | Train Loss 0.8986 | Test Loss 0.020 | Test Error 0.35
Epoch  82 | Time     3 | Train Loss 0.9008 | Test Loss 0.019 | Test Error 0.35
Epoch  83 | Time     3 | Train Loss 0.9003 | Test Loss 0.019 | Test Error 0.35
Epoch  84 | Time     3 | Train Loss 0.8973 | Test Loss 0.019 | Test Error 0.34
Epoch  85 | Time     3 | Train Loss 0.8986 | Test Loss 0.019 | Test Error 0.34
Epoch  86 | Time     3 | Train Loss 0.9013 | Test Loss 0.019 | Test Error 0.35
Epoch  87 | Time     3 | Train Loss 0.8974 | Test Loss 0.019 | Test Error 0.34
Epoch  88 | Time     3 | Train Loss 0.8973 | Test Loss 0.019 | Test Error 0.34
Epoch  89 | Time     3 | Train Loss 0.9010 | Test Loss 0.019 | Test Error 0.34
Epoch  90 | Time     4 | Train Loss 0.8960 | Test Loss 0.019 | Test Error 0.34
Epoch  91 | Time     4 | Train Loss 0.8958 | Test Loss 0.019 | Test Error 0.32
Epoch  92 | Time     3 | Train Loss 0.8964 | Test Loss 0.019 | Test Error 0.32
Epoch  93 | Time     3 | Train Loss 0.8943 | Test Loss 0.019 | Test Error 0.34
Epoch  94 | Time     3 | Train Loss 0.8950 | Test Loss 0.019 | Test Error 0.34
Epoch  95 | Time     3 | Train Loss 0.8947 | Test Loss 0.019 | Test Error 0.32
Epoch  96 | Time     3 | Train Loss 0.8979 | Test Loss 0.019 | Test Error 0.34
Epoch  97 | Time     3 | Train Loss 0.8941 | Test Loss 0.020 | Test Error 0.34
Epoch  98 | Time     3 | Train Loss 0.8995 | Test Loss 0.019 | Test Error 0.32
Epoch  99 | Time     3 | Train Loss 0.8996 | Test Loss 0.019 | Test Error 0.31
Epoch 100 | Time     3 | Train Loss 0.8932 | Test Loss 0.019 | Test Error 0.31
ic| len(dset): 60000
ic| len(dset): 10000
Namespace(dataset='MNIST', test_bs=200, num_to_avg=5, validate=False, use_xent=False, method_name='cifar10_allconv_baseline', layers=40, widen_factor=2, droprate=0.3, load='./snapshots', ngpu=1, prefetch=1, out_as_pos=True, score='MSP', T=1.0, noise=0, type='OE', ft_epochs=99, ft_n=1024, regime='Balanced')
Model restored!
Error Rate 0.31


Error Detection
			cifar10_allconv_baseline
FPR95:			48.36
FPR99:			48.36
AUROC:			96.17
AUPR:			23.48
Configuration: MNIST_Balanced_1024

MNIST Detection

[-0.9973078  -0.9997292  -0.99970764] [-0.20188597 -0.20264247 -0.22737351]
				cifar10_allconv_baseline
  TPR95 TPR99 AUROC AUPR
99.90 & 99.23 & 99.96 & 99.82
0.00 & 0.02 & 0.00 & 0.01
