ic| len(dset): 60000
ic| len(dset): 10000
{'dataset': 'MNIST', 'model': 'densenet', 'calibration': False, 'epochs': 100, 'learning_rate': 0.001, 'batch_size': 128, 'oe_batch_size': 256, 'test_bs': 200, 'momentum': 0.9, 'decay': 0.0005, 'layers': 40, 'widen_factor': 2, 'droprate': 0.3, 'save': './snapshots/oe_tune', 'load': './snapshots/pretrained', 'test': False, 'ngpu': 1, 'prefetch': 1, 'm_in': -25.0, 'm_out': -7.0, 'score': 'OE', 'seed': 1, 'regime': 'Balanced', 'n_ood': 128}
torch.Size([256, 1, 28, 28])
Counter({8: 128, 9: 128})
Tesla V100-PCIE-16GB
Model restored!
  0%|          | 0/63 [00:00<?, ?it/s]  2%|▏         | 1/63 [00:00<00:17,  3.53it/s]  8%|▊         | 5/63 [00:00<00:03, 14.86it/s] 14%|█▍        | 9/63 [00:00<00:02, 21.78it/s] 21%|██        | 13/63 [00:00<00:01, 26.32it/s] 27%|██▋       | 17/63 [00:00<00:01, 29.37it/s] 33%|███▎      | 21/63 [00:00<00:01, 31.46it/s] 40%|███▉      | 25/63 [00:00<00:01, 32.89it/s] 46%|████▌     | 29/63 [00:01<00:01, 33.88it/s] 52%|█████▏    | 33/63 [00:01<00:00, 34.58it/s] 59%|█████▊    | 37/63 [00:01<00:00, 35.07it/s] 65%|██████▌   | 41/63 [00:01<00:00, 35.40it/s] 71%|███████▏  | 45/63 [00:01<00:00, 35.64it/s] 78%|███████▊  | 49/63 [00:01<00:00, 35.81it/s] 84%|████████▍ | 53/63 [00:01<00:00, 35.94it/s] 90%|█████████ | 57/63 [00:01<00:00, 36.03it/s] 97%|█████████▋| 61/63 [00:01<00:00, 36.11it/s]100%|██████████| 63/63 [00:01<00:00, 31.51it/s]
0.9972718253968254
0.010138743690890444
0.9972558313583637
Beginning Training

/home/xysong/.conda/envs/OoD/lib/python3.9/site-packages/torch/optim/lr_scheduler.py:131: UserWarning: Detected call of `lr_scheduler.step()` before `optimizer.step()`. In PyTorch 1.1.0 and later, you should call them in the opposite order: `optimizer.step()` before `lr_scheduler.step()`.  Failure to do this will result in PyTorch skipping the first value of the learning rate schedule. See more details at https://pytorch.org/docs/stable/optim.html#how-to-adjust-learning-rate
  warnings.warn("Detected call of `lr_scheduler.step()` before `optimizer.step()`. "
Epoch   1 | Time     4 | Train Loss 0.5229 | Test Loss 0.009 | Test Error 0.25
Epoch   2 | Time     2 | Train Loss 0.5273 | Test Loss 0.009 | Test Error 0.26
Epoch   3 | Time     2 | Train Loss 0.5270 | Test Loss 0.010 | Test Error 0.27
Epoch   4 | Time     2 | Train Loss 0.5099 | Test Loss 0.010 | Test Error 0.29
Epoch   5 | Time     2 | Train Loss 0.5124 | Test Loss 0.011 | Test Error 0.31
Epoch   6 | Time     2 | Train Loss 0.4893 | Test Loss 0.012 | Test Error 0.32
Epoch   7 | Time     2 | Train Loss 0.4899 | Test Loss 0.012 | Test Error 0.35
Epoch   8 | Time     2 | Train Loss 0.4734 | Test Loss 0.013 | Test Error 0.35
Epoch   9 | Time     2 | Train Loss 0.4664 | Test Loss 0.014 | Test Error 0.35
Epoch  10 | Time     2 | Train Loss 0.4634 | Test Loss 0.014 | Test Error 0.36
Epoch  11 | Time     2 | Train Loss 0.4569 | Test Loss 0.014 | Test Error 0.39
Epoch  12 | Time     2 | Train Loss 0.4393 | Test Loss 0.015 | Test Error 0.39
Epoch  13 | Time     2 | Train Loss 0.4336 | Test Loss 0.015 | Test Error 0.40
Epoch  14 | Time     2 | Train Loss 0.4251 | Test Loss 0.015 | Test Error 0.40
Epoch  15 | Time     2 | Train Loss 0.4038 | Test Loss 0.016 | Test Error 0.41
Epoch  16 | Time     2 | Train Loss 0.4001 | Test Loss 0.016 | Test Error 0.41
Epoch  17 | Time     2 | Train Loss 0.3932 | Test Loss 0.016 | Test Error 0.42
Epoch  18 | Time     2 | Train Loss 0.3786 | Test Loss 0.017 | Test Error 0.42
Epoch  19 | Time     2 | Train Loss 0.3759 | Test Loss 0.017 | Test Error 0.41
Epoch  20 | Time     2 | Train Loss 0.3719 | Test Loss 0.016 | Test Error 0.40
Epoch  21 | Time     2 | Train Loss 0.3597 | Test Loss 0.017 | Test Error 0.39
Epoch  22 | Time     2 | Train Loss 0.3548 | Test Loss 0.017 | Test Error 0.39
Epoch  23 | Time     2 | Train Loss 0.3436 | Test Loss 0.017 | Test Error 0.39
Epoch  24 | Time     2 | Train Loss 0.3405 | Test Loss 0.017 | Test Error 0.37
Epoch  25 | Time     2 | Train Loss 0.3343 | Test Loss 0.017 | Test Error 0.37
Epoch  26 | Time     2 | Train Loss 0.3309 | Test Loss 0.017 | Test Error 0.39
Epoch  27 | Time     2 | Train Loss 0.3181 | Test Loss 0.018 | Test Error 0.40
Epoch  28 | Time     2 | Train Loss 0.3226 | Test Loss 0.018 | Test Error 0.40
Epoch  29 | Time     2 | Train Loss 0.3158 | Test Loss 0.018 | Test Error 0.40
Epoch  30 | Time     2 | Train Loss 0.3137 | Test Loss 0.018 | Test Error 0.40
Epoch  31 | Time     2 | Train Loss 0.3071 | Test Loss 0.018 | Test Error 0.40
Epoch  32 | Time     2 | Train Loss 0.3070 | Test Loss 0.018 | Test Error 0.39
Epoch  33 | Time     2 | Train Loss 0.3021 | Test Loss 0.018 | Test Error 0.39
Epoch  34 | Time     2 | Train Loss 0.2985 | Test Loss 0.018 | Test Error 0.39
Epoch  35 | Time     2 | Train Loss 0.2962 | Test Loss 0.018 | Test Error 0.36
Epoch  36 | Time     2 | Train Loss 0.2883 | Test Loss 0.018 | Test Error 0.37
Epoch  37 | Time     2 | Train Loss 0.2864 | Test Loss 0.018 | Test Error 0.39
Epoch  38 | Time     2 | Train Loss 0.2910 | Test Loss 0.018 | Test Error 0.40
Epoch  39 | Time     2 | Train Loss 0.2838 | Test Loss 0.018 | Test Error 0.40
Epoch  40 | Time     2 | Train Loss 0.2820 | Test Loss 0.018 | Test Error 0.40
Epoch  41 | Time     2 | Train Loss 0.2783 | Test Loss 0.018 | Test Error 0.41
Epoch  42 | Time     2 | Train Loss 0.2745 | Test Loss 0.018 | Test Error 0.44
Epoch  43 | Time     2 | Train Loss 0.2746 | Test Loss 0.018 | Test Error 0.46
Epoch  44 | Time     2 | Train Loss 0.2697 | Test Loss 0.019 | Test Error 0.47
Epoch  45 | Time     2 | Train Loss 0.2700 | Test Loss 0.019 | Test Error 0.46
Epoch  46 | Time     2 | Train Loss 0.2709 | Test Loss 0.019 | Test Error 0.46
Epoch  47 | Time     2 | Train Loss 0.2650 | Test Loss 0.019 | Test Error 0.47
Epoch  48 | Time     2 | Train Loss 0.2649 | Test Loss 0.019 | Test Error 0.46
Epoch  49 | Time     2 | Train Loss 0.2638 | Test Loss 0.019 | Test Error 0.47
Epoch  50 | Time     2 | Train Loss 0.2617 | Test Loss 0.019 | Test Error 0.44
Epoch  51 | Time     2 | Train Loss 0.2597 | Test Loss 0.019 | Test Error 0.46
Epoch  52 | Time     2 | Train Loss 0.2609 | Test Loss 0.020 | Test Error 0.45
Epoch  53 | Time     2 | Train Loss 0.2569 | Test Loss 0.020 | Test Error 0.45
Epoch  54 | Time     2 | Train Loss 0.2537 | Test Loss 0.020 | Test Error 0.46
Epoch  55 | Time     2 | Train Loss 0.2569 | Test Loss 0.019 | Test Error 0.45
Epoch  56 | Time     2 | Train Loss 0.2523 | Test Loss 0.020 | Test Error 0.46
Epoch  57 | Time     2 | Train Loss 0.2512 | Test Loss 0.020 | Test Error 0.46
Epoch  58 | Time     2 | Train Loss 0.2506 | Test Loss 0.020 | Test Error 0.47
Epoch  59 | Time     2 | Train Loss 0.2510 | Test Loss 0.020 | Test Error 0.50
Epoch  60 | Time     2 | Train Loss 0.2495 | Test Loss 0.020 | Test Error 0.50
Epoch  61 | Time     2 | Train Loss 0.2476 | Test Loss 0.020 | Test Error 0.50
Epoch  62 | Time     2 | Train Loss 0.2469 | Test Loss 0.020 | Test Error 0.50
Epoch  63 | Time     2 | Train Loss 0.2466 | Test Loss 0.020 | Test Error 0.50
Epoch  64 | Time     2 | Train Loss 0.2452 | Test Loss 0.021 | Test Error 0.50
Epoch  65 | Time     2 | Train Loss 0.2464 | Test Loss 0.021 | Test Error 0.50
Epoch  66 | Time     2 | Train Loss 0.2444 | Test Loss 0.021 | Test Error 0.50
Epoch  67 | Time     2 | Train Loss 0.2439 | Test Loss 0.020 | Test Error 0.50
Epoch  68 | Time     2 | Train Loss 0.2427 | Test Loss 0.021 | Test Error 0.50
Epoch  69 | Time     2 | Train Loss 0.2433 | Test Loss 0.021 | Test Error 0.50
Epoch  70 | Time     2 | Train Loss 0.2434 | Test Loss 0.021 | Test Error 0.47
Epoch  71 | Time     2 | Train Loss 0.2401 | Test Loss 0.021 | Test Error 0.47
Epoch  72 | Time     2 | Train Loss 0.2394 | Test Loss 0.021 | Test Error 0.47
Epoch  73 | Time     2 | Train Loss 0.2386 | Test Loss 0.021 | Test Error 0.47
Epoch  74 | Time     2 | Train Loss 0.2379 | Test Loss 0.021 | Test Error 0.49
Epoch  75 | Time     2 | Train Loss 0.2395 | Test Loss 0.021 | Test Error 0.50
Epoch  76 | Time     2 | Train Loss 0.2416 | Test Loss 0.021 | Test Error 0.50
Epoch  77 | Time     2 | Train Loss 0.2426 | Test Loss 0.021 | Test Error 0.49
Epoch  78 | Time     2 | Train Loss 0.2351 | Test Loss 0.021 | Test Error 0.49
Epoch  79 | Time     2 | Train Loss 0.2352 | Test Loss 0.021 | Test Error 0.49
Epoch  80 | Time     2 | Train Loss 0.2368 | Test Loss 0.021 | Test Error 0.47
Epoch  81 | Time     2 | Train Loss 0.2355 | Test Loss 0.021 | Test Error 0.47
Epoch  82 | Time     2 | Train Loss 0.2374 | Test Loss 0.021 | Test Error 0.49
Epoch  83 | Time     2 | Train Loss 0.2346 | Test Loss 0.021 | Test Error 0.49
Epoch  84 | Time     2 | Train Loss 0.2340 | Test Loss 0.021 | Test Error 0.47
Epoch  85 | Time     2 | Train Loss 0.2341 | Test Loss 0.021 | Test Error 0.47
Epoch  86 | Time     2 | Train Loss 0.2328 | Test Loss 0.021 | Test Error 0.47
Epoch  87 | Time     2 | Train Loss 0.2344 | Test Loss 0.021 | Test Error 0.47
Epoch  88 | Time     2 | Train Loss 0.2340 | Test Loss 0.021 | Test Error 0.47
Epoch  89 | Time     2 | Train Loss 0.2357 | Test Loss 0.021 | Test Error 0.47
Epoch  90 | Time     2 | Train Loss 0.2317 | Test Loss 0.021 | Test Error 0.47
Epoch  91 | Time     2 | Train Loss 0.2330 | Test Loss 0.021 | Test Error 0.47
Epoch  92 | Time     2 | Train Loss 0.2308 | Test Loss 0.021 | Test Error 0.47
Epoch  93 | Time     2 | Train Loss 0.2316 | Test Loss 0.022 | Test Error 0.47
Epoch  94 | Time     2 | Train Loss 0.2308 | Test Loss 0.022 | Test Error 0.47
Epoch  95 | Time     2 | Train Loss 0.2308 | Test Loss 0.022 | Test Error 0.47
Epoch  96 | Time     2 | Train Loss 0.2303 | Test Loss 0.021 | Test Error 0.46
Epoch  97 | Time     2 | Train Loss 0.2313 | Test Loss 0.022 | Test Error 0.46
Epoch  98 | Time     2 | Train Loss 0.2315 | Test Loss 0.022 | Test Error 0.46
Epoch  99 | Time     2 | Train Loss 0.2298 | Test Loss 0.022 | Test Error 0.46
Epoch 100 | Time     2 | Train Loss 0.2299 | Test Loss 0.022 | Test Error 0.46
ic| len(dset): 60000
ic| len(dset): 10000
Namespace(dataset='MNIST', test_bs=200, num_to_avg=5, validate=False, use_xent=False, method_name='cifar10_allconv_baseline', layers=40, widen_factor=2, droprate=0.3, load='./snapshots', ngpu=1, prefetch=1, out_as_pos=True, score='MSP', T=1.0, noise=0, type='OE', ft_epochs=99, ft_n=128, regime='Balanced')
Model restored!
Error Rate 0.46


Error Detection
			cifar10_allconv_baseline
FPR95:			60.48
FPR99:			30.81
AUROC:			93.50
AUPR:			32.74
Configuration: MNIST_Balanced_128

MNIST Detection

[-0.99945503 -0.99981207 -0.9998448 ] [-0.40656203 -0.22419171 -0.77371335]
				cifar10_allconv_baseline
  TPR95 TPR99 AUROC AUPR
99.46 & 97.84 & 99.85 & 99.30
0.02 & 0.05 & 0.00 & 0.01
