ic| len(dset): 60000
ic| len(dset): 10000
{'dataset': 'MNIST', 'model': 'densenet', 'calibration': False, 'epochs': 100, 'learning_rate': 0.001, 'batch_size': 128, 'oe_batch_size': 256, 'test_bs': 200, 'momentum': 0.9, 'decay': 0.0005, 'layers': 40, 'widen_factor': 2, 'droprate': 0.3, 'save': './snapshots/oe_tune', 'load': './snapshots/pretrained', 'test': False, 'ngpu': 1, 'prefetch': 1, 'm_in': -25.0, 'm_out': -7.0, 'score': 'OE', 'seed': 1, 'regime': 'Balanced', 'n_ood': 16}
torch.Size([32, 1, 28, 28])
Counter({8: 16, 9: 16})
Tesla V100-PCIE-16GB
Model restored!
  0%|          | 0/63 [00:00<?, ?it/s]  2%|▏         | 1/63 [00:00<00:18,  3.39it/s]  8%|▊         | 5/63 [00:00<00:03, 14.51it/s] 14%|█▍        | 9/63 [00:00<00:02, 21.49it/s] 21%|██        | 13/63 [00:00<00:01, 26.08it/s] 27%|██▋       | 17/63 [00:00<00:01, 29.18it/s] 33%|███▎      | 21/63 [00:00<00:01, 31.30it/s] 40%|███▉      | 25/63 [00:00<00:01, 32.76it/s] 46%|████▌     | 29/63 [00:01<00:01, 33.77it/s] 52%|█████▏    | 33/63 [00:01<00:00, 34.48it/s] 59%|█████▊    | 37/63 [00:01<00:00, 34.98it/s] 65%|██████▌   | 41/63 [00:01<00:00, 35.33it/s] 71%|███████▏  | 45/63 [00:01<00:00, 35.58it/s] 78%|███████▊  | 49/63 [00:01<00:00, 35.77it/s] 84%|████████▍ | 53/63 [00:01<00:00, 35.89it/s] 90%|█████████ | 57/63 [00:01<00:00, 35.98it/s] 97%|█████████▋| 61/63 [00:01<00:00, 36.03it/s]100%|██████████| 63/63 [00:02<00:00, 31.31it/s]
0.9972718253968254
0.010138743690890444
0.9972558313583637
Beginning Training

/home/xysong/.conda/envs/OoD/lib/python3.9/site-packages/torch/optim/lr_scheduler.py:131: UserWarning: Detected call of `lr_scheduler.step()` before `optimizer.step()`. In PyTorch 1.1.0 and later, you should call them in the opposite order: `optimizer.step()` before `lr_scheduler.step()`.  Failure to do this will result in PyTorch skipping the first value of the learning rate schedule. See more details at https://pytorch.org/docs/stable/optim.html#how-to-adjust-learning-rate
  warnings.warn("Detected call of `lr_scheduler.step()` before `optimizer.step()`. "
Epoch   1 | Time     3 | Train Loss 0.5217 | Test Loss 0.009 | Test Error 0.24
Epoch   2 | Time     2 | Train Loss 0.5514 | Test Loss 0.009 | Test Error 0.25
Epoch   3 | Time     2 | Train Loss 0.5131 | Test Loss 0.009 | Test Error 0.24
Epoch   4 | Time     2 | Train Loss 0.4770 | Test Loss 0.009 | Test Error 0.25
Epoch   5 | Time     2 | Train Loss 0.4822 | Test Loss 0.010 | Test Error 0.24
Epoch   6 | Time     2 | Train Loss 0.4291 | Test Loss 0.010 | Test Error 0.25
Epoch   7 | Time     2 | Train Loss 0.4561 | Test Loss 0.010 | Test Error 0.27
Epoch   8 | Time     2 | Train Loss 0.4131 | Test Loss 0.011 | Test Error 0.29
Epoch   9 | Time     2 | Train Loss 0.3976 | Test Loss 0.011 | Test Error 0.29
Epoch  10 | Time     2 | Train Loss 0.3958 | Test Loss 0.011 | Test Error 0.31
Epoch  11 | Time     2 | Train Loss 0.3965 | Test Loss 0.011 | Test Error 0.30
Epoch  12 | Time     2 | Train Loss 0.3671 | Test Loss 0.012 | Test Error 0.31
Epoch  13 | Time     2 | Train Loss 0.3627 | Test Loss 0.011 | Test Error 0.31
Epoch  14 | Time     2 | Train Loss 0.3692 | Test Loss 0.012 | Test Error 0.31
Epoch  15 | Time     2 | Train Loss 0.3309 | Test Loss 0.012 | Test Error 0.31
Epoch  16 | Time     2 | Train Loss 0.3265 | Test Loss 0.012 | Test Error 0.32
Epoch  17 | Time     2 | Train Loss 0.3223 | Test Loss 0.012 | Test Error 0.32
Epoch  18 | Time     2 | Train Loss 0.3117 | Test Loss 0.012 | Test Error 0.35
Epoch  19 | Time     2 | Train Loss 0.3200 | Test Loss 0.012 | Test Error 0.36
Epoch  20 | Time     2 | Train Loss 0.3171 | Test Loss 0.012 | Test Error 0.34
Epoch  21 | Time     2 | Train Loss 0.2982 | Test Loss 0.012 | Test Error 0.32
Epoch  22 | Time     2 | Train Loss 0.3027 | Test Loss 0.012 | Test Error 0.32
Epoch  23 | Time     2 | Train Loss 0.2872 | Test Loss 0.013 | Test Error 0.35
Epoch  24 | Time     2 | Train Loss 0.2862 | Test Loss 0.012 | Test Error 0.34
Epoch  25 | Time     2 | Train Loss 0.2815 | Test Loss 0.012 | Test Error 0.31
Epoch  26 | Time     2 | Train Loss 0.2768 | Test Loss 0.012 | Test Error 0.34
Epoch  27 | Time     2 | Train Loss 0.2653 | Test Loss 0.012 | Test Error 0.32
Epoch  28 | Time     2 | Train Loss 0.2686 | Test Loss 0.012 | Test Error 0.32
Epoch  29 | Time     2 | Train Loss 0.2672 | Test Loss 0.012 | Test Error 0.34
Epoch  30 | Time     2 | Train Loss 0.2653 | Test Loss 0.012 | Test Error 0.34
Epoch  31 | Time     2 | Train Loss 0.2632 | Test Loss 0.012 | Test Error 0.34
Epoch  32 | Time     3 | Train Loss 0.2602 | Test Loss 0.012 | Test Error 0.34
Epoch  33 | Time     2 | Train Loss 0.2643 | Test Loss 0.012 | Test Error 0.34
Epoch  34 | Time     2 | Train Loss 0.2566 | Test Loss 0.012 | Test Error 0.34
Epoch  35 | Time     2 | Train Loss 0.2564 | Test Loss 0.012 | Test Error 0.32
Epoch  36 | Time     2 | Train Loss 0.2511 | Test Loss 0.011 | Test Error 0.32
Epoch  37 | Time     2 | Train Loss 0.2549 | Test Loss 0.011 | Test Error 0.31
Epoch  38 | Time     2 | Train Loss 0.2589 | Test Loss 0.011 | Test Error 0.30
Epoch  39 | Time     2 | Train Loss 0.2524 | Test Loss 0.011 | Test Error 0.30
Epoch  40 | Time     2 | Train Loss 0.2548 | Test Loss 0.011 | Test Error 0.30
Epoch  41 | Time     2 | Train Loss 0.2463 | Test Loss 0.011 | Test Error 0.30
Epoch  42 | Time     2 | Train Loss 0.2442 | Test Loss 0.011 | Test Error 0.29
Epoch  43 | Time     2 | Train Loss 0.2571 | Test Loss 0.011 | Test Error 0.30
Epoch  44 | Time     2 | Train Loss 0.2429 | Test Loss 0.011 | Test Error 0.30
Epoch  45 | Time     2 | Train Loss 0.2480 | Test Loss 0.011 | Test Error 0.30
Epoch  46 | Time     2 | Train Loss 0.2650 | Test Loss 0.011 | Test Error 0.30
Epoch  47 | Time     2 | Train Loss 0.2410 | Test Loss 0.011 | Test Error 0.31
Epoch  48 | Time     2 | Train Loss 0.2508 | Test Loss 0.011 | Test Error 0.30
Epoch  49 | Time     2 | Train Loss 0.2486 | Test Loss 0.011 | Test Error 0.30
Epoch  50 | Time     2 | Train Loss 0.2413 | Test Loss 0.011 | Test Error 0.29
Epoch  51 | Time     2 | Train Loss 0.2484 | Test Loss 0.011 | Test Error 0.26
Epoch  52 | Time     2 | Train Loss 0.2542 | Test Loss 0.011 | Test Error 0.26
Epoch  53 | Time     2 | Train Loss 0.2385 | Test Loss 0.011 | Test Error 0.27
Epoch  54 | Time     2 | Train Loss 0.2340 | Test Loss 0.011 | Test Error 0.27
Epoch  55 | Time     2 | Train Loss 0.2403 | Test Loss 0.011 | Test Error 0.27
Epoch  56 | Time     2 | Train Loss 0.2388 | Test Loss 0.011 | Test Error 0.27
Epoch  57 | Time     2 | Train Loss 0.2318 | Test Loss 0.011 | Test Error 0.29
Epoch  58 | Time     2 | Train Loss 0.2307 | Test Loss 0.012 | Test Error 0.29
Epoch  59 | Time     2 | Train Loss 0.2344 | Test Loss 0.012 | Test Error 0.29
Epoch  60 | Time     2 | Train Loss 0.2346 | Test Loss 0.012 | Test Error 0.29
Epoch  61 | Time     2 | Train Loss 0.2288 | Test Loss 0.012 | Test Error 0.27
Epoch  62 | Time     2 | Train Loss 0.2303 | Test Loss 0.012 | Test Error 0.27
Epoch  63 | Time     2 | Train Loss 0.2367 | Test Loss 0.012 | Test Error 0.27
Epoch  64 | Time     2 | Train Loss 0.2302 | Test Loss 0.012 | Test Error 0.27
Epoch  65 | Time     2 | Train Loss 0.2294 | Test Loss 0.012 | Test Error 0.30
Epoch  66 | Time     2 | Train Loss 0.2313 | Test Loss 0.012 | Test Error 0.31
Epoch  67 | Time     3 | Train Loss 0.2295 | Test Loss 0.012 | Test Error 0.31
Epoch  68 | Time     2 | Train Loss 0.2275 | Test Loss 0.012 | Test Error 0.31
Epoch  69 | Time     2 | Train Loss 0.2346 | Test Loss 0.012 | Test Error 0.31
Epoch  70 | Time     2 | Train Loss 0.2350 | Test Loss 0.012 | Test Error 0.32
Epoch  71 | Time     2 | Train Loss 0.2314 | Test Loss 0.012 | Test Error 0.31
Epoch  72 | Time     2 | Train Loss 0.2283 | Test Loss 0.012 | Test Error 0.30
Epoch  73 | Time     2 | Train Loss 0.2238 | Test Loss 0.011 | Test Error 0.31
Epoch  74 | Time     2 | Train Loss 0.2248 | Test Loss 0.011 | Test Error 0.29
Epoch  75 | Time     2 | Train Loss 0.2321 | Test Loss 0.011 | Test Error 0.30
Epoch  76 | Time     2 | Train Loss 0.2237 | Test Loss 0.011 | Test Error 0.30
Epoch  77 | Time     2 | Train Loss 0.2311 | Test Loss 0.011 | Test Error 0.30
Epoch  78 | Time     2 | Train Loss 0.2212 | Test Loss 0.011 | Test Error 0.29
Epoch  79 | Time     2 | Train Loss 0.2221 | Test Loss 0.011 | Test Error 0.30
Epoch  80 | Time     2 | Train Loss 0.2285 | Test Loss 0.011 | Test Error 0.30
Epoch  81 | Time     2 | Train Loss 0.2348 | Test Loss 0.011 | Test Error 0.31
Epoch  82 | Time     2 | Train Loss 0.2214 | Test Loss 0.011 | Test Error 0.30
Epoch  83 | Time     2 | Train Loss 0.2225 | Test Loss 0.011 | Test Error 0.30
Epoch  84 | Time     2 | Train Loss 0.2239 | Test Loss 0.011 | Test Error 0.30
Epoch  85 | Time     2 | Train Loss 0.2229 | Test Loss 0.011 | Test Error 0.30
Epoch  86 | Time     2 | Train Loss 0.2200 | Test Loss 0.011 | Test Error 0.29
Epoch  87 | Time     2 | Train Loss 0.2245 | Test Loss 0.011 | Test Error 0.29
Epoch  88 | Time     2 | Train Loss 0.2218 | Test Loss 0.011 | Test Error 0.30
Epoch  89 | Time     2 | Train Loss 0.2257 | Test Loss 0.011 | Test Error 0.30
Epoch  90 | Time     2 | Train Loss 0.2192 | Test Loss 0.011 | Test Error 0.31
Epoch  91 | Time     2 | Train Loss 0.2256 | Test Loss 0.011 | Test Error 0.29
Epoch  92 | Time     2 | Train Loss 0.2190 | Test Loss 0.011 | Test Error 0.29
Epoch  93 | Time     2 | Train Loss 0.2194 | Test Loss 0.011 | Test Error 0.31
Epoch  94 | Time     2 | Train Loss 0.2200 | Test Loss 0.011 | Test Error 0.31
Epoch  95 | Time     2 | Train Loss 0.2211 | Test Loss 0.011 | Test Error 0.31
Epoch  96 | Time     2 | Train Loss 0.2187 | Test Loss 0.011 | Test Error 0.30
Epoch  97 | Time     2 | Train Loss 0.2347 | Test Loss 0.011 | Test Error 0.29
Epoch  98 | Time     2 | Train Loss 0.2190 | Test Loss 0.011 | Test Error 0.30
Epoch  99 | Time     2 | Train Loss 0.2226 | Test Loss 0.011 | Test Error 0.30
Epoch 100 | Time     2 | Train Loss 0.2200 | Test Loss 0.011 | Test Error 0.29
ic| len(dset): 60000
ic| len(dset): 10000
Namespace(dataset='MNIST', test_bs=200, num_to_avg=5, validate=False, use_xent=False, method_name='cifar10_allconv_baseline', layers=40, widen_factor=2, droprate=0.3, load='./snapshots', ngpu=1, prefetch=1, out_as_pos=True, score='MSP', T=1.0, noise=0, type='OE', ft_epochs=99, ft_n=16, regime='Balanced')
Model restored!
Error Rate 0.29


Error Detection
			cifar10_allconv_baseline
FPR95:			85.98
FPR99:			85.98
AUROC:			98.69
AUPR:			18.93
Configuration: MNIST_Balanced_16

MNIST Detection

[-0.99984086 -0.9999031  -0.9999013 ] [-0.6290562 -0.8199102 -0.2368359]
				cifar10_allconv_baseline
  TPR95 TPR99 AUROC AUPR
98.82 & 95.79 & 99.75 & 98.80
0.03 & 0.16 & 0.01 & 0.02
