ic| len(dset): 60000
ic| len(dset): 10000
{'dataset': 'MNIST', 'model': 'densenet', 'calibration': False, 'epochs': 100, 'learning_rate': 0.001, 'batch_size': 128, 'oe_batch_size': 256, 'test_bs': 200, 'momentum': 0.9, 'decay': 0.0005, 'layers': 40, 'widen_factor': 2, 'droprate': 0.3, 'save': './snapshots/oe_tune', 'load': './snapshots/pretrained', 'test': False, 'ngpu': 1, 'prefetch': 1, 'm_in': -25.0, 'm_out': -7.0, 'score': 'OE', 'seed': 1, 'regime': 'Balanced', 'n_ood': 2048}
torch.Size([4096, 1, 28, 28])
Counter({8: 2048, 9: 2048})
Tesla V100-PCIE-16GB
Model restored!
  0%|          | 0/63 [00:00<?, ?it/s]  2%|▏         | 1/63 [00:00<00:17,  3.57it/s]  8%|▊         | 5/63 [00:00<00:03, 15.01it/s] 14%|█▍        | 9/63 [00:00<00:02, 21.84it/s] 21%|██        | 13/63 [00:00<00:01, 26.43it/s] 27%|██▋       | 17/63 [00:00<00:01, 29.49it/s] 33%|███▎      | 21/63 [00:00<00:01, 31.59it/s] 40%|███▉      | 25/63 [00:00<00:01, 33.03it/s] 46%|████▌     | 29/63 [00:01<00:01, 33.87it/s] 52%|█████▏    | 33/63 [00:01<00:00, 34.48it/s] 59%|█████▊    | 37/63 [00:01<00:00, 34.93it/s] 65%|██████▌   | 41/63 [00:01<00:00, 35.25it/s] 71%|███████▏  | 45/63 [00:01<00:00, 35.48it/s] 78%|███████▊  | 49/63 [00:01<00:00, 35.63it/s] 84%|████████▍ | 53/63 [00:01<00:00, 35.78it/s] 90%|█████████ | 57/63 [00:01<00:00, 35.88it/s] 97%|█████████▋| 61/63 [00:01<00:00, 35.96it/s]100%|██████████| 63/63 [00:02<00:00, 31.49it/s]
0.9972718253968254
0.010138743690890444
0.9972558313583637
Beginning Training

/home/xysong/.conda/envs/OoD/lib/python3.9/site-packages/torch/optim/lr_scheduler.py:131: UserWarning: Detected call of `lr_scheduler.step()` before `optimizer.step()`. In PyTorch 1.1.0 and later, you should call them in the opposite order: `optimizer.step()` before `lr_scheduler.step()`.  Failure to do this will result in PyTorch skipping the first value of the learning rate schedule. See more details at https://pytorch.org/docs/stable/optim.html#how-to-adjust-learning-rate
  warnings.warn("Detected call of `lr_scheduler.step()` before `optimizer.step()`. "
Epoch   1 | Time     6 | Train Loss 1.9642 | Test Loss 0.012 | Test Error 0.26
Epoch   2 | Time     5 | Train Loss 1.5955 | Test Loss 0.013 | Test Error 0.30
Epoch   3 | Time     5 | Train Loss 1.3729 | Test Loss 0.014 | Test Error 0.30
Epoch   4 | Time     5 | Train Loss 1.2614 | Test Loss 0.015 | Test Error 0.32
Epoch   5 | Time     5 | Train Loss 1.1923 | Test Loss 0.018 | Test Error 0.32
Epoch   6 | Time     5 | Train Loss 1.1544 | Test Loss 0.020 | Test Error 0.39
Epoch   7 | Time     5 | Train Loss 1.1267 | Test Loss 0.022 | Test Error 0.40
Epoch   8 | Time     5 | Train Loss 1.1172 | Test Loss 0.023 | Test Error 0.40
Epoch   9 | Time     5 | Train Loss 1.1042 | Test Loss 0.024 | Test Error 0.41
Epoch  10 | Time     5 | Train Loss 1.0967 | Test Loss 0.024 | Test Error 0.39
Epoch  11 | Time     5 | Train Loss 1.0987 | Test Loss 0.025 | Test Error 0.36
Epoch  12 | Time     5 | Train Loss 1.0943 | Test Loss 0.025 | Test Error 0.39
Epoch  13 | Time     5 | Train Loss 1.0865 | Test Loss 0.025 | Test Error 0.36
Epoch  14 | Time     5 | Train Loss 1.0862 | Test Loss 0.025 | Test Error 0.37
Epoch  15 | Time     5 | Train Loss 1.0786 | Test Loss 0.024 | Test Error 0.37
Epoch  16 | Time     5 | Train Loss 1.0813 | Test Loss 0.025 | Test Error 0.37
Epoch  17 | Time     5 | Train Loss 1.0788 | Test Loss 0.024 | Test Error 0.35
Epoch  18 | Time     6 | Train Loss 1.0741 | Test Loss 0.024 | Test Error 0.37
Epoch  19 | Time     5 | Train Loss 1.0750 | Test Loss 0.024 | Test Error 0.36
Epoch  20 | Time     5 | Train Loss 1.0784 | Test Loss 0.024 | Test Error 0.37
Epoch  21 | Time     5 | Train Loss 1.0711 | Test Loss 0.023 | Test Error 0.36
Epoch  22 | Time     5 | Train Loss 1.0740 | Test Loss 0.023 | Test Error 0.37
Epoch  23 | Time     5 | Train Loss 1.0679 | Test Loss 0.023 | Test Error 0.37
Epoch  24 | Time     5 | Train Loss 1.0665 | Test Loss 0.023 | Test Error 0.37
Epoch  25 | Time     5 | Train Loss 1.0633 | Test Loss 0.023 | Test Error 0.36
Epoch  26 | Time     5 | Train Loss 1.0642 | Test Loss 0.023 | Test Error 0.36
Epoch  27 | Time     5 | Train Loss 1.0625 | Test Loss 0.023 | Test Error 0.35
Epoch  28 | Time     5 | Train Loss 1.0600 | Test Loss 0.023 | Test Error 0.34
Epoch  29 | Time     5 | Train Loss 1.0635 | Test Loss 0.022 | Test Error 0.34
Epoch  30 | Time     5 | Train Loss 1.0620 | Test Loss 0.022 | Test Error 0.34
Epoch  31 | Time     5 | Train Loss 1.0599 | Test Loss 0.022 | Test Error 0.32
Epoch  32 | Time     5 | Train Loss 1.0586 | Test Loss 0.022 | Test Error 0.32
Epoch  33 | Time     5 | Train Loss 1.0580 | Test Loss 0.022 | Test Error 0.31
Epoch  34 | Time     5 | Train Loss 1.0601 | Test Loss 0.022 | Test Error 0.32
Epoch  35 | Time     5 | Train Loss 1.0570 | Test Loss 0.021 | Test Error 0.34
Epoch  36 | Time     5 | Train Loss 1.0602 | Test Loss 0.021 | Test Error 0.32
Epoch  37 | Time     5 | Train Loss 1.0562 | Test Loss 0.021 | Test Error 0.32
Epoch  38 | Time     5 | Train Loss 1.0558 | Test Loss 0.021 | Test Error 0.31
Epoch  39 | Time     5 | Train Loss 1.0522 | Test Loss 0.021 | Test Error 0.34
Epoch  40 | Time     5 | Train Loss 1.0577 | Test Loss 0.021 | Test Error 0.32
Epoch  41 | Time     5 | Train Loss 1.0525 | Test Loss 0.021 | Test Error 0.31
Epoch  42 | Time     5 | Train Loss 1.0575 | Test Loss 0.021 | Test Error 0.34
Epoch  43 | Time     5 | Train Loss 1.0529 | Test Loss 0.020 | Test Error 0.30
Epoch  44 | Time     5 | Train Loss 1.0544 | Test Loss 0.020 | Test Error 0.31
Epoch  45 | Time     5 | Train Loss 1.0500 | Test Loss 0.021 | Test Error 0.31
Epoch  46 | Time     5 | Train Loss 1.0523 | Test Loss 0.020 | Test Error 0.31
Epoch  47 | Time     5 | Train Loss 1.0527 | Test Loss 0.020 | Test Error 0.31
Epoch  48 | Time     5 | Train Loss 1.0488 | Test Loss 0.020 | Test Error 0.31
Epoch  49 | Time     5 | Train Loss 1.0512 | Test Loss 0.020 | Test Error 0.32
Epoch  50 | Time     5 | Train Loss 1.0470 | Test Loss 0.020 | Test Error 0.31
Epoch  51 | Time     5 | Train Loss 1.0489 | Test Loss 0.019 | Test Error 0.30
Epoch  52 | Time     5 | Train Loss 1.0491 | Test Loss 0.019 | Test Error 0.30
Epoch  53 | Time     5 | Train Loss 1.0448 | Test Loss 0.020 | Test Error 0.30
Epoch  54 | Time     5 | Train Loss 1.0463 | Test Loss 0.020 | Test Error 0.31
Epoch  55 | Time     5 | Train Loss 1.0522 | Test Loss 0.020 | Test Error 0.30
Epoch  56 | Time     5 | Train Loss 1.0463 | Test Loss 0.020 | Test Error 0.30
Epoch  57 | Time     5 | Train Loss 1.0459 | Test Loss 0.020 | Test Error 0.31
Epoch  58 | Time     5 | Train Loss 1.0489 | Test Loss 0.019 | Test Error 0.31
Epoch  59 | Time     5 | Train Loss 1.0456 | Test Loss 0.019 | Test Error 0.31
Epoch  60 | Time     5 | Train Loss 1.0432 | Test Loss 0.019 | Test Error 0.31
Epoch  61 | Time     5 | Train Loss 1.0464 | Test Loss 0.019 | Test Error 0.30
Epoch  62 | Time     5 | Train Loss 1.0445 | Test Loss 0.019 | Test Error 0.29
Epoch  63 | Time     5 | Train Loss 1.0426 | Test Loss 0.019 | Test Error 0.31
Epoch  64 | Time     5 | Train Loss 1.0428 | Test Loss 0.019 | Test Error 0.31
Epoch  65 | Time     5 | Train Loss 1.0460 | Test Loss 0.019 | Test Error 0.29
Epoch  66 | Time     5 | Train Loss 1.0439 | Test Loss 0.019 | Test Error 0.29
Epoch  67 | Time     5 | Train Loss 1.0471 | Test Loss 0.019 | Test Error 0.30
Epoch  68 | Time     5 | Train Loss 1.0450 | Test Loss 0.019 | Test Error 0.30
Epoch  69 | Time     5 | Train Loss 1.0406 | Test Loss 0.018 | Test Error 0.30
Epoch  70 | Time     5 | Train Loss 1.0457 | Test Loss 0.019 | Test Error 0.30
Epoch  71 | Time     5 | Train Loss 1.0459 | Test Loss 0.019 | Test Error 0.30
Epoch  72 | Time     5 | Train Loss 1.0447 | Test Loss 0.019 | Test Error 0.29
Epoch  73 | Time     5 | Train Loss 1.0431 | Test Loss 0.018 | Test Error 0.29
Epoch  74 | Time     5 | Train Loss 1.0413 | Test Loss 0.018 | Test Error 0.29
Epoch  75 | Time     5 | Train Loss 1.0425 | Test Loss 0.018 | Test Error 0.27
Epoch  76 | Time     5 | Train Loss 1.0374 | Test Loss 0.018 | Test Error 0.27
Epoch  77 | Time     5 | Train Loss 1.0419 | Test Loss 0.018 | Test Error 0.30
Epoch  78 | Time     5 | Train Loss 1.0411 | Test Loss 0.018 | Test Error 0.30
Epoch  79 | Time     5 | Train Loss 1.0401 | Test Loss 0.018 | Test Error 0.31
Epoch  80 | Time     5 | Train Loss 1.0409 | Test Loss 0.018 | Test Error 0.30
Epoch  81 | Time     5 | Train Loss 1.0391 | Test Loss 0.018 | Test Error 0.27
Epoch  82 | Time     5 | Train Loss 1.0414 | Test Loss 0.018 | Test Error 0.30
Epoch  83 | Time     5 | Train Loss 1.0458 | Test Loss 0.018 | Test Error 0.30
Epoch  84 | Time     5 | Train Loss 1.0413 | Test Loss 0.018 | Test Error 0.29
Epoch  85 | Time     5 | Train Loss 1.0395 | Test Loss 0.017 | Test Error 0.30
Epoch  86 | Time     5 | Train Loss 1.0375 | Test Loss 0.018 | Test Error 0.26
Epoch  87 | Time     5 | Train Loss 1.0395 | Test Loss 0.018 | Test Error 0.30
Epoch  88 | Time     5 | Train Loss 1.0397 | Test Loss 0.018 | Test Error 0.31
Epoch  89 | Time     5 | Train Loss 1.0384 | Test Loss 0.017 | Test Error 0.30
Epoch  90 | Time     5 | Train Loss 1.0389 | Test Loss 0.018 | Test Error 0.30
Epoch  91 | Time     5 | Train Loss 1.0406 | Test Loss 0.017 | Test Error 0.31
Epoch  92 | Time     5 | Train Loss 1.0371 | Test Loss 0.017 | Test Error 0.31
Epoch  93 | Time     5 | Train Loss 1.0392 | Test Loss 0.017 | Test Error 0.31
Epoch  94 | Time     5 | Train Loss 1.0404 | Test Loss 0.017 | Test Error 0.30
Epoch  95 | Time     5 | Train Loss 1.0347 | Test Loss 0.018 | Test Error 0.30
Epoch  96 | Time     5 | Train Loss 1.0383 | Test Loss 0.017 | Test Error 0.30
Epoch  97 | Time     5 | Train Loss 1.0402 | Test Loss 0.017 | Test Error 0.30
Epoch  98 | Time     5 | Train Loss 1.0391 | Test Loss 0.017 | Test Error 0.29
Epoch  99 | Time     5 | Train Loss 1.0395 | Test Loss 0.017 | Test Error 0.30
Epoch 100 | Time     5 | Train Loss 1.0374 | Test Loss 0.017 | Test Error 0.29
ic| len(dset): 60000
ic| len(dset): 10000
Namespace(dataset='MNIST', test_bs=200, num_to_avg=5, validate=False, use_xent=False, method_name='cifar10_allconv_baseline', layers=40, widen_factor=2, droprate=0.3, load='./snapshots', ngpu=1, prefetch=1, out_as_pos=True, score='MSP', T=1.0, noise=0, type='OE', ft_epochs=99, ft_n=2048, regime='Balanced')
Model restored!
Error Rate 0.29


Error Detection
			cifar10_allconv_baseline
FPR95:			47.22
FPR99:			47.21
AUROC:			95.93
AUPR:			18.16
Configuration: MNIST_Balanced_2048

MNIST Detection

[-0.99918646 -0.9998915  -0.9998016 ] [-0.16263121 -0.20542996 -0.21464293]
				cifar10_allconv_baseline
  TPR95 TPR99 AUROC AUPR
99.95 & 99.48 & 99.98 & 99.89
0.00 & 0.04 & 0.00 & 0.01
