ic| len(dset): 60000
ic| len(dset): 10000
{'dataset': 'MNIST', 'model': 'densenet', 'calibration': False, 'epochs': 100, 'learning_rate': 0.001, 'batch_size': 128, 'oe_batch_size': 256, 'test_bs': 200, 'momentum': 0.9, 'decay': 0.0005, 'layers': 40, 'widen_factor': 2, 'droprate': 0.3, 'save': './snapshots/oe_tune', 'load': './snapshots/pretrained', 'test': False, 'ngpu': 1, 'prefetch': 1, 'm_in': -25.0, 'm_out': -7.0, 'score': 'OE', 'seed': 1, 'regime': 'Balanced', 'n_ood': 64}
torch.Size([128, 1, 28, 28])
Counter({8: 64, 9: 64})
Tesla V100-PCIE-16GB
Model restored!
  0%|          | 0/63 [00:00<?, ?it/s]  2%|▏         | 1/63 [00:00<00:17,  3.47it/s]  8%|▊         | 5/63 [00:00<00:03, 14.68it/s] 14%|█▍        | 9/63 [00:00<00:02, 21.62it/s] 21%|██        | 13/63 [00:00<00:01, 26.14it/s] 27%|██▋       | 17/63 [00:00<00:01, 29.21it/s] 33%|███▎      | 21/63 [00:00<00:01, 31.32it/s] 40%|███▉      | 25/63 [00:00<00:01, 32.77it/s] 46%|████▌     | 29/63 [00:01<00:01, 33.78it/s] 52%|█████▏    | 33/63 [00:01<00:00, 34.49it/s] 59%|█████▊    | 37/63 [00:01<00:00, 34.99it/s] 65%|██████▌   | 41/63 [00:01<00:00, 35.33it/s] 71%|███████▏  | 45/63 [00:01<00:00, 35.57it/s] 78%|███████▊  | 49/63 [00:01<00:00, 35.74it/s] 84%|████████▍ | 53/63 [00:01<00:00, 35.86it/s] 90%|█████████ | 57/63 [00:01<00:00, 35.96it/s] 97%|█████████▋| 61/63 [00:01<00:00, 36.03it/s]100%|██████████| 63/63 [00:02<00:00, 31.38it/s]
0.9972718253968254
0.010138743690890444
0.9972558313583637
Beginning Training

/home/xysong/.conda/envs/OoD/lib/python3.9/site-packages/torch/optim/lr_scheduler.py:131: UserWarning: Detected call of `lr_scheduler.step()` before `optimizer.step()`. In PyTorch 1.1.0 and later, you should call them in the opposite order: `optimizer.step()` before `lr_scheduler.step()`.  Failure to do this will result in PyTorch skipping the first value of the learning rate schedule. See more details at https://pytorch.org/docs/stable/optim.html#how-to-adjust-learning-rate
  warnings.warn("Detected call of `lr_scheduler.step()` before `optimizer.step()`. "
Epoch   1 | Time     3 | Train Loss 0.5016 | Test Loss 0.009 | Test Error 0.24
Epoch   2 | Time     2 | Train Loss 0.5113 | Test Loss 0.009 | Test Error 0.26
Epoch   3 | Time     2 | Train Loss 0.5048 | Test Loss 0.009 | Test Error 0.26
Epoch   4 | Time     2 | Train Loss 0.4843 | Test Loss 0.010 | Test Error 0.27
Epoch   5 | Time     2 | Train Loss 0.4891 | Test Loss 0.010 | Test Error 0.29
Epoch   6 | Time     2 | Train Loss 0.4585 | Test Loss 0.011 | Test Error 0.32
Epoch   7 | Time     2 | Train Loss 0.4655 | Test Loss 0.011 | Test Error 0.31
Epoch   8 | Time     2 | Train Loss 0.4457 | Test Loss 0.012 | Test Error 0.34
Epoch   9 | Time     4 | Train Loss 0.4351 | Test Loss 0.012 | Test Error 0.35
Epoch  10 | Time     2 | Train Loss 0.4325 | Test Loss 0.013 | Test Error 0.35
Epoch  11 | Time     2 | Train Loss 0.4308 | Test Loss 0.013 | Test Error 0.34
Epoch  12 | Time     2 | Train Loss 0.4091 | Test Loss 0.013 | Test Error 0.35
Epoch  13 | Time     2 | Train Loss 0.4006 | Test Loss 0.013 | Test Error 0.37
Epoch  14 | Time     2 | Train Loss 0.4007 | Test Loss 0.013 | Test Error 0.37
Epoch  15 | Time     3 | Train Loss 0.3708 | Test Loss 0.014 | Test Error 0.39
Epoch  16 | Time     2 | Train Loss 0.3680 | Test Loss 0.014 | Test Error 0.36
Epoch  17 | Time     2 | Train Loss 0.3645 | Test Loss 0.014 | Test Error 0.37
Epoch  18 | Time     2 | Train Loss 0.3475 | Test Loss 0.014 | Test Error 0.35
Epoch  19 | Time     2 | Train Loss 0.3484 | Test Loss 0.014 | Test Error 0.35
Epoch  20 | Time     2 | Train Loss 0.3425 | Test Loss 0.014 | Test Error 0.32
Epoch  21 | Time     2 | Train Loss 0.3302 | Test Loss 0.014 | Test Error 0.32
Epoch  22 | Time     2 | Train Loss 0.3281 | Test Loss 0.014 | Test Error 0.32
Epoch  23 | Time     2 | Train Loss 0.3161 | Test Loss 0.014 | Test Error 0.32
Epoch  24 | Time     2 | Train Loss 0.3142 | Test Loss 0.014 | Test Error 0.31
Epoch  25 | Time     2 | Train Loss 0.3084 | Test Loss 0.014 | Test Error 0.32
Epoch  26 | Time     2 | Train Loss 0.3073 | Test Loss 0.014 | Test Error 0.34
Epoch  27 | Time     2 | Train Loss 0.2935 | Test Loss 0.014 | Test Error 0.36
Epoch  28 | Time     2 | Train Loss 0.2998 | Test Loss 0.014 | Test Error 0.32
Epoch  29 | Time     2 | Train Loss 0.2946 | Test Loss 0.014 | Test Error 0.34
Epoch  30 | Time     3 | Train Loss 0.2947 | Test Loss 0.014 | Test Error 0.34
Epoch  31 | Time     2 | Train Loss 0.2873 | Test Loss 0.014 | Test Error 0.34
Epoch  32 | Time     2 | Train Loss 0.2881 | Test Loss 0.014 | Test Error 0.31
Epoch  33 | Time     2 | Train Loss 0.2844 | Test Loss 0.014 | Test Error 0.32
Epoch  34 | Time     3 | Train Loss 0.2810 | Test Loss 0.014 | Test Error 0.35
Epoch  35 | Time     2 | Train Loss 0.2796 | Test Loss 0.014 | Test Error 0.36
Epoch  36 | Time     2 | Train Loss 0.2710 | Test Loss 0.014 | Test Error 0.35
Epoch  37 | Time     2 | Train Loss 0.2739 | Test Loss 0.014 | Test Error 0.35
Epoch  38 | Time     2 | Train Loss 0.2806 | Test Loss 0.014 | Test Error 0.35
Epoch  39 | Time     2 | Train Loss 0.2688 | Test Loss 0.014 | Test Error 0.35
Epoch  40 | Time     2 | Train Loss 0.2697 | Test Loss 0.014 | Test Error 0.36
Epoch  41 | Time     2 | Train Loss 0.2649 | Test Loss 0.014 | Test Error 0.36
Epoch  42 | Time     2 | Train Loss 0.2616 | Test Loss 0.014 | Test Error 0.36
Epoch  43 | Time     2 | Train Loss 0.2649 | Test Loss 0.014 | Test Error 0.36
Epoch  44 | Time     2 | Train Loss 0.2578 | Test Loss 0.014 | Test Error 0.37
Epoch  45 | Time     2 | Train Loss 0.2624 | Test Loss 0.014 | Test Error 0.37
Epoch  46 | Time     2 | Train Loss 0.2684 | Test Loss 0.014 | Test Error 0.37
Epoch  47 | Time     3 | Train Loss 0.2546 | Test Loss 0.015 | Test Error 0.36
Epoch  48 | Time     2 | Train Loss 0.2587 | Test Loss 0.015 | Test Error 0.36
Epoch  49 | Time     2 | Train Loss 0.2590 | Test Loss 0.015 | Test Error 0.36
Epoch  50 | Time     2 | Train Loss 0.2543 | Test Loss 0.015 | Test Error 0.36
Epoch  51 | Time     2 | Train Loss 0.2548 | Test Loss 0.015 | Test Error 0.36
Epoch  52 | Time     2 | Train Loss 0.2573 | Test Loss 0.015 | Test Error 0.35
Epoch  53 | Time     2 | Train Loss 0.2481 | Test Loss 0.015 | Test Error 0.35
Epoch  54 | Time     2 | Train Loss 0.2456 | Test Loss 0.015 | Test Error 0.36
Epoch  55 | Time     2 | Train Loss 0.2502 | Test Loss 0.014 | Test Error 0.35
Epoch  56 | Time     2 | Train Loss 0.2462 | Test Loss 0.015 | Test Error 0.35
Epoch  57 | Time     2 | Train Loss 0.2427 | Test Loss 0.014 | Test Error 0.35
Epoch  58 | Time     2 | Train Loss 0.2433 | Test Loss 0.015 | Test Error 0.37
Epoch  59 | Time     2 | Train Loss 0.2452 | Test Loss 0.015 | Test Error 0.37
Epoch  60 | Time     2 | Train Loss 0.2444 | Test Loss 0.015 | Test Error 0.36
Epoch  61 | Time     2 | Train Loss 0.2409 | Test Loss 0.015 | Test Error 0.39
Epoch  62 | Time     2 | Train Loss 0.2395 | Test Loss 0.015 | Test Error 0.39
Epoch  63 | Time     2 | Train Loss 0.2422 | Test Loss 0.015 | Test Error 0.37
Epoch  64 | Time     2 | Train Loss 0.2400 | Test Loss 0.015 | Test Error 0.37
Epoch  65 | Time     2 | Train Loss 0.2400 | Test Loss 0.015 | Test Error 0.36
Epoch  66 | Time     3 | Train Loss 0.2395 | Test Loss 0.015 | Test Error 0.37
Epoch  67 | Time     2 | Train Loss 0.2384 | Test Loss 0.015 | Test Error 0.35
Epoch  68 | Time     2 | Train Loss 0.2375 | Test Loss 0.015 | Test Error 0.36
Epoch  69 | Time     2 | Train Loss 0.2397 | Test Loss 0.015 | Test Error 0.37
Epoch  70 | Time     2 | Train Loss 0.2408 | Test Loss 0.015 | Test Error 0.36
Epoch  71 | Time     2 | Train Loss 0.2368 | Test Loss 0.015 | Test Error 0.37
Epoch  72 | Time     2 | Train Loss 0.2350 | Test Loss 0.015 | Test Error 0.36
Epoch  73 | Time     2 | Train Loss 0.2333 | Test Loss 0.015 | Test Error 0.36
Epoch  74 | Time     2 | Train Loss 0.2337 | Test Loss 0.015 | Test Error 0.37
Epoch  75 | Time     2 | Train Loss 0.2369 | Test Loss 0.015 | Test Error 0.40
Epoch  76 | Time     2 | Train Loss 0.2365 | Test Loss 0.015 | Test Error 0.39
Epoch  77 | Time     2 | Train Loss 0.2387 | Test Loss 0.015 | Test Error 0.36
Epoch  78 | Time     2 | Train Loss 0.2308 | Test Loss 0.015 | Test Error 0.37
Epoch  79 | Time     2 | Train Loss 0.2310 | Test Loss 0.015 | Test Error 0.37
Epoch  80 | Time     2 | Train Loss 0.2335 | Test Loss 0.015 | Test Error 0.37
Epoch  81 | Time     2 | Train Loss 0.2345 | Test Loss 0.015 | Test Error 0.35
Epoch  82 | Time     2 | Train Loss 0.2314 | Test Loss 0.015 | Test Error 0.35
Epoch  83 | Time     2 | Train Loss 0.2314 | Test Loss 0.015 | Test Error 0.35
Epoch  84 | Time     2 | Train Loss 0.2317 | Test Loss 0.015 | Test Error 0.34
Epoch  85 | Time     2 | Train Loss 0.2306 | Test Loss 0.015 | Test Error 0.35
Epoch  86 | Time     2 | Train Loss 0.2284 | Test Loss 0.014 | Test Error 0.35
Epoch  87 | Time     2 | Train Loss 0.2314 | Test Loss 0.015 | Test Error 0.34
Epoch  88 | Time     2 | Train Loss 0.2298 | Test Loss 0.015 | Test Error 0.36
Epoch  89 | Time     2 | Train Loss 0.2335 | Test Loss 0.015 | Test Error 0.35
Epoch  90 | Time     2 | Train Loss 0.2283 | Test Loss 0.015 | Test Error 0.35
Epoch  91 | Time     2 | Train Loss 0.2312 | Test Loss 0.015 | Test Error 0.35
Epoch  92 | Time     2 | Train Loss 0.2275 | Test Loss 0.015 | Test Error 0.36
Epoch  93 | Time     2 | Train Loss 0.2276 | Test Loss 0.015 | Test Error 0.36
Epoch  94 | Time     2 | Train Loss 0.2283 | Test Loss 0.015 | Test Error 0.39
Epoch  95 | Time     2 | Train Loss 0.2287 | Test Loss 0.015 | Test Error 0.40
Epoch  96 | Time     2 | Train Loss 0.2275 | Test Loss 0.015 | Test Error 0.40
Epoch  97 | Time     2 | Train Loss 0.2321 | Test Loss 0.015 | Test Error 0.39
Epoch  98 | Time     2 | Train Loss 0.2277 | Test Loss 0.015 | Test Error 0.39
Epoch  99 | Time     2 | Train Loss 0.2285 | Test Loss 0.015 | Test Error 0.40
Epoch 100 | Time     2 | Train Loss 0.2292 | Test Loss 0.015 | Test Error 0.37
ic| len(dset): 60000
ic| len(dset): 10000
Namespace(dataset='MNIST', test_bs=200, num_to_avg=5, validate=False, use_xent=False, method_name='cifar10_allconv_baseline', layers=40, widen_factor=2, droprate=0.3, load='./snapshots', ngpu=1, prefetch=1, out_as_pos=True, score='MSP', T=1.0, noise=0, type='OE', ft_epochs=99, ft_n=64, regime='Balanced')
Model restored!
Error Rate 0.37


Error Detection
			cifar10_allconv_baseline
FPR95:			89.53
FPR99:			66.63
AUROC:			97.64
AUPR:			24.06
Configuration: MNIST_Balanced_64

MNIST Detection

[-0.99947256 -0.99993575 -0.9999361 ] [-0.6479379  -0.5400367  -0.21328378]
				cifar10_allconv_baseline
  TPR95 TPR99 AUROC AUPR
99.18 & 98.06 & 99.85 & 99.23
0.01 & 0.12 & 0.01 & 0.03
