ic| len(dset): 60000
ic| len(dset): 10000
{'dataset': 'FashionMNIST', 'model': 'densenet', 'calibration': False, 'epochs': 100, 'learning_rate': 0.001, 'batch_size': 128, 'oe_batch_size': 256, 'test_bs': 200, 'momentum': 0.9, 'decay': 0.0005, 'layers': 40, 'widen_factor': 2, 'droprate': 0.3, 'save': './snapshots/oe_tune', 'load': './snapshots/pretrained', 'test': False, 'ngpu': 1, 'prefetch': 1, 'm_in': -25.0, 'm_out': -7.0, 'score': 'OE', 'seed': 1, 'regime': 'Balanced', 'n_ood': 1024}
torch.Size([2048, 1, 28, 28])
Counter({8: 1024, 9: 1024})
Tesla V100-PCIE-16GB
Model restored!
  0%|          | 0/63 [00:00<?, ?it/s]  2%|▏         | 1/63 [00:00<00:17,  3.45it/s]  8%|▊         | 5/63 [00:00<00:03, 14.88it/s] 14%|█▍        | 9/63 [00:00<00:02, 21.93it/s] 21%|██        | 13/63 [00:00<00:01, 26.48it/s] 27%|██▋       | 17/63 [00:00<00:01, 29.51it/s] 33%|███▎      | 21/63 [00:00<00:01, 31.56it/s] 40%|███▉      | 25/63 [00:00<00:01, 32.97it/s] 46%|████▌     | 29/63 [00:01<00:01, 33.95it/s] 52%|█████▏    | 33/63 [00:01<00:00, 34.62it/s] 59%|█████▊    | 37/63 [00:01<00:00, 35.11it/s] 65%|██████▌   | 41/63 [00:01<00:00, 35.44it/s] 71%|███████▏  | 45/63 [00:01<00:00, 35.65it/s] 78%|███████▊  | 49/63 [00:01<00:00, 35.82it/s] 84%|████████▍ | 53/63 [00:01<00:00, 35.96it/s] 90%|█████████ | 57/63 [00:01<00:00, 36.04it/s] 97%|█████████▋| 61/63 [00:01<00:00, 36.09it/s]100%|██████████| 63/63 [00:01<00:00, 31.58it/s]
0.9322916666666666
0.3319878768589761
0.9323749999999998
Beginning Training

/home/xysong/.conda/envs/OoD/lib/python3.9/site-packages/torch/optim/lr_scheduler.py:131: UserWarning: Detected call of `lr_scheduler.step()` before `optimizer.step()`. In PyTorch 1.1.0 and later, you should call them in the opposite order: `optimizer.step()` before `lr_scheduler.step()`.  Failure to do this will result in PyTorch skipping the first value of the learning rate schedule. See more details at https://pytorch.org/docs/stable/optim.html#how-to-adjust-learning-rate
  warnings.warn("Detected call of `lr_scheduler.step()` before `optimizer.step()`. "
Epoch   1 | Time     5 | Train Loss 1.9396 | Test Loss 0.360 | Test Error 6.67
Epoch   2 | Time     3 | Train Loss 1.8515 | Test Loss 0.380 | Test Error 6.81
Epoch   3 | Time     3 | Train Loss 1.7632 | Test Loss 0.393 | Test Error 6.91
Epoch   4 | Time     3 | Train Loss 1.6926 | Test Loss 0.398 | Test Error 6.91
Epoch   5 | Time     3 | Train Loss 1.6212 | Test Loss 0.402 | Test Error 7.01
Epoch   6 | Time     3 | Train Loss 1.5501 | Test Loss 0.407 | Test Error 7.03
Epoch   7 | Time     4 | Train Loss 1.4983 | Test Loss 0.407 | Test Error 7.05
Epoch   8 | Time     3 | Train Loss 1.4572 | Test Loss 0.408 | Test Error 7.11
Epoch   9 | Time     3 | Train Loss 1.4197 | Test Loss 0.406 | Test Error 7.09
Epoch  10 | Time     3 | Train Loss 1.3869 | Test Loss 0.411 | Test Error 7.17
Epoch  11 | Time     3 | Train Loss 1.3598 | Test Loss 0.410 | Test Error 7.14
Epoch  12 | Time     4 | Train Loss 1.3271 | Test Loss 0.405 | Test Error 7.04
Epoch  13 | Time     3 | Train Loss 1.3030 | Test Loss 0.406 | Test Error 7.04
Epoch  14 | Time     3 | Train Loss 1.2863 | Test Loss 0.403 | Test Error 7.05
Epoch  15 | Time     3 | Train Loss 1.2622 | Test Loss 0.403 | Test Error 7.09
Epoch  16 | Time     3 | Train Loss 1.2528 | Test Loss 0.402 | Test Error 7.03
Epoch  17 | Time     3 | Train Loss 1.2278 | Test Loss 0.399 | Test Error 7.15
Epoch  18 | Time     3 | Train Loss 1.2249 | Test Loss 0.400 | Test Error 7.12
Epoch  19 | Time     3 | Train Loss 1.2047 | Test Loss 0.404 | Test Error 7.23
Epoch  20 | Time     3 | Train Loss 1.1882 | Test Loss 0.402 | Test Error 7.20
Epoch  21 | Time     3 | Train Loss 1.1769 | Test Loss 0.402 | Test Error 7.31
Epoch  22 | Time     3 | Train Loss 1.1574 | Test Loss 0.402 | Test Error 7.35
Epoch  23 | Time     3 | Train Loss 1.1584 | Test Loss 0.394 | Test Error 7.21
Epoch  24 | Time     3 | Train Loss 1.1376 | Test Loss 0.394 | Test Error 7.38
Epoch  25 | Time     3 | Train Loss 1.1333 | Test Loss 0.391 | Test Error 7.19
Epoch  26 | Time     4 | Train Loss 1.1243 | Test Loss 0.389 | Test Error 7.31
Epoch  27 | Time     3 | Train Loss 1.1223 | Test Loss 0.390 | Test Error 7.26
Epoch  28 | Time     3 | Train Loss 1.1050 | Test Loss 0.387 | Test Error 7.15
Epoch  29 | Time     3 | Train Loss 1.1016 | Test Loss 0.386 | Test Error 7.14
Epoch  30 | Time     3 | Train Loss 1.0942 | Test Loss 0.384 | Test Error 7.16
Epoch  31 | Time     3 | Train Loss 1.0841 | Test Loss 0.382 | Test Error 7.19
Epoch  32 | Time     3 | Train Loss 1.0754 | Test Loss 0.382 | Test Error 7.17
Epoch  33 | Time     3 | Train Loss 1.0758 | Test Loss 0.383 | Test Error 7.21
Epoch  34 | Time     3 | Train Loss 1.0700 | Test Loss 0.381 | Test Error 7.23
Epoch  35 | Time     3 | Train Loss 1.0666 | Test Loss 0.383 | Test Error 7.25
Epoch  36 | Time     4 | Train Loss 1.0657 | Test Loss 0.384 | Test Error 7.29
Epoch  37 | Time     3 | Train Loss 1.0641 | Test Loss 0.378 | Test Error 7.20
Epoch  38 | Time     3 | Train Loss 1.0527 | Test Loss 0.376 | Test Error 7.14
Epoch  39 | Time     3 | Train Loss 1.0564 | Test Loss 0.377 | Test Error 7.20
Epoch  40 | Time     3 | Train Loss 1.0488 | Test Loss 0.371 | Test Error 7.25
Epoch  41 | Time     3 | Train Loss 1.0480 | Test Loss 0.371 | Test Error 7.26
Epoch  42 | Time     3 | Train Loss 1.0383 | Test Loss 0.373 | Test Error 7.21
Epoch  43 | Time     3 | Train Loss 1.0321 | Test Loss 0.365 | Test Error 7.15
Epoch  44 | Time     3 | Train Loss 1.0363 | Test Loss 0.368 | Test Error 7.17
Epoch  45 | Time     3 | Train Loss 1.0271 | Test Loss 0.368 | Test Error 7.25
Epoch  46 | Time     3 | Train Loss 1.0233 | Test Loss 0.368 | Test Error 7.25
Epoch  47 | Time     3 | Train Loss 1.0289 | Test Loss 0.362 | Test Error 7.12
Epoch  48 | Time     3 | Train Loss 1.0202 | Test Loss 0.361 | Test Error 7.10
Epoch  49 | Time     3 | Train Loss 1.0197 | Test Loss 0.363 | Test Error 7.15
Epoch  50 | Time     3 | Train Loss 1.0248 | Test Loss 0.365 | Test Error 7.24
Epoch  51 | Time     3 | Train Loss 1.0124 | Test Loss 0.357 | Test Error 7.06
Epoch  52 | Time     3 | Train Loss 1.0080 | Test Loss 0.355 | Test Error 7.05
Epoch  53 | Time     3 | Train Loss 1.0103 | Test Loss 0.352 | Test Error 7.15
Epoch  54 | Time     3 | Train Loss 1.0119 | Test Loss 0.354 | Test Error 7.16
Epoch  55 | Time     3 | Train Loss 1.0053 | Test Loss 0.350 | Test Error 7.01
Epoch  56 | Time     3 | Train Loss 0.9993 | Test Loss 0.350 | Test Error 6.96
Epoch  57 | Time     3 | Train Loss 1.0047 | Test Loss 0.355 | Test Error 7.17
Epoch  58 | Time     3 | Train Loss 0.9959 | Test Loss 0.349 | Test Error 7.04
Epoch  59 | Time     3 | Train Loss 1.0034 | Test Loss 0.349 | Test Error 7.03
Epoch  60 | Time     3 | Train Loss 0.9956 | Test Loss 0.346 | Test Error 6.99
Epoch  61 | Time     3 | Train Loss 0.9960 | Test Loss 0.347 | Test Error 6.94
Epoch  62 | Time     3 | Train Loss 0.9908 | Test Loss 0.346 | Test Error 7.00
Epoch  63 | Time     3 | Train Loss 0.9947 | Test Loss 0.345 | Test Error 7.00
Epoch  64 | Time     3 | Train Loss 0.9869 | Test Loss 0.344 | Test Error 7.01
Epoch  65 | Time     3 | Train Loss 0.9819 | Test Loss 0.345 | Test Error 7.08
Epoch  66 | Time     3 | Train Loss 0.9935 | Test Loss 0.342 | Test Error 6.99
Epoch  67 | Time     3 | Train Loss 0.9836 | Test Loss 0.341 | Test Error 6.96
Epoch  68 | Time     3 | Train Loss 0.9833 | Test Loss 0.339 | Test Error 7.01
Epoch  69 | Time     3 | Train Loss 0.9840 | Test Loss 0.338 | Test Error 7.01
Epoch  70 | Time     3 | Train Loss 0.9817 | Test Loss 0.340 | Test Error 7.00
Epoch  71 | Time     3 | Train Loss 0.9763 | Test Loss 0.338 | Test Error 6.99
Epoch  72 | Time     3 | Train Loss 0.9760 | Test Loss 0.340 | Test Error 7.03
Epoch  73 | Time     3 | Train Loss 0.9778 | Test Loss 0.336 | Test Error 7.04
Epoch  74 | Time     3 | Train Loss 0.9784 | Test Loss 0.335 | Test Error 7.00
Epoch  75 | Time     3 | Train Loss 0.9767 | Test Loss 0.335 | Test Error 7.01
Epoch  76 | Time     3 | Train Loss 0.9807 | Test Loss 0.338 | Test Error 7.01
Epoch  77 | Time     3 | Train Loss 0.9712 | Test Loss 0.337 | Test Error 7.05
Epoch  78 | Time     4 | Train Loss 0.9720 | Test Loss 0.336 | Test Error 7.00
Epoch  79 | Time     3 | Train Loss 0.9719 | Test Loss 0.334 | Test Error 7.00
Epoch  80 | Time     3 | Train Loss 0.9687 | Test Loss 0.331 | Test Error 7.00
Epoch  81 | Time     3 | Train Loss 0.9699 | Test Loss 0.334 | Test Error 7.04
Epoch  82 | Time     3 | Train Loss 0.9629 | Test Loss 0.328 | Test Error 7.05
Epoch  83 | Time     3 | Train Loss 0.9603 | Test Loss 0.327 | Test Error 7.04
Epoch  84 | Time     3 | Train Loss 0.9640 | Test Loss 0.325 | Test Error 7.00
Epoch  85 | Time     3 | Train Loss 0.9627 | Test Loss 0.324 | Test Error 6.92
Epoch  86 | Time     3 | Train Loss 0.9588 | Test Loss 0.327 | Test Error 7.01
Epoch  87 | Time     3 | Train Loss 0.9642 | Test Loss 0.328 | Test Error 7.14
Epoch  88 | Time     3 | Train Loss 0.9641 | Test Loss 0.325 | Test Error 7.05
Epoch  89 | Time     3 | Train Loss 0.9625 | Test Loss 0.325 | Test Error 7.01
Epoch  90 | Time     3 | Train Loss 0.9631 | Test Loss 0.323 | Test Error 7.00
Epoch  91 | Time     3 | Train Loss 0.9546 | Test Loss 0.324 | Test Error 6.99
Epoch  92 | Time     3 | Train Loss 0.9598 | Test Loss 0.326 | Test Error 7.04
Epoch  93 | Time     3 | Train Loss 0.9571 | Test Loss 0.324 | Test Error 7.03
Epoch  94 | Time     3 | Train Loss 0.9614 | Test Loss 0.326 | Test Error 6.99
Epoch  95 | Time     3 | Train Loss 0.9557 | Test Loss 0.323 | Test Error 6.97
Epoch  96 | Time     3 | Train Loss 0.9534 | Test Loss 0.324 | Test Error 6.95
Epoch  97 | Time     3 | Train Loss 0.9494 | Test Loss 0.322 | Test Error 6.99
Epoch  98 | Time     3 | Train Loss 0.9575 | Test Loss 0.324 | Test Error 7.05
Epoch  99 | Time     3 | Train Loss 0.9532 | Test Loss 0.322 | Test Error 7.03
Epoch 100 | Time     3 | Train Loss 0.9488 | Test Loss 0.321 | Test Error 6.99
ic| len(dset): 60000
ic| len(dset): 10000
Namespace(dataset='FashionMNIST', test_bs=200, num_to_avg=5, validate=False, use_xent=False, method_name='cifar10_allconv_baseline', layers=40, widen_factor=2, droprate=0.3, load='./snapshots', ngpu=1, prefetch=1, out_as_pos=True, score='MSP', T=1.0, noise=0, type='OE', ft_epochs=99, ft_n=1024, regime='Balanced')
Model restored!
Error Rate 6.99


Error Detection
			cifar10_allconv_baseline
FPR95:			53.70
FPR99:			36.30
AUROC:			85.84
AUPR:			31.16
Configuration: FashionMNIST_Balanced_1024

FashionMNIST Detection

[-0.9990798  -0.99839777 -0.99989176] [-0.3287242  -0.2411663  -0.35968062]
				cifar10_allconv_baseline
  TPR95 TPR99 AUROC AUPR
95.18 & 89.40 & 99.13 & 96.16
0.11 & 0.57 & 0.01 & 0.04
