ic| len(dset): 60000
ic| len(dset): 10000
{'dataset': 'FashionMNIST', 'model': 'densenet', 'calibration': False, 'epochs': 100, 'learning_rate': 0.001, 'batch_size': 128, 'oe_batch_size': 256, 'test_bs': 200, 'momentum': 0.9, 'decay': 0.0005, 'layers': 40, 'widen_factor': 2, 'droprate': 0.3, 'save': './snapshots/oe_tune', 'load': './snapshots/pretrained', 'test': False, 'ngpu': 1, 'prefetch': 1, 'm_in': -25.0, 'm_out': -7.0, 'score': 'OE', 'seed': 1, 'regime': 'Balanced', 'n_ood': 128}
torch.Size([256, 1, 28, 28])
Counter({8: 128, 9: 128})
Tesla V100-PCIE-16GB
Model restored!
  0%|          | 0/63 [00:00<?, ?it/s]  2%|▏         | 1/63 [00:00<00:17,  3.50it/s]  8%|▊         | 5/63 [00:00<00:03, 15.03it/s] 14%|█▍        | 9/63 [00:00<00:02, 22.05it/s] 21%|██        | 13/63 [00:00<00:01, 26.55it/s] 27%|██▋       | 17/63 [00:00<00:01, 29.55it/s] 33%|███▎      | 21/63 [00:00<00:01, 31.59it/s] 40%|███▉      | 25/63 [00:00<00:01, 32.98it/s] 46%|████▌     | 29/63 [00:01<00:01, 33.96it/s] 52%|█████▏    | 33/63 [00:01<00:00, 34.63it/s] 59%|█████▊    | 37/63 [00:01<00:00, 35.10it/s] 65%|██████▌   | 41/63 [00:01<00:00, 35.43it/s] 71%|███████▏  | 45/63 [00:01<00:00, 35.67it/s] 78%|███████▊  | 49/63 [00:01<00:00, 35.84it/s] 84%|████████▍ | 53/63 [00:01<00:00, 35.96it/s] 90%|█████████ | 57/63 [00:01<00:00, 36.06it/s] 97%|█████████▋| 61/63 [00:01<00:00, 36.13it/s]100%|██████████| 63/63 [00:01<00:00, 31.65it/s]
0.9322916666666666
0.3319878768589761
0.9323749999999998
Beginning Training

/home/xysong/.conda/envs/OoD/lib/python3.9/site-packages/torch/optim/lr_scheduler.py:131: UserWarning: Detected call of `lr_scheduler.step()` before `optimizer.step()`. In PyTorch 1.1.0 and later, you should call them in the opposite order: `optimizer.step()` before `lr_scheduler.step()`.  Failure to do this will result in PyTorch skipping the first value of the learning rate schedule. See more details at https://pytorch.org/docs/stable/optim.html#how-to-adjust-learning-rate
  warnings.warn("Detected call of `lr_scheduler.step()` before `optimizer.step()`. "
Epoch   1 | Time     3 | Train Loss 0.5672 | Test Loss 0.329 | Test Error 6.41
Epoch   2 | Time     2 | Train Loss 0.5727 | Test Loss 0.334 | Test Error 6.40
Epoch   3 | Time     2 | Train Loss 0.5624 | Test Loss 0.338 | Test Error 6.47
Epoch   4 | Time     2 | Train Loss 0.5569 | Test Loss 0.342 | Test Error 6.60
Epoch   5 | Time     2 | Train Loss 0.5502 | Test Loss 0.345 | Test Error 6.70
Epoch   6 | Time     2 | Train Loss 0.5495 | Test Loss 0.349 | Test Error 6.69
Epoch   7 | Time     2 | Train Loss 0.5398 | Test Loss 0.352 | Test Error 6.67
Epoch   8 | Time     2 | Train Loss 0.5401 | Test Loss 0.355 | Test Error 6.73
Epoch   9 | Time     2 | Train Loss 0.5318 | Test Loss 0.358 | Test Error 6.75
Epoch  10 | Time     2 | Train Loss 0.5265 | Test Loss 0.361 | Test Error 6.73
Epoch  11 | Time     2 | Train Loss 0.5113 | Test Loss 0.364 | Test Error 6.79
Epoch  12 | Time     3 | Train Loss 0.5109 | Test Loss 0.366 | Test Error 6.79
Epoch  13 | Time     2 | Train Loss 0.4941 | Test Loss 0.368 | Test Error 6.84
Epoch  14 | Time     2 | Train Loss 0.4884 | Test Loss 0.370 | Test Error 6.85
Epoch  15 | Time     2 | Train Loss 0.4828 | Test Loss 0.371 | Test Error 6.81
Epoch  16 | Time     2 | Train Loss 0.4742 | Test Loss 0.373 | Test Error 6.83
Epoch  17 | Time     2 | Train Loss 0.4670 | Test Loss 0.375 | Test Error 6.83
Epoch  18 | Time     2 | Train Loss 0.4655 | Test Loss 0.377 | Test Error 6.85
Epoch  19 | Time     2 | Train Loss 0.4506 | Test Loss 0.379 | Test Error 6.92
Epoch  20 | Time     2 | Train Loss 0.4440 | Test Loss 0.381 | Test Error 6.91
Epoch  21 | Time     2 | Train Loss 0.4302 | Test Loss 0.383 | Test Error 6.97
Epoch  22 | Time     2 | Train Loss 0.4331 | Test Loss 0.384 | Test Error 6.99
Epoch  23 | Time     2 | Train Loss 0.4237 | Test Loss 0.386 | Test Error 6.99
Epoch  24 | Time     2 | Train Loss 0.4128 | Test Loss 0.388 | Test Error 7.04
Epoch  25 | Time     2 | Train Loss 0.4090 | Test Loss 0.388 | Test Error 7.04
Epoch  26 | Time     2 | Train Loss 0.4128 | Test Loss 0.392 | Test Error 7.11
Epoch  27 | Time     2 | Train Loss 0.3986 | Test Loss 0.393 | Test Error 7.15
Epoch  28 | Time     2 | Train Loss 0.4008 | Test Loss 0.395 | Test Error 7.20
Epoch  29 | Time     2 | Train Loss 0.3901 | Test Loss 0.397 | Test Error 7.20
Epoch  30 | Time     2 | Train Loss 0.3816 | Test Loss 0.399 | Test Error 7.23
Epoch  31 | Time     2 | Train Loss 0.3810 | Test Loss 0.400 | Test Error 7.25
Epoch  32 | Time     2 | Train Loss 0.3692 | Test Loss 0.400 | Test Error 7.26
Epoch  33 | Time     2 | Train Loss 0.3718 | Test Loss 0.402 | Test Error 7.33
Epoch  34 | Time     2 | Train Loss 0.3605 | Test Loss 0.402 | Test Error 7.36
Epoch  35 | Time     2 | Train Loss 0.3630 | Test Loss 0.402 | Test Error 7.35
Epoch  36 | Time     2 | Train Loss 0.3554 | Test Loss 0.402 | Test Error 7.36
Epoch  37 | Time     2 | Train Loss 0.3534 | Test Loss 0.402 | Test Error 7.38
Epoch  38 | Time     2 | Train Loss 0.3530 | Test Loss 0.401 | Test Error 7.35
Epoch  39 | Time     2 | Train Loss 0.3475 | Test Loss 0.400 | Test Error 7.33
Epoch  40 | Time     2 | Train Loss 0.3503 | Test Loss 0.402 | Test Error 7.36
Epoch  41 | Time     2 | Train Loss 0.3448 | Test Loss 0.403 | Test Error 7.40
Epoch  42 | Time     2 | Train Loss 0.3413 | Test Loss 0.403 | Test Error 7.38
Epoch  43 | Time     2 | Train Loss 0.3329 | Test Loss 0.403 | Test Error 7.40
Epoch  44 | Time     2 | Train Loss 0.3363 | Test Loss 0.404 | Test Error 7.44
Epoch  45 | Time     2 | Train Loss 0.3349 | Test Loss 0.406 | Test Error 7.45
Epoch  46 | Time     2 | Train Loss 0.3364 | Test Loss 0.406 | Test Error 7.44
Epoch  47 | Time     2 | Train Loss 0.3297 | Test Loss 0.406 | Test Error 7.39
Epoch  48 | Time     2 | Train Loss 0.3247 | Test Loss 0.408 | Test Error 7.46
Epoch  49 | Time     2 | Train Loss 0.3287 | Test Loss 0.410 | Test Error 7.47
Epoch  50 | Time     2 | Train Loss 0.3209 | Test Loss 0.410 | Test Error 7.50
Epoch  51 | Time     2 | Train Loss 0.3148 | Test Loss 0.409 | Test Error 7.51
Epoch  52 | Time     2 | Train Loss 0.3170 | Test Loss 0.409 | Test Error 7.51
Epoch  53 | Time     2 | Train Loss 0.3140 | Test Loss 0.409 | Test Error 7.50
Epoch  54 | Time     2 | Train Loss 0.3125 | Test Loss 0.408 | Test Error 7.49
Epoch  55 | Time     2 | Train Loss 0.3159 | Test Loss 0.407 | Test Error 7.45
Epoch  56 | Time     2 | Train Loss 0.3154 | Test Loss 0.407 | Test Error 7.45
Epoch  57 | Time     2 | Train Loss 0.3111 | Test Loss 0.408 | Test Error 7.46
Epoch  58 | Time     2 | Train Loss 0.3050 | Test Loss 0.408 | Test Error 7.46
Epoch  59 | Time     2 | Train Loss 0.3036 | Test Loss 0.408 | Test Error 7.45
Epoch  60 | Time     2 | Train Loss 0.3020 | Test Loss 0.408 | Test Error 7.46
Epoch  61 | Time     2 | Train Loss 0.3097 | Test Loss 0.410 | Test Error 7.47
Epoch  62 | Time     2 | Train Loss 0.3008 | Test Loss 0.412 | Test Error 7.51
Epoch  63 | Time     2 | Train Loss 0.3032 | Test Loss 0.412 | Test Error 7.50
Epoch  64 | Time     2 | Train Loss 0.2969 | Test Loss 0.414 | Test Error 7.56
Epoch  65 | Time     2 | Train Loss 0.2919 | Test Loss 0.414 | Test Error 7.58
Epoch  66 | Time     2 | Train Loss 0.2976 | Test Loss 0.415 | Test Error 7.51
Epoch  67 | Time     2 | Train Loss 0.2948 | Test Loss 0.414 | Test Error 7.53
Epoch  68 | Time     3 | Train Loss 0.2889 | Test Loss 0.414 | Test Error 7.53
Epoch  69 | Time     2 | Train Loss 0.2931 | Test Loss 0.415 | Test Error 7.54
Epoch  70 | Time     2 | Train Loss 0.2924 | Test Loss 0.416 | Test Error 7.55
Epoch  71 | Time     2 | Train Loss 0.2957 | Test Loss 0.415 | Test Error 7.49
Epoch  72 | Time     2 | Train Loss 0.2950 | Test Loss 0.416 | Test Error 7.50
Epoch  73 | Time     2 | Train Loss 0.2899 | Test Loss 0.418 | Test Error 7.56
Epoch  74 | Time     2 | Train Loss 0.2855 | Test Loss 0.417 | Test Error 7.54
Epoch  75 | Time     2 | Train Loss 0.2834 | Test Loss 0.416 | Test Error 7.51
Epoch  76 | Time     2 | Train Loss 0.2870 | Test Loss 0.418 | Test Error 7.53
Epoch  77 | Time     2 | Train Loss 0.2886 | Test Loss 0.420 | Test Error 7.55
Epoch  78 | Time     2 | Train Loss 0.2816 | Test Loss 0.420 | Test Error 7.56
Epoch  79 | Time     2 | Train Loss 0.2811 | Test Loss 0.420 | Test Error 7.54
Epoch  80 | Time     2 | Train Loss 0.2835 | Test Loss 0.420 | Test Error 7.54
Epoch  81 | Time     2 | Train Loss 0.2768 | Test Loss 0.419 | Test Error 7.56
Epoch  82 | Time     2 | Train Loss 0.2787 | Test Loss 0.419 | Test Error 7.54
Epoch  83 | Time     2 | Train Loss 0.2809 | Test Loss 0.419 | Test Error 7.54
Epoch  84 | Time     2 | Train Loss 0.2762 | Test Loss 0.418 | Test Error 7.51
Epoch  85 | Time     2 | Train Loss 0.2874 | Test Loss 0.417 | Test Error 7.58
Epoch  86 | Time     2 | Train Loss 0.2825 | Test Loss 0.418 | Test Error 7.58
Epoch  87 | Time     2 | Train Loss 0.2764 | Test Loss 0.419 | Test Error 7.58
Epoch  88 | Time     2 | Train Loss 0.2744 | Test Loss 0.418 | Test Error 7.58
Epoch  89 | Time     2 | Train Loss 0.2811 | Test Loss 0.419 | Test Error 7.60
Epoch  90 | Time     2 | Train Loss 0.2747 | Test Loss 0.419 | Test Error 7.59
Epoch  91 | Time     2 | Train Loss 0.2733 | Test Loss 0.420 | Test Error 7.60
Epoch  92 | Time     2 | Train Loss 0.2739 | Test Loss 0.421 | Test Error 7.55
Epoch  93 | Time     2 | Train Loss 0.2768 | Test Loss 0.420 | Test Error 7.54
Epoch  94 | Time     2 | Train Loss 0.2783 | Test Loss 0.420 | Test Error 7.54
Epoch  95 | Time     2 | Train Loss 0.2729 | Test Loss 0.421 | Test Error 7.59
Epoch  96 | Time     3 | Train Loss 0.2703 | Test Loss 0.421 | Test Error 7.56
Epoch  97 | Time     2 | Train Loss 0.2758 | Test Loss 0.418 | Test Error 7.54
Epoch  98 | Time     2 | Train Loss 0.2690 | Test Loss 0.418 | Test Error 7.51
Epoch  99 | Time     2 | Train Loss 0.2668 | Test Loss 0.418 | Test Error 7.54
Epoch 100 | Time     2 | Train Loss 0.2670 | Test Loss 0.419 | Test Error 7.49
ic| len(dset): 60000
ic| len(dset): 10000
Namespace(dataset='FashionMNIST', test_bs=200, num_to_avg=5, validate=False, use_xent=False, method_name='cifar10_allconv_baseline', layers=40, widen_factor=2, droprate=0.3, load='./snapshots', ngpu=1, prefetch=1, out_as_pos=True, score='MSP', T=1.0, noise=0, type='OE', ft_epochs=99, ft_n=128, regime='Balanced')
Model restored!
Error Rate 7.49


Error Detection
			cifar10_allconv_baseline
FPR95:			54.83
FPR99:			34.00
AUROC:			85.38
AUPR:			35.85
Configuration: FashionMNIST_Balanced_128

FashionMNIST Detection

[-0.9999521  -0.99969494 -0.9999974 ] [-0.54803556 -0.9884764  -0.9745568 ]
				cifar10_allconv_baseline
  TPR95 TPR99 AUROC AUPR
85.66 & 72.42 & 96.41 & 84.51
0.29 & 0.51 & 0.10 & 0.34
