ic| len(dset): 60000
ic| len(dset): 10000
{'dataset': 'FashionMNIST', 'model': 'densenet', 'calibration': False, 'epochs': 100, 'learning_rate': 0.001, 'batch_size': 128, 'oe_batch_size': 256, 'test_bs': 200, 'momentum': 0.9, 'decay': 0.0005, 'layers': 40, 'widen_factor': 2, 'droprate': 0.3, 'save': './snapshots/oe_tune', 'load': './snapshots/pretrained', 'test': False, 'ngpu': 1, 'prefetch': 1, 'm_in': -25.0, 'm_out': -7.0, 'score': 'OE', 'seed': 1, 'regime': 'Balanced', 'n_ood': 16}
torch.Size([32, 1, 28, 28])
Counter({8: 16, 9: 16})
Tesla V100-PCIE-16GB
Model restored!
  0%|          | 0/63 [00:00<?, ?it/s]  2%|▏         | 1/63 [00:00<00:15,  4.03it/s]  8%|▊         | 5/63 [00:00<00:03, 16.19it/s] 14%|█▍        | 9/63 [00:00<00:02, 22.96it/s] 21%|██        | 13/63 [00:00<00:01, 27.27it/s] 27%|██▋       | 17/63 [00:00<00:01, 30.09it/s] 33%|███▎      | 21/63 [00:00<00:01, 32.00it/s] 40%|███▉      | 25/63 [00:00<00:01, 33.29it/s] 46%|████▌     | 29/63 [00:01<00:00, 34.13it/s] 52%|█████▏    | 33/63 [00:01<00:00, 34.70it/s] 59%|█████▊    | 37/63 [00:01<00:00, 35.13it/s] 65%|██████▌   | 41/63 [00:01<00:00, 35.44it/s] 71%|███████▏  | 45/63 [00:01<00:00, 35.66it/s] 78%|███████▊  | 49/63 [00:01<00:00, 35.83it/s] 84%|████████▍ | 53/63 [00:01<00:00, 35.94it/s] 90%|█████████ | 57/63 [00:01<00:00, 35.92it/s] 97%|█████████▋| 61/63 [00:01<00:00, 36.01it/s]100%|██████████| 63/63 [00:01<00:00, 32.10it/s]
0.9322916666666666
0.3319878768589761
0.9323749999999998
Beginning Training

/home/xysong/.conda/envs/OoD/lib/python3.9/site-packages/torch/optim/lr_scheduler.py:131: UserWarning: Detected call of `lr_scheduler.step()` before `optimizer.step()`. In PyTorch 1.1.0 and later, you should call them in the opposite order: `optimizer.step()` before `lr_scheduler.step()`.  Failure to do this will result in PyTorch skipping the first value of the learning rate schedule. See more details at https://pytorch.org/docs/stable/optim.html#how-to-adjust-learning-rate
  warnings.warn("Detected call of `lr_scheduler.step()` before `optimizer.step()`. "
Epoch   1 | Time     3 | Train Loss 0.5418 | Test Loss 0.326 | Test Error 6.40
Epoch   2 | Time     2 | Train Loss 0.5533 | Test Loss 0.328 | Test Error 6.35
Epoch   3 | Time     2 | Train Loss 0.5253 | Test Loss 0.328 | Test Error 6.39
Epoch   4 | Time     2 | Train Loss 0.5165 | Test Loss 0.328 | Test Error 6.46
Epoch   5 | Time     2 | Train Loss 0.4869 | Test Loss 0.329 | Test Error 6.51
Epoch   6 | Time     2 | Train Loss 0.4654 | Test Loss 0.330 | Test Error 6.54
Epoch   7 | Time     2 | Train Loss 0.4590 | Test Loss 0.330 | Test Error 6.47
Epoch   8 | Time     2 | Train Loss 0.4614 | Test Loss 0.331 | Test Error 6.55
Epoch   9 | Time     2 | Train Loss 0.4203 | Test Loss 0.332 | Test Error 6.54
Epoch  10 | Time     2 | Train Loss 0.4068 | Test Loss 0.333 | Test Error 6.56
Epoch  11 | Time     2 | Train Loss 0.3637 | Test Loss 0.335 | Test Error 6.66
Epoch  12 | Time     2 | Train Loss 0.3998 | Test Loss 0.335 | Test Error 6.65
Epoch  13 | Time     2 | Train Loss 0.3362 | Test Loss 0.335 | Test Error 6.73
Epoch  14 | Time     2 | Train Loss 0.3421 | Test Loss 0.334 | Test Error 6.74
Epoch  15 | Time     2 | Train Loss 0.3587 | Test Loss 0.333 | Test Error 6.79
Epoch  16 | Time     2 | Train Loss 0.3237 | Test Loss 0.333 | Test Error 6.75
Epoch  17 | Time     2 | Train Loss 0.3413 | Test Loss 0.333 | Test Error 6.77
Epoch  18 | Time     2 | Train Loss 0.3235 | Test Loss 0.334 | Test Error 6.80
Epoch  19 | Time     2 | Train Loss 0.3115 | Test Loss 0.334 | Test Error 6.80
Epoch  20 | Time     2 | Train Loss 0.3054 | Test Loss 0.334 | Test Error 6.76
Epoch  21 | Time     2 | Train Loss 0.2897 | Test Loss 0.334 | Test Error 6.81
Epoch  22 | Time     2 | Train Loss 0.3061 | Test Loss 0.334 | Test Error 6.84
Epoch  23 | Time     2 | Train Loss 0.2844 | Test Loss 0.334 | Test Error 6.88
Epoch  24 | Time     2 | Train Loss 0.2857 | Test Loss 0.333 | Test Error 6.86
Epoch  25 | Time     2 | Train Loss 0.2865 | Test Loss 0.332 | Test Error 6.84
Epoch  26 | Time     2 | Train Loss 0.3025 | Test Loss 0.334 | Test Error 6.83
Epoch  27 | Time     2 | Train Loss 0.2713 | Test Loss 0.334 | Test Error 6.80
Epoch  28 | Time     2 | Train Loss 0.2788 | Test Loss 0.335 | Test Error 6.80
Epoch  29 | Time     2 | Train Loss 0.2749 | Test Loss 0.336 | Test Error 6.79
Epoch  30 | Time     2 | Train Loss 0.2653 | Test Loss 0.337 | Test Error 6.77
Epoch  31 | Time     2 | Train Loss 0.2636 | Test Loss 0.336 | Test Error 6.75
Epoch  32 | Time     2 | Train Loss 0.2596 | Test Loss 0.336 | Test Error 6.74
Epoch  33 | Time     2 | Train Loss 0.2569 | Test Loss 0.336 | Test Error 6.70
Epoch  34 | Time     2 | Train Loss 0.2509 | Test Loss 0.335 | Test Error 6.65
Epoch  35 | Time     2 | Train Loss 0.2580 | Test Loss 0.335 | Test Error 6.69
Epoch  36 | Time     2 | Train Loss 0.2498 | Test Loss 0.334 | Test Error 6.70
Epoch  37 | Time     2 | Train Loss 0.2469 | Test Loss 0.334 | Test Error 6.69
Epoch  38 | Time     2 | Train Loss 0.2582 | Test Loss 0.331 | Test Error 6.64
Epoch  39 | Time     2 | Train Loss 0.2487 | Test Loss 0.330 | Test Error 6.67
Epoch  40 | Time     2 | Train Loss 0.2728 | Test Loss 0.331 | Test Error 6.66
Epoch  41 | Time     2 | Train Loss 0.2408 | Test Loss 0.331 | Test Error 6.70
Epoch  42 | Time     2 | Train Loss 0.2487 | Test Loss 0.331 | Test Error 6.64
Epoch  43 | Time     2 | Train Loss 0.2365 | Test Loss 0.331 | Test Error 6.64
Epoch  44 | Time     2 | Train Loss 0.2408 | Test Loss 0.331 | Test Error 6.62
Epoch  45 | Time     2 | Train Loss 0.2362 | Test Loss 0.332 | Test Error 6.65
Epoch  46 | Time     2 | Train Loss 0.2387 | Test Loss 0.332 | Test Error 6.67
Epoch  47 | Time     2 | Train Loss 0.2421 | Test Loss 0.332 | Test Error 6.67
Epoch  48 | Time     2 | Train Loss 0.2334 | Test Loss 0.333 | Test Error 6.70
Epoch  49 | Time     2 | Train Loss 0.2413 | Test Loss 0.334 | Test Error 6.67
Epoch  50 | Time     2 | Train Loss 0.2371 | Test Loss 0.334 | Test Error 6.73
Epoch  51 | Time     2 | Train Loss 0.2314 | Test Loss 0.333 | Test Error 6.69
Epoch  52 | Time     2 | Train Loss 0.2348 | Test Loss 0.332 | Test Error 6.67
Epoch  53 | Time     2 | Train Loss 0.2343 | Test Loss 0.332 | Test Error 6.66
Epoch  54 | Time     2 | Train Loss 0.2329 | Test Loss 0.331 | Test Error 6.56
Epoch  55 | Time     2 | Train Loss 0.2450 | Test Loss 0.330 | Test Error 6.54
Epoch  56 | Time     2 | Train Loss 0.2405 | Test Loss 0.329 | Test Error 6.59
Epoch  57 | Time     2 | Train Loss 0.2294 | Test Loss 0.330 | Test Error 6.66
Epoch  58 | Time     2 | Train Loss 0.2352 | Test Loss 0.329 | Test Error 6.64
Epoch  59 | Time     2 | Train Loss 0.2305 | Test Loss 0.329 | Test Error 6.60
Epoch  60 | Time     2 | Train Loss 0.2291 | Test Loss 0.329 | Test Error 6.61
Epoch  61 | Time     2 | Train Loss 0.2305 | Test Loss 0.330 | Test Error 6.66
Epoch  62 | Time     2 | Train Loss 0.2300 | Test Loss 0.331 | Test Error 6.61
Epoch  63 | Time     2 | Train Loss 0.2347 | Test Loss 0.332 | Test Error 6.61
Epoch  64 | Time     2 | Train Loss 0.2295 | Test Loss 0.334 | Test Error 6.66
Epoch  65 | Time     2 | Train Loss 0.2296 | Test Loss 0.333 | Test Error 6.62
Epoch  66 | Time     2 | Train Loss 0.2280 | Test Loss 0.334 | Test Error 6.62
Epoch  67 | Time     2 | Train Loss 0.2223 | Test Loss 0.333 | Test Error 6.64
Epoch  68 | Time     2 | Train Loss 0.2231 | Test Loss 0.332 | Test Error 6.65
Epoch  69 | Time     2 | Train Loss 0.2228 | Test Loss 0.333 | Test Error 6.66
Epoch  70 | Time     2 | Train Loss 0.2254 | Test Loss 0.333 | Test Error 6.62
Epoch  71 | Time     2 | Train Loss 0.2277 | Test Loss 0.333 | Test Error 6.64
Epoch  72 | Time     2 | Train Loss 0.2368 | Test Loss 0.333 | Test Error 6.61
Epoch  73 | Time     2 | Train Loss 0.2217 | Test Loss 0.335 | Test Error 6.56
Epoch  74 | Time     2 | Train Loss 0.2262 | Test Loss 0.333 | Test Error 6.62
Epoch  75 | Time     2 | Train Loss 0.2211 | Test Loss 0.333 | Test Error 6.62
Epoch  76 | Time     2 | Train Loss 0.2275 | Test Loss 0.334 | Test Error 6.61
Epoch  77 | Time     2 | Train Loss 0.2293 | Test Loss 0.335 | Test Error 6.65
Epoch  78 | Time     2 | Train Loss 0.2205 | Test Loss 0.336 | Test Error 6.67
Epoch  79 | Time     2 | Train Loss 0.2190 | Test Loss 0.335 | Test Error 6.70
Epoch  80 | Time     2 | Train Loss 0.2195 | Test Loss 0.335 | Test Error 6.65
Epoch  81 | Time     2 | Train Loss 0.2180 | Test Loss 0.335 | Test Error 6.65
Epoch  82 | Time     2 | Train Loss 0.2192 | Test Loss 0.334 | Test Error 6.66
Epoch  83 | Time     2 | Train Loss 0.2234 | Test Loss 0.335 | Test Error 6.67
Epoch  84 | Time     2 | Train Loss 0.2205 | Test Loss 0.334 | Test Error 6.66
Epoch  85 | Time     2 | Train Loss 0.2336 | Test Loss 0.333 | Test Error 6.69
Epoch  86 | Time     2 | Train Loss 0.2261 | Test Loss 0.335 | Test Error 6.64
Epoch  87 | Time     2 | Train Loss 0.2176 | Test Loss 0.336 | Test Error 6.65
Epoch  88 | Time     2 | Train Loss 0.2234 | Test Loss 0.335 | Test Error 6.67
Epoch  89 | Time     2 | Train Loss 0.2326 | Test Loss 0.336 | Test Error 6.74
Epoch  90 | Time     2 | Train Loss 0.2391 | Test Loss 0.337 | Test Error 6.74
Epoch  91 | Time     2 | Train Loss 0.2188 | Test Loss 0.338 | Test Error 6.67
Epoch  92 | Time     2 | Train Loss 0.2242 | Test Loss 0.338 | Test Error 6.70
Epoch  93 | Time     2 | Train Loss 0.2241 | Test Loss 0.338 | Test Error 6.67
Epoch  94 | Time     2 | Train Loss 0.2305 | Test Loss 0.337 | Test Error 6.69
Epoch  95 | Time     2 | Train Loss 0.2213 | Test Loss 0.338 | Test Error 6.73
Epoch  96 | Time     2 | Train Loss 0.2266 | Test Loss 0.339 | Test Error 6.73
Epoch  97 | Time     2 | Train Loss 0.2338 | Test Loss 0.337 | Test Error 6.69
Epoch  98 | Time     2 | Train Loss 0.2163 | Test Loss 0.336 | Test Error 6.71
Epoch  99 | Time     2 | Train Loss 0.2166 | Test Loss 0.337 | Test Error 6.67
Epoch 100 | Time     2 | Train Loss 0.2206 | Test Loss 0.337 | Test Error 6.70
ic| len(dset): 60000
ic| len(dset): 10000
Namespace(dataset='FashionMNIST', test_bs=200, num_to_avg=5, validate=False, use_xent=False, method_name='cifar10_allconv_baseline', layers=40, widen_factor=2, droprate=0.3, load='./snapshots', ngpu=1, prefetch=1, out_as_pos=True, score='MSP', T=1.0, noise=0, type='OE', ft_epochs=99, ft_n=16, regime='Balanced')
Model restored!
Error Rate 6.70


Error Detection
			cifar10_allconv_baseline
FPR95:			56.90
FPR99:			27.68
AUROC:			88.34
AUPR:			36.84
Configuration: FashionMNIST_Balanced_16

FashionMNIST Detection

[-0.99989927 -0.9985227  -0.9999907 ] [-0.66432136 -0.32371417 -0.59317565]
				cifar10_allconv_baseline
  TPR95 TPR99 AUROC AUPR
86.61 & 77.28 & 96.45 & 83.98
0.13 & 0.18 & 0.06 & 0.20
