ic| len(dset): 60000
ic| len(dset): 10000
{'dataset': 'FashionMNIST', 'model': 'densenet', 'calibration': False, 'epochs': 100, 'learning_rate': 0.001, 'batch_size': 128, 'oe_batch_size': 256, 'test_bs': 200, 'momentum': 0.9, 'decay': 0.0005, 'layers': 40, 'widen_factor': 2, 'droprate': 0.3, 'save': './snapshots/oe_tune', 'load': './snapshots/pretrained', 'test': False, 'ngpu': 1, 'prefetch': 1, 'm_in': -25.0, 'm_out': -7.0, 'score': 'OE', 'seed': 1, 'regime': 'Balanced', 'n_ood': 2048}
torch.Size([4096, 1, 28, 28])
Counter({8: 2048, 9: 2048})
Tesla V100-PCIE-16GB
Model restored!
  0%|          | 0/63 [00:00<?, ?it/s]  2%|▏         | 1/63 [00:00<00:15,  4.12it/s]  8%|▊         | 5/63 [00:00<00:03, 16.68it/s] 14%|█▍        | 9/63 [00:00<00:02, 23.65it/s] 21%|██        | 13/63 [00:00<00:01, 27.88it/s] 27%|██▋       | 17/63 [00:00<00:01, 30.59it/s] 33%|███▎      | 21/63 [00:00<00:01, 32.37it/s] 40%|███▉      | 25/63 [00:00<00:01, 33.58it/s] 46%|████▌     | 29/63 [00:01<00:00, 34.40it/s] 52%|█████▏    | 33/63 [00:01<00:00, 34.97it/s] 59%|█████▊    | 37/63 [00:01<00:00, 35.36it/s] 65%|██████▌   | 41/63 [00:01<00:00, 35.61it/s] 71%|███████▏  | 45/63 [00:01<00:00, 35.81it/s] 78%|███████▊  | 49/63 [00:01<00:00, 35.96it/s] 84%|████████▍ | 53/63 [00:01<00:00, 36.06it/s] 90%|█████████ | 57/63 [00:01<00:00, 36.14it/s] 97%|█████████▋| 61/63 [00:01<00:00, 36.19it/s]100%|██████████| 63/63 [00:01<00:00, 32.43it/s]
0.9322916666666666
0.3319878768589761
0.9323749999999998
Beginning Training

/home/xysong/.conda/envs/OoD/lib/python3.9/site-packages/torch/optim/lr_scheduler.py:131: UserWarning: Detected call of `lr_scheduler.step()` before `optimizer.step()`. In PyTorch 1.1.0 and later, you should call them in the opposite order: `optimizer.step()` before `lr_scheduler.step()`.  Failure to do this will result in PyTorch skipping the first value of the learning rate schedule. See more details at https://pytorch.org/docs/stable/optim.html#how-to-adjust-learning-rate
  warnings.warn("Detected call of `lr_scheduler.step()` before `optimizer.step()`. "
Epoch   1 | Time     6 | Train Loss 2.1662 | Test Loss 0.382 | Test Error 6.83
Epoch   2 | Time     5 | Train Loss 1.9835 | Test Loss 0.400 | Test Error 7.14
Epoch   3 | Time     5 | Train Loss 1.8252 | Test Loss 0.405 | Test Error 7.24
Epoch   4 | Time     5 | Train Loss 1.7061 | Test Loss 0.406 | Test Error 7.27
Epoch   5 | Time     5 | Train Loss 1.6208 | Test Loss 0.409 | Test Error 7.20
Epoch   6 | Time     5 | Train Loss 1.5593 | Test Loss 0.407 | Test Error 7.25
Epoch   7 | Time     5 | Train Loss 1.4970 | Test Loss 0.398 | Test Error 7.20
Epoch   8 | Time     6 | Train Loss 1.4555 | Test Loss 0.397 | Test Error 7.17
Epoch   9 | Time     5 | Train Loss 1.4158 | Test Loss 0.395 | Test Error 7.26
Epoch  10 | Time     5 | Train Loss 1.3840 | Test Loss 0.394 | Test Error 7.29
Epoch  11 | Time     5 | Train Loss 1.3516 | Test Loss 0.391 | Test Error 7.33
Epoch  12 | Time     5 | Train Loss 1.3291 | Test Loss 0.383 | Test Error 7.30
Epoch  13 | Time     5 | Train Loss 1.3113 | Test Loss 0.380 | Test Error 7.25
Epoch  14 | Time     5 | Train Loss 1.2963 | Test Loss 0.378 | Test Error 7.31
Epoch  15 | Time     5 | Train Loss 1.2800 | Test Loss 0.378 | Test Error 7.33
Epoch  16 | Time     5 | Train Loss 1.2592 | Test Loss 0.373 | Test Error 7.29
Epoch  17 | Time     5 | Train Loss 1.2493 | Test Loss 0.369 | Test Error 7.35
Epoch  18 | Time     5 | Train Loss 1.2394 | Test Loss 0.365 | Test Error 7.38
Epoch  19 | Time     5 | Train Loss 1.2340 | Test Loss 0.361 | Test Error 7.34
Epoch  20 | Time     5 | Train Loss 1.2197 | Test Loss 0.354 | Test Error 7.24
Epoch  21 | Time     5 | Train Loss 1.2083 | Test Loss 0.352 | Test Error 7.33
Epoch  22 | Time     5 | Train Loss 1.1967 | Test Loss 0.350 | Test Error 7.34
Epoch  23 | Time     5 | Train Loss 1.1969 | Test Loss 0.346 | Test Error 7.23
Epoch  24 | Time     5 | Train Loss 1.1890 | Test Loss 0.344 | Test Error 7.31
Epoch  25 | Time     5 | Train Loss 1.1848 | Test Loss 0.342 | Test Error 7.25
Epoch  26 | Time     5 | Train Loss 1.1819 | Test Loss 0.334 | Test Error 7.27
Epoch  27 | Time     5 | Train Loss 1.1715 | Test Loss 0.331 | Test Error 7.20
Epoch  28 | Time     5 | Train Loss 1.1761 | Test Loss 0.331 | Test Error 7.23
Epoch  29 | Time     5 | Train Loss 1.1705 | Test Loss 0.328 | Test Error 7.26
Epoch  30 | Time     5 | Train Loss 1.1680 | Test Loss 0.327 | Test Error 7.25
Epoch  31 | Time     5 | Train Loss 1.1602 | Test Loss 0.324 | Test Error 7.20
Epoch  32 | Time     5 | Train Loss 1.1507 | Test Loss 0.323 | Test Error 7.21
Epoch  33 | Time     5 | Train Loss 1.1534 | Test Loss 0.321 | Test Error 7.20
Epoch  34 | Time     5 | Train Loss 1.1468 | Test Loss 0.319 | Test Error 7.20
Epoch  35 | Time     5 | Train Loss 1.1513 | Test Loss 0.320 | Test Error 7.24
Epoch  36 | Time     5 | Train Loss 1.1469 | Test Loss 0.316 | Test Error 7.17
Epoch  37 | Time     5 | Train Loss 1.1433 | Test Loss 0.313 | Test Error 7.16
Epoch  38 | Time     5 | Train Loss 1.1394 | Test Loss 0.312 | Test Error 7.14
Epoch  39 | Time     5 | Train Loss 1.1397 | Test Loss 0.311 | Test Error 7.19
Epoch  40 | Time     5 | Train Loss 1.1350 | Test Loss 0.309 | Test Error 7.14
Epoch  41 | Time     5 | Train Loss 1.1280 | Test Loss 0.305 | Test Error 7.15
Epoch  42 | Time     5 | Train Loss 1.1350 | Test Loss 0.308 | Test Error 7.17
Epoch  43 | Time     5 | Train Loss 1.1277 | Test Loss 0.305 | Test Error 7.12
Epoch  44 | Time     5 | Train Loss 1.1340 | Test Loss 0.306 | Test Error 7.17
Epoch  45 | Time     5 | Train Loss 1.1299 | Test Loss 0.300 | Test Error 7.16
Epoch  46 | Time     5 | Train Loss 1.1277 | Test Loss 0.300 | Test Error 7.15
Epoch  47 | Time     5 | Train Loss 1.1286 | Test Loss 0.299 | Test Error 7.17
Epoch  48 | Time     5 | Train Loss 1.1272 | Test Loss 0.298 | Test Error 7.15
Epoch  49 | Time     5 | Train Loss 1.1201 | Test Loss 0.299 | Test Error 7.21
Epoch  50 | Time     5 | Train Loss 1.1190 | Test Loss 0.295 | Test Error 7.11
Epoch  51 | Time     5 | Train Loss 1.1196 | Test Loss 0.295 | Test Error 7.11
Epoch  52 | Time     5 | Train Loss 1.1165 | Test Loss 0.293 | Test Error 7.11
Epoch  53 | Time     5 | Train Loss 1.1129 | Test Loss 0.292 | Test Error 7.09
Epoch  54 | Time     5 | Train Loss 1.1184 | Test Loss 0.293 | Test Error 7.12
Epoch  55 | Time     5 | Train Loss 1.1159 | Test Loss 0.293 | Test Error 7.15
Epoch  56 | Time     5 | Train Loss 1.1100 | Test Loss 0.290 | Test Error 7.16
Epoch  57 | Time     5 | Train Loss 1.1149 | Test Loss 0.292 | Test Error 7.15
Epoch  58 | Time     5 | Train Loss 1.1138 | Test Loss 0.293 | Test Error 7.19
Epoch  59 | Time     5 | Train Loss 1.1175 | Test Loss 0.290 | Test Error 7.10
Epoch  60 | Time     5 | Train Loss 1.1081 | Test Loss 0.288 | Test Error 7.09
Epoch  61 | Time     5 | Train Loss 1.1076 | Test Loss 0.288 | Test Error 7.10
Epoch  62 | Time     5 | Train Loss 1.1103 | Test Loss 0.285 | Test Error 7.10
Epoch  63 | Time     6 | Train Loss 1.1104 | Test Loss 0.284 | Test Error 7.12
Epoch  64 | Time     5 | Train Loss 1.1021 | Test Loss 0.287 | Test Error 7.01
Epoch  65 | Time     5 | Train Loss 1.1013 | Test Loss 0.287 | Test Error 7.16
Epoch  66 | Time     5 | Train Loss 1.1058 | Test Loss 0.284 | Test Error 7.20
Epoch  67 | Time     5 | Train Loss 1.0957 | Test Loss 0.285 | Test Error 7.14
Epoch  68 | Time     5 | Train Loss 1.0999 | Test Loss 0.284 | Test Error 7.09
Epoch  69 | Time     5 | Train Loss 1.0992 | Test Loss 0.284 | Test Error 7.08
Epoch  70 | Time     5 | Train Loss 1.0998 | Test Loss 0.285 | Test Error 7.05
Epoch  71 | Time     5 | Train Loss 1.0967 | Test Loss 0.284 | Test Error 7.08
Epoch  72 | Time     5 | Train Loss 1.0993 | Test Loss 0.282 | Test Error 7.14
Epoch  73 | Time     5 | Train Loss 1.0910 | Test Loss 0.280 | Test Error 7.15
Epoch  74 | Time     5 | Train Loss 1.1000 | Test Loss 0.282 | Test Error 7.11
Epoch  75 | Time     5 | Train Loss 1.0963 | Test Loss 0.283 | Test Error 7.10
Epoch  76 | Time     5 | Train Loss 1.0963 | Test Loss 0.284 | Test Error 7.10
Epoch  77 | Time     5 | Train Loss 1.0966 | Test Loss 0.282 | Test Error 7.11
Epoch  78 | Time     5 | Train Loss 1.0947 | Test Loss 0.280 | Test Error 7.11
Epoch  79 | Time     6 | Train Loss 1.0943 | Test Loss 0.279 | Test Error 7.15
Epoch  80 | Time     5 | Train Loss 1.0949 | Test Loss 0.278 | Test Error 7.05
Epoch  81 | Time     5 | Train Loss 1.0924 | Test Loss 0.281 | Test Error 7.14
Epoch  82 | Time     5 | Train Loss 1.0935 | Test Loss 0.278 | Test Error 7.10
Epoch  83 | Time     5 | Train Loss 1.0874 | Test Loss 0.278 | Test Error 7.16
Epoch  84 | Time     5 | Train Loss 1.0923 | Test Loss 0.277 | Test Error 7.06
Epoch  85 | Time     5 | Train Loss 1.0942 | Test Loss 0.279 | Test Error 7.17
Epoch  86 | Time     5 | Train Loss 1.0880 | Test Loss 0.281 | Test Error 7.15
Epoch  87 | Time     5 | Train Loss 1.0911 | Test Loss 0.278 | Test Error 7.08
Epoch  88 | Time     5 | Train Loss 1.0877 | Test Loss 0.278 | Test Error 7.19
Epoch  89 | Time     6 | Train Loss 1.0834 | Test Loss 0.278 | Test Error 7.12
Epoch  90 | Time     5 | Train Loss 1.0913 | Test Loss 0.277 | Test Error 7.14
Epoch  91 | Time     5 | Train Loss 1.0893 | Test Loss 0.275 | Test Error 7.10
Epoch  92 | Time     5 | Train Loss 1.0812 | Test Loss 0.277 | Test Error 7.06
Epoch  93 | Time     5 | Train Loss 1.0830 | Test Loss 0.278 | Test Error 7.09
Epoch  94 | Time     5 | Train Loss 1.0874 | Test Loss 0.279 | Test Error 7.11
Epoch  95 | Time     5 | Train Loss 1.0842 | Test Loss 0.276 | Test Error 7.06
Epoch  96 | Time     5 | Train Loss 1.0867 | Test Loss 0.277 | Test Error 7.11
Epoch  97 | Time     5 | Train Loss 1.0828 | Test Loss 0.276 | Test Error 7.09
Epoch  98 | Time     5 | Train Loss 1.0828 | Test Loss 0.275 | Test Error 7.10
Epoch  99 | Time     5 | Train Loss 1.0826 | Test Loss 0.275 | Test Error 7.17
Epoch 100 | Time     5 | Train Loss 1.0789 | Test Loss 0.276 | Test Error 7.06
ic| len(dset): 60000
ic| len(dset): 10000
Namespace(dataset='FashionMNIST', test_bs=200, num_to_avg=5, validate=False, use_xent=False, method_name='cifar10_allconv_baseline', layers=40, widen_factor=2, droprate=0.3, load='./snapshots', ngpu=1, prefetch=1, out_as_pos=True, score='MSP', T=1.0, noise=0, type='OE', ft_epochs=99, ft_n=2048, regime='Balanced')
Model restored!
Error Rate 7.06


Error Detection
			cifar10_allconv_baseline
FPR95:			56.49
FPR99:			38.82
AUROC:			87.99
AUPR:			34.36
Configuration: FashionMNIST_Balanced_2048

FashionMNIST Detection

[-0.9965405 -0.9961242 -0.999258 ] [-0.31572005 -0.27424425 -0.19663125]
				cifar10_allconv_baseline
  TPR95 TPR99 AUROC AUPR
97.56 & 90.90 & 99.51 & 97.74
0.24 & 0.30 & 0.02 & 0.08
