ic| len(dset): 60000
ic| len(dset): 10000
{'dataset': 'FashionMNIST', 'model': 'densenet', 'calibration': False, 'epochs': 100, 'learning_rate': 0.001, 'batch_size': 128, 'oe_batch_size': 256, 'test_bs': 200, 'momentum': 0.9, 'decay': 0.0005, 'layers': 40, 'widen_factor': 2, 'droprate': 0.3, 'save': './snapshots/oe_tune', 'load': './snapshots/pretrained', 'test': False, 'ngpu': 1, 'prefetch': 1, 'm_in': -25.0, 'm_out': -7.0, 'score': 'OE', 'seed': 1, 'regime': 'Balanced', 'n_ood': 256}
torch.Size([512, 1, 28, 28])
Counter({8: 256, 9: 256})
Tesla V100-PCIE-16GB
Model restored!
  0%|          | 0/63 [00:00<?, ?it/s]  2%|▏         | 1/63 [00:00<00:15,  3.97it/s]  8%|▊         | 5/63 [00:00<00:03, 16.31it/s] 14%|█▍        | 9/63 [00:00<00:02, 23.30it/s] 21%|██        | 13/63 [00:00<00:01, 27.58it/s] 27%|██▋       | 17/63 [00:00<00:01, 30.35it/s] 33%|███▎      | 21/63 [00:00<00:01, 32.19it/s] 40%|███▉      | 25/63 [00:00<00:01, 33.42it/s] 46%|████▌     | 29/63 [00:01<00:00, 34.26it/s] 52%|█████▏    | 33/63 [00:01<00:00, 34.85it/s] 59%|█████▊    | 37/63 [00:01<00:00, 35.26it/s] 65%|██████▌   | 41/63 [00:01<00:00, 35.55it/s] 71%|███████▏  | 45/63 [00:01<00:00, 35.70it/s] 78%|███████▊  | 49/63 [00:01<00:00, 35.82it/s] 84%|████████▍ | 53/63 [00:01<00:00, 35.93it/s] 90%|█████████ | 57/63 [00:01<00:00, 36.01it/s] 97%|█████████▋| 61/63 [00:01<00:00, 36.07it/s]100%|██████████| 63/63 [00:01<00:00, 32.21it/s]
0.9322916666666666
0.3319878768589761
0.9323749999999998
Beginning Training

/home/xysong/.conda/envs/OoD/lib/python3.9/site-packages/torch/optim/lr_scheduler.py:131: UserWarning: Detected call of `lr_scheduler.step()` before `optimizer.step()`. In PyTorch 1.1.0 and later, you should call them in the opposite order: `optimizer.step()` before `lr_scheduler.step()`.  Failure to do this will result in PyTorch skipping the first value of the learning rate schedule. See more details at https://pytorch.org/docs/stable/optim.html#how-to-adjust-learning-rate
  warnings.warn("Detected call of `lr_scheduler.step()` before `optimizer.step()`. "
Epoch   1 | Time     3 | Train Loss 0.8790 | Test Loss 0.335 | Test Error 6.41
Epoch   2 | Time     2 | Train Loss 0.8765 | Test Loss 0.344 | Test Error 6.54
Epoch   3 | Time     2 | Train Loss 0.8682 | Test Loss 0.352 | Test Error 6.65
Epoch   4 | Time     2 | Train Loss 0.8486 | Test Loss 0.358 | Test Error 6.65
Epoch   5 | Time     2 | Train Loss 0.8318 | Test Loss 0.363 | Test Error 6.71
Epoch   6 | Time     2 | Train Loss 0.8306 | Test Loss 0.369 | Test Error 6.73
Epoch   7 | Time     2 | Train Loss 0.8040 | Test Loss 0.372 | Test Error 6.69
Epoch   8 | Time     2 | Train Loss 0.8168 | Test Loss 0.375 | Test Error 6.73
Epoch   9 | Time     2 | Train Loss 0.7929 | Test Loss 0.378 | Test Error 6.71
Epoch  10 | Time     2 | Train Loss 0.7886 | Test Loss 0.380 | Test Error 6.70
Epoch  11 | Time     2 | Train Loss 0.7652 | Test Loss 0.382 | Test Error 6.74
Epoch  12 | Time     2 | Train Loss 0.7603 | Test Loss 0.384 | Test Error 6.81
Epoch  13 | Time     2 | Train Loss 0.7387 | Test Loss 0.386 | Test Error 6.76
Epoch  14 | Time     2 | Train Loss 0.7365 | Test Loss 0.387 | Test Error 6.86
Epoch  15 | Time     2 | Train Loss 0.7176 | Test Loss 0.386 | Test Error 6.81
Epoch  16 | Time     2 | Train Loss 0.7122 | Test Loss 0.385 | Test Error 6.85
Epoch  17 | Time     2 | Train Loss 0.7019 | Test Loss 0.386 | Test Error 6.88
Epoch  18 | Time     2 | Train Loss 0.7141 | Test Loss 0.389 | Test Error 6.85
Epoch  19 | Time     2 | Train Loss 0.6815 | Test Loss 0.390 | Test Error 6.83
Epoch  20 | Time     2 | Train Loss 0.6741 | Test Loss 0.393 | Test Error 6.80
Epoch  21 | Time     2 | Train Loss 0.6673 | Test Loss 0.394 | Test Error 6.86
Epoch  22 | Time     2 | Train Loss 0.6650 | Test Loss 0.392 | Test Error 6.88
Epoch  23 | Time     2 | Train Loss 0.6557 | Test Loss 0.396 | Test Error 6.86
Epoch  24 | Time     2 | Train Loss 0.6386 | Test Loss 0.395 | Test Error 6.85
Epoch  25 | Time     2 | Train Loss 0.6408 | Test Loss 0.395 | Test Error 6.86
Epoch  26 | Time     2 | Train Loss 0.6488 | Test Loss 0.396 | Test Error 6.90
Epoch  27 | Time     2 | Train Loss 0.6219 | Test Loss 0.397 | Test Error 6.91
Epoch  28 | Time     2 | Train Loss 0.6252 | Test Loss 0.397 | Test Error 6.92
Epoch  29 | Time     2 | Train Loss 0.6218 | Test Loss 0.399 | Test Error 6.97
Epoch  30 | Time     2 | Train Loss 0.6149 | Test Loss 0.401 | Test Error 6.97
Epoch  31 | Time     2 | Train Loss 0.6039 | Test Loss 0.402 | Test Error 6.97
Epoch  32 | Time     2 | Train Loss 0.5938 | Test Loss 0.402 | Test Error 6.97
Epoch  33 | Time     2 | Train Loss 0.5932 | Test Loss 0.403 | Test Error 6.99
Epoch  34 | Time     2 | Train Loss 0.5858 | Test Loss 0.402 | Test Error 6.97
Epoch  35 | Time     2 | Train Loss 0.5796 | Test Loss 0.402 | Test Error 7.01
Epoch  36 | Time     2 | Train Loss 0.5789 | Test Loss 0.403 | Test Error 7.00
Epoch  37 | Time     2 | Train Loss 0.5759 | Test Loss 0.400 | Test Error 6.94
Epoch  38 | Time     2 | Train Loss 0.5738 | Test Loss 0.400 | Test Error 6.95
Epoch  39 | Time     2 | Train Loss 0.5682 | Test Loss 0.398 | Test Error 6.94
Epoch  40 | Time     2 | Train Loss 0.5685 | Test Loss 0.401 | Test Error 6.96
Epoch  41 | Time     2 | Train Loss 0.5602 | Test Loss 0.403 | Test Error 6.99
Epoch  42 | Time     2 | Train Loss 0.5695 | Test Loss 0.403 | Test Error 6.96
Epoch  43 | Time     2 | Train Loss 0.5474 | Test Loss 0.402 | Test Error 6.94
Epoch  44 | Time     2 | Train Loss 0.5515 | Test Loss 0.405 | Test Error 7.03
Epoch  45 | Time     2 | Train Loss 0.5491 | Test Loss 0.405 | Test Error 7.04
Epoch  46 | Time     2 | Train Loss 0.5435 | Test Loss 0.404 | Test Error 7.04
Epoch  47 | Time     2 | Train Loss 0.5409 | Test Loss 0.403 | Test Error 7.06
Epoch  48 | Time     2 | Train Loss 0.5373 | Test Loss 0.404 | Test Error 7.08
Epoch  49 | Time     2 | Train Loss 0.5348 | Test Loss 0.406 | Test Error 7.12
Epoch  50 | Time     2 | Train Loss 0.5297 | Test Loss 0.407 | Test Error 7.08
Epoch  51 | Time     2 | Train Loss 0.5229 | Test Loss 0.404 | Test Error 7.08
Epoch  52 | Time     2 | Train Loss 0.5267 | Test Loss 0.404 | Test Error 7.04
Epoch  53 | Time     2 | Train Loss 0.5247 | Test Loss 0.402 | Test Error 7.04
Epoch  54 | Time     2 | Train Loss 0.5262 | Test Loss 0.401 | Test Error 7.00
Epoch  55 | Time     2 | Train Loss 0.5222 | Test Loss 0.400 | Test Error 7.06
Epoch  56 | Time     2 | Train Loss 0.5268 | Test Loss 0.399 | Test Error 7.04
Epoch  57 | Time     2 | Train Loss 0.5172 | Test Loss 0.401 | Test Error 7.05
Epoch  58 | Time     2 | Train Loss 0.5109 | Test Loss 0.400 | Test Error 7.03
Epoch  59 | Time     2 | Train Loss 0.5132 | Test Loss 0.400 | Test Error 7.05
Epoch  60 | Time     2 | Train Loss 0.5046 | Test Loss 0.401 | Test Error 7.08
Epoch  61 | Time     2 | Train Loss 0.5140 | Test Loss 0.401 | Test Error 7.08
Epoch  62 | Time     2 | Train Loss 0.5074 | Test Loss 0.403 | Test Error 7.09
Epoch  63 | Time     2 | Train Loss 0.5124 | Test Loss 0.403 | Test Error 7.09
Epoch  64 | Time     2 | Train Loss 0.5068 | Test Loss 0.405 | Test Error 7.15
Epoch  65 | Time     2 | Train Loss 0.5002 | Test Loss 0.403 | Test Error 7.14
Epoch  66 | Time     2 | Train Loss 0.5005 | Test Loss 0.405 | Test Error 7.14
Epoch  67 | Time     2 | Train Loss 0.4990 | Test Loss 0.405 | Test Error 7.14
Epoch  68 | Time     2 | Train Loss 0.5025 | Test Loss 0.405 | Test Error 7.15
Epoch  69 | Time     2 | Train Loss 0.4982 | Test Loss 0.408 | Test Error 7.17
Epoch  70 | Time     2 | Train Loss 0.4937 | Test Loss 0.407 | Test Error 7.16
Epoch  71 | Time     2 | Train Loss 0.4968 | Test Loss 0.405 | Test Error 7.15
Epoch  72 | Time     2 | Train Loss 0.4891 | Test Loss 0.406 | Test Error 7.12
Epoch  73 | Time     2 | Train Loss 0.4966 | Test Loss 0.407 | Test Error 7.15
Epoch  74 | Time     2 | Train Loss 0.4909 | Test Loss 0.403 | Test Error 7.15
Epoch  75 | Time     2 | Train Loss 0.4893 | Test Loss 0.399 | Test Error 7.17
Epoch  76 | Time     2 | Train Loss 0.4907 | Test Loss 0.401 | Test Error 7.17
Epoch  77 | Time     2 | Train Loss 0.4821 | Test Loss 0.402 | Test Error 7.16
Epoch  78 | Time     2 | Train Loss 0.4858 | Test Loss 0.402 | Test Error 7.17
Epoch  79 | Time     2 | Train Loss 0.4801 | Test Loss 0.402 | Test Error 7.19
Epoch  80 | Time     2 | Train Loss 0.4797 | Test Loss 0.403 | Test Error 7.20
Epoch  81 | Time     2 | Train Loss 0.4795 | Test Loss 0.403 | Test Error 7.24
Epoch  82 | Time     2 | Train Loss 0.4765 | Test Loss 0.402 | Test Error 7.11
Epoch  83 | Time     2 | Train Loss 0.4808 | Test Loss 0.400 | Test Error 7.16
Epoch  84 | Time     2 | Train Loss 0.4746 | Test Loss 0.399 | Test Error 7.10
Epoch  85 | Time     2 | Train Loss 0.4752 | Test Loss 0.398 | Test Error 7.10
Epoch  86 | Time     2 | Train Loss 0.4754 | Test Loss 0.399 | Test Error 7.11
Epoch  87 | Time     2 | Train Loss 0.4724 | Test Loss 0.401 | Test Error 7.19
Epoch  88 | Time     2 | Train Loss 0.4719 | Test Loss 0.401 | Test Error 7.21
Epoch  89 | Time     2 | Train Loss 0.4749 | Test Loss 0.401 | Test Error 7.16
Epoch  90 | Time     2 | Train Loss 0.4715 | Test Loss 0.400 | Test Error 7.17
Epoch  91 | Time     2 | Train Loss 0.4695 | Test Loss 0.399 | Test Error 7.15
Epoch  92 | Time     2 | Train Loss 0.4690 | Test Loss 0.398 | Test Error 7.19
Epoch  93 | Time     2 | Train Loss 0.4652 | Test Loss 0.396 | Test Error 7.15
Epoch  94 | Time     2 | Train Loss 0.4669 | Test Loss 0.398 | Test Error 7.23
Epoch  95 | Time     2 | Train Loss 0.4652 | Test Loss 0.397 | Test Error 7.17
Epoch  96 | Time     2 | Train Loss 0.4683 | Test Loss 0.398 | Test Error 7.19
Epoch  97 | Time     2 | Train Loss 0.4653 | Test Loss 0.396 | Test Error 7.20
Epoch  98 | Time     3 | Train Loss 0.4577 | Test Loss 0.396 | Test Error 7.20
Epoch  99 | Time     2 | Train Loss 0.4592 | Test Loss 0.398 | Test Error 7.24
Epoch 100 | Time     2 | Train Loss 0.4588 | Test Loss 0.400 | Test Error 7.29
ic| len(dset): 60000
ic| len(dset): 10000
Namespace(dataset='FashionMNIST', test_bs=200, num_to_avg=5, validate=False, use_xent=False, method_name='cifar10_allconv_baseline', layers=40, widen_factor=2, droprate=0.3, load='./snapshots', ngpu=1, prefetch=1, out_as_pos=True, score='MSP', T=1.0, noise=0, type='OE', ft_epochs=99, ft_n=256, regime='Balanced')
Model restored!
Error Rate 7.29


Error Detection
			cifar10_allconv_baseline
FPR95:			52.80
FPR99:			31.51
AUROC:			85.75
AUPR:			36.73
Configuration: FashionMNIST_Balanced_256

FashionMNIST Detection

[-0.99970394 -0.999435   -0.9999964 ] [-0.68635845 -0.56056094 -0.4265681 ]
				cifar10_allconv_baseline
  TPR95 TPR99 AUROC AUPR
90.05 & 81.93 & 97.50 & 87.98
0.22 & 0.53 & 0.05 & 0.20
