ic| len(dset): 60000
ic| len(dset): 10000
{'dataset': 'FashionMNIST', 'model': 'densenet', 'calibration': False, 'epochs': 100, 'learning_rate': 0.001, 'batch_size': 128, 'oe_batch_size': 256, 'test_bs': 200, 'momentum': 0.9, 'decay': 0.0005, 'layers': 40, 'widen_factor': 2, 'droprate': 0.3, 'save': './snapshots/oe_tune', 'load': './snapshots/pretrained', 'test': False, 'ngpu': 1, 'prefetch': 1, 'm_in': -25.0, 'm_out': -7.0, 'score': 'OE', 'seed': 1, 'regime': 'Balanced', 'n_ood': 8}
torch.Size([16, 1, 28, 28])
Counter({8: 8, 9: 8})
Tesla V100-PCIE-16GB
Model restored!
  0%|          | 0/63 [00:00<?, ?it/s]  2%|▏         | 1/63 [00:00<00:17,  3.46it/s]  8%|▊         | 5/63 [00:00<00:03, 14.91it/s] 14%|█▍        | 9/63 [00:00<00:02, 21.94it/s] 21%|██        | 13/63 [00:00<00:01, 26.47it/s] 27%|██▋       | 17/63 [00:00<00:01, 29.48it/s] 33%|███▎      | 21/63 [00:00<00:01, 31.51it/s] 40%|███▉      | 25/63 [00:00<00:01, 32.91it/s] 46%|████▌     | 29/63 [00:01<00:01, 33.88it/s] 52%|█████▏    | 33/63 [00:01<00:00, 34.58it/s] 59%|█████▊    | 37/63 [00:01<00:00, 35.06it/s] 65%|██████▌   | 41/63 [00:01<00:00, 35.40it/s] 71%|███████▏  | 45/63 [00:01<00:00, 35.63it/s] 78%|███████▊  | 49/63 [00:01<00:00, 35.80it/s] 84%|████████▍ | 53/63 [00:01<00:00, 35.91it/s] 90%|█████████ | 57/63 [00:01<00:00, 36.01it/s] 97%|█████████▋| 61/63 [00:01<00:00, 36.08it/s]100%|██████████| 63/63 [00:01<00:00, 31.56it/s]
0.9322916666666666
0.3319878768589761
0.9323749999999998
Beginning Training

/home/xysong/.conda/envs/OoD/lib/python3.9/site-packages/torch/optim/lr_scheduler.py:131: UserWarning: Detected call of `lr_scheduler.step()` before `optimizer.step()`. In PyTorch 1.1.0 and later, you should call them in the opposite order: `optimizer.step()` before `lr_scheduler.step()`.  Failure to do this will result in PyTorch skipping the first value of the learning rate schedule. See more details at https://pytorch.org/docs/stable/optim.html#how-to-adjust-learning-rate
  warnings.warn("Detected call of `lr_scheduler.step()` before `optimizer.step()`. "
Epoch   1 | Time     2 | Train Loss 0.6342 | Test Loss 0.325 | Test Error 6.47
Epoch   2 | Time     2 | Train Loss 0.6585 | Test Loss 0.326 | Test Error 6.40
Epoch   3 | Time     2 | Train Loss 0.6227 | Test Loss 0.326 | Test Error 6.54
Epoch   4 | Time     2 | Train Loss 0.5970 | Test Loss 0.326 | Test Error 6.55
Epoch   5 | Time     2 | Train Loss 0.5713 | Test Loss 0.325 | Test Error 6.56
Epoch   6 | Time     2 | Train Loss 0.5410 | Test Loss 0.326 | Test Error 6.58
Epoch   7 | Time     2 | Train Loss 0.5357 | Test Loss 0.325 | Test Error 6.61
Epoch   8 | Time     2 | Train Loss 0.5419 | Test Loss 0.326 | Test Error 6.62
Epoch   9 | Time     2 | Train Loss 0.4870 | Test Loss 0.327 | Test Error 6.67
Epoch  10 | Time     2 | Train Loss 0.4800 | Test Loss 0.328 | Test Error 6.64
Epoch  11 | Time     2 | Train Loss 0.4319 | Test Loss 0.329 | Test Error 6.71
Epoch  12 | Time     2 | Train Loss 0.4721 | Test Loss 0.329 | Test Error 6.73
Epoch  13 | Time     2 | Train Loss 0.3889 | Test Loss 0.329 | Test Error 6.77
Epoch  14 | Time     2 | Train Loss 0.3913 | Test Loss 0.328 | Test Error 6.81
Epoch  15 | Time     2 | Train Loss 0.4020 | Test Loss 0.327 | Test Error 6.84
Epoch  16 | Time     3 | Train Loss 0.3435 | Test Loss 0.328 | Test Error 6.84
Epoch  17 | Time     2 | Train Loss 0.3568 | Test Loss 0.327 | Test Error 6.83
Epoch  18 | Time     2 | Train Loss 0.3282 | Test Loss 0.329 | Test Error 6.84
Epoch  19 | Time     2 | Train Loss 0.3095 | Test Loss 0.329 | Test Error 6.86
Epoch  20 | Time     2 | Train Loss 0.2994 | Test Loss 0.329 | Test Error 6.83
Epoch  21 | Time     2 | Train Loss 0.2886 | Test Loss 0.329 | Test Error 6.88
Epoch  22 | Time     2 | Train Loss 0.2960 | Test Loss 0.329 | Test Error 6.84
Epoch  23 | Time     2 | Train Loss 0.2767 | Test Loss 0.330 | Test Error 6.83
Epoch  24 | Time     2 | Train Loss 0.2773 | Test Loss 0.329 | Test Error 6.81
Epoch  25 | Time     2 | Train Loss 0.2804 | Test Loss 0.328 | Test Error 6.79
Epoch  26 | Time     2 | Train Loss 0.2920 | Test Loss 0.330 | Test Error 6.80
Epoch  27 | Time     2 | Train Loss 0.2596 | Test Loss 0.329 | Test Error 6.81
Epoch  28 | Time     2 | Train Loss 0.2734 | Test Loss 0.331 | Test Error 6.81
Epoch  29 | Time     2 | Train Loss 0.2684 | Test Loss 0.331 | Test Error 6.84
Epoch  30 | Time     2 | Train Loss 0.2559 | Test Loss 0.332 | Test Error 6.81
Epoch  31 | Time     2 | Train Loss 0.2570 | Test Loss 0.331 | Test Error 6.85
Epoch  32 | Time     2 | Train Loss 0.2532 | Test Loss 0.331 | Test Error 6.80
Epoch  33 | Time     2 | Train Loss 0.2501 | Test Loss 0.332 | Test Error 6.84
Epoch  34 | Time     2 | Train Loss 0.2420 | Test Loss 0.330 | Test Error 6.83
Epoch  35 | Time     2 | Train Loss 0.2468 | Test Loss 0.330 | Test Error 6.77
Epoch  36 | Time     2 | Train Loss 0.2411 | Test Loss 0.329 | Test Error 6.80
Epoch  37 | Time     2 | Train Loss 0.2384 | Test Loss 0.329 | Test Error 6.83
Epoch  38 | Time     2 | Train Loss 0.2487 | Test Loss 0.327 | Test Error 6.84
Epoch  39 | Time     2 | Train Loss 0.2407 | Test Loss 0.326 | Test Error 6.86
Epoch  40 | Time     2 | Train Loss 0.2660 | Test Loss 0.328 | Test Error 6.86
Epoch  41 | Time     2 | Train Loss 0.2336 | Test Loss 0.328 | Test Error 6.79
Epoch  42 | Time     2 | Train Loss 0.2385 | Test Loss 0.328 | Test Error 6.80
Epoch  43 | Time     2 | Train Loss 0.2282 | Test Loss 0.327 | Test Error 6.83
Epoch  44 | Time     2 | Train Loss 0.2316 | Test Loss 0.328 | Test Error 6.75
Epoch  45 | Time     2 | Train Loss 0.2302 | Test Loss 0.329 | Test Error 6.76
Epoch  46 | Time     2 | Train Loss 0.2277 | Test Loss 0.329 | Test Error 6.77
Epoch  47 | Time     2 | Train Loss 0.2337 | Test Loss 0.330 | Test Error 6.81
Epoch  48 | Time     2 | Train Loss 0.2277 | Test Loss 0.331 | Test Error 6.76
Epoch  49 | Time     2 | Train Loss 0.2370 | Test Loss 0.332 | Test Error 6.77
Epoch  50 | Time     2 | Train Loss 0.2281 | Test Loss 0.332 | Test Error 6.74
Epoch  51 | Time     2 | Train Loss 0.2233 | Test Loss 0.331 | Test Error 6.73
Epoch  52 | Time     2 | Train Loss 0.2268 | Test Loss 0.331 | Test Error 6.70
Epoch  53 | Time     2 | Train Loss 0.2266 | Test Loss 0.330 | Test Error 6.70
Epoch  54 | Time     2 | Train Loss 0.2257 | Test Loss 0.329 | Test Error 6.73
Epoch  55 | Time     2 | Train Loss 0.2357 | Test Loss 0.328 | Test Error 6.71
Epoch  56 | Time     2 | Train Loss 0.2305 | Test Loss 0.327 | Test Error 6.67
Epoch  57 | Time     2 | Train Loss 0.2217 | Test Loss 0.328 | Test Error 6.71
Epoch  58 | Time     2 | Train Loss 0.2299 | Test Loss 0.327 | Test Error 6.76
Epoch  59 | Time     2 | Train Loss 0.2250 | Test Loss 0.327 | Test Error 6.74
Epoch  60 | Time     2 | Train Loss 0.2228 | Test Loss 0.327 | Test Error 6.76
Epoch  61 | Time     2 | Train Loss 0.2257 | Test Loss 0.328 | Test Error 6.77
Epoch  62 | Time     2 | Train Loss 0.2224 | Test Loss 0.329 | Test Error 6.74
Epoch  63 | Time     2 | Train Loss 0.2291 | Test Loss 0.331 | Test Error 6.77
Epoch  64 | Time     2 | Train Loss 0.2244 | Test Loss 0.332 | Test Error 6.83
Epoch  65 | Time     2 | Train Loss 0.2229 | Test Loss 0.331 | Test Error 6.84
Epoch  66 | Time     2 | Train Loss 0.2194 | Test Loss 0.331 | Test Error 6.79
Epoch  67 | Time     2 | Train Loss 0.2158 | Test Loss 0.330 | Test Error 6.79
Epoch  68 | Time     2 | Train Loss 0.2172 | Test Loss 0.329 | Test Error 6.77
Epoch  69 | Time     2 | Train Loss 0.2163 | Test Loss 0.330 | Test Error 6.77
Epoch  70 | Time     2 | Train Loss 0.2199 | Test Loss 0.330 | Test Error 6.83
Epoch  71 | Time     2 | Train Loss 0.2243 | Test Loss 0.329 | Test Error 6.80
Epoch  72 | Time     2 | Train Loss 0.2334 | Test Loss 0.330 | Test Error 6.74
Epoch  73 | Time     2 | Train Loss 0.2159 | Test Loss 0.331 | Test Error 6.81
Epoch  74 | Time     2 | Train Loss 0.2211 | Test Loss 0.329 | Test Error 6.79
Epoch  75 | Time     3 | Train Loss 0.2158 | Test Loss 0.329 | Test Error 6.84
Epoch  76 | Time     2 | Train Loss 0.2202 | Test Loss 0.330 | Test Error 6.83
Epoch  77 | Time     2 | Train Loss 0.2241 | Test Loss 0.332 | Test Error 6.81
Epoch  78 | Time     2 | Train Loss 0.2146 | Test Loss 0.332 | Test Error 6.83
Epoch  79 | Time     2 | Train Loss 0.2139 | Test Loss 0.331 | Test Error 6.81
Epoch  80 | Time     2 | Train Loss 0.2136 | Test Loss 0.331 | Test Error 6.77
Epoch  81 | Time     2 | Train Loss 0.2138 | Test Loss 0.330 | Test Error 6.76
Epoch  82 | Time     2 | Train Loss 0.2143 | Test Loss 0.330 | Test Error 6.77
Epoch  83 | Time     2 | Train Loss 0.2182 | Test Loss 0.331 | Test Error 6.81
Epoch  84 | Time     2 | Train Loss 0.2167 | Test Loss 0.329 | Test Error 6.81
Epoch  85 | Time     2 | Train Loss 0.2253 | Test Loss 0.329 | Test Error 6.86
Epoch  86 | Time     2 | Train Loss 0.2219 | Test Loss 0.331 | Test Error 6.89
Epoch  87 | Time     2 | Train Loss 0.2129 | Test Loss 0.331 | Test Error 6.90
Epoch  88 | Time     2 | Train Loss 0.2212 | Test Loss 0.330 | Test Error 6.89
Epoch  89 | Time     2 | Train Loss 0.2354 | Test Loss 0.331 | Test Error 6.91
Epoch  90 | Time     2 | Train Loss 0.2342 | Test Loss 0.332 | Test Error 6.88
Epoch  91 | Time     2 | Train Loss 0.2141 | Test Loss 0.334 | Test Error 6.92
Epoch  92 | Time     2 | Train Loss 0.2193 | Test Loss 0.333 | Test Error 6.88
Epoch  93 | Time     2 | Train Loss 0.2203 | Test Loss 0.334 | Test Error 6.92
Epoch  94 | Time     2 | Train Loss 0.2273 | Test Loss 0.333 | Test Error 6.85
Epoch  95 | Time     2 | Train Loss 0.2184 | Test Loss 0.334 | Test Error 6.84
Epoch  96 | Time     2 | Train Loss 0.2233 | Test Loss 0.334 | Test Error 6.80
Epoch  97 | Time     2 | Train Loss 0.2307 | Test Loss 0.332 | Test Error 6.85
Epoch  98 | Time     2 | Train Loss 0.2130 | Test Loss 0.332 | Test Error 6.86
Epoch  99 | Time     2 | Train Loss 0.2131 | Test Loss 0.332 | Test Error 6.83
Epoch 100 | Time     2 | Train Loss 0.2182 | Test Loss 0.332 | Test Error 6.79
ic| len(dset): 60000
ic| len(dset): 10000
Namespace(dataset='FashionMNIST', test_bs=200, num_to_avg=5, validate=False, use_xent=False, method_name='cifar10_allconv_baseline', layers=40, widen_factor=2, droprate=0.3, load='./snapshots', ngpu=1, prefetch=1, out_as_pos=True, score='MSP', T=1.0, noise=0, type='OE', ft_epochs=99, ft_n=8, regime='Balanced')
Model restored!
Error Rate 6.79


Error Detection
			cifar10_allconv_baseline
FPR95:			51.78
FPR99:			28.24
AUROC:			87.71
AUPR:			36.30
Configuration: FashionMNIST_Balanced_8

FashionMNIST Detection

[-0.9999461 -0.9997205 -0.999984 ] [-0.5566566  -0.34825265 -0.37895906]
				cifar10_allconv_baseline
  TPR95 TPR99 AUROC AUPR
84.47 & 74.50 & 96.23 & 83.45
0.42 & 0.97 & 0.06 & 0.14
