ic| len(dset): 60000
ic| len(dset): 10000
{'dataset': 'FashionMNIST', 'model': 'densenet', 'calibration': False, 'epochs': 100, 'learning_rate': 0.001, 'batch_size': 128, 'oe_batch_size': 256, 'test_bs': 200, 'momentum': 0.9, 'decay': 0.0005, 'layers': 40, 'widen_factor': 2, 'droprate': 0.3, 'save': './snapshots/energy_ft', 'load': './snapshots/pretrained', 'test': False, 'ngpu': 1, 'prefetch': 1, 'm_in': -25.0, 'm_out': -7.0, 'score': 'energy', 'seed': 1, 'regime': 'Imbalanced', 'n_ood': 1024}
torch.Size([1024, 1, 28, 28])
Counter({8: 1024})
Tesla V100-PCIE-16GB
Model restored!
  0%|          | 0/63 [00:00<?, ?it/s]  2%|▏         | 1/63 [00:00<00:17,  3.54it/s]  8%|▊         | 5/63 [00:00<00:03, 15.13it/s] 14%|█▍        | 9/63 [00:00<00:02, 22.08it/s] 21%|██        | 13/63 [00:00<00:01, 26.60it/s] 27%|██▋       | 17/63 [00:00<00:01, 29.58it/s] 33%|███▎      | 21/63 [00:00<00:01, 31.60it/s] 40%|███▉      | 25/63 [00:00<00:01, 32.98it/s] 46%|████▌     | 29/63 [00:01<00:01, 33.92it/s] 52%|█████▏    | 33/63 [00:01<00:00, 34.60it/s] 59%|█████▊    | 37/63 [00:01<00:00, 35.08it/s] 65%|██████▌   | 41/63 [00:01<00:00, 35.42it/s] 71%|███████▏  | 45/63 [00:01<00:00, 35.66it/s] 78%|███████▊  | 49/63 [00:01<00:00, 35.83it/s] 84%|████████▍ | 53/63 [00:01<00:00, 35.96it/s] 90%|█████████ | 57/63 [00:01<00:00, 36.05it/s] 97%|█████████▋| 61/63 [00:01<00:00, 36.13it/s]100%|██████████| 63/63 [00:01<00:00, 31.68it/s]
0.9322916666666666
0.3319878768589761
0.9323749999999998
Beginning Training

/home/xysong/.conda/envs/OoD/lib/python3.9/site-packages/torch/optim/lr_scheduler.py:131: UserWarning: Detected call of `lr_scheduler.step()` before `optimizer.step()`. In PyTorch 1.1.0 and later, you should call them in the opposite order: `optimizer.step()` before `lr_scheduler.step()`.  Failure to do this will result in PyTorch skipping the first value of the learning rate schedule. See more details at https://pytorch.org/docs/stable/optim.html#how-to-adjust-learning-rate
  warnings.warn("Detected call of `lr_scheduler.step()` before `optimizer.step()`. "
Epoch   1 | Time     4 | Train Loss 5.5900 | Test Loss 0.355 | Test Error 6.41
Epoch   2 | Time     2 | Train Loss 3.8424 | Test Loss 0.408 | Test Error 6.61
Epoch   3 | Time     2 | Train Loss 2.8887 | Test Loss 0.466 | Test Error 6.85
Epoch   4 | Time     2 | Train Loss 2.0776 | Test Loss 0.502 | Test Error 6.96
Epoch   5 | Time     2 | Train Loss 1.5397 | Test Loss 0.527 | Test Error 6.86
Epoch   6 | Time     2 | Train Loss 1.2039 | Test Loss 0.552 | Test Error 6.77
Epoch   7 | Time     2 | Train Loss 0.9920 | Test Loss 0.561 | Test Error 6.67
Epoch   8 | Time     2 | Train Loss 1.0112 | Test Loss 0.564 | Test Error 6.75
Epoch   9 | Time     2 | Train Loss 0.9458 | Test Loss 0.567 | Test Error 6.75
Epoch  10 | Time     2 | Train Loss 0.7407 | Test Loss 0.572 | Test Error 6.79
Epoch  11 | Time     2 | Train Loss 0.6474 | Test Loss 0.569 | Test Error 6.73
Epoch  12 | Time     2 | Train Loss 0.6766 | Test Loss 0.571 | Test Error 6.66
Epoch  13 | Time     2 | Train Loss 0.5672 | Test Loss 0.576 | Test Error 6.60
Epoch  14 | Time     2 | Train Loss 0.4532 | Test Loss 0.582 | Test Error 6.66
Epoch  15 | Time     2 | Train Loss 0.5781 | Test Loss 0.588 | Test Error 6.70
Epoch  16 | Time     2 | Train Loss 0.4777 | Test Loss 0.595 | Test Error 6.64
Epoch  17 | Time     2 | Train Loss 0.4720 | Test Loss 0.601 | Test Error 6.64
Epoch  18 | Time     2 | Train Loss 0.4926 | Test Loss 0.605 | Test Error 6.64
Epoch  19 | Time     2 | Train Loss 0.3298 | Test Loss 0.607 | Test Error 6.62
Epoch  20 | Time     2 | Train Loss 0.3478 | Test Loss 0.613 | Test Error 6.62
Epoch  21 | Time     2 | Train Loss 0.3806 | Test Loss 0.610 | Test Error 6.65
Epoch  22 | Time     3 | Train Loss 0.3665 | Test Loss 0.611 | Test Error 6.64
Epoch  23 | Time     2 | Train Loss 0.3269 | Test Loss 0.617 | Test Error 6.62
Epoch  24 | Time     2 | Train Loss 0.2743 | Test Loss 0.617 | Test Error 6.67
Epoch  25 | Time     2 | Train Loss 0.2615 | Test Loss 0.625 | Test Error 6.76
Epoch  26 | Time     2 | Train Loss 0.2984 | Test Loss 0.624 | Test Error 6.79
Epoch  27 | Time     2 | Train Loss 0.2882 | Test Loss 0.629 | Test Error 6.77
Epoch  28 | Time     2 | Train Loss 0.2479 | Test Loss 0.631 | Test Error 6.77
Epoch  29 | Time     2 | Train Loss 0.2948 | Test Loss 0.630 | Test Error 6.67
Epoch  30 | Time     2 | Train Loss 0.2806 | Test Loss 0.632 | Test Error 6.75
Epoch  31 | Time     2 | Train Loss 0.2712 | Test Loss 0.635 | Test Error 6.79
Epoch  32 | Time     2 | Train Loss 0.2335 | Test Loss 0.637 | Test Error 6.77
Epoch  33 | Time     2 | Train Loss 0.1779 | Test Loss 0.641 | Test Error 6.73
Epoch  34 | Time     2 | Train Loss 0.2047 | Test Loss 0.639 | Test Error 6.75
Epoch  35 | Time     2 | Train Loss 0.1976 | Test Loss 0.643 | Test Error 6.75
Epoch  36 | Time     3 | Train Loss 0.2149 | Test Loss 0.646 | Test Error 6.73
Epoch  37 | Time     5 | Train Loss 0.1731 | Test Loss 0.643 | Test Error 6.79
Epoch  38 | Time     2 | Train Loss 0.1687 | Test Loss 0.648 | Test Error 6.65
Epoch  39 | Time     2 | Train Loss 0.1440 | Test Loss 0.647 | Test Error 6.65
Epoch  40 | Time     2 | Train Loss 0.1630 | Test Loss 0.649 | Test Error 6.66
Epoch  41 | Time     2 | Train Loss 0.1630 | Test Loss 0.647 | Test Error 6.67
Epoch  42 | Time     2 | Train Loss 0.1842 | Test Loss 0.651 | Test Error 6.69
Epoch  43 | Time     2 | Train Loss 0.1691 | Test Loss 0.649 | Test Error 6.77
Epoch  44 | Time     2 | Train Loss 0.1305 | Test Loss 0.654 | Test Error 6.71
Epoch  45 | Time     2 | Train Loss 0.1462 | Test Loss 0.661 | Test Error 6.79
Epoch  46 | Time     2 | Train Loss 0.1413 | Test Loss 0.653 | Test Error 6.71
Epoch  47 | Time     2 | Train Loss 0.1428 | Test Loss 0.657 | Test Error 6.79
Epoch  48 | Time     3 | Train Loss 0.0992 | Test Loss 0.650 | Test Error 6.71
Epoch  49 | Time     2 | Train Loss 0.1521 | Test Loss 0.662 | Test Error 6.75
Epoch  50 | Time     2 | Train Loss 0.2034 | Test Loss 0.656 | Test Error 6.67
Epoch  51 | Time     2 | Train Loss 0.1240 | Test Loss 0.652 | Test Error 6.79
Epoch  52 | Time     2 | Train Loss 0.1117 | Test Loss 0.652 | Test Error 6.77
Epoch  53 | Time     2 | Train Loss 0.1023 | Test Loss 0.652 | Test Error 6.74
Epoch  54 | Time     2 | Train Loss 0.2020 | Test Loss 0.652 | Test Error 6.71
Epoch  55 | Time     4 | Train Loss 0.1563 | Test Loss 0.648 | Test Error 6.76
Epoch  56 | Time     2 | Train Loss 0.1287 | Test Loss 0.656 | Test Error 6.73
Epoch  57 | Time     2 | Train Loss 0.0851 | Test Loss 0.666 | Test Error 6.66
Epoch  58 | Time     3 | Train Loss 0.1644 | Test Loss 0.663 | Test Error 6.66
Epoch  59 | Time     2 | Train Loss 0.0573 | Test Loss 0.665 | Test Error 6.59
Epoch  60 | Time     2 | Train Loss 0.0884 | Test Loss 0.665 | Test Error 6.55
Epoch  61 | Time     2 | Train Loss 0.0879 | Test Loss 0.671 | Test Error 6.61
Epoch  62 | Time     2 | Train Loss 0.1039 | Test Loss 0.672 | Test Error 6.62
Epoch  63 | Time     2 | Train Loss 0.0920 | Test Loss 0.674 | Test Error 6.64
Epoch  64 | Time     2 | Train Loss 0.1161 | Test Loss 0.679 | Test Error 6.66
Epoch  65 | Time     2 | Train Loss 0.0808 | Test Loss 0.675 | Test Error 6.69
Epoch  66 | Time     2 | Train Loss 0.1012 | Test Loss 0.673 | Test Error 6.66
Epoch  67 | Time     2 | Train Loss 0.0998 | Test Loss 0.675 | Test Error 6.64
Epoch  68 | Time     2 | Train Loss 0.0682 | Test Loss 0.675 | Test Error 6.67
Epoch  69 | Time     2 | Train Loss 0.0894 | Test Loss 0.678 | Test Error 6.75
Epoch  70 | Time     3 | Train Loss 0.1340 | Test Loss 0.676 | Test Error 6.75
Epoch  71 | Time     2 | Train Loss 0.1171 | Test Loss 0.676 | Test Error 6.75
Epoch  72 | Time     2 | Train Loss 0.0631 | Test Loss 0.677 | Test Error 6.67
Epoch  73 | Time     2 | Train Loss 0.0820 | Test Loss 0.678 | Test Error 6.75
Epoch  74 | Time     3 | Train Loss 0.0910 | Test Loss 0.676 | Test Error 6.80
Epoch  75 | Time     2 | Train Loss 0.0704 | Test Loss 0.678 | Test Error 6.81
Epoch  76 | Time     2 | Train Loss 0.1175 | Test Loss 0.678 | Test Error 6.73
Epoch  77 | Time     2 | Train Loss 0.0704 | Test Loss 0.685 | Test Error 6.70
Epoch  78 | Time     2 | Train Loss 0.0996 | Test Loss 0.687 | Test Error 6.74
Epoch  79 | Time     2 | Train Loss 0.0824 | Test Loss 0.686 | Test Error 6.71
Epoch  80 | Time     2 | Train Loss 0.0317 | Test Loss 0.687 | Test Error 6.67
Epoch  81 | Time     2 | Train Loss 0.0493 | Test Loss 0.683 | Test Error 6.61
Epoch  82 | Time     2 | Train Loss 0.0448 | Test Loss 0.677 | Test Error 6.62
Epoch  83 | Time     2 | Train Loss 0.0713 | Test Loss 0.681 | Test Error 6.67
Epoch  84 | Time     3 | Train Loss 0.0478 | Test Loss 0.683 | Test Error 6.69
Epoch  85 | Time     2 | Train Loss 0.0748 | Test Loss 0.685 | Test Error 6.70
Epoch  86 | Time     2 | Train Loss 0.0546 | Test Loss 0.689 | Test Error 6.70
Epoch  87 | Time     2 | Train Loss 0.0846 | Test Loss 0.696 | Test Error 6.73
Epoch  88 | Time     2 | Train Loss 0.0807 | Test Loss 0.694 | Test Error 6.69
Epoch  89 | Time     2 | Train Loss 0.0936 | Test Loss 0.696 | Test Error 6.67
Epoch  90 | Time     2 | Train Loss 0.0654 | Test Loss 0.695 | Test Error 6.70
Epoch  91 | Time     2 | Train Loss 0.0629 | Test Loss 0.695 | Test Error 6.71
Epoch  92 | Time     2 | Train Loss 0.0334 | Test Loss 0.697 | Test Error 6.73
Epoch  93 | Time     2 | Train Loss 0.0973 | Test Loss 0.698 | Test Error 6.74
Epoch  94 | Time     2 | Train Loss 0.0344 | Test Loss 0.697 | Test Error 6.70
Epoch  95 | Time     2 | Train Loss 0.0489 | Test Loss 0.692 | Test Error 6.73
Epoch  96 | Time     3 | Train Loss 0.0643 | Test Loss 0.690 | Test Error 6.81
Epoch  97 | Time     2 | Train Loss 0.0617 | Test Loss 0.694 | Test Error 6.77
Epoch  98 | Time     2 | Train Loss 0.0450 | Test Loss 0.699 | Test Error 6.79
Epoch  99 | Time     2 | Train Loss 0.0495 | Test Loss 0.697 | Test Error 6.76
Epoch 100 | Time     2 | Train Loss 0.1296 | Test Loss 0.705 | Test Error 6.84
ic| len(dset): 60000
ic| len(dset): 10000
Namespace(dataset='FashionMNIST', test_bs=200, num_to_avg=5, validate=False, use_xent=False, method_name='cifar10_allconv_baseline', layers=40, widen_factor=2, droprate=0.3, load='./snapshots', ngpu=1, prefetch=1, out_as_pos=False, score='energy', T=1.0, noise=0, type='energy', ft_epochs=99, ft_n=1024, regime='Imbalanced')
Model restored!
Error Rate 6.84


Error Detection
			cifar10_allconv_baseline
FPR95:			0.00
FPR99:			0.00
AUROC:			85.60
AUPR:			38.47
Configuration: FashionMNIST_Imbalanced_1024

FashionMNIST Detection

[-26.827398 -33.79444  -32.51356 ] [ -4.3373427 -14.7007    -28.161026 ]
				cifar10_allconv_baseline
  TPR95 TPR99 AUROC AUPR
72.86 & 57.86 & 95.66 & 99.07
0.52 & 0.54 & 0.07 & 0.02
ic| len(dset): 60000
ic| len(dset): 10000
Namespace(dataset='FashionMNIST', test_bs=200, num_to_avg=5, validate=False, use_xent=False, method_name='cifar10_allconv_baseline', layers=40, widen_factor=2, droprate=0.3, load='./snapshots', ngpu=1, prefetch=1, out_as_pos=False, score='energy', T=1.0, noise=0, type='pretrained', ft_epochs=199, ft_n=4, regime='Balanced')
Model restored!
Error Rate 6.54


Error Detection
			cifar10_allconv_baseline
FPR95:			65.24
FPR99:			28.10
AUROC:			90.15
AUPR:			39.03

FashionMNIST Detection

[ -9.675637 -11.333786 -11.227538] [-3.7647862 -4.6944714 -4.127035 ]
				cifar10_allconv_baseline
  TPR95 TPR99 AUROC AUPR
67.72 & 38.16 & 94.25 & 98.77
0.43 & 0.28 & 0.06 & 0.02
