ic| len(dset): 60000
ic| len(dset): 10000
{'dataset': 'FashionMNIST', 'model': 'densenet', 'calibration': False, 'epochs': 100, 'learning_rate': 0.001, 'batch_size': 128, 'oe_batch_size': 256, 'test_bs': 200, 'momentum': 0.9, 'decay': 0.0005, 'layers': 40, 'widen_factor': 2, 'droprate': 0.3, 'save': './snapshots/energy_ft', 'load': './snapshots/pretrained', 'test': False, 'ngpu': 1, 'prefetch': 1, 'm_in': -25.0, 'm_out': -7.0, 'score': 'energy', 'seed': 1, 'regime': 'Imbalanced', 'n_ood': 256}
torch.Size([256, 1, 28, 28])
Counter({8: 256})
Tesla V100-PCIE-16GB
Model restored!
  0%|          | 0/63 [00:00<?, ?it/s]  2%|▏         | 1/63 [00:00<00:17,  3.52it/s]  8%|▊         | 5/63 [00:00<00:03, 14.94it/s] 14%|█▍        | 9/63 [00:00<00:02, 21.94it/s] 21%|██        | 13/63 [00:00<00:01, 26.47it/s] 27%|██▋       | 17/63 [00:00<00:01, 29.50it/s] 33%|███▎      | 21/63 [00:00<00:01, 31.56it/s] 40%|███▉      | 25/63 [00:00<00:01, 32.97it/s] 46%|████▌     | 29/63 [00:01<00:01, 33.94it/s] 52%|█████▏    | 33/63 [00:01<00:00, 34.62it/s] 59%|█████▊    | 37/63 [00:01<00:00, 35.10it/s] 65%|██████▌   | 41/63 [00:01<00:00, 35.43it/s] 71%|███████▏  | 45/63 [00:01<00:00, 35.67it/s] 78%|███████▊  | 49/63 [00:01<00:00, 35.84it/s] 84%|████████▍ | 53/63 [00:01<00:00, 35.97it/s] 90%|█████████ | 57/63 [00:01<00:00, 36.07it/s] 97%|█████████▋| 61/63 [00:01<00:00, 36.13it/s]100%|██████████| 63/63 [00:01<00:00, 31.63it/s]
0.9322916666666666
0.3319878768589761
0.9323749999999998
Beginning Training

/home/xysong/.conda/envs/OoD/lib/python3.9/site-packages/torch/optim/lr_scheduler.py:131: UserWarning: Detected call of `lr_scheduler.step()` before `optimizer.step()`. In PyTorch 1.1.0 and later, you should call them in the opposite order: `optimizer.step()` before `lr_scheduler.step()`.  Failure to do this will result in PyTorch skipping the first value of the learning rate schedule. See more details at https://pytorch.org/docs/stable/optim.html#how-to-adjust-learning-rate
  warnings.warn("Detected call of `lr_scheduler.step()` before `optimizer.step()`. "
Epoch   1 | Time     3 | Train Loss 2.2302 | Test Loss 0.331 | Test Error 6.40
Epoch   2 | Time     2 | Train Loss 2.0819 | Test Loss 0.340 | Test Error 6.42
Epoch   3 | Time     2 | Train Loss 1.8478 | Test Loss 0.349 | Test Error 6.44
Epoch   4 | Time     2 | Train Loss 1.6992 | Test Loss 0.360 | Test Error 6.49
Epoch   5 | Time     2 | Train Loss 1.6179 | Test Loss 0.372 | Test Error 6.42
Epoch   6 | Time     2 | Train Loss 1.4498 | Test Loss 0.387 | Test Error 6.59
Epoch   7 | Time     2 | Train Loss 1.2426 | Test Loss 0.400 | Test Error 6.61
Epoch   8 | Time     2 | Train Loss 1.1950 | Test Loss 0.415 | Test Error 6.61
Epoch   9 | Time     2 | Train Loss 1.1346 | Test Loss 0.429 | Test Error 6.70
Epoch  10 | Time     2 | Train Loss 0.9320 | Test Loss 0.444 | Test Error 6.80
Epoch  11 | Time     2 | Train Loss 0.8874 | Test Loss 0.457 | Test Error 6.74
Epoch  12 | Time     2 | Train Loss 0.8221 | Test Loss 0.470 | Test Error 6.79
Epoch  13 | Time     2 | Train Loss 0.6367 | Test Loss 0.482 | Test Error 6.89
Epoch  14 | Time     2 | Train Loss 0.5707 | Test Loss 0.493 | Test Error 6.95
Epoch  15 | Time     2 | Train Loss 0.6383 | Test Loss 0.502 | Test Error 6.91
Epoch  16 | Time     2 | Train Loss 0.5373 | Test Loss 0.512 | Test Error 6.92
Epoch  17 | Time     2 | Train Loss 0.5850 | Test Loss 0.519 | Test Error 6.92
Epoch  18 | Time     2 | Train Loss 0.6307 | Test Loss 0.529 | Test Error 6.86
Epoch  19 | Time     2 | Train Loss 0.5128 | Test Loss 0.536 | Test Error 6.90
Epoch  20 | Time     3 | Train Loss 0.4783 | Test Loss 0.543 | Test Error 6.85
Epoch  21 | Time     2 | Train Loss 0.2420 | Test Loss 0.549 | Test Error 6.86
Epoch  22 | Time     2 | Train Loss 0.4341 | Test Loss 0.555 | Test Error 6.86
Epoch  23 | Time     2 | Train Loss 0.3508 | Test Loss 0.562 | Test Error 6.84
Epoch  24 | Time     2 | Train Loss 0.4608 | Test Loss 0.564 | Test Error 6.85
Epoch  25 | Time     2 | Train Loss 0.2571 | Test Loss 0.568 | Test Error 6.88
Epoch  26 | Time     2 | Train Loss 0.4448 | Test Loss 0.578 | Test Error 6.90
Epoch  27 | Time     2 | Train Loss 0.3729 | Test Loss 0.584 | Test Error 6.92
Epoch  28 | Time     2 | Train Loss 0.3678 | Test Loss 0.592 | Test Error 6.94
Epoch  29 | Time     2 | Train Loss 0.3554 | Test Loss 0.597 | Test Error 6.89
Epoch  30 | Time     2 | Train Loss 0.3700 | Test Loss 0.600 | Test Error 6.90
Epoch  31 | Time     2 | Train Loss 0.2379 | Test Loss 0.602 | Test Error 6.94
Epoch  32 | Time     2 | Train Loss 0.3617 | Test Loss 0.602 | Test Error 6.89
Epoch  33 | Time     2 | Train Loss 0.2820 | Test Loss 0.606 | Test Error 6.95
Epoch  34 | Time     2 | Train Loss 0.2774 | Test Loss 0.604 | Test Error 6.99
Epoch  35 | Time     2 | Train Loss 0.2727 | Test Loss 0.604 | Test Error 6.90
Epoch  36 | Time     2 | Train Loss 0.2931 | Test Loss 0.603 | Test Error 6.91
Epoch  37 | Time     2 | Train Loss 0.2438 | Test Loss 0.602 | Test Error 6.92
Epoch  38 | Time     2 | Train Loss 0.2920 | Test Loss 0.600 | Test Error 6.88
Epoch  39 | Time     2 | Train Loss 0.1542 | Test Loss 0.600 | Test Error 6.90
Epoch  40 | Time     2 | Train Loss 0.3042 | Test Loss 0.601 | Test Error 6.86
Epoch  41 | Time     2 | Train Loss 0.1894 | Test Loss 0.603 | Test Error 6.84
Epoch  42 | Time     2 | Train Loss 0.1838 | Test Loss 0.603 | Test Error 6.83
Epoch  43 | Time     2 | Train Loss 0.1886 | Test Loss 0.602 | Test Error 6.80
Epoch  44 | Time     2 | Train Loss 0.1661 | Test Loss 0.604 | Test Error 6.74
Epoch  45 | Time     2 | Train Loss 0.1951 | Test Loss 0.606 | Test Error 6.71
Epoch  46 | Time     2 | Train Loss 0.1652 | Test Loss 0.605 | Test Error 6.70
Epoch  47 | Time     2 | Train Loss 0.1939 | Test Loss 0.606 | Test Error 6.76
Epoch  48 | Time     2 | Train Loss 0.1259 | Test Loss 0.606 | Test Error 6.74
Epoch  49 | Time     2 | Train Loss 0.1938 | Test Loss 0.609 | Test Error 6.74
Epoch  50 | Time     2 | Train Loss 0.2517 | Test Loss 0.608 | Test Error 6.74
Epoch  51 | Time     2 | Train Loss 0.1612 | Test Loss 0.607 | Test Error 6.73
Epoch  52 | Time     2 | Train Loss 0.2102 | Test Loss 0.605 | Test Error 6.75
Epoch  53 | Time     2 | Train Loss 0.0693 | Test Loss 0.605 | Test Error 6.76
Epoch  54 | Time     2 | Train Loss 0.2096 | Test Loss 0.603 | Test Error 6.76
Epoch  55 | Time     2 | Train Loss 0.2041 | Test Loss 0.600 | Test Error 6.69
Epoch  56 | Time     2 | Train Loss 0.2121 | Test Loss 0.600 | Test Error 6.61
Epoch  57 | Time     2 | Train Loss 0.1112 | Test Loss 0.602 | Test Error 6.64
Epoch  58 | Time     2 | Train Loss 0.0894 | Test Loss 0.600 | Test Error 6.62
Epoch  59 | Time     2 | Train Loss 0.1204 | Test Loss 0.601 | Test Error 6.62
Epoch  60 | Time     2 | Train Loss 0.0785 | Test Loss 0.601 | Test Error 6.64
Epoch  61 | Time     2 | Train Loss 0.1019 | Test Loss 0.604 | Test Error 6.66
Epoch  62 | Time     2 | Train Loss 0.2275 | Test Loss 0.606 | Test Error 6.70
Epoch  63 | Time     2 | Train Loss 0.1302 | Test Loss 0.608 | Test Error 6.69
Epoch  64 | Time     2 | Train Loss 0.0578 | Test Loss 0.610 | Test Error 6.69
Epoch  65 | Time     2 | Train Loss 0.0848 | Test Loss 0.610 | Test Error 6.70
Epoch  66 | Time     2 | Train Loss 0.1186 | Test Loss 0.611 | Test Error 6.70
Epoch  67 | Time     2 | Train Loss 0.1404 | Test Loss 0.611 | Test Error 6.70
Epoch  68 | Time     2 | Train Loss 0.1676 | Test Loss 0.609 | Test Error 6.73
Epoch  69 | Time     2 | Train Loss 0.1777 | Test Loss 0.610 | Test Error 6.73
Epoch  70 | Time     2 | Train Loss 0.1736 | Test Loss 0.608 | Test Error 6.74
Epoch  71 | Time     2 | Train Loss 0.1249 | Test Loss 0.608 | Test Error 6.75
Epoch  72 | Time     2 | Train Loss 0.0968 | Test Loss 0.607 | Test Error 6.71
Epoch  73 | Time     2 | Train Loss 0.1622 | Test Loss 0.608 | Test Error 6.74
Epoch  74 | Time     2 | Train Loss 0.1218 | Test Loss 0.607 | Test Error 6.77
Epoch  75 | Time     2 | Train Loss 0.0601 | Test Loss 0.608 | Test Error 6.74
Epoch  76 | Time     2 | Train Loss 0.1104 | Test Loss 0.610 | Test Error 6.75
Epoch  77 | Time     2 | Train Loss 0.0915 | Test Loss 0.613 | Test Error 6.76
Epoch  78 | Time     2 | Train Loss 0.1392 | Test Loss 0.615 | Test Error 6.71
Epoch  79 | Time     2 | Train Loss 0.0823 | Test Loss 0.615 | Test Error 6.74
Epoch  80 | Time     2 | Train Loss 0.0806 | Test Loss 0.615 | Test Error 6.74
Epoch  81 | Time     2 | Train Loss 0.0998 | Test Loss 0.614 | Test Error 6.67
Epoch  82 | Time     2 | Train Loss 0.1032 | Test Loss 0.614 | Test Error 6.69
Epoch  83 | Time     2 | Train Loss 0.1363 | Test Loss 0.617 | Test Error 6.70
Epoch  84 | Time     2 | Train Loss 0.0498 | Test Loss 0.617 | Test Error 6.69
Epoch  85 | Time     2 | Train Loss 0.0929 | Test Loss 0.619 | Test Error 6.66
Epoch  86 | Time     2 | Train Loss 0.1155 | Test Loss 0.624 | Test Error 6.66
Epoch  87 | Time     2 | Train Loss 0.0668 | Test Loss 0.626 | Test Error 6.69
Epoch  88 | Time     2 | Train Loss 0.1092 | Test Loss 0.625 | Test Error 6.71
Epoch  89 | Time     2 | Train Loss 0.0930 | Test Loss 0.630 | Test Error 6.69
Epoch  90 | Time     2 | Train Loss 0.1194 | Test Loss 0.632 | Test Error 6.69
Epoch  91 | Time     2 | Train Loss 0.0776 | Test Loss 0.634 | Test Error 6.71
Epoch  92 | Time     2 | Train Loss 0.0705 | Test Loss 0.634 | Test Error 6.71
Epoch  93 | Time     2 | Train Loss 0.0685 | Test Loss 0.635 | Test Error 6.62
Epoch  94 | Time     2 | Train Loss 0.0587 | Test Loss 0.634 | Test Error 6.60
Epoch  95 | Time     2 | Train Loss 0.1258 | Test Loss 0.635 | Test Error 6.67
Epoch  96 | Time     2 | Train Loss 0.0611 | Test Loss 0.635 | Test Error 6.65
Epoch  97 | Time     2 | Train Loss 0.1035 | Test Loss 0.635 | Test Error 6.64
Epoch  98 | Time     2 | Train Loss 0.0633 | Test Loss 0.635 | Test Error 6.65
Epoch  99 | Time     2 | Train Loss 0.0404 | Test Loss 0.634 | Test Error 6.66
Epoch 100 | Time     2 | Train Loss 0.0880 | Test Loss 0.636 | Test Error 6.64
ic| len(dset): 60000
ic| len(dset): 10000
Namespace(dataset='FashionMNIST', test_bs=200, num_to_avg=5, validate=False, use_xent=False, method_name='cifar10_allconv_baseline', layers=40, widen_factor=2, droprate=0.3, load='./snapshots', ngpu=1, prefetch=1, out_as_pos=False, score='energy', T=1.0, noise=0, type='energy', ft_epochs=99, ft_n=256, regime='Imbalanced')
Model restored!
Error Rate 6.64


Error Detection
			cifar10_allconv_baseline
FPR95:			0.00
FPR99:			0.00
AUROC:			86.95
AUPR:			36.47
Configuration: FashionMNIST_Imbalanced_256

FashionMNIST Detection

[-24.912008 -29.198584 -30.361261] [ -7.0383816 -22.164677   -8.584269 ]
				cifar10_allconv_baseline
  TPR95 TPR99 AUROC AUPR
70.79 & 56.94 & 94.68 & 98.83
0.63 & 0.47 & 0.11 & 0.03
ic| len(dset): 60000
ic| len(dset): 10000
Namespace(dataset='FashionMNIST', test_bs=200, num_to_avg=5, validate=False, use_xent=False, method_name='cifar10_allconv_baseline', layers=40, widen_factor=2, droprate=0.3, load='./snapshots', ngpu=1, prefetch=1, out_as_pos=False, score='energy', T=1.0, noise=0, type='pretrained', ft_epochs=199, ft_n=4, regime='Balanced')
Model restored!
Error Rate 6.54


Error Detection
			cifar10_allconv_baseline
FPR95:			65.24
FPR99:			28.10
AUROC:			90.15
AUPR:			39.03

FashionMNIST Detection

[ -9.675637 -11.333786 -11.227538] [ -3.833535   -3.9834788 -12.645513 ]
				cifar10_allconv_baseline
  TPR95 TPR99 AUROC AUPR
67.33 & 38.12 & 94.29 & 98.78
0.65 & 0.43 & 0.11 & 0.02
