ic| len(dset): 60000
ic| len(dset): 10000
{'dataset': 'FashionMNIST', 'model': 'densenet', 'calibration': False, 'epochs': 100, 'learning_rate': 0.001, 'batch_size': 128, 'oe_batch_size': 256, 'test_bs': 200, 'momentum': 0.9, 'decay': 0.0005, 'layers': 40, 'widen_factor': 2, 'droprate': 0.3, 'save': './snapshots/energy_ft', 'load': './snapshots/pretrained', 'test': False, 'ngpu': 1, 'prefetch': 1, 'm_in': -25.0, 'm_out': -7.0, 'score': 'energy', 'seed': 1, 'regime': 'Imbalanced', 'n_ood': 32}
torch.Size([32, 1, 28, 28])
Counter({8: 32})
Tesla V100-PCIE-16GB
Model restored!
  0%|          | 0/63 [00:00<?, ?it/s]  2%|▏         | 1/63 [00:00<00:16,  3.84it/s]  8%|▊         | 5/63 [00:00<00:03, 15.72it/s] 14%|█▍        | 9/63 [00:00<00:02, 22.68it/s] 21%|██        | 13/63 [00:00<00:01, 27.08it/s] 27%|██▋       | 17/63 [00:00<00:01, 29.98it/s] 33%|███▎      | 21/63 [00:00<00:01, 31.92it/s] 40%|███▉      | 25/63 [00:00<00:01, 33.25it/s] 46%|████▌     | 29/63 [00:01<00:00, 34.15it/s] 52%|█████▏    | 33/63 [00:01<00:00, 34.79it/s] 59%|█████▊    | 37/63 [00:01<00:00, 35.23it/s] 65%|██████▌   | 41/63 [00:01<00:00, 35.53it/s] 71%|███████▏  | 45/63 [00:01<00:00, 35.74it/s] 78%|███████▊  | 49/63 [00:01<00:00, 35.90it/s] 84%|████████▍ | 53/63 [00:01<00:00, 36.01it/s] 90%|█████████ | 57/63 [00:01<00:00, 36.10it/s] 97%|█████████▋| 61/63 [00:01<00:00, 36.15it/s]100%|██████████| 63/63 [00:01<00:00, 32.01it/s]
0.9322916666666666
0.3319878768589761
0.9323749999999998
Beginning Training

/home/xysong/.conda/envs/OoD/lib/python3.9/site-packages/torch/optim/lr_scheduler.py:131: UserWarning: Detected call of `lr_scheduler.step()` before `optimizer.step()`. In PyTorch 1.1.0 and later, you should call them in the opposite order: `optimizer.step()` before `lr_scheduler.step()`.  Failure to do this will result in PyTorch skipping the first value of the learning rate schedule. See more details at https://pytorch.org/docs/stable/optim.html#how-to-adjust-learning-rate
  warnings.warn("Detected call of `lr_scheduler.step()` before `optimizer.step()`. "
Epoch   1 | Time     3 | Train Loss 2.8996 | Test Loss 0.327 | Test Error 6.42
Epoch   2 | Time     2 | Train Loss 2.8951 | Test Loss 0.330 | Test Error 6.39
Epoch   3 | Time     2 | Train Loss 2.6861 | Test Loss 0.333 | Test Error 6.39
Epoch   4 | Time     2 | Train Loss 2.5774 | Test Loss 0.336 | Test Error 6.44
Epoch   5 | Time     2 | Train Loss 2.6069 | Test Loss 0.339 | Test Error 6.47
Epoch   6 | Time     2 | Train Loss 2.4595 | Test Loss 0.343 | Test Error 6.53
Epoch   7 | Time     2 | Train Loss 2.3186 | Test Loss 0.347 | Test Error 6.51
Epoch   8 | Time     2 | Train Loss 2.3538 | Test Loss 0.352 | Test Error 6.53
Epoch   9 | Time     2 | Train Loss 2.2203 | Test Loss 0.357 | Test Error 6.45
Epoch  10 | Time     2 | Train Loss 2.1023 | Test Loss 0.362 | Test Error 6.42
Epoch  11 | Time     2 | Train Loss 2.0469 | Test Loss 0.367 | Test Error 6.44
Epoch  12 | Time     2 | Train Loss 1.9822 | Test Loss 0.372 | Test Error 6.47
Epoch  13 | Time     2 | Train Loss 1.7486 | Test Loss 0.376 | Test Error 6.49
Epoch  14 | Time     2 | Train Loss 1.6887 | Test Loss 0.381 | Test Error 6.51
Epoch  15 | Time     2 | Train Loss 1.7626 | Test Loss 0.384 | Test Error 6.55
Epoch  16 | Time     2 | Train Loss 1.5238 | Test Loss 0.389 | Test Error 6.58
Epoch  17 | Time     2 | Train Loss 1.6461 | Test Loss 0.394 | Test Error 6.50
Epoch  18 | Time     2 | Train Loss 1.6870 | Test Loss 0.400 | Test Error 6.56
Epoch  19 | Time     2 | Train Loss 1.4952 | Test Loss 0.405 | Test Error 6.64
Epoch  20 | Time     2 | Train Loss 1.3914 | Test Loss 0.411 | Test Error 6.74
Epoch  21 | Time     2 | Train Loss 1.1272 | Test Loss 0.415 | Test Error 6.70
Epoch  22 | Time     2 | Train Loss 1.3032 | Test Loss 0.418 | Test Error 6.73
Epoch  23 | Time     2 | Train Loss 1.1673 | Test Loss 0.425 | Test Error 6.69
Epoch  24 | Time     2 | Train Loss 1.2924 | Test Loss 0.426 | Test Error 6.71
Epoch  25 | Time     2 | Train Loss 1.0169 | Test Loss 0.429 | Test Error 6.66
Epoch  26 | Time     2 | Train Loss 1.2268 | Test Loss 0.436 | Test Error 6.75
Epoch  27 | Time     2 | Train Loss 1.0342 | Test Loss 0.441 | Test Error 6.77
Epoch  28 | Time     2 | Train Loss 1.0660 | Test Loss 0.447 | Test Error 6.75
Epoch  29 | Time     2 | Train Loss 1.0259 | Test Loss 0.452 | Test Error 6.74
Epoch  30 | Time     2 | Train Loss 0.9352 | Test Loss 0.454 | Test Error 6.75
Epoch  31 | Time     2 | Train Loss 0.8463 | Test Loss 0.455 | Test Error 6.75
Epoch  32 | Time     2 | Train Loss 0.9120 | Test Loss 0.455 | Test Error 6.70
Epoch  33 | Time     2 | Train Loss 0.8098 | Test Loss 0.458 | Test Error 6.66
Epoch  34 | Time     2 | Train Loss 0.8067 | Test Loss 0.458 | Test Error 6.65
Epoch  35 | Time     2 | Train Loss 0.7644 | Test Loss 0.458 | Test Error 6.69
Epoch  36 | Time     2 | Train Loss 0.8115 | Test Loss 0.458 | Test Error 6.65
Epoch  37 | Time     2 | Train Loss 0.7094 | Test Loss 0.458 | Test Error 6.71
Epoch  38 | Time     2 | Train Loss 0.7539 | Test Loss 0.456 | Test Error 6.71
Epoch  39 | Time     2 | Train Loss 0.5561 | Test Loss 0.456 | Test Error 6.60
Epoch  40 | Time     2 | Train Loss 0.6742 | Test Loss 0.457 | Test Error 6.61
Epoch  41 | Time     2 | Train Loss 0.5713 | Test Loss 0.459 | Test Error 6.61
Epoch  42 | Time     2 | Train Loss 0.5135 | Test Loss 0.460 | Test Error 6.56
Epoch  43 | Time     2 | Train Loss 0.5609 | Test Loss 0.460 | Test Error 6.54
Epoch  44 | Time     2 | Train Loss 0.5391 | Test Loss 0.462 | Test Error 6.54
Epoch  45 | Time     2 | Train Loss 0.5367 | Test Loss 0.465 | Test Error 6.53
Epoch  46 | Time     2 | Train Loss 0.4639 | Test Loss 0.465 | Test Error 6.50
Epoch  47 | Time     2 | Train Loss 0.5025 | Test Loss 0.468 | Test Error 6.49
Epoch  48 | Time     2 | Train Loss 0.4049 | Test Loss 0.470 | Test Error 6.49
Epoch  49 | Time     2 | Train Loss 0.5318 | Test Loss 0.473 | Test Error 6.53
Epoch  50 | Time     2 | Train Loss 0.5805 | Test Loss 0.474 | Test Error 6.54
Epoch  51 | Time     2 | Train Loss 0.4084 | Test Loss 0.474 | Test Error 6.49
Epoch  52 | Time     2 | Train Loss 0.4835 | Test Loss 0.473 | Test Error 6.47
Epoch  53 | Time     2 | Train Loss 0.2945 | Test Loss 0.474 | Test Error 6.45
Epoch  54 | Time     2 | Train Loss 0.4711 | Test Loss 0.474 | Test Error 6.45
Epoch  55 | Time     2 | Train Loss 0.4995 | Test Loss 0.473 | Test Error 6.50
Epoch  56 | Time     2 | Train Loss 0.4780 | Test Loss 0.474 | Test Error 6.54
Epoch  57 | Time     2 | Train Loss 0.3547 | Test Loss 0.477 | Test Error 6.50
Epoch  58 | Time     2 | Train Loss 0.3362 | Test Loss 0.478 | Test Error 6.56
Epoch  59 | Time     2 | Train Loss 0.3825 | Test Loss 0.479 | Test Error 6.51
Epoch  60 | Time     2 | Train Loss 0.2581 | Test Loss 0.481 | Test Error 6.49
Epoch  61 | Time     2 | Train Loss 0.2772 | Test Loss 0.484 | Test Error 6.53
Epoch  62 | Time     2 | Train Loss 0.4310 | Test Loss 0.487 | Test Error 6.53
Epoch  63 | Time     2 | Train Loss 0.3509 | Test Loss 0.490 | Test Error 6.54
Epoch  64 | Time     2 | Train Loss 0.2288 | Test Loss 0.492 | Test Error 6.54
Epoch  65 | Time     2 | Train Loss 0.3072 | Test Loss 0.493 | Test Error 6.50
Epoch  66 | Time     2 | Train Loss 0.2794 | Test Loss 0.494 | Test Error 6.59
Epoch  67 | Time     2 | Train Loss 0.2622 | Test Loss 0.494 | Test Error 6.59
Epoch  68 | Time     2 | Train Loss 0.3399 | Test Loss 0.493 | Test Error 6.54
Epoch  69 | Time     2 | Train Loss 0.2851 | Test Loss 0.494 | Test Error 6.54
Epoch  70 | Time     2 | Train Loss 0.3498 | Test Loss 0.493 | Test Error 6.54
Epoch  71 | Time     2 | Train Loss 0.3057 | Test Loss 0.493 | Test Error 6.54
Epoch  72 | Time     2 | Train Loss 0.2677 | Test Loss 0.493 | Test Error 6.55
Epoch  73 | Time     2 | Train Loss 0.2728 | Test Loss 0.495 | Test Error 6.59
Epoch  74 | Time     2 | Train Loss 0.2755 | Test Loss 0.495 | Test Error 6.53
Epoch  75 | Time     2 | Train Loss 0.1681 | Test Loss 0.497 | Test Error 6.55
Epoch  76 | Time     2 | Train Loss 0.2335 | Test Loss 0.499 | Test Error 6.59
Epoch  77 | Time     2 | Train Loss 0.2444 | Test Loss 0.502 | Test Error 6.60
Epoch  78 | Time     2 | Train Loss 0.1939 | Test Loss 0.504 | Test Error 6.55
Epoch  79 | Time     2 | Train Loss 0.1889 | Test Loss 0.505 | Test Error 6.58
Epoch  80 | Time     2 | Train Loss 0.2082 | Test Loss 0.506 | Test Error 6.58
Epoch  81 | Time     2 | Train Loss 0.1983 | Test Loss 0.505 | Test Error 6.54
Epoch  82 | Time     2 | Train Loss 0.1880 | Test Loss 0.506 | Test Error 6.58
Epoch  83 | Time     2 | Train Loss 0.2757 | Test Loss 0.509 | Test Error 6.61
Epoch  84 | Time     2 | Train Loss 0.1387 | Test Loss 0.509 | Test Error 6.59
Epoch  85 | Time     2 | Train Loss 0.1884 | Test Loss 0.510 | Test Error 6.59
Epoch  86 | Time     2 | Train Loss 0.2705 | Test Loss 0.515 | Test Error 6.62
Epoch  87 | Time     2 | Train Loss 0.1759 | Test Loss 0.517 | Test Error 6.61
Epoch  88 | Time     2 | Train Loss 0.2585 | Test Loss 0.516 | Test Error 6.60
Epoch  89 | Time     2 | Train Loss 0.2717 | Test Loss 0.520 | Test Error 6.58
Epoch  90 | Time     2 | Train Loss 0.2174 | Test Loss 0.521 | Test Error 6.60
Epoch  91 | Time     2 | Train Loss 0.1471 | Test Loss 0.523 | Test Error 6.58
Epoch  92 | Time     2 | Train Loss 0.1322 | Test Loss 0.523 | Test Error 6.59
Epoch  93 | Time     2 | Train Loss 0.1637 | Test Loss 0.524 | Test Error 6.58
Epoch  94 | Time     2 | Train Loss 0.1834 | Test Loss 0.522 | Test Error 6.60
Epoch  95 | Time     2 | Train Loss 0.2104 | Test Loss 0.523 | Test Error 6.58
Epoch  96 | Time     2 | Train Loss 0.1107 | Test Loss 0.524 | Test Error 6.58
Epoch  97 | Time     2 | Train Loss 0.2304 | Test Loss 0.523 | Test Error 6.53
Epoch  98 | Time     2 | Train Loss 0.1327 | Test Loss 0.523 | Test Error 6.50
Epoch  99 | Time     2 | Train Loss 0.1020 | Test Loss 0.523 | Test Error 6.51
Epoch 100 | Time     2 | Train Loss 0.1974 | Test Loss 0.524 | Test Error 6.54
ic| len(dset): 60000
ic| len(dset): 10000
Namespace(dataset='FashionMNIST', test_bs=200, num_to_avg=5, validate=False, use_xent=False, method_name='cifar10_allconv_baseline', layers=40, widen_factor=2, droprate=0.3, load='./snapshots', ngpu=1, prefetch=1, out_as_pos=False, score='energy', T=1.0, noise=0, type='energy', ft_epochs=99, ft_n=32, regime='Imbalanced')
Model restored!
Error Rate 6.54


Error Detection
			cifar10_allconv_baseline
FPR95:			72.53
FPR99:			0.00
AUROC:			89.52
AUPR:			38.78
Configuration: FashionMNIST_Imbalanced_32

FashionMNIST Detection

[-22.410334 -25.037176 -25.913582] [-11.360732  -9.928628  -7.958924]
				cifar10_allconv_baseline
  TPR95 TPR99 AUROC AUPR
71.16 & 55.16 & 94.62 & 98.82
0.20 & 0.40 & 0.12 & 0.03
ic| len(dset): 60000
ic| len(dset): 10000
Namespace(dataset='FashionMNIST', test_bs=200, num_to_avg=5, validate=False, use_xent=False, method_name='cifar10_allconv_baseline', layers=40, widen_factor=2, droprate=0.3, load='./snapshots', ngpu=1, prefetch=1, out_as_pos=False, score='energy', T=1.0, noise=0, type='pretrained', ft_epochs=199, ft_n=4, regime='Balanced')
Model restored!
Error Rate 6.54


Error Detection
			cifar10_allconv_baseline
FPR95:			65.24
FPR99:			28.10
AUROC:			90.15
AUPR:			39.03

FashionMNIST Detection

[ -9.675636 -11.333784 -11.22754 ] [-6.4621468 -4.4326143 -3.267435 ]
				cifar10_allconv_baseline
  TPR95 TPR99 AUROC AUPR
67.48 & 38.25 & 94.21 & 98.76
0.68 & 0.57 & 0.10 & 0.02
