ic| len(dset): 60000
ic| len(dset): 10000
{'dataset': 'FashionMNIST', 'model': 'densenet', 'calibration': False, 'epochs': 100, 'learning_rate': 0.001, 'batch_size': 128, 'oe_batch_size': 256, 'test_bs': 200, 'momentum': 0.9, 'decay': 0.0005, 'layers': 40, 'widen_factor': 2, 'droprate': 0.3, 'save': './snapshots/energy_ft', 'load': './snapshots/pretrained', 'test': False, 'ngpu': 1, 'prefetch': 1, 'm_in': -25.0, 'm_out': -7.0, 'score': 'energy', 'seed': 1, 'regime': 'Imbalanced', 'n_ood': 4096}
torch.Size([4096, 1, 28, 28])
Counter({8: 4096})
Tesla V100-PCIE-16GB
Model restored!
  0%|          | 0/63 [00:00<?, ?it/s]  2%|▏         | 1/63 [00:00<00:15,  4.11it/s]  8%|▊         | 5/63 [00:00<00:03, 16.68it/s] 14%|█▍        | 9/63 [00:00<00:02, 23.65it/s] 21%|██        | 13/63 [00:00<00:01, 27.89it/s] 27%|██▋       | 17/63 [00:00<00:01, 30.60it/s] 33%|███▎      | 21/63 [00:00<00:01, 32.40it/s] 40%|███▉      | 25/63 [00:00<00:01, 33.61it/s] 46%|████▌     | 29/63 [00:01<00:00, 34.43it/s] 52%|█████▏    | 33/63 [00:01<00:00, 35.01it/s] 59%|█████▊    | 37/63 [00:01<00:00, 35.39it/s] 65%|██████▌   | 41/63 [00:01<00:00, 35.67it/s] 71%|███████▏  | 45/63 [00:01<00:00, 35.86it/s] 78%|███████▊  | 49/63 [00:01<00:00, 35.99it/s] 84%|████████▍ | 53/63 [00:01<00:00, 36.10it/s] 90%|█████████ | 57/63 [00:01<00:00, 36.17it/s] 97%|█████████▋| 61/63 [00:01<00:00, 36.23it/s]100%|██████████| 63/63 [00:01<00:00, 32.45it/s]
0.9322916666666666
0.3319878768589761
0.9323749999999998
Beginning Training

/home/xysong/.conda/envs/OoD/lib/python3.9/site-packages/torch/optim/lr_scheduler.py:131: UserWarning: Detected call of `lr_scheduler.step()` before `optimizer.step()`. In PyTorch 1.1.0 and later, you should call them in the opposite order: `optimizer.step()` before `lr_scheduler.step()`.  Failure to do this will result in PyTorch skipping the first value of the learning rate schedule. See more details at https://pytorch.org/docs/stable/optim.html#how-to-adjust-learning-rate
  warnings.warn("Detected call of `lr_scheduler.step()` before `optimizer.step()`. "
Epoch   1 | Time     6 | Train Loss 4.2868 | Test Loss 0.508 | Test Error 6.94
Epoch   2 | Time     5 | Train Loss 1.7363 | Test Loss 0.574 | Test Error 6.92
Epoch   3 | Time     5 | Train Loss 1.2783 | Test Loss 0.592 | Test Error 6.75
Epoch   4 | Time     5 | Train Loss 0.9044 | Test Loss 0.589 | Test Error 6.61
Epoch   5 | Time     5 | Train Loss 0.8199 | Test Loss 0.609 | Test Error 6.51
Epoch   6 | Time     5 | Train Loss 0.6168 | Test Loss 0.619 | Test Error 6.49
Epoch   7 | Time     5 | Train Loss 0.5511 | Test Loss 0.620 | Test Error 6.50
Epoch   8 | Time     5 | Train Loss 0.4347 | Test Loss 0.624 | Test Error 6.45
Epoch   9 | Time     5 | Train Loss 0.3765 | Test Loss 0.625 | Test Error 6.54
Epoch  10 | Time     5 | Train Loss 0.4608 | Test Loss 0.636 | Test Error 6.56
Epoch  11 | Time     5 | Train Loss 0.3779 | Test Loss 0.642 | Test Error 6.56
Epoch  12 | Time     6 | Train Loss 0.3358 | Test Loss 0.640 | Test Error 6.62
Epoch  13 | Time     5 | Train Loss 0.3560 | Test Loss 0.648 | Test Error 6.67
Epoch  14 | Time     5 | Train Loss 0.2398 | Test Loss 0.654 | Test Error 6.62
Epoch  15 | Time     5 | Train Loss 0.2324 | Test Loss 0.660 | Test Error 6.55
Epoch  16 | Time     5 | Train Loss 0.2465 | Test Loss 0.666 | Test Error 6.58
Epoch  17 | Time     5 | Train Loss 0.1564 | Test Loss 0.664 | Test Error 6.65
Epoch  18 | Time     5 | Train Loss 0.1582 | Test Loss 0.663 | Test Error 6.55
Epoch  19 | Time     5 | Train Loss 0.2119 | Test Loss 0.672 | Test Error 6.69
Epoch  20 | Time     5 | Train Loss 0.2121 | Test Loss 0.680 | Test Error 6.66
Epoch  21 | Time     5 | Train Loss 0.1717 | Test Loss 0.687 | Test Error 6.59
Epoch  22 | Time     5 | Train Loss 0.1676 | Test Loss 0.695 | Test Error 6.69
Epoch  23 | Time     5 | Train Loss 0.1519 | Test Loss 0.690 | Test Error 6.71
Epoch  24 | Time     5 | Train Loss 0.1361 | Test Loss 0.693 | Test Error 6.83
Epoch  25 | Time     5 | Train Loss 0.1489 | Test Loss 0.697 | Test Error 6.69
Epoch  26 | Time     5 | Train Loss 0.1323 | Test Loss 0.697 | Test Error 6.71
Epoch  27 | Time     5 | Train Loss 0.0901 | Test Loss 0.705 | Test Error 6.71
Epoch  28 | Time     5 | Train Loss 0.1207 | Test Loss 0.708 | Test Error 6.73
Epoch  29 | Time     5 | Train Loss 0.1072 | Test Loss 0.702 | Test Error 6.66
Epoch  30 | Time     5 | Train Loss 0.0740 | Test Loss 0.707 | Test Error 6.70
Epoch  31 | Time     5 | Train Loss 0.0891 | Test Loss 0.712 | Test Error 6.75
Epoch  32 | Time     5 | Train Loss 0.1148 | Test Loss 0.707 | Test Error 6.73
Epoch  33 | Time     5 | Train Loss 0.0707 | Test Loss 0.716 | Test Error 6.77
Epoch  34 | Time     5 | Train Loss 0.0825 | Test Loss 0.709 | Test Error 6.75
Epoch  35 | Time     5 | Train Loss 0.0697 | Test Loss 0.719 | Test Error 6.77
Epoch  36 | Time     5 | Train Loss 0.0792 | Test Loss 0.717 | Test Error 6.77
Epoch  37 | Time     5 | Train Loss 0.1037 | Test Loss 0.718 | Test Error 6.79
Epoch  38 | Time     5 | Train Loss 0.0860 | Test Loss 0.728 | Test Error 6.80
Epoch  39 | Time     5 | Train Loss 0.0858 | Test Loss 0.724 | Test Error 6.83
Epoch  40 | Time     5 | Train Loss 0.0591 | Test Loss 0.722 | Test Error 6.74
Epoch  41 | Time     5 | Train Loss 0.0527 | Test Loss 0.720 | Test Error 6.69
Epoch  42 | Time     5 | Train Loss 0.0674 | Test Loss 0.731 | Test Error 6.64
Epoch  43 | Time     5 | Train Loss 0.0761 | Test Loss 0.732 | Test Error 6.79
Epoch  44 | Time     5 | Train Loss 0.0481 | Test Loss 0.738 | Test Error 6.70
Epoch  45 | Time     5 | Train Loss 0.0505 | Test Loss 0.736 | Test Error 6.75
Epoch  46 | Time     5 | Train Loss 0.1020 | Test Loss 0.727 | Test Error 6.76
Epoch  47 | Time     5 | Train Loss 0.0518 | Test Loss 0.730 | Test Error 6.70
Epoch  48 | Time     5 | Train Loss 0.0383 | Test Loss 0.734 | Test Error 6.66
Epoch  49 | Time     5 | Train Loss 0.0376 | Test Loss 0.738 | Test Error 6.70
Epoch  50 | Time     5 | Train Loss 0.0521 | Test Loss 0.731 | Test Error 6.80
Epoch  51 | Time     5 | Train Loss 0.0341 | Test Loss 0.735 | Test Error 6.76
Epoch  52 | Time     5 | Train Loss 0.0465 | Test Loss 0.729 | Test Error 6.81
Epoch  53 | Time     5 | Train Loss 0.0751 | Test Loss 0.733 | Test Error 6.81
Epoch  54 | Time     5 | Train Loss 0.0406 | Test Loss 0.743 | Test Error 6.80
Epoch  55 | Time     5 | Train Loss 0.0463 | Test Loss 0.747 | Test Error 6.85
Epoch  56 | Time     5 | Train Loss 0.0425 | Test Loss 0.741 | Test Error 6.90
Epoch  57 | Time     5 | Train Loss 0.0676 | Test Loss 0.750 | Test Error 6.85
Epoch  58 | Time     5 | Train Loss 0.0516 | Test Loss 0.751 | Test Error 6.84
Epoch  59 | Time     5 | Train Loss 0.0510 | Test Loss 0.746 | Test Error 6.80
Epoch  60 | Time     5 | Train Loss 0.0401 | Test Loss 0.736 | Test Error 6.83
Epoch  61 | Time     5 | Train Loss 0.0619 | Test Loss 0.748 | Test Error 6.83
Epoch  62 | Time     5 | Train Loss 0.0412 | Test Loss 0.742 | Test Error 6.83
Epoch  63 | Time     5 | Train Loss 0.0304 | Test Loss 0.753 | Test Error 6.90
Epoch  64 | Time     5 | Train Loss 0.0483 | Test Loss 0.754 | Test Error 6.85
Epoch  65 | Time     5 | Train Loss 0.0183 | Test Loss 0.752 | Test Error 6.86
Epoch  66 | Time     5 | Train Loss 0.0240 | Test Loss 0.749 | Test Error 6.89
Epoch  67 | Time     5 | Train Loss 0.0417 | Test Loss 0.752 | Test Error 6.89
Epoch  68 | Time     5 | Train Loss 0.0272 | Test Loss 0.749 | Test Error 6.84
Epoch  69 | Time     6 | Train Loss 0.0292 | Test Loss 0.754 | Test Error 6.86
Epoch  70 | Time     5 | Train Loss 0.0125 | Test Loss 0.751 | Test Error 6.80
Epoch  71 | Time     5 | Train Loss 0.0309 | Test Loss 0.753 | Test Error 6.84
Epoch  72 | Time     5 | Train Loss 0.0150 | Test Loss 0.758 | Test Error 6.94
Epoch  73 | Time     5 | Train Loss 0.0696 | Test Loss 0.748 | Test Error 6.95
Epoch  74 | Time     5 | Train Loss 0.0455 | Test Loss 0.752 | Test Error 6.90
Epoch  75 | Time     5 | Train Loss 0.0237 | Test Loss 0.764 | Test Error 6.90
Epoch  76 | Time     5 | Train Loss 0.0356 | Test Loss 0.764 | Test Error 6.86
Epoch  77 | Time     5 | Train Loss 0.0270 | Test Loss 0.758 | Test Error 6.77
Epoch  78 | Time     5 | Train Loss 0.0206 | Test Loss 0.754 | Test Error 6.73
Epoch  79 | Time     5 | Train Loss 0.0397 | Test Loss 0.752 | Test Error 6.77
Epoch  80 | Time     5 | Train Loss 0.0357 | Test Loss 0.749 | Test Error 6.73
Epoch  81 | Time     5 | Train Loss 0.0211 | Test Loss 0.761 | Test Error 6.76
Epoch  82 | Time     5 | Train Loss 0.0170 | Test Loss 0.749 | Test Error 6.71
Epoch  83 | Time     5 | Train Loss 0.0142 | Test Loss 0.753 | Test Error 6.77
Epoch  84 | Time     6 | Train Loss 0.0324 | Test Loss 0.749 | Test Error 6.73
Epoch  85 | Time     5 | Train Loss 0.0185 | Test Loss 0.766 | Test Error 6.75
Epoch  86 | Time     5 | Train Loss 0.0178 | Test Loss 0.766 | Test Error 6.76
Epoch  87 | Time     5 | Train Loss 0.0133 | Test Loss 0.756 | Test Error 6.71
Epoch  88 | Time     5 | Train Loss 0.0138 | Test Loss 0.758 | Test Error 6.80
Epoch  89 | Time     5 | Train Loss 0.0166 | Test Loss 0.759 | Test Error 6.80
Epoch  90 | Time     5 | Train Loss 0.0097 | Test Loss 0.760 | Test Error 6.80
Epoch  91 | Time     5 | Train Loss 0.0466 | Test Loss 0.747 | Test Error 6.80
Epoch  92 | Time     5 | Train Loss 0.0110 | Test Loss 0.764 | Test Error 6.84
Epoch  93 | Time     5 | Train Loss 0.0161 | Test Loss 0.763 | Test Error 6.76
Epoch  94 | Time     5 | Train Loss 0.0297 | Test Loss 0.773 | Test Error 6.77
Epoch  95 | Time     5 | Train Loss 0.0238 | Test Loss 0.763 | Test Error 6.88
Epoch  96 | Time     5 | Train Loss 0.0095 | Test Loss 0.767 | Test Error 6.83
Epoch  97 | Time     5 | Train Loss 0.0149 | Test Loss 0.763 | Test Error 6.79
Epoch  98 | Time     5 | Train Loss 0.0058 | Test Loss 0.763 | Test Error 6.89
Epoch  99 | Time     5 | Train Loss 0.0116 | Test Loss 0.754 | Test Error 6.79
Epoch 100 | Time     5 | Train Loss 0.0106 | Test Loss 0.762 | Test Error 6.91
ic| len(dset): 60000
ic| len(dset): 10000
Namespace(dataset='FashionMNIST', test_bs=200, num_to_avg=5, validate=False, use_xent=False, method_name='cifar10_allconv_baseline', layers=40, widen_factor=2, droprate=0.3, load='./snapshots', ngpu=1, prefetch=1, out_as_pos=False, score='energy', T=1.0, noise=0, type='energy', ft_epochs=99, ft_n=4096, regime='Imbalanced')
Model restored!
Error Rate 6.91


Error Detection
			cifar10_allconv_baseline
FPR95:			0.00
FPR99:			0.00
AUROC:			85.27
AUPR:			38.34
Configuration: FashionMNIST_Imbalanced_4096

FashionMNIST Detection

[-28.963474 -38.258087 -35.09061 ] [-24.978996 -23.708645 -22.730724]
				cifar10_allconv_baseline
  TPR95 TPR99 AUROC AUPR
70.17 & 54.94 & 94.69 & 98.82
0.52 & 0.57 & 0.07 & 0.01
ic| len(dset): 60000
ic| len(dset): 10000
Namespace(dataset='FashionMNIST', test_bs=200, num_to_avg=5, validate=False, use_xent=False, method_name='cifar10_allconv_baseline', layers=40, widen_factor=2, droprate=0.3, load='./snapshots', ngpu=1, prefetch=1, out_as_pos=False, score='energy', T=1.0, noise=0, type='pretrained', ft_epochs=199, ft_n=4, regime='Balanced')
Model restored!
Error Rate 6.54


Error Detection
			cifar10_allconv_baseline
FPR95:			65.24
FPR99:			28.10
AUROC:			90.15
AUPR:			39.03

FashionMNIST Detection

[ -9.675642 -11.333786 -11.227542] [-4.8117375 -7.750483  -9.116621 ]
				cifar10_allconv_baseline
  TPR95 TPR99 AUROC AUPR
67.46 & 38.51 & 94.30 & 98.78
0.46 & 0.64 & 0.14 & 0.04
