ic| len(dset): 60000
ic| len(dset): 10000
{'dataset': 'FashionMNIST', 'model': 'densenet', 'calibration': False, 'epochs': 100, 'learning_rate': 0.001, 'batch_size': 128, 'oe_batch_size': 256, 'test_bs': 200, 'momentum': 0.9, 'decay': 0.0005, 'layers': 40, 'widen_factor': 2, 'droprate': 0.3, 'save': './snapshots/energy_ft', 'load': './snapshots/pretrained', 'test': False, 'ngpu': 1, 'prefetch': 1, 'm_in': -25.0, 'm_out': -7.0, 'score': 'energy', 'seed': 1, 'regime': 'Imbalanced', 'n_ood': 512}
torch.Size([512, 1, 28, 28])
Counter({8: 512})
Tesla V100-PCIE-16GB
Model restored!
  0%|          | 0/63 [00:00<?, ?it/s]  2%|▏         | 1/63 [00:00<00:15,  4.10it/s]  8%|▊         | 5/63 [00:00<00:03, 16.67it/s] 14%|█▍        | 9/63 [00:00<00:02, 23.66it/s] 21%|██        | 13/63 [00:00<00:01, 27.91it/s] 27%|██▋       | 17/63 [00:00<00:01, 30.61it/s] 33%|███▎      | 21/63 [00:00<00:01, 32.40it/s] 40%|███▉      | 25/63 [00:00<00:01, 33.60it/s] 46%|████▌     | 29/63 [00:01<00:00, 34.42it/s] 52%|█████▏    | 33/63 [00:01<00:00, 34.98it/s] 59%|█████▊    | 37/63 [00:01<00:00, 35.37it/s] 65%|██████▌   | 41/63 [00:01<00:00, 35.64it/s] 71%|███████▏  | 45/63 [00:01<00:00, 35.83it/s] 78%|███████▊  | 49/63 [00:01<00:00, 35.96it/s] 84%|████████▍ | 53/63 [00:01<00:00, 36.07it/s] 90%|█████████ | 57/63 [00:01<00:00, 36.14it/s] 97%|█████████▋| 61/63 [00:01<00:00, 36.20it/s]100%|██████████| 63/63 [00:01<00:00, 32.43it/s]
0.9322916666666666
0.3319878768589761
0.9323749999999998
Beginning Training

/home/xysong/.conda/envs/OoD/lib/python3.9/site-packages/torch/optim/lr_scheduler.py:131: UserWarning: Detected call of `lr_scheduler.step()` before `optimizer.step()`. In PyTorch 1.1.0 and later, you should call them in the opposite order: `optimizer.step()` before `lr_scheduler.step()`.  Failure to do this will result in PyTorch skipping the first value of the learning rate schedule. See more details at https://pytorch.org/docs/stable/optim.html#how-to-adjust-learning-rate
  warnings.warn("Detected call of `lr_scheduler.step()` before `optimizer.step()`. "
Epoch   1 | Time     3 | Train Loss 3.7163 | Test Loss 0.339 | Test Error 6.46
Epoch   2 | Time     2 | Train Loss 3.2789 | Test Loss 0.361 | Test Error 6.47
Epoch   3 | Time     2 | Train Loss 2.6503 | Test Loss 0.388 | Test Error 6.62
Epoch   4 | Time     2 | Train Loss 2.2517 | Test Loss 0.418 | Test Error 6.89
Epoch   5 | Time     2 | Train Loss 1.9175 | Test Loss 0.446 | Test Error 6.92
Epoch   6 | Time     2 | Train Loss 1.4165 | Test Loss 0.476 | Test Error 7.01
Epoch   7 | Time     2 | Train Loss 1.2883 | Test Loss 0.498 | Test Error 6.99
Epoch   8 | Time     2 | Train Loss 1.1513 | Test Loss 0.517 | Test Error 6.96
Epoch   9 | Time     2 | Train Loss 1.0376 | Test Loss 0.528 | Test Error 6.94
Epoch  10 | Time     2 | Train Loss 0.8812 | Test Loss 0.538 | Test Error 6.88
Epoch  11 | Time     2 | Train Loss 0.7915 | Test Loss 0.545 | Test Error 6.84
Epoch  12 | Time     2 | Train Loss 0.7158 | Test Loss 0.551 | Test Error 6.84
Epoch  13 | Time     2 | Train Loss 0.6114 | Test Loss 0.558 | Test Error 6.83
Epoch  14 | Time     2 | Train Loss 0.4743 | Test Loss 0.564 | Test Error 6.88
Epoch  15 | Time     2 | Train Loss 0.6308 | Test Loss 0.565 | Test Error 6.79
Epoch  16 | Time     2 | Train Loss 0.4868 | Test Loss 0.570 | Test Error 6.74
Epoch  17 | Time     2 | Train Loss 0.5303 | Test Loss 0.575 | Test Error 6.75
Epoch  18 | Time     2 | Train Loss 0.5929 | Test Loss 0.582 | Test Error 6.79
Epoch  19 | Time     2 | Train Loss 0.3705 | Test Loss 0.585 | Test Error 6.76
Epoch  20 | Time     2 | Train Loss 0.4401 | Test Loss 0.591 | Test Error 6.75
Epoch  21 | Time     2 | Train Loss 0.2475 | Test Loss 0.596 | Test Error 6.69
Epoch  22 | Time     2 | Train Loss 0.4164 | Test Loss 0.596 | Test Error 6.74
Epoch  23 | Time     2 | Train Loss 0.2699 | Test Loss 0.602 | Test Error 6.73
Epoch  24 | Time     2 | Train Loss 0.3419 | Test Loss 0.599 | Test Error 6.62
Epoch  25 | Time     2 | Train Loss 0.2432 | Test Loss 0.600 | Test Error 6.61
Epoch  26 | Time     2 | Train Loss 0.3560 | Test Loss 0.601 | Test Error 6.66
Epoch  27 | Time     2 | Train Loss 0.3087 | Test Loss 0.605 | Test Error 6.64
Epoch  28 | Time     2 | Train Loss 0.3112 | Test Loss 0.609 | Test Error 6.66
Epoch  29 | Time     2 | Train Loss 0.3168 | Test Loss 0.612 | Test Error 6.75
Epoch  30 | Time     3 | Train Loss 0.3452 | Test Loss 0.615 | Test Error 6.71
Epoch  31 | Time     2 | Train Loss 0.2693 | Test Loss 0.618 | Test Error 6.74
Epoch  32 | Time     2 | Train Loss 0.2740 | Test Loss 0.619 | Test Error 6.69
Epoch  33 | Time     2 | Train Loss 0.2199 | Test Loss 0.622 | Test Error 6.75
Epoch  34 | Time     2 | Train Loss 0.2509 | Test Loss 0.621 | Test Error 6.75
Epoch  35 | Time     2 | Train Loss 0.2415 | Test Loss 0.625 | Test Error 6.69
Epoch  36 | Time     2 | Train Loss 0.2637 | Test Loss 0.627 | Test Error 6.70
Epoch  37 | Time     2 | Train Loss 0.1689 | Test Loss 0.623 | Test Error 6.69
Epoch  38 | Time     2 | Train Loss 0.2424 | Test Loss 0.624 | Test Error 6.69
Epoch  39 | Time     2 | Train Loss 0.1825 | Test Loss 0.624 | Test Error 6.70
Epoch  40 | Time     2 | Train Loss 0.2118 | Test Loss 0.630 | Test Error 6.77
Epoch  41 | Time     2 | Train Loss 0.1495 | Test Loss 0.634 | Test Error 6.79
Epoch  42 | Time     2 | Train Loss 0.1752 | Test Loss 0.634 | Test Error 6.76
Epoch  43 | Time     2 | Train Loss 0.2012 | Test Loss 0.632 | Test Error 6.76
Epoch  44 | Time     2 | Train Loss 0.1868 | Test Loss 0.636 | Test Error 6.74
Epoch  45 | Time     2 | Train Loss 0.1480 | Test Loss 0.636 | Test Error 6.73
Epoch  46 | Time     2 | Train Loss 0.1729 | Test Loss 0.633 | Test Error 6.69
Epoch  47 | Time     2 | Train Loss 0.1503 | Test Loss 0.634 | Test Error 6.77
Epoch  48 | Time     2 | Train Loss 0.1378 | Test Loss 0.632 | Test Error 6.75
Epoch  49 | Time     2 | Train Loss 0.2190 | Test Loss 0.635 | Test Error 6.73
Epoch  50 | Time     2 | Train Loss 0.2158 | Test Loss 0.633 | Test Error 6.75
Epoch  51 | Time     2 | Train Loss 0.1616 | Test Loss 0.629 | Test Error 6.71
Epoch  52 | Time     2 | Train Loss 0.1885 | Test Loss 0.628 | Test Error 6.71
Epoch  53 | Time     2 | Train Loss 0.1185 | Test Loss 0.628 | Test Error 6.73
Epoch  54 | Time     3 | Train Loss 0.1792 | Test Loss 0.628 | Test Error 6.70
Epoch  55 | Time     2 | Train Loss 0.1731 | Test Loss 0.626 | Test Error 6.70
Epoch  56 | Time     2 | Train Loss 0.1881 | Test Loss 0.630 | Test Error 6.70
Epoch  57 | Time     2 | Train Loss 0.0983 | Test Loss 0.633 | Test Error 6.69
Epoch  58 | Time     2 | Train Loss 0.1405 | Test Loss 0.633 | Test Error 6.70
Epoch  59 | Time     2 | Train Loss 0.0713 | Test Loss 0.634 | Test Error 6.66
Epoch  60 | Time     2 | Train Loss 0.0695 | Test Loss 0.637 | Test Error 6.64
Epoch  61 | Time     2 | Train Loss 0.1189 | Test Loss 0.643 | Test Error 6.69
Epoch  62 | Time     2 | Train Loss 0.1519 | Test Loss 0.645 | Test Error 6.64
Epoch  63 | Time     2 | Train Loss 0.1268 | Test Loss 0.645 | Test Error 6.69
Epoch  64 | Time     2 | Train Loss 0.0988 | Test Loss 0.649 | Test Error 6.75
Epoch  65 | Time     2 | Train Loss 0.0921 | Test Loss 0.648 | Test Error 6.71
Epoch  66 | Time     2 | Train Loss 0.1173 | Test Loss 0.650 | Test Error 6.71
Epoch  67 | Time     2 | Train Loss 0.1506 | Test Loss 0.649 | Test Error 6.71
Epoch  68 | Time     2 | Train Loss 0.1741 | Test Loss 0.650 | Test Error 6.73
Epoch  69 | Time     2 | Train Loss 0.1221 | Test Loss 0.654 | Test Error 6.64
Epoch  70 | Time     2 | Train Loss 0.1414 | Test Loss 0.651 | Test Error 6.67
Epoch  71 | Time     2 | Train Loss 0.1646 | Test Loss 0.651 | Test Error 6.65
Epoch  72 | Time     2 | Train Loss 0.0703 | Test Loss 0.648 | Test Error 6.74
Epoch  73 | Time     2 | Train Loss 0.1271 | Test Loss 0.648 | Test Error 6.75
Epoch  74 | Time     2 | Train Loss 0.0815 | Test Loss 0.644 | Test Error 6.83
Epoch  75 | Time     2 | Train Loss 0.0952 | Test Loss 0.644 | Test Error 6.84
Epoch  76 | Time     2 | Train Loss 0.1167 | Test Loss 0.645 | Test Error 6.83
Epoch  77 | Time     2 | Train Loss 0.1070 | Test Loss 0.651 | Test Error 6.79
Epoch  78 | Time     2 | Train Loss 0.1076 | Test Loss 0.653 | Test Error 6.76
Epoch  79 | Time     2 | Train Loss 0.0878 | Test Loss 0.656 | Test Error 6.74
Epoch  80 | Time     2 | Train Loss 0.0470 | Test Loss 0.657 | Test Error 6.73
Epoch  81 | Time     2 | Train Loss 0.0840 | Test Loss 0.657 | Test Error 6.73
Epoch  82 | Time     2 | Train Loss 0.0856 | Test Loss 0.655 | Test Error 6.73
Epoch  83 | Time     2 | Train Loss 0.1049 | Test Loss 0.659 | Test Error 6.67
Epoch  84 | Time     2 | Train Loss 0.0476 | Test Loss 0.661 | Test Error 6.69
Epoch  85 | Time     2 | Train Loss 0.0805 | Test Loss 0.664 | Test Error 6.76
Epoch  86 | Time     3 | Train Loss 0.0823 | Test Loss 0.667 | Test Error 6.70
Epoch  87 | Time     2 | Train Loss 0.0695 | Test Loss 0.668 | Test Error 6.65
Epoch  88 | Time     2 | Train Loss 0.0648 | Test Loss 0.667 | Test Error 6.65
Epoch  89 | Time     2 | Train Loss 0.1006 | Test Loss 0.672 | Test Error 6.71
Epoch  90 | Time     2 | Train Loss 0.0774 | Test Loss 0.674 | Test Error 6.73
Epoch  91 | Time     2 | Train Loss 0.0882 | Test Loss 0.672 | Test Error 6.75
Epoch  92 | Time     2 | Train Loss 0.0573 | Test Loss 0.672 | Test Error 6.71
Epoch  93 | Time     2 | Train Loss 0.0692 | Test Loss 0.672 | Test Error 6.75
Epoch  94 | Time     2 | Train Loss 0.0597 | Test Loss 0.674 | Test Error 6.67
Epoch  95 | Time     2 | Train Loss 0.0810 | Test Loss 0.674 | Test Error 6.69
Epoch  96 | Time     2 | Train Loss 0.0923 | Test Loss 0.674 | Test Error 6.76
Epoch  97 | Time     2 | Train Loss 0.0874 | Test Loss 0.673 | Test Error 6.74
Epoch  98 | Time     2 | Train Loss 0.0444 | Test Loss 0.674 | Test Error 6.73
Epoch  99 | Time     2 | Train Loss 0.0547 | Test Loss 0.672 | Test Error 6.67
Epoch 100 | Time     2 | Train Loss 0.1183 | Test Loss 0.676 | Test Error 6.77
ic| len(dset): 60000
ic| len(dset): 10000
Namespace(dataset='FashionMNIST', test_bs=200, num_to_avg=5, validate=False, use_xent=False, method_name='cifar10_allconv_baseline', layers=40, widen_factor=2, droprate=0.3, load='./snapshots', ngpu=1, prefetch=1, out_as_pos=False, score='energy', T=1.0, noise=0, type='energy', ft_epochs=99, ft_n=512, regime='Imbalanced')
Model restored!
Error Rate 6.78


Error Detection
			cifar10_allconv_baseline
FPR95:			0.00
FPR99:			0.00
AUROC:			86.41
AUPR:			38.35
Configuration: FashionMNIST_Imbalanced_512

FashionMNIST Detection

[-25.874615 -33.335697 -33.05506 ] [-20.490084 -13.50114  -13.493391]
				cifar10_allconv_baseline
  TPR95 TPR99 AUROC AUPR
72.49 & 58.09 & 95.33 & 98.98
0.34 & 0.32 & 0.08 & 0.02
ic| len(dset): 60000
ic| len(dset): 10000
Namespace(dataset='FashionMNIST', test_bs=200, num_to_avg=5, validate=False, use_xent=False, method_name='cifar10_allconv_baseline', layers=40, widen_factor=2, droprate=0.3, load='./snapshots', ngpu=1, prefetch=1, out_as_pos=False, score='energy', T=1.0, noise=0, type='pretrained', ft_epochs=199, ft_n=4, regime='Balanced')
Model restored!
Error Rate 6.54


Error Detection
			cifar10_allconv_baseline
FPR95:			65.24
FPR99:			28.10
AUROC:			90.15
AUPR:			39.03

FashionMNIST Detection

[ -9.675637 -11.333786 -11.227538] [-4.588169  -4.842315  -3.2436397]
				cifar10_allconv_baseline
  TPR95 TPR99 AUROC AUPR
67.38 & 38.38 & 94.24 & 98.77
0.58 & 0.73 & 0.13 & 0.03
