ic| len(dset): 60000
ic| len(dset): 10000
{'dataset': 'FashionMNIST', 'model': 'densenet', 'calibration': False, 'epochs': 100, 'learning_rate': 0.001, 'batch_size': 128, 'oe_batch_size': 256, 'test_bs': 200, 'momentum': 0.9, 'decay': 0.0005, 'layers': 40, 'widen_factor': 2, 'droprate': 0.3, 'save': './snapshots/energy_ft', 'load': './snapshots/pretrained', 'test': False, 'ngpu': 1, 'prefetch': 1, 'm_in': -25.0, 'm_out': -7.0, 'score': 'energy', 'seed': 1, 'regime': 'Imbalanced', 'n_ood': 64}
torch.Size([64, 1, 28, 28])
Counter({8: 64})
Tesla V100-PCIE-16GB
Model restored!
  0%|          | 0/63 [00:00<?, ?it/s]  2%|▏         | 1/63 [00:00<00:17,  3.53it/s]  8%|▊         | 5/63 [00:00<00:03, 14.92it/s] 14%|█▍        | 9/63 [00:00<00:02, 21.90it/s] 21%|██        | 13/63 [00:00<00:01, 26.45it/s] 27%|██▋       | 17/63 [00:00<00:01, 29.46it/s] 33%|███▎      | 21/63 [00:00<00:01, 31.51it/s] 40%|███▉      | 25/63 [00:00<00:01, 32.92it/s] 46%|████▌     | 29/63 [00:01<00:01, 33.88it/s] 52%|█████▏    | 33/63 [00:01<00:00, 34.57it/s] 59%|█████▊    | 37/63 [00:01<00:00, 35.05it/s] 65%|██████▌   | 41/63 [00:01<00:00, 35.41it/s] 71%|███████▏  | 45/63 [00:01<00:00, 35.66it/s] 78%|███████▊  | 49/63 [00:01<00:00, 35.83it/s] 84%|████████▍ | 53/63 [00:01<00:00, 35.95it/s] 90%|█████████ | 57/63 [00:01<00:00, 36.05it/s] 97%|█████████▋| 61/63 [00:01<00:00, 36.13it/s]100%|██████████| 63/63 [00:01<00:00, 31.61it/s]
0.9322916666666666
0.3319878768589761
0.9323749999999998
Beginning Training

/home/xysong/.conda/envs/OoD/lib/python3.9/site-packages/torch/optim/lr_scheduler.py:131: UserWarning: Detected call of `lr_scheduler.step()` before `optimizer.step()`. In PyTorch 1.1.0 and later, you should call them in the opposite order: `optimizer.step()` before `lr_scheduler.step()`.  Failure to do this will result in PyTorch skipping the first value of the learning rate schedule. See more details at https://pytorch.org/docs/stable/optim.html#how-to-adjust-learning-rate
  warnings.warn("Detected call of `lr_scheduler.step()` before `optimizer.step()`. "
Epoch   1 | Time     3 | Train Loss 2.7471 | Test Loss 0.328 | Test Error 6.41
Epoch   2 | Time     2 | Train Loss 2.6995 | Test Loss 0.333 | Test Error 6.35
Epoch   3 | Time     2 | Train Loss 2.4752 | Test Loss 0.336 | Test Error 6.40
Epoch   4 | Time     2 | Train Loss 2.3546 | Test Loss 0.341 | Test Error 6.47
Epoch   5 | Time     2 | Train Loss 2.3531 | Test Loss 0.346 | Test Error 6.46
Epoch   6 | Time     2 | Train Loss 2.2187 | Test Loss 0.352 | Test Error 6.49
Epoch   7 | Time     2 | Train Loss 2.0436 | Test Loss 0.358 | Test Error 6.45
Epoch   8 | Time     2 | Train Loss 2.0556 | Test Loss 0.365 | Test Error 6.50
Epoch   9 | Time     2 | Train Loss 1.9414 | Test Loss 0.372 | Test Error 6.49
Epoch  10 | Time     2 | Train Loss 1.7954 | Test Loss 0.379 | Test Error 6.50
Epoch  11 | Time     2 | Train Loss 1.7309 | Test Loss 0.386 | Test Error 6.54
Epoch  12 | Time     2 | Train Loss 1.6545 | Test Loss 0.392 | Test Error 6.56
Epoch  13 | Time     2 | Train Loss 1.4436 | Test Loss 0.398 | Test Error 6.64
Epoch  14 | Time     2 | Train Loss 1.3664 | Test Loss 0.403 | Test Error 6.66
Epoch  15 | Time     2 | Train Loss 1.4448 | Test Loss 0.408 | Test Error 6.74
Epoch  16 | Time     2 | Train Loss 1.2252 | Test Loss 0.414 | Test Error 6.71
Epoch  17 | Time     2 | Train Loss 1.3419 | Test Loss 0.420 | Test Error 6.79
Epoch  18 | Time     2 | Train Loss 1.3874 | Test Loss 0.427 | Test Error 6.81
Epoch  19 | Time     2 | Train Loss 1.1983 | Test Loss 0.432 | Test Error 6.83
Epoch  20 | Time     2 | Train Loss 1.1148 | Test Loss 0.438 | Test Error 6.90
Epoch  21 | Time     2 | Train Loss 0.8430 | Test Loss 0.442 | Test Error 6.84
Epoch  22 | Time     2 | Train Loss 1.0326 | Test Loss 0.447 | Test Error 6.85
Epoch  23 | Time     2 | Train Loss 0.9060 | Test Loss 0.453 | Test Error 6.85
Epoch  24 | Time     2 | Train Loss 1.0259 | Test Loss 0.455 | Test Error 6.83
Epoch  25 | Time     2 | Train Loss 0.7683 | Test Loss 0.458 | Test Error 6.73
Epoch  26 | Time     2 | Train Loss 0.9863 | Test Loss 0.466 | Test Error 6.80
Epoch  27 | Time     2 | Train Loss 0.8043 | Test Loss 0.472 | Test Error 6.85
Epoch  28 | Time     2 | Train Loss 0.8496 | Test Loss 0.479 | Test Error 6.84
Epoch  29 | Time     2 | Train Loss 0.8036 | Test Loss 0.484 | Test Error 6.76
Epoch  30 | Time     2 | Train Loss 0.7502 | Test Loss 0.486 | Test Error 6.83
Epoch  31 | Time     2 | Train Loss 0.6424 | Test Loss 0.488 | Test Error 6.90
Epoch  32 | Time     2 | Train Loss 0.7311 | Test Loss 0.487 | Test Error 6.88
Epoch  33 | Time     2 | Train Loss 0.6335 | Test Loss 0.491 | Test Error 6.89
Epoch  34 | Time     2 | Train Loss 0.6274 | Test Loss 0.491 | Test Error 6.90
Epoch  35 | Time     2 | Train Loss 0.5890 | Test Loss 0.491 | Test Error 6.89
Epoch  36 | Time     2 | Train Loss 0.6373 | Test Loss 0.491 | Test Error 6.90
Epoch  37 | Time     2 | Train Loss 0.5562 | Test Loss 0.491 | Test Error 6.80
Epoch  38 | Time     2 | Train Loss 0.6051 | Test Loss 0.488 | Test Error 6.80
Epoch  39 | Time     2 | Train Loss 0.4213 | Test Loss 0.488 | Test Error 6.77
Epoch  40 | Time     2 | Train Loss 0.5612 | Test Loss 0.489 | Test Error 6.71
Epoch  41 | Time     2 | Train Loss 0.4434 | Test Loss 0.491 | Test Error 6.73
Epoch  42 | Time     2 | Train Loss 0.4126 | Test Loss 0.491 | Test Error 6.70
Epoch  43 | Time     2 | Train Loss 0.4383 | Test Loss 0.491 | Test Error 6.66
Epoch  44 | Time     2 | Train Loss 0.4177 | Test Loss 0.493 | Test Error 6.69
Epoch  45 | Time     2 | Train Loss 0.4260 | Test Loss 0.496 | Test Error 6.69
Epoch  46 | Time     2 | Train Loss 0.3599 | Test Loss 0.495 | Test Error 6.64
Epoch  47 | Time     2 | Train Loss 0.4055 | Test Loss 0.497 | Test Error 6.55
Epoch  48 | Time     2 | Train Loss 0.3091 | Test Loss 0.499 | Test Error 6.60
Epoch  49 | Time     2 | Train Loss 0.4239 | Test Loss 0.501 | Test Error 6.69
Epoch  50 | Time     2 | Train Loss 0.4748 | Test Loss 0.501 | Test Error 6.64
Epoch  51 | Time     2 | Train Loss 0.3215 | Test Loss 0.501 | Test Error 6.56
Epoch  52 | Time     2 | Train Loss 0.3992 | Test Loss 0.500 | Test Error 6.53
Epoch  53 | Time     2 | Train Loss 0.2072 | Test Loss 0.500 | Test Error 6.53
Epoch  54 | Time     2 | Train Loss 0.3927 | Test Loss 0.500 | Test Error 6.49
Epoch  55 | Time     2 | Train Loss 0.3958 | Test Loss 0.498 | Test Error 6.51
Epoch  56 | Time     2 | Train Loss 0.3928 | Test Loss 0.499 | Test Error 6.41
Epoch  57 | Time     3 | Train Loss 0.2673 | Test Loss 0.501 | Test Error 6.40
Epoch  58 | Time     2 | Train Loss 0.2577 | Test Loss 0.501 | Test Error 6.46
Epoch  59 | Time     3 | Train Loss 0.2936 | Test Loss 0.502 | Test Error 6.39
Epoch  60 | Time     2 | Train Loss 0.2001 | Test Loss 0.504 | Test Error 6.40
Epoch  61 | Time     2 | Train Loss 0.2190 | Test Loss 0.507 | Test Error 6.42
Epoch  62 | Time     2 | Train Loss 0.3734 | Test Loss 0.510 | Test Error 6.44
Epoch  63 | Time     2 | Train Loss 0.2773 | Test Loss 0.512 | Test Error 6.47
Epoch  64 | Time     2 | Train Loss 0.1783 | Test Loss 0.514 | Test Error 6.50
Epoch  65 | Time     2 | Train Loss 0.2445 | Test Loss 0.515 | Test Error 6.47
Epoch  66 | Time     2 | Train Loss 0.2312 | Test Loss 0.516 | Test Error 6.42
Epoch  67 | Time     2 | Train Loss 0.2260 | Test Loss 0.516 | Test Error 6.45
Epoch  68 | Time     2 | Train Loss 0.2852 | Test Loss 0.514 | Test Error 6.40
Epoch  69 | Time     2 | Train Loss 0.2471 | Test Loss 0.515 | Test Error 6.45
Epoch  70 | Time     2 | Train Loss 0.2943 | Test Loss 0.514 | Test Error 6.44
Epoch  71 | Time     2 | Train Loss 0.2464 | Test Loss 0.515 | Test Error 6.45
Epoch  72 | Time     2 | Train Loss 0.2131 | Test Loss 0.514 | Test Error 6.44
Epoch  73 | Time     2 | Train Loss 0.2409 | Test Loss 0.516 | Test Error 6.42
Epoch  74 | Time     2 | Train Loss 0.2179 | Test Loss 0.516 | Test Error 6.42
Epoch  75 | Time     2 | Train Loss 0.1325 | Test Loss 0.517 | Test Error 6.46
Epoch  76 | Time     2 | Train Loss 0.2014 | Test Loss 0.520 | Test Error 6.44
Epoch  77 | Time     2 | Train Loss 0.2008 | Test Loss 0.523 | Test Error 6.46
Epoch  78 | Time     2 | Train Loss 0.1874 | Test Loss 0.524 | Test Error 6.42
Epoch  79 | Time     2 | Train Loss 0.1596 | Test Loss 0.525 | Test Error 6.46
Epoch  80 | Time     2 | Train Loss 0.1638 | Test Loss 0.526 | Test Error 6.44
Epoch  81 | Time     2 | Train Loss 0.1728 | Test Loss 0.525 | Test Error 6.49
Epoch  82 | Time     2 | Train Loss 0.1668 | Test Loss 0.525 | Test Error 6.47
Epoch  83 | Time     2 | Train Loss 0.2377 | Test Loss 0.529 | Test Error 6.44
Epoch  84 | Time     2 | Train Loss 0.1165 | Test Loss 0.529 | Test Error 6.47
Epoch  85 | Time     2 | Train Loss 0.1571 | Test Loss 0.531 | Test Error 6.46
Epoch  86 | Time     2 | Train Loss 0.2266 | Test Loss 0.535 | Test Error 6.46
Epoch  87 | Time     2 | Train Loss 0.1402 | Test Loss 0.537 | Test Error 6.49
Epoch  88 | Time     2 | Train Loss 0.2079 | Test Loss 0.537 | Test Error 6.49
Epoch  89 | Time     2 | Train Loss 0.2149 | Test Loss 0.541 | Test Error 6.47
Epoch  90 | Time     2 | Train Loss 0.1894 | Test Loss 0.543 | Test Error 6.47
Epoch  91 | Time     2 | Train Loss 0.1185 | Test Loss 0.544 | Test Error 6.44
Epoch  92 | Time     2 | Train Loss 0.1149 | Test Loss 0.545 | Test Error 6.47
Epoch  93 | Time     2 | Train Loss 0.1356 | Test Loss 0.546 | Test Error 6.51
Epoch  94 | Time     2 | Train Loss 0.1452 | Test Loss 0.544 | Test Error 6.47
Epoch  95 | Time     4 | Train Loss 0.1902 | Test Loss 0.545 | Test Error 6.47
Epoch  96 | Time     2 | Train Loss 0.1003 | Test Loss 0.545 | Test Error 6.56
Epoch  97 | Time     2 | Train Loss 0.1856 | Test Loss 0.545 | Test Error 6.49
Epoch  98 | Time     2 | Train Loss 0.1069 | Test Loss 0.545 | Test Error 6.49
Epoch  99 | Time     2 | Train Loss 0.0849 | Test Loss 0.544 | Test Error 6.53
Epoch 100 | Time     2 | Train Loss 0.1663 | Test Loss 0.545 | Test Error 6.51
ic| len(dset): 60000
ic| len(dset): 10000
Namespace(dataset='FashionMNIST', test_bs=200, num_to_avg=5, validate=False, use_xent=False, method_name='cifar10_allconv_baseline', layers=40, widen_factor=2, droprate=0.3, load='./snapshots', ngpu=1, prefetch=1, out_as_pos=False, score='energy', T=1.0, noise=0, type='energy', ft_epochs=99, ft_n=64, regime='Imbalanced')
Model restored!
Error Rate 6.51


Error Detection
			cifar10_allconv_baseline
FPR95:			74.27
FPR99:			0.00
AUROC:			89.03
AUPR:			37.87
Configuration: FashionMNIST_Imbalanced_64

FashionMNIST Detection

[-21.741344 -26.717197 -26.819166] [-17.034166  -5.213837 -18.931189]
				cifar10_allconv_baseline
  TPR95 TPR99 AUROC AUPR
71.46 & 56.70 & 94.65 & 98.82
0.37 & 0.33 & 0.06 & 0.01
ic| len(dset): 60000
ic| len(dset): 10000
Namespace(dataset='FashionMNIST', test_bs=200, num_to_avg=5, validate=False, use_xent=False, method_name='cifar10_allconv_baseline', layers=40, widen_factor=2, droprate=0.3, load='./snapshots', ngpu=1, prefetch=1, out_as_pos=False, score='energy', T=1.0, noise=0, type='pretrained', ft_epochs=199, ft_n=4, regime='Balanced')
Model restored!
Error Rate 6.54


Error Detection
			cifar10_allconv_baseline
FPR95:			65.24
FPR99:			28.10
AUROC:			90.15
AUPR:			39.03

FashionMNIST Detection

[ -9.675637 -11.333786 -11.227538] [ -6.581276  -4.199887 -13.806566]
				cifar10_allconv_baseline
  TPR95 TPR99 AUROC AUPR
67.14 & 38.35 & 94.24 & 98.77
0.52 & 0.35 & 0.08 & 0.02
