ic| len(dset): 60000
ic| len(dset): 10000
{'dataset': 'FashionMNIST', 'model': 'densenet', 'calibration': False, 'epochs': 100, 'learning_rate': 0.001, 'batch_size': 128, 'oe_batch_size': 256, 'test_bs': 200, 'momentum': 0.9, 'decay': 0.0005, 'layers': 40, 'widen_factor': 2, 'droprate': 0.3, 'save': './snapshots/energy_ft', 'load': './snapshots/pretrained', 'test': False, 'ngpu': 1, 'prefetch': 1, 'm_in': -25.0, 'm_out': -7.0, 'score': 'energy', 'seed': 1, 'regime': 'Imbalanced', 'n_ood': 8}
torch.Size([8, 1, 28, 28])
Counter({8: 8})
Tesla V100-PCIE-16GB
Model restored!
  0%|          | 0/63 [00:00<?, ?it/s]  2%|▏         | 1/63 [00:00<00:20,  3.09it/s]  8%|▊         | 5/63 [00:00<00:04, 13.75it/s] 14%|█▍        | 9/63 [00:00<00:02, 20.82it/s] 21%|██        | 13/63 [00:00<00:01, 25.61it/s] 27%|██▋       | 17/63 [00:00<00:01, 28.88it/s] 33%|███▎      | 21/63 [00:00<00:01, 31.16it/s] 40%|███▉      | 25/63 [00:00<00:01, 32.73it/s] 46%|████▌     | 29/63 [00:01<00:01, 33.81it/s] 52%|█████▏    | 33/63 [00:01<00:00, 34.56it/s] 59%|█████▊    | 37/63 [00:01<00:00, 35.10it/s] 65%|██████▌   | 41/63 [00:01<00:00, 35.48it/s] 71%|███████▏  | 45/63 [00:01<00:00, 35.75it/s] 78%|███████▊  | 49/63 [00:01<00:00, 35.94it/s] 84%|████████▍ | 53/63 [00:01<00:00, 36.08it/s] 90%|█████████ | 57/63 [00:01<00:00, 36.17it/s] 97%|█████████▋| 61/63 [00:01<00:00, 36.24it/s]100%|██████████| 63/63 [00:02<00:00, 31.14it/s]
0.9322916666666666
0.3319878768589761
0.9323749999999998
Beginning Training

/home/xysong/.conda/envs/OoD/lib/python3.9/site-packages/torch/optim/lr_scheduler.py:131: UserWarning: Detected call of `lr_scheduler.step()` before `optimizer.step()`. In PyTorch 1.1.0 and later, you should call them in the opposite order: `optimizer.step()` before `lr_scheduler.step()`.  Failure to do this will result in PyTorch skipping the first value of the learning rate schedule. See more details at https://pytorch.org/docs/stable/optim.html#how-to-adjust-learning-rate
  warnings.warn("Detected call of `lr_scheduler.step()` before `optimizer.step()`. "
Epoch   1 | Time     3 | Train Loss 3.0683 | Test Loss 0.326 | Test Error 6.42
Epoch   2 | Time     2 | Train Loss 3.0815 | Test Loss 0.329 | Test Error 6.38
Epoch   3 | Time     2 | Train Loss 2.8708 | Test Loss 0.330 | Test Error 6.39
Epoch   4 | Time     2 | Train Loss 2.7668 | Test Loss 0.332 | Test Error 6.41
Epoch   5 | Time     2 | Train Loss 2.8095 | Test Loss 0.334 | Test Error 6.49
Epoch   6 | Time     2 | Train Loss 2.6752 | Test Loss 0.337 | Test Error 6.51
Epoch   7 | Time     2 | Train Loss 2.5573 | Test Loss 0.339 | Test Error 6.54
Epoch   8 | Time     2 | Train Loss 2.6069 | Test Loss 0.343 | Test Error 6.58
Epoch   9 | Time     2 | Train Loss 2.4651 | Test Loss 0.347 | Test Error 6.58
Epoch  10 | Time     2 | Train Loss 2.3589 | Test Loss 0.351 | Test Error 6.50
Epoch  11 | Time     2 | Train Loss 2.3033 | Test Loss 0.356 | Test Error 6.50
Epoch  12 | Time     2 | Train Loss 2.2528 | Test Loss 0.359 | Test Error 6.51
Epoch  13 | Time     2 | Train Loss 2.0157 | Test Loss 0.362 | Test Error 6.54
Epoch  14 | Time     2 | Train Loss 1.9511 | Test Loss 0.365 | Test Error 6.56
Epoch  15 | Time     2 | Train Loss 2.0446 | Test Loss 0.367 | Test Error 6.56
Epoch  16 | Time     2 | Train Loss 1.7889 | Test Loss 0.371 | Test Error 6.56
Epoch  17 | Time     2 | Train Loss 1.9185 | Test Loss 0.375 | Test Error 6.59
Epoch  18 | Time     2 | Train Loss 1.9575 | Test Loss 0.381 | Test Error 6.58
Epoch  19 | Time     2 | Train Loss 1.7541 | Test Loss 0.385 | Test Error 6.58
Epoch  20 | Time     2 | Train Loss 1.6434 | Test Loss 0.390 | Test Error 6.60
Epoch  21 | Time     2 | Train Loss 1.3728 | Test Loss 0.393 | Test Error 6.61
Epoch  22 | Time     2 | Train Loss 1.5554 | Test Loss 0.396 | Test Error 6.61
Epoch  23 | Time     2 | Train Loss 1.3957 | Test Loss 0.402 | Test Error 6.62
Epoch  24 | Time     2 | Train Loss 1.5226 | Test Loss 0.402 | Test Error 6.60
Epoch  25 | Time     2 | Train Loss 1.2562 | Test Loss 0.405 | Test Error 6.55
Epoch  26 | Time     2 | Train Loss 1.4612 | Test Loss 0.412 | Test Error 6.60
Epoch  27 | Time     2 | Train Loss 1.2395 | Test Loss 0.416 | Test Error 6.69
Epoch  28 | Time     2 | Train Loss 1.2720 | Test Loss 0.422 | Test Error 6.71
Epoch  29 | Time     2 | Train Loss 1.2311 | Test Loss 0.427 | Test Error 6.69
Epoch  30 | Time     2 | Train Loss 1.0958 | Test Loss 0.430 | Test Error 6.73
Epoch  31 | Time     2 | Train Loss 1.0329 | Test Loss 0.431 | Test Error 6.70
Epoch  32 | Time     2 | Train Loss 1.0726 | Test Loss 0.431 | Test Error 6.64
Epoch  33 | Time     2 | Train Loss 0.9740 | Test Loss 0.434 | Test Error 6.60
Epoch  34 | Time     2 | Train Loss 0.9656 | Test Loss 0.435 | Test Error 6.59
Epoch  35 | Time     2 | Train Loss 0.9219 | Test Loss 0.436 | Test Error 6.58
Epoch  36 | Time     2 | Train Loss 0.9637 | Test Loss 0.437 | Test Error 6.62
Epoch  37 | Time     2 | Train Loss 0.8443 | Test Loss 0.437 | Test Error 6.66
Epoch  38 | Time     2 | Train Loss 0.9093 | Test Loss 0.435 | Test Error 6.65
Epoch  39 | Time     2 | Train Loss 0.6916 | Test Loss 0.435 | Test Error 6.66
Epoch  40 | Time     2 | Train Loss 0.7975 | Test Loss 0.437 | Test Error 6.69
Epoch  41 | Time     2 | Train Loss 0.7069 | Test Loss 0.439 | Test Error 6.66
Epoch  42 | Time     2 | Train Loss 0.6415 | Test Loss 0.440 | Test Error 6.75
Epoch  43 | Time     2 | Train Loss 0.6737 | Test Loss 0.440 | Test Error 6.71
Epoch  44 | Time     2 | Train Loss 0.6435 | Test Loss 0.443 | Test Error 6.61
Epoch  45 | Time     2 | Train Loss 0.6426 | Test Loss 0.446 | Test Error 6.65
Epoch  46 | Time     2 | Train Loss 0.5671 | Test Loss 0.447 | Test Error 6.62
Epoch  47 | Time     2 | Train Loss 0.6083 | Test Loss 0.449 | Test Error 6.62
Epoch  48 | Time     2 | Train Loss 0.5014 | Test Loss 0.452 | Test Error 6.60
Epoch  49 | Time     2 | Train Loss 0.6409 | Test Loss 0.455 | Test Error 6.61
Epoch  50 | Time     2 | Train Loss 0.6778 | Test Loss 0.456 | Test Error 6.66
Epoch  51 | Time     2 | Train Loss 0.4854 | Test Loss 0.457 | Test Error 6.61
Epoch  52 | Time     2 | Train Loss 0.5773 | Test Loss 0.457 | Test Error 6.66
Epoch  53 | Time     2 | Train Loss 0.3797 | Test Loss 0.458 | Test Error 6.59
Epoch  54 | Time     2 | Train Loss 0.5462 | Test Loss 0.458 | Test Error 6.58
Epoch  55 | Time     2 | Train Loss 0.5981 | Test Loss 0.458 | Test Error 6.60
Epoch  56 | Time     2 | Train Loss 0.5544 | Test Loss 0.459 | Test Error 6.60
Epoch  57 | Time     2 | Train Loss 0.4352 | Test Loss 0.462 | Test Error 6.56
Epoch  58 | Time     2 | Train Loss 0.4118 | Test Loss 0.463 | Test Error 6.60
Epoch  59 | Time     2 | Train Loss 0.4677 | Test Loss 0.464 | Test Error 6.51
Epoch  60 | Time     2 | Train Loss 0.3187 | Test Loss 0.467 | Test Error 6.47
Epoch  61 | Time     3 | Train Loss 0.3324 | Test Loss 0.469 | Test Error 6.51
Epoch  62 | Time     2 | Train Loss 0.4881 | Test Loss 0.473 | Test Error 6.58
Epoch  63 | Time     2 | Train Loss 0.4199 | Test Loss 0.476 | Test Error 6.54
Epoch  64 | Time     2 | Train Loss 0.2773 | Test Loss 0.479 | Test Error 6.56
Epoch  65 | Time     2 | Train Loss 0.3704 | Test Loss 0.480 | Test Error 6.54
Epoch  66 | Time     2 | Train Loss 0.3147 | Test Loss 0.481 | Test Error 6.49
Epoch  67 | Time     2 | Train Loss 0.2998 | Test Loss 0.481 | Test Error 6.50
Epoch  68 | Time     3 | Train Loss 0.3695 | Test Loss 0.480 | Test Error 6.53
Epoch  69 | Time     2 | Train Loss 0.3205 | Test Loss 0.481 | Test Error 6.51
Epoch  70 | Time     2 | Train Loss 0.3960 | Test Loss 0.481 | Test Error 6.51
Epoch  71 | Time     2 | Train Loss 0.3463 | Test Loss 0.481 | Test Error 6.54
Epoch  72 | Time     2 | Train Loss 0.3233 | Test Loss 0.482 | Test Error 6.56
Epoch  73 | Time     2 | Train Loss 0.2950 | Test Loss 0.484 | Test Error 6.54
Epoch  74 | Time     2 | Train Loss 0.3228 | Test Loss 0.483 | Test Error 6.56
Epoch  75 | Time     2 | Train Loss 0.1959 | Test Loss 0.485 | Test Error 6.61
Epoch  76 | Time     2 | Train Loss 0.2496 | Test Loss 0.489 | Test Error 6.60
Epoch  77 | Time     2 | Train Loss 0.2774 | Test Loss 0.492 | Test Error 6.62
Epoch  78 | Time     2 | Train Loss 0.2055 | Test Loss 0.493 | Test Error 6.61
Epoch  79 | Time     2 | Train Loss 0.2190 | Test Loss 0.494 | Test Error 6.64
Epoch  80 | Time     2 | Train Loss 0.2316 | Test Loss 0.495 | Test Error 6.65
Epoch  81 | Time     2 | Train Loss 0.2212 | Test Loss 0.495 | Test Error 6.62
Epoch  82 | Time     2 | Train Loss 0.2191 | Test Loss 0.495 | Test Error 6.62
Epoch  83 | Time     2 | Train Loss 0.2994 | Test Loss 0.499 | Test Error 6.64
Epoch  84 | Time     2 | Train Loss 0.1600 | Test Loss 0.498 | Test Error 6.62
Epoch  85 | Time     2 | Train Loss 0.2038 | Test Loss 0.500 | Test Error 6.66
Epoch  86 | Time     2 | Train Loss 0.3047 | Test Loss 0.504 | Test Error 6.59
Epoch  87 | Time     2 | Train Loss 0.1982 | Test Loss 0.506 | Test Error 6.62
Epoch  88 | Time     2 | Train Loss 0.2902 | Test Loss 0.506 | Test Error 6.64
Epoch  89 | Time     2 | Train Loss 0.3238 | Test Loss 0.510 | Test Error 6.67
Epoch  90 | Time     2 | Train Loss 0.2730 | Test Loss 0.511 | Test Error 6.62
Epoch  91 | Time     2 | Train Loss 0.1695 | Test Loss 0.513 | Test Error 6.60
Epoch  92 | Time     2 | Train Loss 0.1481 | Test Loss 0.513 | Test Error 6.59
Epoch  93 | Time     2 | Train Loss 0.1917 | Test Loss 0.514 | Test Error 6.59
Epoch  94 | Time     2 | Train Loss 0.2192 | Test Loss 0.512 | Test Error 6.62
Epoch  95 | Time     2 | Train Loss 0.2236 | Test Loss 0.514 | Test Error 6.60
Epoch  96 | Time     2 | Train Loss 0.1217 | Test Loss 0.514 | Test Error 6.59
Epoch  97 | Time     2 | Train Loss 0.2536 | Test Loss 0.513 | Test Error 6.53
Epoch  98 | Time     2 | Train Loss 0.1315 | Test Loss 0.513 | Test Error 6.49
Epoch  99 | Time     2 | Train Loss 0.1164 | Test Loss 0.513 | Test Error 6.51
Epoch 100 | Time     2 | Train Loss 0.2123 | Test Loss 0.514 | Test Error 6.58
ic| len(dset): 60000
ic| len(dset): 10000
Namespace(dataset='FashionMNIST', test_bs=200, num_to_avg=5, validate=False, use_xent=False, method_name='cifar10_allconv_baseline', layers=40, widen_factor=2, droprate=0.3, load='./snapshots', ngpu=1, prefetch=1, out_as_pos=False, score='energy', T=1.0, noise=0, type='energy', ft_epochs=99, ft_n=8, regime='Imbalanced')
Model restored!
Error Rate 6.58


Error Detection
			cifar10_allconv_baseline
FPR95:			70.50
FPR99:			0.00
AUROC:			89.72
AUPR:			39.15
Configuration: FashionMNIST_Imbalanced_8

FashionMNIST Detection

[-22.184801 -24.489485 -25.428108] [-8.831355  -7.870153  -6.0768776]
				cifar10_allconv_baseline
  TPR95 TPR99 AUROC AUPR
70.97 & 53.45 & 94.85 & 98.88
0.37 & 0.83 & 0.11 & 0.02
ic| len(dset): 60000
ic| len(dset): 10000
Namespace(dataset='FashionMNIST', test_bs=200, num_to_avg=5, validate=False, use_xent=False, method_name='cifar10_allconv_baseline', layers=40, widen_factor=2, droprate=0.3, load='./snapshots', ngpu=1, prefetch=1, out_as_pos=False, score='energy', T=1.0, noise=0, type='pretrained', ft_epochs=199, ft_n=4, regime='Balanced')
Model restored!
Error Rate 6.54


Error Detection
			cifar10_allconv_baseline
FPR95:			65.24
FPR99:			28.10
AUROC:			90.15
AUPR:			39.03

FashionMNIST Detection

[ -9.675637 -11.333786 -11.227538] [-4.723327  -8.398568  -7.5861897]
				cifar10_allconv_baseline
  TPR95 TPR99 AUROC AUPR
67.39 & 38.31 & 94.22 & 98.76
0.61 & 0.31 & 0.08 & 0.02
