ic| len(dset): 60000
ic| len(dset): 10000
{'dataset': 'FashionMNIST', 'model': 'densenet', 'calibration': False, 'epochs': 100, 'learning_rate': 0.001, 'batch_size': 128, 'oe_batch_size': 256, 'test_bs': 200, 'momentum': 0.9, 'decay': 0.0005, 'layers': 40, 'widen_factor': 2, 'droprate': 0.3, 'save': './snapshots/oe_tune', 'load': './snapshots/pretrained', 'test': False, 'ngpu': 1, 'prefetch': 1, 'm_in': -25.0, 'm_out': -7.0, 'score': 'OE', 'seed': 1, 'regime': 'Imbalanced', 'n_ood': 2048}
torch.Size([2048, 1, 28, 28])
Counter({8: 2048})
Tesla V100-PCIE-16GB
Model restored!
  0%|          | 0/63 [00:00<?, ?it/s]  2%|▏         | 1/63 [00:00<00:17,  3.54it/s]  8%|▊         | 5/63 [00:00<00:03, 15.16it/s] 14%|█▍        | 9/63 [00:00<00:02, 22.18it/s] 21%|██        | 13/63 [00:00<00:01, 26.70it/s] 27%|██▋       | 17/63 [00:00<00:01, 29.67it/s] 33%|███▎      | 21/63 [00:00<00:01, 31.69it/s] 40%|███▉      | 25/63 [00:00<00:01, 33.06it/s] 46%|████▌     | 29/63 [00:01<00:01, 34.00it/s] 52%|█████▏    | 33/63 [00:01<00:00, 34.65it/s] 59%|█████▊    | 37/63 [00:01<00:00, 35.12it/s] 65%|██████▌   | 41/63 [00:01<00:00, 35.44it/s] 71%|███████▏  | 45/63 [00:01<00:00, 35.68it/s] 78%|███████▊  | 49/63 [00:01<00:00, 35.85it/s] 84%|████████▍ | 53/63 [00:01<00:00, 35.97it/s] 90%|█████████ | 57/63 [00:01<00:00, 36.04it/s] 97%|█████████▋| 61/63 [00:01<00:00, 36.09it/s]100%|██████████| 63/63 [00:01<00:00, 31.71it/s]
0.9322916666666666
0.3319878768589761
0.9323749999999998
Beginning Training

/home/xysong/.conda/envs/OoD/lib/python3.9/site-packages/torch/optim/lr_scheduler.py:131: UserWarning: Detected call of `lr_scheduler.step()` before `optimizer.step()`. In PyTorch 1.1.0 and later, you should call them in the opposite order: `optimizer.step()` before `lr_scheduler.step()`.  Failure to do this will result in PyTorch skipping the first value of the learning rate schedule. See more details at https://pytorch.org/docs/stable/optim.html#how-to-adjust-learning-rate
  warnings.warn("Detected call of `lr_scheduler.step()` before `optimizer.step()`. "
Epoch   1 | Time     5 | Train Loss 2.1066 | Test Loss 0.344 | Test Error 6.62
Epoch   2 | Time     3 | Train Loss 1.9842 | Test Loss 0.354 | Test Error 6.56
Epoch   3 | Time     3 | Train Loss 1.8549 | Test Loss 0.362 | Test Error 6.73
Epoch   4 | Time     3 | Train Loss 1.7576 | Test Loss 0.366 | Test Error 6.77
Epoch   5 | Time     3 | Train Loss 1.6668 | Test Loss 0.369 | Test Error 6.84
Epoch   6 | Time     3 | Train Loss 1.5928 | Test Loss 0.371 | Test Error 6.83
Epoch   7 | Time     3 | Train Loss 1.5270 | Test Loss 0.369 | Test Error 6.80
Epoch   8 | Time     3 | Train Loss 1.4755 | Test Loss 0.369 | Test Error 6.85
Epoch   9 | Time     3 | Train Loss 1.4343 | Test Loss 0.367 | Test Error 6.84
Epoch  10 | Time     3 | Train Loss 1.3934 | Test Loss 0.369 | Test Error 6.88
Epoch  11 | Time     3 | Train Loss 1.3524 | Test Loss 0.367 | Test Error 6.84
Epoch  12 | Time     3 | Train Loss 1.3168 | Test Loss 0.364 | Test Error 6.83
Epoch  13 | Time     3 | Train Loss 1.2885 | Test Loss 0.363 | Test Error 6.85
Epoch  14 | Time     3 | Train Loss 1.2629 | Test Loss 0.361 | Test Error 6.83
Epoch  15 | Time     3 | Train Loss 1.2395 | Test Loss 0.358 | Test Error 6.83
Epoch  16 | Time     3 | Train Loss 1.2204 | Test Loss 0.356 | Test Error 6.88
Epoch  17 | Time     3 | Train Loss 1.2007 | Test Loss 0.354 | Test Error 6.96
Epoch  18 | Time     3 | Train Loss 1.1921 | Test Loss 0.353 | Test Error 6.91
Epoch  19 | Time     3 | Train Loss 1.1716 | Test Loss 0.355 | Test Error 6.85
Epoch  20 | Time     3 | Train Loss 1.1586 | Test Loss 0.352 | Test Error 6.86
Epoch  21 | Time     3 | Train Loss 1.1460 | Test Loss 0.351 | Test Error 7.00
Epoch  22 | Time     3 | Train Loss 1.1333 | Test Loss 0.348 | Test Error 6.99
Epoch  23 | Time     3 | Train Loss 1.1302 | Test Loss 0.343 | Test Error 6.97
Epoch  24 | Time     3 | Train Loss 1.1100 | Test Loss 0.343 | Test Error 7.08
Epoch  25 | Time     3 | Train Loss 1.1081 | Test Loss 0.340 | Test Error 7.04
Epoch  26 | Time     3 | Train Loss 1.0984 | Test Loss 0.338 | Test Error 7.08
Epoch  27 | Time     3 | Train Loss 1.0985 | Test Loss 0.337 | Test Error 7.03
Epoch  28 | Time     3 | Train Loss 1.0811 | Test Loss 0.333 | Test Error 6.99
Epoch  29 | Time     3 | Train Loss 1.0795 | Test Loss 0.331 | Test Error 7.01
Epoch  30 | Time     3 | Train Loss 1.0708 | Test Loss 0.330 | Test Error 7.04
Epoch  31 | Time     3 | Train Loss 1.0651 | Test Loss 0.328 | Test Error 7.03
Epoch  32 | Time     3 | Train Loss 1.0590 | Test Loss 0.326 | Test Error 7.01
Epoch  33 | Time     3 | Train Loss 1.0513 | Test Loss 0.325 | Test Error 7.04
Epoch  34 | Time     3 | Train Loss 1.0513 | Test Loss 0.323 | Test Error 7.08
Epoch  35 | Time     3 | Train Loss 1.0460 | Test Loss 0.323 | Test Error 7.11
Epoch  36 | Time     4 | Train Loss 1.0421 | Test Loss 0.322 | Test Error 7.16
Epoch  37 | Time     3 | Train Loss 1.0445 | Test Loss 0.320 | Test Error 7.05
Epoch  38 | Time     3 | Train Loss 1.0326 | Test Loss 0.318 | Test Error 7.04
Epoch  39 | Time     3 | Train Loss 1.0300 | Test Loss 0.317 | Test Error 7.06
Epoch  40 | Time     4 | Train Loss 1.0271 | Test Loss 0.313 | Test Error 7.03
Epoch  41 | Time     3 | Train Loss 1.0265 | Test Loss 0.313 | Test Error 7.05
Epoch  42 | Time     3 | Train Loss 1.0220 | Test Loss 0.312 | Test Error 7.06
Epoch  43 | Time     3 | Train Loss 1.0176 | Test Loss 0.309 | Test Error 7.06
Epoch  44 | Time     3 | Train Loss 1.0127 | Test Loss 0.310 | Test Error 7.03
Epoch  45 | Time     3 | Train Loss 1.0090 | Test Loss 0.308 | Test Error 7.06
Epoch  46 | Time     3 | Train Loss 1.0036 | Test Loss 0.308 | Test Error 7.08
Epoch  47 | Time     3 | Train Loss 1.0051 | Test Loss 0.306 | Test Error 7.08
Epoch  48 | Time     3 | Train Loss 1.0065 | Test Loss 0.305 | Test Error 7.17
Epoch  49 | Time     3 | Train Loss 1.0032 | Test Loss 0.305 | Test Error 7.09
Epoch  50 | Time     3 | Train Loss 1.0009 | Test Loss 0.306 | Test Error 7.06
Epoch  51 | Time     3 | Train Loss 0.9983 | Test Loss 0.302 | Test Error 7.05
Epoch  52 | Time     3 | Train Loss 0.9932 | Test Loss 0.300 | Test Error 7.08
Epoch  53 | Time     3 | Train Loss 0.9924 | Test Loss 0.299 | Test Error 7.08
Epoch  54 | Time     3 | Train Loss 0.9961 | Test Loss 0.299 | Test Error 7.08
Epoch  55 | Time     3 | Train Loss 0.9884 | Test Loss 0.296 | Test Error 7.14
Epoch  56 | Time     3 | Train Loss 0.9899 | Test Loss 0.295 | Test Error 7.10
Epoch  57 | Time     3 | Train Loss 0.9844 | Test Loss 0.297 | Test Error 7.08
Epoch  58 | Time     3 | Train Loss 0.9845 | Test Loss 0.294 | Test Error 7.09
Epoch  59 | Time     3 | Train Loss 0.9782 | Test Loss 0.295 | Test Error 7.10
Epoch  60 | Time     3 | Train Loss 0.9807 | Test Loss 0.293 | Test Error 7.06
Epoch  61 | Time     3 | Train Loss 0.9779 | Test Loss 0.293 | Test Error 7.11
Epoch  62 | Time     3 | Train Loss 0.9748 | Test Loss 0.291 | Test Error 7.11
Epoch  63 | Time     3 | Train Loss 0.9745 | Test Loss 0.290 | Test Error 7.09
Epoch  64 | Time     3 | Train Loss 0.9725 | Test Loss 0.290 | Test Error 7.10
Epoch  65 | Time     3 | Train Loss 0.9712 | Test Loss 0.290 | Test Error 7.14
Epoch  66 | Time     3 | Train Loss 0.9732 | Test Loss 0.289 | Test Error 7.09
Epoch  67 | Time     3 | Train Loss 0.9687 | Test Loss 0.288 | Test Error 7.09
Epoch  68 | Time     3 | Train Loss 0.9710 | Test Loss 0.287 | Test Error 7.05
Epoch  69 | Time     3 | Train Loss 0.9695 | Test Loss 0.286 | Test Error 7.01
Epoch  70 | Time     3 | Train Loss 0.9654 | Test Loss 0.287 | Test Error 7.06
Epoch  71 | Time     3 | Train Loss 0.9653 | Test Loss 0.285 | Test Error 7.05
Epoch  72 | Time     3 | Train Loss 0.9626 | Test Loss 0.285 | Test Error 7.12
Epoch  73 | Time     3 | Train Loss 0.9635 | Test Loss 0.284 | Test Error 7.12
Epoch  74 | Time     3 | Train Loss 0.9618 | Test Loss 0.283 | Test Error 7.12
Epoch  75 | Time     3 | Train Loss 0.9609 | Test Loss 0.283 | Test Error 7.09
Epoch  76 | Time     3 | Train Loss 0.9614 | Test Loss 0.283 | Test Error 7.06
Epoch  77 | Time     3 | Train Loss 0.9554 | Test Loss 0.283 | Test Error 7.11
Epoch  78 | Time     3 | Train Loss 0.9585 | Test Loss 0.283 | Test Error 7.14
Epoch  79 | Time     3 | Train Loss 0.9589 | Test Loss 0.282 | Test Error 7.14
Epoch  80 | Time     3 | Train Loss 0.9556 | Test Loss 0.280 | Test Error 7.15
Epoch  81 | Time     3 | Train Loss 0.9557 | Test Loss 0.281 | Test Error 7.11
Epoch  82 | Time     3 | Train Loss 0.9552 | Test Loss 0.279 | Test Error 7.11
Epoch  83 | Time     3 | Train Loss 0.9529 | Test Loss 0.278 | Test Error 7.10
Epoch  84 | Time     3 | Train Loss 0.9542 | Test Loss 0.277 | Test Error 7.10
Epoch  85 | Time     3 | Train Loss 0.9521 | Test Loss 0.276 | Test Error 7.06
Epoch  86 | Time     3 | Train Loss 0.9493 | Test Loss 0.277 | Test Error 7.09
Epoch  87 | Time     3 | Train Loss 0.9526 | Test Loss 0.278 | Test Error 7.15
Epoch  88 | Time     3 | Train Loss 0.9509 | Test Loss 0.277 | Test Error 7.10
Epoch  89 | Time     3 | Train Loss 0.9496 | Test Loss 0.276 | Test Error 7.05
Epoch  90 | Time     3 | Train Loss 0.9552 | Test Loss 0.275 | Test Error 7.10
Epoch  91 | Time     3 | Train Loss 0.9467 | Test Loss 0.275 | Test Error 7.09
Epoch  92 | Time     3 | Train Loss 0.9450 | Test Loss 0.276 | Test Error 7.06
Epoch  93 | Time     3 | Train Loss 0.9485 | Test Loss 0.275 | Test Error 7.05
Epoch  94 | Time     3 | Train Loss 0.9492 | Test Loss 0.276 | Test Error 7.03
Epoch  95 | Time     3 | Train Loss 0.9456 | Test Loss 0.274 | Test Error 7.03
Epoch  96 | Time     3 | Train Loss 0.9461 | Test Loss 0.275 | Test Error 7.11
Epoch  97 | Time     3 | Train Loss 0.9409 | Test Loss 0.274 | Test Error 7.05
Epoch  98 | Time     3 | Train Loss 0.9444 | Test Loss 0.274 | Test Error 7.09
Epoch  99 | Time     3 | Train Loss 0.9426 | Test Loss 0.274 | Test Error 7.10
Epoch 100 | Time     3 | Train Loss 0.9441 | Test Loss 0.273 | Test Error 7.09
ic| len(dset): 60000
ic| len(dset): 10000
Namespace(dataset='FashionMNIST', test_bs=200, num_to_avg=5, validate=False, use_xent=False, method_name='cifar10_allconv_baseline', layers=40, widen_factor=2, droprate=0.3, load='./snapshots', ngpu=1, prefetch=1, out_as_pos=True, score='MSP', T=1.0, noise=0, type='OE', ft_epochs=99, ft_n=2048, regime='Imbalanced')
Model restored!
Error Rate 7.09


Error Detection
			cifar10_allconv_baseline
FPR95:			59.57
FPR99:			38.15
AUROC:			89.68
AUPR:			41.50
Configuration: FashionMNIST_Imbalanced_2048

FashionMNIST Detection

[-0.992062   -0.9933355  -0.99958736] [-0.29826292 -0.8203921  -0.7670333 ]
				cifar10_allconv_baseline
  TPR95 TPR99 AUROC AUPR
69.22 & 54.92 & 91.75 & 75.67
0.45 & 0.22 & 0.07 & 0.24
