ic| len(dset): 60000
ic| len(dset): 10000
{'dataset': 'FashionMNIST', 'model': 'densenet', 'calibration': False, 'epochs': 100, 'learning_rate': 0.001, 'batch_size': 128, 'oe_batch_size': 256, 'test_bs': 200, 'momentum': 0.9, 'decay': 0.0005, 'layers': 40, 'widen_factor': 2, 'droprate': 0.3, 'save': './snapshots/oe_tune', 'load': './snapshots/pretrained', 'test': False, 'ngpu': 1, 'prefetch': 1, 'm_in': -25.0, 'm_out': -7.0, 'score': 'OE', 'seed': 1, 'regime': 'Imbalanced', 'n_ood': 256}
torch.Size([256, 1, 28, 28])
Counter({8: 256})
Tesla V100-PCIE-16GB
Model restored!
  0%|          | 0/63 [00:00<?, ?it/s]  2%|▏         | 1/63 [00:00<00:15,  4.13it/s]  8%|▊         | 5/63 [00:00<00:03, 16.77it/s] 14%|█▍        | 9/63 [00:00<00:02, 23.76it/s] 21%|██        | 13/63 [00:00<00:01, 28.01it/s] 27%|██▋       | 17/63 [00:00<00:01, 30.73it/s] 33%|███▎      | 21/63 [00:00<00:01, 32.48it/s] 40%|███▉      | 25/63 [00:00<00:01, 33.68it/s] 46%|████▌     | 29/63 [00:01<00:00, 34.48it/s] 52%|█████▏    | 33/63 [00:01<00:00, 35.04it/s] 59%|█████▊    | 37/63 [00:01<00:00, 35.43it/s] 65%|██████▌   | 41/63 [00:01<00:00, 35.70it/s] 71%|███████▏  | 45/63 [00:01<00:00, 35.89it/s] 78%|███████▊  | 49/63 [00:01<00:00, 36.03it/s] 84%|████████▍ | 53/63 [00:01<00:00, 36.12it/s] 90%|█████████ | 57/63 [00:01<00:00, 36.20it/s] 97%|█████████▋| 61/63 [00:01<00:00, 36.24it/s]100%|██████████| 63/63 [00:01<00:00, 32.51it/s]
0.9322916666666666
0.3319878768589761
0.9323749999999998
Beginning Training

/home/xysong/.conda/envs/OoD/lib/python3.9/site-packages/torch/optim/lr_scheduler.py:131: UserWarning: Detected call of `lr_scheduler.step()` before `optimizer.step()`. In PyTorch 1.1.0 and later, you should call them in the opposite order: `optimizer.step()` before `lr_scheduler.step()`.  Failure to do this will result in PyTorch skipping the first value of the learning rate schedule. See more details at https://pytorch.org/docs/stable/optim.html#how-to-adjust-learning-rate
  warnings.warn("Detected call of `lr_scheduler.step()` before `optimizer.step()`. "
Epoch   1 | Time     3 | Train Loss 0.5182 | Test Loss 0.328 | Test Error 6.40
Epoch   2 | Time     2 | Train Loss 0.5165 | Test Loss 0.331 | Test Error 6.33
Epoch   3 | Time     2 | Train Loss 0.5085 | Test Loss 0.334 | Test Error 6.41
Epoch   4 | Time     2 | Train Loss 0.5008 | Test Loss 0.337 | Test Error 6.44
Epoch   5 | Time     2 | Train Loss 0.4976 | Test Loss 0.339 | Test Error 6.49
Epoch   6 | Time     2 | Train Loss 0.4998 | Test Loss 0.342 | Test Error 6.53
Epoch   7 | Time     2 | Train Loss 0.4815 | Test Loss 0.344 | Test Error 6.59
Epoch   8 | Time     2 | Train Loss 0.4878 | Test Loss 0.346 | Test Error 6.58
Epoch   9 | Time     2 | Train Loss 0.4832 | Test Loss 0.348 | Test Error 6.60
Epoch  10 | Time     2 | Train Loss 0.4750 | Test Loss 0.350 | Test Error 6.61
Epoch  11 | Time     2 | Train Loss 0.4624 | Test Loss 0.352 | Test Error 6.55
Epoch  12 | Time     2 | Train Loss 0.4561 | Test Loss 0.353 | Test Error 6.55
Epoch  13 | Time     2 | Train Loss 0.4498 | Test Loss 0.354 | Test Error 6.56
Epoch  14 | Time     2 | Train Loss 0.4433 | Test Loss 0.355 | Test Error 6.56
Epoch  15 | Time     2 | Train Loss 0.4313 | Test Loss 0.356 | Test Error 6.58
Epoch  16 | Time     2 | Train Loss 0.4321 | Test Loss 0.357 | Test Error 6.55
Epoch  17 | Time     2 | Train Loss 0.4233 | Test Loss 0.358 | Test Error 6.51
Epoch  18 | Time     2 | Train Loss 0.4291 | Test Loss 0.359 | Test Error 6.53
Epoch  19 | Time     2 | Train Loss 0.4137 | Test Loss 0.360 | Test Error 6.55
Epoch  20 | Time     2 | Train Loss 0.4051 | Test Loss 0.361 | Test Error 6.60
Epoch  21 | Time     2 | Train Loss 0.4013 | Test Loss 0.363 | Test Error 6.62
Epoch  22 | Time     2 | Train Loss 0.3984 | Test Loss 0.364 | Test Error 6.61
Epoch  23 | Time     2 | Train Loss 0.3935 | Test Loss 0.365 | Test Error 6.65
Epoch  24 | Time     2 | Train Loss 0.3832 | Test Loss 0.366 | Test Error 6.64
Epoch  25 | Time     2 | Train Loss 0.3824 | Test Loss 0.366 | Test Error 6.61
Epoch  26 | Time     2 | Train Loss 0.3914 | Test Loss 0.368 | Test Error 6.58
Epoch  27 | Time     2 | Train Loss 0.3746 | Test Loss 0.369 | Test Error 6.61
Epoch  28 | Time     2 | Train Loss 0.3808 | Test Loss 0.370 | Test Error 6.70
Epoch  29 | Time     2 | Train Loss 0.3720 | Test Loss 0.372 | Test Error 6.69
Epoch  30 | Time     2 | Train Loss 0.3651 | Test Loss 0.374 | Test Error 6.70
Epoch  31 | Time     2 | Train Loss 0.3630 | Test Loss 0.374 | Test Error 6.71
Epoch  32 | Time     2 | Train Loss 0.3540 | Test Loss 0.375 | Test Error 6.71
Epoch  33 | Time     2 | Train Loss 0.3583 | Test Loss 0.376 | Test Error 6.74
Epoch  34 | Time     2 | Train Loss 0.3477 | Test Loss 0.376 | Test Error 6.77
Epoch  35 | Time     2 | Train Loss 0.3478 | Test Loss 0.376 | Test Error 6.75
Epoch  36 | Time     2 | Train Loss 0.3440 | Test Loss 0.377 | Test Error 6.73
Epoch  37 | Time     2 | Train Loss 0.3419 | Test Loss 0.377 | Test Error 6.79
Epoch  38 | Time     2 | Train Loss 0.3412 | Test Loss 0.377 | Test Error 6.76
Epoch  39 | Time     2 | Train Loss 0.3373 | Test Loss 0.375 | Test Error 6.77
Epoch  40 | Time     2 | Train Loss 0.3401 | Test Loss 0.377 | Test Error 6.84
Epoch  41 | Time     2 | Train Loss 0.3349 | Test Loss 0.379 | Test Error 6.88
Epoch  42 | Time     3 | Train Loss 0.3323 | Test Loss 0.378 | Test Error 6.83
Epoch  43 | Time     2 | Train Loss 0.3276 | Test Loss 0.379 | Test Error 6.81
Epoch  44 | Time     2 | Train Loss 0.3270 | Test Loss 0.380 | Test Error 6.79
Epoch  45 | Time     2 | Train Loss 0.3269 | Test Loss 0.381 | Test Error 6.81
Epoch  46 | Time     2 | Train Loss 0.3258 | Test Loss 0.381 | Test Error 6.80
Epoch  47 | Time     2 | Train Loss 0.3224 | Test Loss 0.381 | Test Error 6.83
Epoch  48 | Time     2 | Train Loss 0.3192 | Test Loss 0.383 | Test Error 6.83
Epoch  49 | Time     2 | Train Loss 0.3209 | Test Loss 0.384 | Test Error 6.76
Epoch  50 | Time     2 | Train Loss 0.3153 | Test Loss 0.385 | Test Error 6.76
Epoch  51 | Time     2 | Train Loss 0.3113 | Test Loss 0.384 | Test Error 6.77
Epoch  52 | Time     2 | Train Loss 0.3120 | Test Loss 0.384 | Test Error 6.75
Epoch  53 | Time     2 | Train Loss 0.3129 | Test Loss 0.384 | Test Error 6.76
Epoch  54 | Time     2 | Train Loss 0.3107 | Test Loss 0.383 | Test Error 6.74
Epoch  55 | Time     2 | Train Loss 0.3115 | Test Loss 0.383 | Test Error 6.74
Epoch  56 | Time     2 | Train Loss 0.3122 | Test Loss 0.382 | Test Error 6.76
Epoch  57 | Time     2 | Train Loss 0.3080 | Test Loss 0.383 | Test Error 6.73
Epoch  58 | Time     2 | Train Loss 0.3037 | Test Loss 0.382 | Test Error 6.70
Epoch  59 | Time     2 | Train Loss 0.3010 | Test Loss 0.382 | Test Error 6.71
Epoch  60 | Time     2 | Train Loss 0.3003 | Test Loss 0.381 | Test Error 6.73
Epoch  61 | Time     2 | Train Loss 0.3031 | Test Loss 0.382 | Test Error 6.75
Epoch  62 | Time     2 | Train Loss 0.3005 | Test Loss 0.383 | Test Error 6.71
Epoch  63 | Time     2 | Train Loss 0.3008 | Test Loss 0.384 | Test Error 6.70
Epoch  64 | Time     2 | Train Loss 0.2984 | Test Loss 0.385 | Test Error 6.73
Epoch  65 | Time     2 | Train Loss 0.2954 | Test Loss 0.384 | Test Error 6.74
Epoch  66 | Time     2 | Train Loss 0.2942 | Test Loss 0.385 | Test Error 6.75
Epoch  67 | Time     2 | Train Loss 0.2936 | Test Loss 0.384 | Test Error 6.74
Epoch  68 | Time     2 | Train Loss 0.2896 | Test Loss 0.384 | Test Error 6.73
Epoch  69 | Time     2 | Train Loss 0.2938 | Test Loss 0.384 | Test Error 6.74
Epoch  70 | Time     2 | Train Loss 0.2899 | Test Loss 0.384 | Test Error 6.73
Epoch  71 | Time     2 | Train Loss 0.2902 | Test Loss 0.384 | Test Error 6.75
Epoch  72 | Time     2 | Train Loss 0.2919 | Test Loss 0.384 | Test Error 6.76
Epoch  73 | Time     2 | Train Loss 0.2870 | Test Loss 0.385 | Test Error 6.79
Epoch  74 | Time     2 | Train Loss 0.2888 | Test Loss 0.384 | Test Error 6.76
Epoch  75 | Time     2 | Train Loss 0.2843 | Test Loss 0.384 | Test Error 6.76
Epoch  76 | Time     2 | Train Loss 0.2862 | Test Loss 0.385 | Test Error 6.76
Epoch  77 | Time     2 | Train Loss 0.2848 | Test Loss 0.386 | Test Error 6.75
Epoch  78 | Time     2 | Train Loss 0.2817 | Test Loss 0.387 | Test Error 6.74
Epoch  79 | Time     2 | Train Loss 0.2796 | Test Loss 0.386 | Test Error 6.75
Epoch  80 | Time     2 | Train Loss 0.2788 | Test Loss 0.386 | Test Error 6.75
Epoch  81 | Time     2 | Train Loss 0.2783 | Test Loss 0.386 | Test Error 6.75
Epoch  82 | Time     2 | Train Loss 0.2771 | Test Loss 0.386 | Test Error 6.75
Epoch  83 | Time     2 | Train Loss 0.2809 | Test Loss 0.386 | Test Error 6.74
Epoch  84 | Time     2 | Train Loss 0.2759 | Test Loss 0.385 | Test Error 6.71
Epoch  85 | Time     3 | Train Loss 0.2819 | Test Loss 0.384 | Test Error 6.74
Epoch  86 | Time     2 | Train Loss 0.2791 | Test Loss 0.385 | Test Error 6.74
Epoch  87 | Time     2 | Train Loss 0.2762 | Test Loss 0.385 | Test Error 6.77
Epoch  88 | Time     2 | Train Loss 0.2772 | Test Loss 0.385 | Test Error 6.77
Epoch  89 | Time     2 | Train Loss 0.2793 | Test Loss 0.385 | Test Error 6.79
Epoch  90 | Time     2 | Train Loss 0.2758 | Test Loss 0.386 | Test Error 6.83
Epoch  91 | Time     2 | Train Loss 0.2726 | Test Loss 0.386 | Test Error 6.83
Epoch  92 | Time     2 | Train Loss 0.2718 | Test Loss 0.387 | Test Error 6.79
Epoch  93 | Time     2 | Train Loss 0.2747 | Test Loss 0.386 | Test Error 6.79
Epoch  94 | Time     2 | Train Loss 0.2731 | Test Loss 0.386 | Test Error 6.81
Epoch  95 | Time     2 | Train Loss 0.2701 | Test Loss 0.387 | Test Error 6.86
Epoch  96 | Time     2 | Train Loss 0.2686 | Test Loss 0.387 | Test Error 6.88
Epoch  97 | Time     2 | Train Loss 0.2746 | Test Loss 0.385 | Test Error 6.79
Epoch  98 | Time     2 | Train Loss 0.2685 | Test Loss 0.385 | Test Error 6.80
Epoch  99 | Time     2 | Train Loss 0.2666 | Test Loss 0.385 | Test Error 6.83
Epoch 100 | Time     2 | Train Loss 0.2686 | Test Loss 0.386 | Test Error 6.80
ic| len(dset): 60000
ic| len(dset): 10000
Namespace(dataset='FashionMNIST', test_bs=200, num_to_avg=5, validate=False, use_xent=False, method_name='cifar10_allconv_baseline', layers=40, widen_factor=2, droprate=0.3, load='./snapshots', ngpu=1, prefetch=1, out_as_pos=True, score='MSP', T=1.0, noise=0, type='OE', ft_epochs=99, ft_n=256, regime='Imbalanced')
Model restored!
Error Rate 6.80


Error Detection
			cifar10_allconv_baseline
FPR95:			63.26
FPR99:			43.09
AUROC:			89.90
AUPR:			38.54
Configuration: FashionMNIST_Imbalanced_256

FashionMNIST Detection

[-0.9997738  -0.99908686 -0.99999285] [-0.6529026  -0.53180826 -0.7875384 ]
				cifar10_allconv_baseline
  TPR95 TPR99 AUROC AUPR
64.63 & 47.06 & 89.82 & 66.43
0.76 & 1.08 & 0.10 & 0.22
