ic| len(dset): 60000
ic| len(dset): 10000
{'dataset': 'FashionMNIST', 'model': 'densenet', 'calibration': False, 'epochs': 100, 'learning_rate': 0.001, 'batch_size': 128, 'oe_batch_size': 256, 'test_bs': 200, 'momentum': 0.9, 'decay': 0.0005, 'layers': 40, 'widen_factor': 2, 'droprate': 0.3, 'save': './snapshots/oe_tune', 'load': './snapshots/pretrained', 'test': False, 'ngpu': 1, 'prefetch': 1, 'm_in': -25.0, 'm_out': -7.0, 'score': 'OE', 'seed': 1, 'regime': 'Imbalanced', 'n_ood': 512}
torch.Size([512, 1, 28, 28])
Counter({8: 512})
Tesla V100-PCIE-16GB
Model restored!
  0%|          | 0/63 [00:00<?, ?it/s]  2%|▏         | 1/63 [00:00<00:17,  3.49it/s]  8%|▊         | 5/63 [00:00<00:03, 15.03it/s] 14%|█▍        | 9/63 [00:00<00:02, 22.06it/s] 21%|██        | 13/63 [00:00<00:01, 26.57it/s] 27%|██▋       | 17/63 [00:00<00:01, 29.56it/s] 33%|███▎      | 21/63 [00:00<00:01, 31.54it/s] 40%|███▉      | 25/63 [00:00<00:01, 32.93it/s] 46%|████▌     | 29/63 [00:01<00:01, 33.89it/s] 52%|█████▏    | 33/63 [00:01<00:00, 34.56it/s] 59%|█████▊    | 37/63 [00:01<00:00, 35.02it/s] 65%|██████▌   | 41/63 [00:01<00:00, 35.36it/s] 71%|███████▏  | 45/63 [00:01<00:00, 35.59it/s] 78%|███████▊  | 49/63 [00:01<00:00, 35.75it/s] 84%|████████▍ | 53/63 [00:01<00:00, 35.87it/s] 90%|█████████ | 57/63 [00:01<00:00, 35.95it/s] 97%|█████████▋| 61/63 [00:01<00:00, 36.02it/s]100%|██████████| 63/63 [00:01<00:00, 31.59it/s]
0.9322916666666666
0.3319878768589761
0.9323749999999998
Beginning Training

/home/xysong/.conda/envs/OoD/lib/python3.9/site-packages/torch/optim/lr_scheduler.py:131: UserWarning: Detected call of `lr_scheduler.step()` before `optimizer.step()`. In PyTorch 1.1.0 and later, you should call them in the opposite order: `optimizer.step()` before `lr_scheduler.step()`.  Failure to do this will result in PyTorch skipping the first value of the learning rate schedule. See more details at https://pytorch.org/docs/stable/optim.html#how-to-adjust-learning-rate
  warnings.warn("Detected call of `lr_scheduler.step()` before `optimizer.step()`. "
Epoch   1 | Time     3 | Train Loss 0.9406 | Test Loss 0.331 | Test Error 6.40
Epoch   2 | Time     2 | Train Loss 0.9293 | Test Loss 0.337 | Test Error 6.50
Epoch   3 | Time     2 | Train Loss 0.9217 | Test Loss 0.342 | Test Error 6.60
Epoch   4 | Time     2 | Train Loss 0.8957 | Test Loss 0.346 | Test Error 6.62
Epoch   5 | Time     2 | Train Loss 0.8727 | Test Loss 0.349 | Test Error 6.66
Epoch   6 | Time     2 | Train Loss 0.8766 | Test Loss 0.353 | Test Error 6.62
Epoch   7 | Time     2 | Train Loss 0.8307 | Test Loss 0.355 | Test Error 6.58
Epoch   8 | Time     2 | Train Loss 0.8334 | Test Loss 0.357 | Test Error 6.60
Epoch   9 | Time     2 | Train Loss 0.8063 | Test Loss 0.359 | Test Error 6.65
Epoch  10 | Time     2 | Train Loss 0.7897 | Test Loss 0.362 | Test Error 6.60
Epoch  11 | Time     2 | Train Loss 0.7661 | Test Loss 0.363 | Test Error 6.55
Epoch  12 | Time     2 | Train Loss 0.7574 | Test Loss 0.366 | Test Error 6.61
Epoch  13 | Time     2 | Train Loss 0.7406 | Test Loss 0.367 | Test Error 6.66
Epoch  14 | Time     2 | Train Loss 0.7249 | Test Loss 0.369 | Test Error 6.67
Epoch  15 | Time     2 | Train Loss 0.7095 | Test Loss 0.368 | Test Error 6.71
Epoch  16 | Time     2 | Train Loss 0.6992 | Test Loss 0.368 | Test Error 6.75
Epoch  17 | Time     2 | Train Loss 0.6928 | Test Loss 0.370 | Test Error 6.75
Epoch  18 | Time     2 | Train Loss 0.6892 | Test Loss 0.372 | Test Error 6.74
Epoch  19 | Time     2 | Train Loss 0.6697 | Test Loss 0.373 | Test Error 6.76
Epoch  20 | Time     2 | Train Loss 0.6619 | Test Loss 0.375 | Test Error 6.77
Epoch  21 | Time     2 | Train Loss 0.6556 | Test Loss 0.377 | Test Error 6.81
Epoch  22 | Time     2 | Train Loss 0.6503 | Test Loss 0.375 | Test Error 6.85
Epoch  23 | Time     2 | Train Loss 0.6430 | Test Loss 0.378 | Test Error 6.85
Epoch  24 | Time     2 | Train Loss 0.6256 | Test Loss 0.377 | Test Error 6.84
Epoch  25 | Time     2 | Train Loss 0.6230 | Test Loss 0.376 | Test Error 6.83
Epoch  26 | Time     2 | Train Loss 0.6254 | Test Loss 0.377 | Test Error 6.89
Epoch  27 | Time     2 | Train Loss 0.6051 | Test Loss 0.377 | Test Error 6.92
Epoch  28 | Time     2 | Train Loss 0.6011 | Test Loss 0.378 | Test Error 6.89
Epoch  29 | Time     2 | Train Loss 0.5969 | Test Loss 0.379 | Test Error 6.90
Epoch  30 | Time     2 | Train Loss 0.5912 | Test Loss 0.380 | Test Error 6.91
Epoch  31 | Time     2 | Train Loss 0.5861 | Test Loss 0.381 | Test Error 6.92
Epoch  32 | Time     2 | Train Loss 0.5727 | Test Loss 0.381 | Test Error 6.91
Epoch  33 | Time     2 | Train Loss 0.5714 | Test Loss 0.382 | Test Error 6.92
Epoch  34 | Time     2 | Train Loss 0.5635 | Test Loss 0.382 | Test Error 6.95
Epoch  35 | Time     2 | Train Loss 0.5645 | Test Loss 0.382 | Test Error 6.94
Epoch  36 | Time     2 | Train Loss 0.5597 | Test Loss 0.382 | Test Error 6.92
Epoch  37 | Time     2 | Train Loss 0.5499 | Test Loss 0.380 | Test Error 6.94
Epoch  38 | Time     2 | Train Loss 0.5511 | Test Loss 0.380 | Test Error 6.91
Epoch  39 | Time     2 | Train Loss 0.5495 | Test Loss 0.378 | Test Error 6.90
Epoch  40 | Time     2 | Train Loss 0.5455 | Test Loss 0.380 | Test Error 6.91
Epoch  41 | Time     2 | Train Loss 0.5387 | Test Loss 0.382 | Test Error 6.86
Epoch  42 | Time     2 | Train Loss 0.5391 | Test Loss 0.382 | Test Error 6.90
Epoch  43 | Time     2 | Train Loss 0.5257 | Test Loss 0.382 | Test Error 6.92
Epoch  44 | Time     2 | Train Loss 0.5331 | Test Loss 0.384 | Test Error 6.92
Epoch  45 | Time     2 | Train Loss 0.5245 | Test Loss 0.384 | Test Error 6.96
Epoch  46 | Time     2 | Train Loss 0.5221 | Test Loss 0.384 | Test Error 6.96
Epoch  47 | Time     2 | Train Loss 0.5200 | Test Loss 0.383 | Test Error 6.96
Epoch  48 | Time     2 | Train Loss 0.5167 | Test Loss 0.384 | Test Error 6.96
Epoch  49 | Time     2 | Train Loss 0.5148 | Test Loss 0.385 | Test Error 7.00
Epoch  50 | Time     2 | Train Loss 0.5111 | Test Loss 0.386 | Test Error 7.03
Epoch  51 | Time     2 | Train Loss 0.5048 | Test Loss 0.383 | Test Error 6.97
Epoch  52 | Time     2 | Train Loss 0.5080 | Test Loss 0.383 | Test Error 6.95
Epoch  53 | Time     2 | Train Loss 0.5031 | Test Loss 0.381 | Test Error 6.95
Epoch  54 | Time     2 | Train Loss 0.5039 | Test Loss 0.381 | Test Error 6.95
Epoch  55 | Time     2 | Train Loss 0.4999 | Test Loss 0.380 | Test Error 7.00
Epoch  56 | Time     3 | Train Loss 0.5047 | Test Loss 0.379 | Test Error 6.95
Epoch  57 | Time     2 | Train Loss 0.4976 | Test Loss 0.381 | Test Error 6.97
Epoch  58 | Time     2 | Train Loss 0.4937 | Test Loss 0.380 | Test Error 6.95
Epoch  59 | Time     2 | Train Loss 0.4927 | Test Loss 0.380 | Test Error 6.97
Epoch  60 | Time     2 | Train Loss 0.4897 | Test Loss 0.380 | Test Error 6.97
Epoch  61 | Time     2 | Train Loss 0.4930 | Test Loss 0.380 | Test Error 6.92
Epoch  62 | Time     2 | Train Loss 0.4882 | Test Loss 0.382 | Test Error 6.99
Epoch  63 | Time     2 | Train Loss 0.4878 | Test Loss 0.382 | Test Error 7.01
Epoch  64 | Time     3 | Train Loss 0.4863 | Test Loss 0.383 | Test Error 7.03
Epoch  65 | Time     2 | Train Loss 0.4820 | Test Loss 0.382 | Test Error 7.03
Epoch  66 | Time     2 | Train Loss 0.4813 | Test Loss 0.384 | Test Error 7.09
Epoch  67 | Time     2 | Train Loss 0.4788 | Test Loss 0.384 | Test Error 7.09
Epoch  68 | Time     2 | Train Loss 0.4789 | Test Loss 0.384 | Test Error 7.08
Epoch  69 | Time     2 | Train Loss 0.4813 | Test Loss 0.386 | Test Error 7.10
Epoch  70 | Time     2 | Train Loss 0.4735 | Test Loss 0.385 | Test Error 7.10
Epoch  71 | Time     2 | Train Loss 0.4755 | Test Loss 0.384 | Test Error 7.11
Epoch  72 | Time     2 | Train Loss 0.4730 | Test Loss 0.384 | Test Error 7.12
Epoch  73 | Time     2 | Train Loss 0.4721 | Test Loss 0.385 | Test Error 7.09
Epoch  74 | Time     2 | Train Loss 0.4744 | Test Loss 0.382 | Test Error 7.10
Epoch  75 | Time     2 | Train Loss 0.4689 | Test Loss 0.379 | Test Error 7.03
Epoch  76 | Time     2 | Train Loss 0.4698 | Test Loss 0.381 | Test Error 7.09
Epoch  77 | Time     2 | Train Loss 0.4667 | Test Loss 0.382 | Test Error 7.12
Epoch  78 | Time     2 | Train Loss 0.4668 | Test Loss 0.382 | Test Error 7.08
Epoch  79 | Time     2 | Train Loss 0.4644 | Test Loss 0.381 | Test Error 7.09
Epoch  80 | Time     2 | Train Loss 0.4621 | Test Loss 0.382 | Test Error 7.08
Epoch  81 | Time     2 | Train Loss 0.4629 | Test Loss 0.382 | Test Error 7.06
Epoch  82 | Time     2 | Train Loss 0.4604 | Test Loss 0.381 | Test Error 7.10
Epoch  83 | Time     2 | Train Loss 0.4644 | Test Loss 0.380 | Test Error 7.14
Epoch  84 | Time     2 | Train Loss 0.4593 | Test Loss 0.378 | Test Error 7.08
Epoch  85 | Time     2 | Train Loss 0.4607 | Test Loss 0.377 | Test Error 7.03
Epoch  86 | Time     2 | Train Loss 0.4579 | Test Loss 0.378 | Test Error 7.08
Epoch  87 | Time     2 | Train Loss 0.4570 | Test Loss 0.379 | Test Error 7.08
Epoch  88 | Time     2 | Train Loss 0.4594 | Test Loss 0.380 | Test Error 7.09
Epoch  89 | Time     2 | Train Loss 0.4577 | Test Loss 0.379 | Test Error 7.08
Epoch  90 | Time     2 | Train Loss 0.4561 | Test Loss 0.378 | Test Error 7.03
Epoch  91 | Time     2 | Train Loss 0.4535 | Test Loss 0.378 | Test Error 7.09
Epoch  92 | Time     2 | Train Loss 0.4529 | Test Loss 0.377 | Test Error 7.06
Epoch  93 | Time     2 | Train Loss 0.4513 | Test Loss 0.376 | Test Error 7.08
Epoch  94 | Time     2 | Train Loss 0.4513 | Test Loss 0.377 | Test Error 7.11
Epoch  95 | Time     2 | Train Loss 0.4508 | Test Loss 0.376 | Test Error 7.10
Epoch  96 | Time     2 | Train Loss 0.4503 | Test Loss 0.376 | Test Error 7.08
Epoch  97 | Time     2 | Train Loss 0.4517 | Test Loss 0.374 | Test Error 7.08
Epoch  98 | Time     2 | Train Loss 0.4455 | Test Loss 0.375 | Test Error 7.05
Epoch  99 | Time     2 | Train Loss 0.4469 | Test Loss 0.375 | Test Error 7.14
Epoch 100 | Time     2 | Train Loss 0.4485 | Test Loss 0.377 | Test Error 7.12
ic| len(dset): 60000
ic| len(dset): 10000
Namespace(dataset='FashionMNIST', test_bs=200, num_to_avg=5, validate=False, use_xent=False, method_name='cifar10_allconv_baseline', layers=40, widen_factor=2, droprate=0.3, load='./snapshots', ngpu=1, prefetch=1, out_as_pos=True, score='MSP', T=1.0, noise=0, type='OE', ft_epochs=99, ft_n=512, regime='Imbalanced')
Model restored!
Error Rate 7.12


Error Detection
			cifar10_allconv_baseline
FPR95:			63.94
FPR99:			33.11
AUROC:			89.82
AUPR:			42.87
Configuration: FashionMNIST_Imbalanced_512

FashionMNIST Detection

[-0.9993395 -0.9995204 -0.9999887] [-0.28893685 -0.97808003 -0.7675588 ]
				cifar10_allconv_baseline
  TPR95 TPR99 AUROC AUPR
71.25 & 57.65 & 91.77 & 72.39
0.27 & 1.26 & 0.10 & 0.19
