ic| len(dset): 60000
ic| len(dset): 10000
{'dataset': 'FashionMNIST', 'model': 'densenet', 'calibration': False, 'epochs': 100, 'learning_rate': 0.001, 'batch_size': 128, 'oe_batch_size': 256, 'test_bs': 200, 'momentum': 0.9, 'decay': 0.0005, 'layers': 40, 'widen_factor': 2, 'droprate': 0.3, 'save': './snapshots/oe_tune', 'load': './snapshots/pretrained', 'test': False, 'ngpu': 1, 'prefetch': 1, 'm_in': -25.0, 'm_out': -7.0, 'score': 'OE', 'seed': 1, 'regime': 'Imbalanced', 'n_ood': 64}
torch.Size([64, 1, 28, 28])
Counter({8: 64})
Tesla V100-PCIE-16GB
Model restored!
  0%|          | 0/63 [00:00<?, ?it/s]  2%|▏         | 1/63 [00:00<00:17,  3.53it/s]  8%|▊         | 5/63 [00:00<00:03, 15.13it/s] 14%|█▍        | 9/63 [00:00<00:02, 22.17it/s] 21%|██        | 13/63 [00:00<00:01, 26.69it/s] 27%|██▋       | 17/63 [00:00<00:01, 29.68it/s] 33%|███▎      | 21/63 [00:00<00:01, 31.71it/s] 40%|███▉      | 25/63 [00:00<00:01, 33.09it/s] 46%|████▌     | 29/63 [00:01<00:00, 34.05it/s] 52%|█████▏    | 33/63 [00:01<00:00, 34.72it/s] 59%|█████▊    | 37/63 [00:01<00:00, 35.19it/s] 65%|██████▌   | 41/63 [00:01<00:00, 35.51it/s] 71%|███████▏  | 45/63 [00:01<00:00, 35.72it/s] 78%|███████▊  | 49/63 [00:01<00:00, 35.89it/s] 84%|████████▍ | 53/63 [00:01<00:00, 36.01it/s] 90%|█████████ | 57/63 [00:01<00:00, 36.10it/s] 97%|█████████▋| 61/63 [00:01<00:00, 36.16it/s]100%|██████████| 63/63 [00:01<00:00, 31.74it/s]
0.9322916666666666
0.3319878768589761
0.9323749999999998
Beginning Training

/home/xysong/.conda/envs/OoD/lib/python3.9/site-packages/torch/optim/lr_scheduler.py:131: UserWarning: Detected call of `lr_scheduler.step()` before `optimizer.step()`. In PyTorch 1.1.0 and later, you should call them in the opposite order: `optimizer.step()` before `lr_scheduler.step()`.  Failure to do this will result in PyTorch skipping the first value of the learning rate schedule. See more details at https://pytorch.org/docs/stable/optim.html#how-to-adjust-learning-rate
  warnings.warn("Detected call of `lr_scheduler.step()` before `optimizer.step()`. "
Epoch   1 | Time     3 | Train Loss 0.5301 | Test Loss 0.326 | Test Error 6.41
Epoch   2 | Time     2 | Train Loss 0.5192 | Test Loss 0.327 | Test Error 6.42
Epoch   3 | Time     2 | Train Loss 0.5036 | Test Loss 0.328 | Test Error 6.44
Epoch   4 | Time     2 | Train Loss 0.4874 | Test Loss 0.328 | Test Error 6.42
Epoch   5 | Time     2 | Train Loss 0.4801 | Test Loss 0.328 | Test Error 6.53
Epoch   6 | Time     2 | Train Loss 0.4717 | Test Loss 0.329 | Test Error 6.51
Epoch   7 | Time     2 | Train Loss 0.4404 | Test Loss 0.329 | Test Error 6.47
Epoch   8 | Time     2 | Train Loss 0.4412 | Test Loss 0.330 | Test Error 6.53
Epoch   9 | Time     2 | Train Loss 0.4387 | Test Loss 0.331 | Test Error 6.54
Epoch  10 | Time     2 | Train Loss 0.4112 | Test Loss 0.332 | Test Error 6.51
Epoch  11 | Time     2 | Train Loss 0.3987 | Test Loss 0.332 | Test Error 6.51
Epoch  12 | Time     2 | Train Loss 0.3989 | Test Loss 0.332 | Test Error 6.51
Epoch  13 | Time     2 | Train Loss 0.3760 | Test Loss 0.332 | Test Error 6.53
Epoch  14 | Time     2 | Train Loss 0.3673 | Test Loss 0.332 | Test Error 6.58
Epoch  15 | Time     2 | Train Loss 0.3674 | Test Loss 0.332 | Test Error 6.60
Epoch  16 | Time     2 | Train Loss 0.3510 | Test Loss 0.332 | Test Error 6.62
Epoch  17 | Time     2 | Train Loss 0.3528 | Test Loss 0.332 | Test Error 6.62
Epoch  18 | Time     2 | Train Loss 0.3471 | Test Loss 0.334 | Test Error 6.62
Epoch  19 | Time     2 | Train Loss 0.3321 | Test Loss 0.335 | Test Error 6.67
Epoch  20 | Time     2 | Train Loss 0.3259 | Test Loss 0.334 | Test Error 6.65
Epoch  21 | Time     2 | Train Loss 0.3152 | Test Loss 0.335 | Test Error 6.70
Epoch  22 | Time     2 | Train Loss 0.3211 | Test Loss 0.336 | Test Error 6.74
Epoch  23 | Time     2 | Train Loss 0.3069 | Test Loss 0.337 | Test Error 6.71
Epoch  24 | Time     2 | Train Loss 0.3024 | Test Loss 0.337 | Test Error 6.71
Epoch  25 | Time     2 | Train Loss 0.3047 | Test Loss 0.337 | Test Error 6.75
Epoch  26 | Time     2 | Train Loss 0.3228 | Test Loss 0.339 | Test Error 6.79
Epoch  27 | Time     2 | Train Loss 0.2932 | Test Loss 0.339 | Test Error 6.80
Epoch  28 | Time     2 | Train Loss 0.3036 | Test Loss 0.340 | Test Error 6.80
Epoch  29 | Time     2 | Train Loss 0.2937 | Test Loss 0.341 | Test Error 6.75
Epoch  30 | Time     2 | Train Loss 0.2859 | Test Loss 0.342 | Test Error 6.74
Epoch  31 | Time     2 | Train Loss 0.2852 | Test Loss 0.341 | Test Error 6.79
Epoch  32 | Time     2 | Train Loss 0.2766 | Test Loss 0.341 | Test Error 6.77
Epoch  33 | Time     2 | Train Loss 0.2776 | Test Loss 0.342 | Test Error 6.80
Epoch  34 | Time     2 | Train Loss 0.2701 | Test Loss 0.341 | Test Error 6.79
Epoch  35 | Time     2 | Train Loss 0.2755 | Test Loss 0.341 | Test Error 6.77
Epoch  36 | Time     2 | Train Loss 0.2697 | Test Loss 0.340 | Test Error 6.76
Epoch  37 | Time     2 | Train Loss 0.2658 | Test Loss 0.340 | Test Error 6.74
Epoch  38 | Time     2 | Train Loss 0.2782 | Test Loss 0.338 | Test Error 6.71
Epoch  39 | Time     2 | Train Loss 0.2684 | Test Loss 0.337 | Test Error 6.75
Epoch  40 | Time     2 | Train Loss 0.2806 | Test Loss 0.338 | Test Error 6.70
Epoch  41 | Time     2 | Train Loss 0.2603 | Test Loss 0.339 | Test Error 6.75
Epoch  42 | Time     2 | Train Loss 0.2665 | Test Loss 0.339 | Test Error 6.69
Epoch  43 | Time     2 | Train Loss 0.2555 | Test Loss 0.338 | Test Error 6.67
Epoch  44 | Time     2 | Train Loss 0.2580 | Test Loss 0.339 | Test Error 6.71
Epoch  45 | Time     2 | Train Loss 0.2565 | Test Loss 0.339 | Test Error 6.67
Epoch  46 | Time     2 | Train Loss 0.2554 | Test Loss 0.339 | Test Error 6.67
Epoch  47 | Time     2 | Train Loss 0.2591 | Test Loss 0.340 | Test Error 6.69
Epoch  48 | Time     2 | Train Loss 0.2528 | Test Loss 0.341 | Test Error 6.70
Epoch  49 | Time     2 | Train Loss 0.2555 | Test Loss 0.342 | Test Error 6.70
Epoch  50 | Time     2 | Train Loss 0.2507 | Test Loss 0.342 | Test Error 6.70
Epoch  51 | Time     2 | Train Loss 0.2472 | Test Loss 0.341 | Test Error 6.69
Epoch  52 | Time     2 | Train Loss 0.2485 | Test Loss 0.340 | Test Error 6.62
Epoch  53 | Time     2 | Train Loss 0.2490 | Test Loss 0.340 | Test Error 6.64
Epoch  54 | Time     2 | Train Loss 0.2490 | Test Loss 0.339 | Test Error 6.59
Epoch  55 | Time     2 | Train Loss 0.2550 | Test Loss 0.338 | Test Error 6.60
Epoch  56 | Time     2 | Train Loss 0.2528 | Test Loss 0.337 | Test Error 6.64
Epoch  57 | Time     2 | Train Loss 0.2431 | Test Loss 0.338 | Test Error 6.62
Epoch  58 | Time     2 | Train Loss 0.2488 | Test Loss 0.337 | Test Error 6.61
Epoch  59 | Time     2 | Train Loss 0.2438 | Test Loss 0.337 | Test Error 6.64
Epoch  60 | Time     2 | Train Loss 0.2420 | Test Loss 0.337 | Test Error 6.64
Epoch  61 | Time     2 | Train Loss 0.2474 | Test Loss 0.338 | Test Error 6.69
Epoch  62 | Time     3 | Train Loss 0.2445 | Test Loss 0.339 | Test Error 6.64
Epoch  63 | Time     2 | Train Loss 0.2489 | Test Loss 0.340 | Test Error 6.62
Epoch  64 | Time     2 | Train Loss 0.2426 | Test Loss 0.342 | Test Error 6.61
Epoch  65 | Time     2 | Train Loss 0.2406 | Test Loss 0.341 | Test Error 6.65
Epoch  66 | Time     2 | Train Loss 0.2394 | Test Loss 0.342 | Test Error 6.64
Epoch  67 | Time     2 | Train Loss 0.2347 | Test Loss 0.341 | Test Error 6.62
Epoch  68 | Time     2 | Train Loss 0.2348 | Test Loss 0.340 | Test Error 6.67
Epoch  69 | Time     2 | Train Loss 0.2361 | Test Loss 0.341 | Test Error 6.64
Epoch  70 | Time     2 | Train Loss 0.2359 | Test Loss 0.341 | Test Error 6.59
Epoch  71 | Time     2 | Train Loss 0.2411 | Test Loss 0.340 | Test Error 6.61
Epoch  72 | Time     2 | Train Loss 0.2434 | Test Loss 0.341 | Test Error 6.59
Epoch  73 | Time     2 | Train Loss 0.2342 | Test Loss 0.342 | Test Error 6.59
Epoch  74 | Time     2 | Train Loss 0.2387 | Test Loss 0.341 | Test Error 6.56
Epoch  75 | Time     2 | Train Loss 0.2320 | Test Loss 0.341 | Test Error 6.59
Epoch  76 | Time     2 | Train Loss 0.2380 | Test Loss 0.342 | Test Error 6.60
Epoch  77 | Time     2 | Train Loss 0.2360 | Test Loss 0.343 | Test Error 6.60
Epoch  78 | Time     2 | Train Loss 0.2317 | Test Loss 0.343 | Test Error 6.64
Epoch  79 | Time     2 | Train Loss 0.2290 | Test Loss 0.343 | Test Error 6.64
Epoch  80 | Time     2 | Train Loss 0.2289 | Test Loss 0.343 | Test Error 6.62
Epoch  81 | Time     2 | Train Loss 0.2286 | Test Loss 0.343 | Test Error 6.61
Epoch  82 | Time     2 | Train Loss 0.2291 | Test Loss 0.342 | Test Error 6.60
Epoch  83 | Time     2 | Train Loss 0.2328 | Test Loss 0.343 | Test Error 6.62
Epoch  84 | Time     2 | Train Loss 0.2289 | Test Loss 0.342 | Test Error 6.65
Epoch  85 | Time     2 | Train Loss 0.2378 | Test Loss 0.342 | Test Error 6.70
Epoch  86 | Time     2 | Train Loss 0.2323 | Test Loss 0.343 | Test Error 6.71
Epoch  87 | Time     2 | Train Loss 0.2262 | Test Loss 0.344 | Test Error 6.67
Epoch  88 | Time     2 | Train Loss 0.2311 | Test Loss 0.343 | Test Error 6.73
Epoch  89 | Time     2 | Train Loss 0.2416 | Test Loss 0.345 | Test Error 6.75
Epoch  90 | Time     2 | Train Loss 0.2406 | Test Loss 0.345 | Test Error 6.76
Epoch  91 | Time     2 | Train Loss 0.2284 | Test Loss 0.347 | Test Error 6.77
Epoch  92 | Time     2 | Train Loss 0.2294 | Test Loss 0.347 | Test Error 6.69
Epoch  93 | Time     2 | Train Loss 0.2307 | Test Loss 0.347 | Test Error 6.75
Epoch  94 | Time     2 | Train Loss 0.2353 | Test Loss 0.346 | Test Error 6.69
Epoch  95 | Time     2 | Train Loss 0.2289 | Test Loss 0.347 | Test Error 6.71
Epoch  96 | Time     2 | Train Loss 0.2313 | Test Loss 0.347 | Test Error 6.71
Epoch  97 | Time     2 | Train Loss 0.2401 | Test Loss 0.346 | Test Error 6.71
Epoch  98 | Time     2 | Train Loss 0.2237 | Test Loss 0.345 | Test Error 6.70
Epoch  99 | Time     2 | Train Loss 0.2239 | Test Loss 0.345 | Test Error 6.71
Epoch 100 | Time     2 | Train Loss 0.2270 | Test Loss 0.346 | Test Error 6.66
ic| len(dset): 60000
ic| len(dset): 10000
Namespace(dataset='FashionMNIST', test_bs=200, num_to_avg=5, validate=False, use_xent=False, method_name='cifar10_allconv_baseline', layers=40, widen_factor=2, droprate=0.3, load='./snapshots', ngpu=1, prefetch=1, out_as_pos=True, score='MSP', T=1.0, noise=0, type='OE', ft_epochs=99, ft_n=64, regime='Imbalanced')
Model restored!
Error Rate 6.66


Error Detection
			cifar10_allconv_baseline
FPR95:			57.47
FPR99:			34.26
AUROC:			89.59
AUPR:			40.54
Configuration: FashionMNIST_Imbalanced_64

FashionMNIST Detection

[-0.9998375  -0.9997024  -0.99999464] [-0.5362039  -0.9836938  -0.99999774]
				cifar10_allconv_baseline
  TPR95 TPR99 AUROC AUPR
65.67 & 45.88 & 90.04 & 66.78
0.63 & 2.39 & 0.06 & 0.10
