ic| len(dset): 60000
ic| len(dset): 10000
{'dataset': 'FashionMNIST', 'model': 'densenet', 'calibration': False, 'epochs': 100, 'learning_rate': 0.001, 'batch_size': 128, 'oe_batch_size': 256, 'test_bs': 200, 'momentum': 0.9, 'decay': 0.0005, 'layers': 40, 'widen_factor': 2, 'droprate': 0.3, 'save': './snapshots/oe_tune', 'load': './snapshots/pretrained', 'test': False, 'ngpu': 1, 'prefetch': 1, 'm_in': -25.0, 'm_out': -7.0, 'score': 'OE', 'seed': 1, 'regime': 'Imbalanced', 'n_ood': 8}
torch.Size([8, 1, 28, 28])
Counter({8: 8})
Tesla V100-PCIE-16GB
Model restored!
  0%|          | 0/63 [00:00<?, ?it/s]  2%|▏         | 1/63 [00:00<00:17,  3.55it/s]  8%|▊         | 5/63 [00:00<00:03, 14.91it/s] 14%|█▍        | 9/63 [00:00<00:02, 21.76it/s] 21%|██        | 13/63 [00:00<00:01, 26.32it/s] 27%|██▋       | 17/63 [00:00<00:01, 29.38it/s] 33%|███▎      | 21/63 [00:00<00:01, 31.47it/s] 40%|███▉      | 25/63 [00:00<00:01, 32.92it/s] 46%|████▌     | 29/63 [00:01<00:01, 33.73it/s] 52%|█████▏    | 33/63 [00:01<00:00, 34.42it/s] 59%|█████▊    | 37/63 [00:01<00:00, 34.91it/s] 65%|██████▌   | 41/63 [00:01<00:00, 35.27it/s] 71%|███████▏  | 45/63 [00:01<00:00, 35.52it/s] 78%|███████▊  | 49/63 [00:01<00:00, 35.70it/s] 84%|████████▍ | 53/63 [00:01<00:00, 35.84it/s] 90%|█████████ | 57/63 [00:01<00:00, 35.94it/s] 97%|█████████▋| 61/63 [00:01<00:00, 36.01it/s]100%|██████████| 63/63 [00:01<00:00, 31.51it/s]
0.9322916666666666
0.3319878768589761
0.9323749999999998
Beginning Training

/home/xysong/.conda/envs/OoD/lib/python3.9/site-packages/torch/optim/lr_scheduler.py:131: UserWarning: Detected call of `lr_scheduler.step()` before `optimizer.step()`. In PyTorch 1.1.0 and later, you should call them in the opposite order: `optimizer.step()` before `lr_scheduler.step()`.  Failure to do this will result in PyTorch skipping the first value of the learning rate schedule. See more details at https://pytorch.org/docs/stable/optim.html#how-to-adjust-learning-rate
  warnings.warn("Detected call of `lr_scheduler.step()` before `optimizer.step()`. "
Epoch   1 | Time     2 | Train Loss 0.5097 | Test Loss 0.325 | Test Error 6.45
Epoch   2 | Time     2 | Train Loss 0.4888 | Test Loss 0.326 | Test Error 6.42
Epoch   3 | Time     2 | Train Loss 0.4595 | Test Loss 0.325 | Test Error 6.45
Epoch   4 | Time     2 | Train Loss 0.4225 | Test Loss 0.325 | Test Error 6.42
Epoch   5 | Time     2 | Train Loss 0.3999 | Test Loss 0.324 | Test Error 6.47
Epoch   6 | Time     2 | Train Loss 0.3802 | Test Loss 0.325 | Test Error 6.51
Epoch   7 | Time     2 | Train Loss 0.3694 | Test Loss 0.324 | Test Error 6.60
Epoch   8 | Time     2 | Train Loss 0.3643 | Test Loss 0.325 | Test Error 6.60
Epoch   9 | Time     2 | Train Loss 0.3590 | Test Loss 0.326 | Test Error 6.58
Epoch  10 | Time     2 | Train Loss 0.3316 | Test Loss 0.327 | Test Error 6.58
Epoch  11 | Time     2 | Train Loss 0.3141 | Test Loss 0.328 | Test Error 6.64
Epoch  12 | Time     2 | Train Loss 0.3397 | Test Loss 0.328 | Test Error 6.64
Epoch  13 | Time     2 | Train Loss 0.2963 | Test Loss 0.327 | Test Error 6.59
Epoch  14 | Time     2 | Train Loss 0.2921 | Test Loss 0.325 | Test Error 6.67
Epoch  15 | Time     2 | Train Loss 0.2982 | Test Loss 0.324 | Test Error 6.65
Epoch  16 | Time     2 | Train Loss 0.2781 | Test Loss 0.323 | Test Error 6.70
Epoch  17 | Time     2 | Train Loss 0.2803 | Test Loss 0.322 | Test Error 6.66
Epoch  18 | Time     2 | Train Loss 0.2901 | Test Loss 0.323 | Test Error 6.61
Epoch  19 | Time     2 | Train Loss 0.2685 | Test Loss 0.322 | Test Error 6.69
Epoch  20 | Time     2 | Train Loss 0.2630 | Test Loss 0.322 | Test Error 6.64
Epoch  21 | Time     2 | Train Loss 0.2664 | Test Loss 0.322 | Test Error 6.64
Epoch  22 | Time     2 | Train Loss 0.2544 | Test Loss 0.322 | Test Error 6.67
Epoch  23 | Time     2 | Train Loss 0.2487 | Test Loss 0.323 | Test Error 6.62
Epoch  24 | Time     2 | Train Loss 0.2455 | Test Loss 0.322 | Test Error 6.64
Epoch  25 | Time     2 | Train Loss 0.2453 | Test Loss 0.321 | Test Error 6.61
Epoch  26 | Time     2 | Train Loss 0.2658 | Test Loss 0.323 | Test Error 6.61
Epoch  27 | Time     2 | Train Loss 0.2357 | Test Loss 0.322 | Test Error 6.66
Epoch  28 | Time     2 | Train Loss 0.2470 | Test Loss 0.324 | Test Error 6.64
Epoch  29 | Time     2 | Train Loss 0.2414 | Test Loss 0.325 | Test Error 6.64
Epoch  30 | Time     2 | Train Loss 0.2330 | Test Loss 0.325 | Test Error 6.60
Epoch  31 | Time     2 | Train Loss 0.2312 | Test Loss 0.324 | Test Error 6.60
Epoch  32 | Time     2 | Train Loss 0.2329 | Test Loss 0.324 | Test Error 6.61
Epoch  33 | Time     2 | Train Loss 0.2285 | Test Loss 0.324 | Test Error 6.61
Epoch  34 | Time     2 | Train Loss 0.2239 | Test Loss 0.323 | Test Error 6.62
Epoch  35 | Time     2 | Train Loss 0.2315 | Test Loss 0.322 | Test Error 6.64
Epoch  36 | Time     2 | Train Loss 0.2265 | Test Loss 0.322 | Test Error 6.65
Epoch  37 | Time     2 | Train Loss 0.2224 | Test Loss 0.321 | Test Error 6.66
Epoch  38 | Time     2 | Train Loss 0.2377 | Test Loss 0.320 | Test Error 6.67
Epoch  39 | Time     2 | Train Loss 0.2293 | Test Loss 0.318 | Test Error 6.71
Epoch  40 | Time     2 | Train Loss 0.2696 | Test Loss 0.320 | Test Error 6.75
Epoch  41 | Time     2 | Train Loss 0.2247 | Test Loss 0.320 | Test Error 6.70
Epoch  42 | Time     2 | Train Loss 0.2302 | Test Loss 0.320 | Test Error 6.74
Epoch  43 | Time     2 | Train Loss 0.2174 | Test Loss 0.319 | Test Error 6.74
Epoch  44 | Time     2 | Train Loss 0.2219 | Test Loss 0.320 | Test Error 6.71
Epoch  45 | Time     2 | Train Loss 0.2218 | Test Loss 0.320 | Test Error 6.66
Epoch  46 | Time     2 | Train Loss 0.2184 | Test Loss 0.320 | Test Error 6.70
Epoch  47 | Time     2 | Train Loss 0.2284 | Test Loss 0.321 | Test Error 6.73
Epoch  48 | Time     2 | Train Loss 0.2223 | Test Loss 0.321 | Test Error 6.70
Epoch  49 | Time     2 | Train Loss 0.2325 | Test Loss 0.322 | Test Error 6.65
Epoch  50 | Time     2 | Train Loss 0.2231 | Test Loss 0.322 | Test Error 6.60
Epoch  51 | Time     2 | Train Loss 0.2179 | Test Loss 0.321 | Test Error 6.65
Epoch  52 | Time     2 | Train Loss 0.2205 | Test Loss 0.320 | Test Error 6.69
Epoch  53 | Time     2 | Train Loss 0.2200 | Test Loss 0.320 | Test Error 6.69
Epoch  54 | Time     2 | Train Loss 0.2209 | Test Loss 0.319 | Test Error 6.65
Epoch  55 | Time     2 | Train Loss 0.2274 | Test Loss 0.319 | Test Error 6.62
Epoch  56 | Time     2 | Train Loss 0.2256 | Test Loss 0.318 | Test Error 6.73
Epoch  57 | Time     2 | Train Loss 0.2160 | Test Loss 0.318 | Test Error 6.77
Epoch  58 | Time     2 | Train Loss 0.2218 | Test Loss 0.318 | Test Error 6.67
Epoch  59 | Time     2 | Train Loss 0.2229 | Test Loss 0.318 | Test Error 6.73
Epoch  60 | Time     2 | Train Loss 0.2201 | Test Loss 0.317 | Test Error 6.74
Epoch  61 | Time     2 | Train Loss 0.2235 | Test Loss 0.318 | Test Error 6.71
Epoch  62 | Time     2 | Train Loss 0.2204 | Test Loss 0.319 | Test Error 6.74
Epoch  63 | Time     2 | Train Loss 0.2243 | Test Loss 0.321 | Test Error 6.80
Epoch  64 | Time     2 | Train Loss 0.2221 | Test Loss 0.322 | Test Error 6.76
Epoch  65 | Time     2 | Train Loss 0.2190 | Test Loss 0.321 | Test Error 6.75
Epoch  66 | Time     2 | Train Loss 0.2162 | Test Loss 0.322 | Test Error 6.74
Epoch  67 | Time     2 | Train Loss 0.2109 | Test Loss 0.320 | Test Error 6.75
Epoch  68 | Time     2 | Train Loss 0.2162 | Test Loss 0.320 | Test Error 6.74
Epoch  69 | Time     2 | Train Loss 0.2149 | Test Loss 0.320 | Test Error 6.73
Epoch  70 | Time     2 | Train Loss 0.2178 | Test Loss 0.320 | Test Error 6.74
Epoch  71 | Time     3 | Train Loss 0.2250 | Test Loss 0.320 | Test Error 6.74
Epoch  72 | Time     2 | Train Loss 0.2268 | Test Loss 0.320 | Test Error 6.64
Epoch  73 | Time     2 | Train Loss 0.2126 | Test Loss 0.321 | Test Error 6.62
Epoch  74 | Time     2 | Train Loss 0.2216 | Test Loss 0.320 | Test Error 6.67
Epoch  75 | Time     2 | Train Loss 0.2151 | Test Loss 0.320 | Test Error 6.74
Epoch  76 | Time     2 | Train Loss 0.2195 | Test Loss 0.320 | Test Error 6.73
Epoch  77 | Time     2 | Train Loss 0.2210 | Test Loss 0.322 | Test Error 6.64
Epoch  78 | Time     2 | Train Loss 0.2119 | Test Loss 0.322 | Test Error 6.67
Epoch  79 | Time     2 | Train Loss 0.2129 | Test Loss 0.321 | Test Error 6.71
Epoch  80 | Time     2 | Train Loss 0.2118 | Test Loss 0.321 | Test Error 6.67
Epoch  81 | Time     2 | Train Loss 0.2132 | Test Loss 0.320 | Test Error 6.62
Epoch  82 | Time     2 | Train Loss 0.2137 | Test Loss 0.320 | Test Error 6.75
Epoch  83 | Time     2 | Train Loss 0.2190 | Test Loss 0.321 | Test Error 6.74
Epoch  84 | Time     2 | Train Loss 0.2164 | Test Loss 0.320 | Test Error 6.74
Epoch  85 | Time     2 | Train Loss 0.2232 | Test Loss 0.320 | Test Error 6.75
Epoch  86 | Time     2 | Train Loss 0.2164 | Test Loss 0.322 | Test Error 6.79
Epoch  87 | Time     2 | Train Loss 0.2115 | Test Loss 0.322 | Test Error 6.73
Epoch  88 | Time     2 | Train Loss 0.2230 | Test Loss 0.321 | Test Error 6.69
Epoch  89 | Time     2 | Train Loss 0.2322 | Test Loss 0.323 | Test Error 6.71
Epoch  90 | Time     2 | Train Loss 0.2348 | Test Loss 0.324 | Test Error 6.70
Epoch  91 | Time     2 | Train Loss 0.2164 | Test Loss 0.325 | Test Error 6.73
Epoch  92 | Time     2 | Train Loss 0.2199 | Test Loss 0.325 | Test Error 6.71
Epoch  93 | Time     2 | Train Loss 0.2183 | Test Loss 0.325 | Test Error 6.74
Epoch  94 | Time     2 | Train Loss 0.2301 | Test Loss 0.324 | Test Error 6.70
Epoch  95 | Time     2 | Train Loss 0.2208 | Test Loss 0.325 | Test Error 6.65
Epoch  96 | Time     3 | Train Loss 0.2240 | Test Loss 0.325 | Test Error 6.60
Epoch  97 | Time     2 | Train Loss 0.2306 | Test Loss 0.323 | Test Error 6.70
Epoch  98 | Time     2 | Train Loss 0.2144 | Test Loss 0.322 | Test Error 6.70
Epoch  99 | Time     2 | Train Loss 0.2129 | Test Loss 0.322 | Test Error 6.67
Epoch 100 | Time     2 | Train Loss 0.2170 | Test Loss 0.323 | Test Error 6.69
ic| len(dset): 60000
ic| len(dset): 10000
Namespace(dataset='FashionMNIST', test_bs=200, num_to_avg=5, validate=False, use_xent=False, method_name='cifar10_allconv_baseline', layers=40, widen_factor=2, droprate=0.3, load='./snapshots', ngpu=1, prefetch=1, out_as_pos=True, score='MSP', T=1.0, noise=0, type='OE', ft_epochs=99, ft_n=8, regime='Imbalanced')
Model restored!
Error Rate 6.69


Error Detection
			cifar10_allconv_baseline
FPR95:			60.20
FPR99:			25.73
AUROC:			90.01
AUPR:			42.39
Configuration: FashionMNIST_Imbalanced_8

FashionMNIST Detection

[-0.9999049  -0.999584   -0.99998176] [-0.689719   -0.98189294 -0.5952223 ]
				cifar10_allconv_baseline
  TPR95 TPR99 AUROC AUPR
65.22 & 44.44 & 89.91 & 65.51
0.69 & 0.85 & 0.06 & 0.20
