ic| len(dset): 60000
ic| len(dset): 10000
{'dataset': 'MNIST', 'model': 'densenet', 'calibration': False, 'epochs': 100, 'learning_rate': 0.001, 'batch_size': 128, 'oe_batch_size': 256, 'test_bs': 200, 'momentum': 0.9, 'decay': 0.0005, 'layers': 40, 'widen_factor': 2, 'droprate': 0.3, 'save': './snapshots/energy_ft', 'load': './snapshots/pretrained', 'test': False, 'ngpu': 1, 'prefetch': 1, 'm_in': -25.0, 'm_out': -7.0, 'score': 'energy', 'seed': 1, 'regime': 'Balanced', 'n_ood': 1024}
torch.Size([2048, 1, 28, 28])
Counter({8: 1024, 9: 1024})
Tesla V100-PCIE-16GB
Model restored!
  0%|          | 0/63 [00:00<?, ?it/s]  2%|▏         | 1/63 [00:00<00:17,  3.46it/s]  8%|▊         | 5/63 [00:00<00:03, 14.79it/s] 14%|█▍        | 9/63 [00:00<00:02, 21.79it/s] 21%|██        | 13/63 [00:00<00:01, 26.35it/s] 27%|██▋       | 17/63 [00:00<00:01, 29.38it/s] 33%|███▎      | 21/63 [00:00<00:01, 31.43it/s] 40%|███▉      | 25/63 [00:00<00:01, 32.85it/s] 46%|████▌     | 29/63 [00:01<00:01, 33.84it/s] 52%|█████▏    | 33/63 [00:01<00:00, 34.52it/s] 59%|█████▊    | 37/63 [00:01<00:00, 35.00it/s] 65%|██████▌   | 41/63 [00:01<00:00, 35.35it/s] 71%|███████▏  | 45/63 [00:01<00:00, 35.60it/s] 78%|███████▊  | 49/63 [00:01<00:00, 35.77it/s] 84%|████████▍ | 53/63 [00:01<00:00, 35.91it/s] 90%|█████████ | 57/63 [00:01<00:00, 35.99it/s] 97%|█████████▋| 61/63 [00:01<00:00, 36.06it/s]100%|██████████| 63/63 [00:02<00:00, 31.44it/s]
0.9972718253968254
0.010138743690890444
0.9972558313583637
Beginning Training

/home/xysong/.conda/envs/OoD/lib/python3.9/site-packages/torch/optim/lr_scheduler.py:131: UserWarning: Detected call of `lr_scheduler.step()` before `optimizer.step()`. In PyTorch 1.1.0 and later, you should call them in the opposite order: `optimizer.step()` before `lr_scheduler.step()`.  Failure to do this will result in PyTorch skipping the first value of the learning rate schedule. See more details at https://pytorch.org/docs/stable/optim.html#how-to-adjust-learning-rate
  warnings.warn("Detected call of `lr_scheduler.step()` before `optimizer.step()`. "
Epoch   1 | Time     5 | Train Loss 8.4311 | Test Loss 0.013 | Test Error 0.27
Epoch   2 | Time     3 | Train Loss 4.0974 | Test Loss 0.018 | Test Error 0.31
Epoch   3 | Time     3 | Train Loss 2.2893 | Test Loss 0.017 | Test Error 0.29
Epoch   4 | Time     3 | Train Loss 1.3865 | Test Loss 0.017 | Test Error 0.26
Epoch   5 | Time     3 | Train Loss 1.0441 | Test Loss 0.019 | Test Error 0.32
Epoch   6 | Time     3 | Train Loss 0.6964 | Test Loss 0.019 | Test Error 0.32
Epoch   7 | Time     3 | Train Loss 0.5547 | Test Loss 0.019 | Test Error 0.30
Epoch   8 | Time     3 | Train Loss 0.4366 | Test Loss 0.020 | Test Error 0.29
Epoch   9 | Time     3 | Train Loss 0.3989 | Test Loss 0.022 | Test Error 0.30
Epoch  10 | Time     3 | Train Loss 0.3580 | Test Loss 0.023 | Test Error 0.30
Epoch  11 | Time     3 | Train Loss 0.3432 | Test Loss 0.025 | Test Error 0.30
Epoch  12 | Time     3 | Train Loss 0.2804 | Test Loss 0.025 | Test Error 0.31
Epoch  13 | Time     3 | Train Loss 0.2414 | Test Loss 0.026 | Test Error 0.31
Epoch  14 | Time     3 | Train Loss 0.2128 | Test Loss 0.027 | Test Error 0.31
Epoch  15 | Time     3 | Train Loss 0.3464 | Test Loss 0.027 | Test Error 0.32
Epoch  16 | Time     3 | Train Loss 0.2238 | Test Loss 0.027 | Test Error 0.34
Epoch  17 | Time     3 | Train Loss 0.2271 | Test Loss 0.025 | Test Error 0.31
Epoch  18 | Time     3 | Train Loss 0.1945 | Test Loss 0.025 | Test Error 0.31
Epoch  19 | Time     3 | Train Loss 0.1969 | Test Loss 0.026 | Test Error 0.31
Epoch  20 | Time     3 | Train Loss 0.2335 | Test Loss 0.026 | Test Error 0.30
Epoch  21 | Time     3 | Train Loss 0.1509 | Test Loss 0.028 | Test Error 0.31
Epoch  22 | Time     3 | Train Loss 0.2257 | Test Loss 0.029 | Test Error 0.26
Epoch  23 | Time     3 | Train Loss 0.1323 | Test Loss 0.030 | Test Error 0.35
Epoch  24 | Time     3 | Train Loss 0.0811 | Test Loss 0.029 | Test Error 0.34
Epoch  25 | Time     3 | Train Loss 0.1466 | Test Loss 0.030 | Test Error 0.37
Epoch  26 | Time     3 | Train Loss 0.1174 | Test Loss 0.031 | Test Error 0.37
Epoch  27 | Time     3 | Train Loss 0.0738 | Test Loss 0.032 | Test Error 0.36
Epoch  28 | Time     3 | Train Loss 0.1370 | Test Loss 0.033 | Test Error 0.37
Epoch  29 | Time     3 | Train Loss 0.1306 | Test Loss 0.032 | Test Error 0.36
Epoch  30 | Time     3 | Train Loss 0.0706 | Test Loss 0.031 | Test Error 0.35
Epoch  31 | Time     3 | Train Loss 0.0816 | Test Loss 0.030 | Test Error 0.34
Epoch  32 | Time     3 | Train Loss 0.1012 | Test Loss 0.028 | Test Error 0.34
Epoch  33 | Time     3 | Train Loss 0.0825 | Test Loss 0.026 | Test Error 0.27
Epoch  34 | Time     3 | Train Loss 0.1224 | Test Loss 0.027 | Test Error 0.26
Epoch  35 | Time     3 | Train Loss 0.0818 | Test Loss 0.027 | Test Error 0.29
Epoch  36 | Time     4 | Train Loss 0.0714 | Test Loss 0.028 | Test Error 0.31
Epoch  37 | Time     3 | Train Loss 0.0636 | Test Loss 0.030 | Test Error 0.32
Epoch  38 | Time     3 | Train Loss 0.0488 | Test Loss 0.029 | Test Error 0.31
Epoch  39 | Time     3 | Train Loss 0.0471 | Test Loss 0.028 | Test Error 0.30
Epoch  40 | Time     3 | Train Loss 0.0655 | Test Loss 0.029 | Test Error 0.31
Epoch  41 | Time     3 | Train Loss 0.0598 | Test Loss 0.030 | Test Error 0.31
Epoch  42 | Time     3 | Train Loss 0.0808 | Test Loss 0.031 | Test Error 0.30
Epoch  43 | Time     3 | Train Loss 0.1084 | Test Loss 0.032 | Test Error 0.30
Epoch  44 | Time     3 | Train Loss 0.0497 | Test Loss 0.032 | Test Error 0.31
Epoch  45 | Time     3 | Train Loss 0.0292 | Test Loss 0.032 | Test Error 0.30
Epoch  46 | Time     3 | Train Loss 0.0620 | Test Loss 0.032 | Test Error 0.31
Epoch  47 | Time     3 | Train Loss 0.0498 | Test Loss 0.032 | Test Error 0.34
Epoch  48 | Time     3 | Train Loss 0.0375 | Test Loss 0.032 | Test Error 0.34
Epoch  49 | Time     3 | Train Loss 0.0499 | Test Loss 0.033 | Test Error 0.32
Epoch  50 | Time     3 | Train Loss 0.0462 | Test Loss 0.033 | Test Error 0.30
Epoch  51 | Time     5 | Train Loss 0.0655 | Test Loss 0.033 | Test Error 0.35
Epoch  52 | Time     3 | Train Loss 0.0848 | Test Loss 0.032 | Test Error 0.34
Epoch  53 | Time     3 | Train Loss 0.0300 | Test Loss 0.031 | Test Error 0.31
Epoch  54 | Time     3 | Train Loss 0.0285 | Test Loss 0.030 | Test Error 0.31
Epoch  55 | Time     3 | Train Loss 0.0282 | Test Loss 0.031 | Test Error 0.29
Epoch  56 | Time     4 | Train Loss 0.0457 | Test Loss 0.032 | Test Error 0.29
Epoch  57 | Time     3 | Train Loss 0.0342 | Test Loss 0.032 | Test Error 0.29
Epoch  58 | Time     3 | Train Loss 0.1153 | Test Loss 0.032 | Test Error 0.30
Epoch  59 | Time     3 | Train Loss 0.0644 | Test Loss 0.031 | Test Error 0.29
Epoch  60 | Time     3 | Train Loss 0.0833 | Test Loss 0.030 | Test Error 0.30
Epoch  61 | Time     3 | Train Loss 0.0528 | Test Loss 0.029 | Test Error 0.26
Epoch  62 | Time     3 | Train Loss 0.0624 | Test Loss 0.028 | Test Error 0.26
Epoch  63 | Time     3 | Train Loss 0.0223 | Test Loss 0.028 | Test Error 0.26
Epoch  64 | Time     3 | Train Loss 0.0183 | Test Loss 0.028 | Test Error 0.27
Epoch  65 | Time     3 | Train Loss 0.0225 | Test Loss 0.029 | Test Error 0.27
Epoch  66 | Time     4 | Train Loss 0.0589 | Test Loss 0.031 | Test Error 0.30
Epoch  67 | Time     3 | Train Loss 0.0165 | Test Loss 0.033 | Test Error 0.30
Epoch  68 | Time     3 | Train Loss 0.0242 | Test Loss 0.032 | Test Error 0.30
Epoch  69 | Time     3 | Train Loss 0.0548 | Test Loss 0.031 | Test Error 0.30
Epoch  70 | Time     3 | Train Loss 0.0219 | Test Loss 0.031 | Test Error 0.31
Epoch  71 | Time     3 | Train Loss 0.0955 | Test Loss 0.033 | Test Error 0.29
Epoch  72 | Time     3 | Train Loss 0.0204 | Test Loss 0.032 | Test Error 0.34
Epoch  73 | Time     3 | Train Loss 0.0398 | Test Loss 0.032 | Test Error 0.32
Epoch  74 | Time     3 | Train Loss 0.0239 | Test Loss 0.032 | Test Error 0.34
Epoch  75 | Time     5 | Train Loss 0.0319 | Test Loss 0.030 | Test Error 0.32
Epoch  76 | Time     4 | Train Loss 0.0371 | Test Loss 0.030 | Test Error 0.34
Epoch  77 | Time     3 | Train Loss 0.0260 | Test Loss 0.031 | Test Error 0.32
Epoch  78 | Time     3 | Train Loss 0.0270 | Test Loss 0.033 | Test Error 0.31
Epoch  79 | Time     3 | Train Loss 0.0179 | Test Loss 0.032 | Test Error 0.30
Epoch  80 | Time     3 | Train Loss 0.0666 | Test Loss 0.032 | Test Error 0.34
Epoch  81 | Time     3 | Train Loss 0.0201 | Test Loss 0.031 | Test Error 0.34
Epoch  82 | Time     3 | Train Loss 0.0504 | Test Loss 0.031 | Test Error 0.30
Epoch  83 | Time     3 | Train Loss 0.0417 | Test Loss 0.031 | Test Error 0.31
Epoch  84 | Time     3 | Train Loss 0.0337 | Test Loss 0.031 | Test Error 0.30
Epoch  85 | Time     3 | Train Loss 0.0225 | Test Loss 0.032 | Test Error 0.29
Epoch  86 | Time     3 | Train Loss 0.0412 | Test Loss 0.032 | Test Error 0.31
Epoch  87 | Time     3 | Train Loss 0.0253 | Test Loss 0.031 | Test Error 0.29
Epoch  88 | Time     3 | Train Loss 0.0168 | Test Loss 0.031 | Test Error 0.26
Epoch  89 | Time     3 | Train Loss 0.0331 | Test Loss 0.031 | Test Error 0.27
Epoch  90 | Time     3 | Train Loss 0.0292 | Test Loss 0.031 | Test Error 0.30
Epoch  91 | Time     3 | Train Loss 0.0272 | Test Loss 0.030 | Test Error 0.27
Epoch  92 | Time     3 | Train Loss 0.0165 | Test Loss 0.030 | Test Error 0.29
Epoch  93 | Time     3 | Train Loss 0.0067 | Test Loss 0.031 | Test Error 0.30
Epoch  94 | Time     3 | Train Loss 0.0192 | Test Loss 0.031 | Test Error 0.29
Epoch  95 | Time     3 | Train Loss 0.0339 | Test Loss 0.032 | Test Error 0.29
Epoch  96 | Time     3 | Train Loss 0.0239 | Test Loss 0.032 | Test Error 0.29
Epoch  97 | Time     3 | Train Loss 0.0270 | Test Loss 0.034 | Test Error 0.30
Epoch  98 | Time     4 | Train Loss 0.0221 | Test Loss 0.035 | Test Error 0.31
Epoch  99 | Time     3 | Train Loss 0.0370 | Test Loss 0.033 | Test Error 0.32
Epoch 100 | Time     3 | Train Loss 0.0121 | Test Loss 0.033 | Test Error 0.32
ic| len(dset): 60000
ic| len(dset): 10000
Namespace(dataset='MNIST', test_bs=200, num_to_avg=5, validate=False, use_xent=False, method_name='cifar10_allconv_baseline', layers=40, widen_factor=2, droprate=0.3, load='./snapshots', ngpu=1, prefetch=1, out_as_pos=False, score='energy', T=1.0, noise=0, type='energy', ft_epochs=99, ft_n=1024, regime='Balanced')
Model restored!
Error Rate 0.32


Error Detection
			cifar10_allconv_baseline
FPR95:			0.00
FPR99:			0.00
AUROC:			90.09
AUPR:			43.18
Configuration: MNIST_Balanced_1024

MNIST Detection

[-32.447266 -29.656046 -32.914936] [-3.070076  -2.8627372 -3.8649166]
				cifar10_allconv_baseline
  TPR95 TPR99 AUROC AUPR
99.89 & 99.49 & 99.91 & 99.97
0.02 & 0.05 & 0.02 & 0.01
ic| len(dset): 60000
ic| len(dset): 10000
Namespace(dataset='MNIST', test_bs=200, num_to_avg=5, validate=False, use_xent=False, method_name='cifar10_allconv_baseline', layers=40, widen_factor=2, droprate=0.3, load='./snapshots', ngpu=1, prefetch=1, out_as_pos=False, score='energy', T=1.0, noise=0, type='pretrained', ft_epochs=199, ft_n=4, regime='Balanced')
Model restored!
Error Rate 0.22


Error Detection
			cifar10_allconv_baseline
FPR95:			78.11
FPR99:			78.02
AUROC:			98.35
AUPR:			30.32

MNIST Detection

[-10.824996 -10.623584 -11.084024] [-4.2926617 -6.5447683 -5.055948 ]
				cifar10_allconv_baseline
  TPR95 TPR99 AUROC AUPR
97.93 & 77.16 & 99.07 & 99.79
0.09 & 0.54 & 0.03 & 0.02
