ic| len(dset): 60000
ic| len(dset): 10000
{'dataset': 'MNIST', 'model': 'densenet', 'calibration': False, 'epochs': 100, 'learning_rate': 0.001, 'batch_size': 128, 'oe_batch_size': 256, 'test_bs': 200, 'momentum': 0.9, 'decay': 0.0005, 'layers': 40, 'widen_factor': 2, 'droprate': 0.3, 'save': './snapshots/energy_ft', 'load': './snapshots/pretrained', 'test': False, 'ngpu': 1, 'prefetch': 1, 'm_in': -25.0, 'm_out': -7.0, 'score': 'energy', 'seed': 1, 'regime': 'Balanced', 'n_ood': 256}
torch.Size([512, 1, 28, 28])
Counter({8: 256, 9: 256})
Tesla V100-PCIE-16GB
Model restored!
  0%|          | 0/63 [00:00<?, ?it/s]  2%|▏         | 1/63 [00:00<00:15,  4.10it/s]  8%|▊         | 5/63 [00:00<00:03, 16.69it/s] 14%|█▍        | 9/63 [00:00<00:02, 23.68it/s] 21%|██        | 13/63 [00:00<00:01, 27.93it/s] 27%|██▋       | 17/63 [00:00<00:01, 30.64it/s] 33%|███▎      | 21/63 [00:00<00:01, 32.40it/s] 40%|███▉      | 25/63 [00:00<00:01, 33.60it/s] 46%|████▌     | 29/63 [00:01<00:00, 34.42it/s] 52%|█████▏    | 33/63 [00:01<00:00, 34.99it/s] 59%|█████▊    | 37/63 [00:01<00:00, 35.38it/s] 65%|██████▌   | 41/63 [00:01<00:00, 35.65it/s] 71%|███████▏  | 45/63 [00:01<00:00, 35.85it/s] 78%|███████▊  | 49/63 [00:01<00:00, 35.98it/s] 84%|████████▍ | 53/63 [00:01<00:00, 36.08it/s] 90%|█████████ | 57/63 [00:01<00:00, 36.16it/s] 97%|█████████▋| 61/63 [00:01<00:00, 36.21it/s]100%|██████████| 63/63 [00:01<00:00, 32.38it/s]
0.9972718253968254
0.010138743690890444
0.9972558313583637
Beginning Training

/home/xysong/.conda/envs/OoD/lib/python3.9/site-packages/torch/optim/lr_scheduler.py:131: UserWarning: Detected call of `lr_scheduler.step()` before `optimizer.step()`. In PyTorch 1.1.0 and later, you should call them in the opposite order: `optimizer.step()` before `lr_scheduler.step()`.  Failure to do this will result in PyTorch skipping the first value of the learning rate schedule. See more details at https://pytorch.org/docs/stable/optim.html#how-to-adjust-learning-rate
  warnings.warn("Detected call of `lr_scheduler.step()` before `optimizer.step()`. "
Epoch   1 | Time     3 | Train Loss 4.1757 | Test Loss 0.009 | Test Error 0.25
Epoch   2 | Time     2 | Train Loss 3.7367 | Test Loss 0.010 | Test Error 0.27
Epoch   3 | Time     2 | Train Loss 3.4064 | Test Loss 0.011 | Test Error 0.27
Epoch   4 | Time     2 | Train Loss 2.9957 | Test Loss 0.013 | Test Error 0.30
Epoch   5 | Time     2 | Train Loss 2.3028 | Test Loss 0.014 | Test Error 0.26
Epoch   6 | Time     2 | Train Loss 1.8917 | Test Loss 0.015 | Test Error 0.26
Epoch   7 | Time     2 | Train Loss 1.6624 | Test Loss 0.016 | Test Error 0.26
Epoch   8 | Time     2 | Train Loss 1.3826 | Test Loss 0.018 | Test Error 0.26
Epoch   9 | Time     2 | Train Loss 1.1614 | Test Loss 0.019 | Test Error 0.27
Epoch  10 | Time     2 | Train Loss 1.1128 | Test Loss 0.020 | Test Error 0.30
Epoch  11 | Time     2 | Train Loss 1.0027 | Test Loss 0.021 | Test Error 0.30
Epoch  12 | Time     2 | Train Loss 0.7667 | Test Loss 0.022 | Test Error 0.30
Epoch  13 | Time     2 | Train Loss 0.7721 | Test Loss 0.022 | Test Error 0.34
Epoch  14 | Time     2 | Train Loss 0.6663 | Test Loss 0.023 | Test Error 0.34
Epoch  15 | Time     2 | Train Loss 0.5767 | Test Loss 0.024 | Test Error 0.36
Epoch  16 | Time     2 | Train Loss 0.5324 | Test Loss 0.024 | Test Error 0.36
Epoch  17 | Time     2 | Train Loss 0.3835 | Test Loss 0.024 | Test Error 0.32
Epoch  18 | Time     2 | Train Loss 0.3800 | Test Loss 0.024 | Test Error 0.34
Epoch  19 | Time     2 | Train Loss 0.4829 | Test Loss 0.023 | Test Error 0.34
Epoch  20 | Time     2 | Train Loss 0.2666 | Test Loss 0.023 | Test Error 0.31
Epoch  21 | Time     2 | Train Loss 0.3210 | Test Loss 0.023 | Test Error 0.32
Epoch  22 | Time     2 | Train Loss 0.2175 | Test Loss 0.023 | Test Error 0.32
Epoch  23 | Time     2 | Train Loss 0.3151 | Test Loss 0.024 | Test Error 0.31
Epoch  24 | Time     2 | Train Loss 0.2029 | Test Loss 0.024 | Test Error 0.29
Epoch  25 | Time     2 | Train Loss 0.2402 | Test Loss 0.024 | Test Error 0.31
Epoch  26 | Time     2 | Train Loss 0.2696 | Test Loss 0.023 | Test Error 0.32
Epoch  27 | Time     2 | Train Loss 0.1959 | Test Loss 0.023 | Test Error 0.32
Epoch  28 | Time     2 | Train Loss 0.1847 | Test Loss 0.023 | Test Error 0.32
Epoch  29 | Time     2 | Train Loss 0.2077 | Test Loss 0.023 | Test Error 0.35
Epoch  30 | Time     2 | Train Loss 0.0954 | Test Loss 0.024 | Test Error 0.34
Epoch  31 | Time     2 | Train Loss 0.1847 | Test Loss 0.024 | Test Error 0.34
Epoch  32 | Time     2 | Train Loss 0.1231 | Test Loss 0.024 | Test Error 0.34
Epoch  33 | Time     2 | Train Loss 0.1939 | Test Loss 0.025 | Test Error 0.35
Epoch  34 | Time     2 | Train Loss 0.1341 | Test Loss 0.025 | Test Error 0.36
Epoch  35 | Time     2 | Train Loss 0.1438 | Test Loss 0.025 | Test Error 0.35
Epoch  36 | Time     2 | Train Loss 0.1268 | Test Loss 0.024 | Test Error 0.34
Epoch  37 | Time     2 | Train Loss 0.1479 | Test Loss 0.024 | Test Error 0.34
Epoch  38 | Time     2 | Train Loss 0.1220 | Test Loss 0.025 | Test Error 0.34
Epoch  39 | Time     2 | Train Loss 0.0923 | Test Loss 0.025 | Test Error 0.32
Epoch  40 | Time     2 | Train Loss 0.0826 | Test Loss 0.025 | Test Error 0.32
Epoch  41 | Time     2 | Train Loss 0.0406 | Test Loss 0.026 | Test Error 0.32
Epoch  42 | Time     2 | Train Loss 0.0853 | Test Loss 0.026 | Test Error 0.32
Epoch  43 | Time     2 | Train Loss 0.0736 | Test Loss 0.026 | Test Error 0.32
Epoch  44 | Time     2 | Train Loss 0.0946 | Test Loss 0.027 | Test Error 0.32
Epoch  45 | Time     2 | Train Loss 0.1091 | Test Loss 0.026 | Test Error 0.32
Epoch  46 | Time     2 | Train Loss 0.0873 | Test Loss 0.026 | Test Error 0.34
Epoch  47 | Time     2 | Train Loss 0.0848 | Test Loss 0.026 | Test Error 0.34
Epoch  48 | Time     2 | Train Loss 0.1140 | Test Loss 0.026 | Test Error 0.32
Epoch  49 | Time     2 | Train Loss 0.0896 | Test Loss 0.026 | Test Error 0.32
Epoch  50 | Time     2 | Train Loss 0.0847 | Test Loss 0.026 | Test Error 0.34
Epoch  51 | Time     2 | Train Loss 0.0831 | Test Loss 0.025 | Test Error 0.34
Epoch  52 | Time     2 | Train Loss 0.1362 | Test Loss 0.025 | Test Error 0.34
Epoch  53 | Time     2 | Train Loss 0.0976 | Test Loss 0.025 | Test Error 0.34
Epoch  54 | Time     2 | Train Loss 0.0526 | Test Loss 0.024 | Test Error 0.34
Epoch  55 | Time     2 | Train Loss 0.0915 | Test Loss 0.024 | Test Error 0.34
Epoch  56 | Time     2 | Train Loss 0.0978 | Test Loss 0.023 | Test Error 0.30
Epoch  57 | Time     2 | Train Loss 0.0684 | Test Loss 0.023 | Test Error 0.30
Epoch  58 | Time     2 | Train Loss 0.0773 | Test Loss 0.023 | Test Error 0.25
Epoch  59 | Time     2 | Train Loss 0.0598 | Test Loss 0.023 | Test Error 0.25
Epoch  60 | Time     2 | Train Loss 0.0689 | Test Loss 0.023 | Test Error 0.27
Epoch  61 | Time     2 | Train Loss 0.0614 | Test Loss 0.023 | Test Error 0.27
Epoch  62 | Time     2 | Train Loss 0.0712 | Test Loss 0.023 | Test Error 0.30
Epoch  63 | Time     2 | Train Loss 0.0795 | Test Loss 0.024 | Test Error 0.30
Epoch  64 | Time     2 | Train Loss 0.0448 | Test Loss 0.025 | Test Error 0.27
Epoch  65 | Time     2 | Train Loss 0.0399 | Test Loss 0.025 | Test Error 0.30
Epoch  66 | Time     2 | Train Loss 0.0877 | Test Loss 0.026 | Test Error 0.30
Epoch  67 | Time     2 | Train Loss 0.0279 | Test Loss 0.027 | Test Error 0.31
Epoch  68 | Time     2 | Train Loss 0.0385 | Test Loss 0.027 | Test Error 0.32
Epoch  69 | Time     2 | Train Loss 0.0406 | Test Loss 0.027 | Test Error 0.32
Epoch  70 | Time     2 | Train Loss 0.0885 | Test Loss 0.027 | Test Error 0.32
Epoch  71 | Time     2 | Train Loss 0.0701 | Test Loss 0.028 | Test Error 0.32
Epoch  72 | Time     2 | Train Loss 0.0458 | Test Loss 0.028 | Test Error 0.32
Epoch  73 | Time     2 | Train Loss 0.0172 | Test Loss 0.028 | Test Error 0.32
Epoch  74 | Time     2 | Train Loss 0.0496 | Test Loss 0.028 | Test Error 0.32
Epoch  75 | Time     2 | Train Loss 0.0511 | Test Loss 0.028 | Test Error 0.32
Epoch  76 | Time     2 | Train Loss 0.0472 | Test Loss 0.028 | Test Error 0.34
Epoch  77 | Time     2 | Train Loss 0.0562 | Test Loss 0.028 | Test Error 0.34
Epoch  78 | Time     2 | Train Loss 0.0225 | Test Loss 0.029 | Test Error 0.34
Epoch  79 | Time     2 | Train Loss 0.0129 | Test Loss 0.028 | Test Error 0.35
Epoch  80 | Time     2 | Train Loss 0.0488 | Test Loss 0.029 | Test Error 0.35
Epoch  81 | Time     2 | Train Loss 0.0271 | Test Loss 0.028 | Test Error 0.34
Epoch  82 | Time     2 | Train Loss 0.0539 | Test Loss 0.029 | Test Error 0.32
Epoch  83 | Time     2 | Train Loss 0.0531 | Test Loss 0.029 | Test Error 0.35
Epoch  84 | Time     2 | Train Loss 0.0363 | Test Loss 0.029 | Test Error 0.35
Epoch  85 | Time     2 | Train Loss 0.0545 | Test Loss 0.029 | Test Error 0.36
Epoch  86 | Time     2 | Train Loss 0.0476 | Test Loss 0.029 | Test Error 0.35
Epoch  87 | Time     2 | Train Loss 0.0441 | Test Loss 0.029 | Test Error 0.36
Epoch  88 | Time     2 | Train Loss 0.0194 | Test Loss 0.029 | Test Error 0.36
Epoch  89 | Time     2 | Train Loss 0.0373 | Test Loss 0.028 | Test Error 0.35
Epoch  90 | Time     2 | Train Loss 0.0312 | Test Loss 0.028 | Test Error 0.35
Epoch  91 | Time     2 | Train Loss 0.0540 | Test Loss 0.027 | Test Error 0.36
Epoch  92 | Time     2 | Train Loss 0.0239 | Test Loss 0.027 | Test Error 0.35
Epoch  93 | Time     2 | Train Loss 0.0247 | Test Loss 0.027 | Test Error 0.35
Epoch  94 | Time     2 | Train Loss 0.0134 | Test Loss 0.027 | Test Error 0.34
Epoch  95 | Time     2 | Train Loss 0.0417 | Test Loss 0.027 | Test Error 0.35
Epoch  96 | Time     2 | Train Loss 0.0698 | Test Loss 0.027 | Test Error 0.35
Epoch  97 | Time     2 | Train Loss 0.0299 | Test Loss 0.027 | Test Error 0.35
Epoch  98 | Time     2 | Train Loss 0.0458 | Test Loss 0.027 | Test Error 0.35
Epoch  99 | Time     2 | Train Loss 0.0676 | Test Loss 0.027 | Test Error 0.35
Epoch 100 | Time     2 | Train Loss 0.0272 | Test Loss 0.027 | Test Error 0.34
ic| len(dset): 60000
ic| len(dset): 10000
Namespace(dataset='MNIST', test_bs=200, num_to_avg=5, validate=False, use_xent=False, method_name='cifar10_allconv_baseline', layers=40, widen_factor=2, droprate=0.3, load='./snapshots', ngpu=1, prefetch=1, out_as_pos=False, score='energy', T=1.0, noise=0, type='energy', ft_epochs=99, ft_n=256, regime='Balanced')
Model restored!
Error Rate 0.34


Error Detection
			cifar10_allconv_baseline
FPR95:			98.19
FPR99:			0.00
AUROC:			95.94
AUPR:			46.66
Configuration: MNIST_Balanced_256

MNIST Detection

[-29.044216 -27.247929 -28.41318 ] [-8.031002  -4.727503  -2.9200113]
				cifar10_allconv_baseline
  TPR95 TPR99 AUROC AUPR
99.91 & 98.70 & 99.93 & 99.98
0.03 & 0.06 & 0.01 & 0.00
ic| len(dset): 60000
ic| len(dset): 10000
Namespace(dataset='MNIST', test_bs=200, num_to_avg=5, validate=False, use_xent=False, method_name='cifar10_allconv_baseline', layers=40, widen_factor=2, droprate=0.3, load='./snapshots', ngpu=1, prefetch=1, out_as_pos=False, score='energy', T=1.0, noise=0, type='pretrained', ft_epochs=199, ft_n=4, regime='Balanced')
Model restored!
Error Rate 0.22


Error Detection
			cifar10_allconv_baseline
FPR95:			78.11
FPR99:			78.02
AUROC:			98.35
AUPR:			30.32

MNIST Detection

[-10.824994  -10.623582  -11.0840225] [-4.20675   -5.234358  -5.1213903]
				cifar10_allconv_baseline
  TPR95 TPR99 AUROC AUPR
97.93 & 77.28 & 99.07 & 99.79
0.19 & 0.33 & 0.03 & 0.02
