ic| len(dset): 60000
ic| len(dset): 10000
{'dataset': 'MNIST', 'model': 'densenet', 'calibration': False, 'epochs': 100, 'learning_rate': 0.001, 'batch_size': 128, 'oe_batch_size': 256, 'test_bs': 200, 'momentum': 0.9, 'decay': 0.0005, 'layers': 40, 'widen_factor': 2, 'droprate': 0.3, 'save': './snapshots/energy_ft', 'load': './snapshots/pretrained', 'test': False, 'ngpu': 1, 'prefetch': 1, 'm_in': -25.0, 'm_out': -7.0, 'score': 'energy', 'seed': 1, 'regime': 'Balanced', 'n_ood': 32}
torch.Size([64, 1, 28, 28])
Counter({8: 32, 9: 32})
Tesla V100-PCIE-16GB
Model restored!
  0%|          | 0/63 [00:00<?, ?it/s]  2%|▏         | 1/63 [00:00<00:16,  3.78it/s]  8%|▊         | 5/63 [00:00<00:03, 15.59it/s] 14%|█▍        | 9/63 [00:00<00:02, 22.49it/s] 21%|██        | 13/63 [00:00<00:01, 26.99it/s] 27%|██▋       | 17/63 [00:00<00:01, 29.95it/s] 33%|███▎      | 21/63 [00:00<00:01, 31.96it/s] 40%|███▉      | 25/63 [00:00<00:01, 33.33it/s] 46%|████▌     | 29/63 [00:01<00:00, 34.27it/s] 52%|█████▏    | 33/63 [00:01<00:00, 34.91it/s] 59%|█████▊    | 37/63 [00:01<00:00, 35.36it/s] 65%|██████▌   | 41/63 [00:01<00:00, 35.58it/s] 71%|███████▏  | 45/63 [00:01<00:00, 35.74it/s] 78%|███████▊  | 49/63 [00:01<00:00, 35.86it/s] 84%|████████▍ | 53/63 [00:01<00:00, 35.96it/s] 90%|█████████ | 57/63 [00:01<00:00, 36.04it/s] 97%|█████████▋| 61/63 [00:01<00:00, 36.10it/s]100%|██████████| 63/63 [00:01<00:00, 31.91it/s]
0.9972718253968254
0.010138743690890444
0.9972558313583637
Beginning Training

/home/xysong/.conda/envs/OoD/lib/python3.9/site-packages/torch/optim/lr_scheduler.py:131: UserWarning: Detected call of `lr_scheduler.step()` before `optimizer.step()`. In PyTorch 1.1.0 and later, you should call them in the opposite order: `optimizer.step()` before `lr_scheduler.step()`.  Failure to do this will result in PyTorch skipping the first value of the learning rate schedule. See more details at https://pytorch.org/docs/stable/optim.html#how-to-adjust-learning-rate
  warnings.warn("Detected call of `lr_scheduler.step()` before `optimizer.step()`. "
Epoch   1 | Time     3 | Train Loss 3.4535 | Test Loss 0.009 | Test Error 0.22
Epoch   2 | Time     2 | Train Loss 3.3653 | Test Loss 0.009 | Test Error 0.25
Epoch   3 | Time     2 | Train Loss 3.3115 | Test Loss 0.009 | Test Error 0.26
Epoch   4 | Time     2 | Train Loss 3.2908 | Test Loss 0.010 | Test Error 0.27
Epoch   5 | Time     2 | Train Loss 3.1843 | Test Loss 0.010 | Test Error 0.30
Epoch   6 | Time     2 | Train Loss 3.0139 | Test Loss 0.010 | Test Error 0.27
Epoch   7 | Time     2 | Train Loss 2.9590 | Test Loss 0.011 | Test Error 0.25
Epoch   8 | Time     4 | Train Loss 2.7771 | Test Loss 0.011 | Test Error 0.25
Epoch   9 | Time     2 | Train Loss 2.7582 | Test Loss 0.011 | Test Error 0.26
Epoch  10 | Time     2 | Train Loss 2.6646 | Test Loss 0.012 | Test Error 0.26
Epoch  11 | Time     2 | Train Loss 2.6401 | Test Loss 0.012 | Test Error 0.25
Epoch  12 | Time     2 | Train Loss 2.3874 | Test Loss 0.012 | Test Error 0.25
Epoch  13 | Time     2 | Train Loss 2.4134 | Test Loss 0.012 | Test Error 0.25
Epoch  14 | Time     2 | Train Loss 2.3029 | Test Loss 0.013 | Test Error 0.25
Epoch  15 | Time     2 | Train Loss 2.1439 | Test Loss 0.013 | Test Error 0.25
Epoch  16 | Time     2 | Train Loss 2.0594 | Test Loss 0.013 | Test Error 0.26
Epoch  17 | Time     2 | Train Loss 1.9204 | Test Loss 0.013 | Test Error 0.26
Epoch  18 | Time     2 | Train Loss 1.7924 | Test Loss 0.014 | Test Error 0.26
Epoch  19 | Time     2 | Train Loss 1.8142 | Test Loss 0.014 | Test Error 0.26
Epoch  20 | Time     2 | Train Loss 1.7049 | Test Loss 0.013 | Test Error 0.27
Epoch  21 | Time     2 | Train Loss 1.5643 | Test Loss 0.014 | Test Error 0.27
Epoch  22 | Time     2 | Train Loss 1.4074 | Test Loss 0.014 | Test Error 0.26
Epoch  23 | Time     2 | Train Loss 1.5259 | Test Loss 0.015 | Test Error 0.27
Epoch  24 | Time     2 | Train Loss 1.3535 | Test Loss 0.015 | Test Error 0.29
Epoch  25 | Time     2 | Train Loss 1.2462 | Test Loss 0.015 | Test Error 0.27
Epoch  26 | Time     2 | Train Loss 1.2283 | Test Loss 0.015 | Test Error 0.30
Epoch  27 | Time     2 | Train Loss 1.0722 | Test Loss 0.015 | Test Error 0.29
Epoch  28 | Time     4 | Train Loss 1.0369 | Test Loss 0.015 | Test Error 0.27
Epoch  29 | Time     2 | Train Loss 1.0075 | Test Loss 0.015 | Test Error 0.27
Epoch  30 | Time     2 | Train Loss 0.8746 | Test Loss 0.015 | Test Error 0.27
Epoch  31 | Time     2 | Train Loss 0.9008 | Test Loss 0.015 | Test Error 0.26
Epoch  32 | Time     2 | Train Loss 0.8692 | Test Loss 0.015 | Test Error 0.26
Epoch  33 | Time     2 | Train Loss 0.8759 | Test Loss 0.015 | Test Error 0.26
Epoch  34 | Time     2 | Train Loss 0.7457 | Test Loss 0.016 | Test Error 0.27
Epoch  35 | Time     2 | Train Loss 0.7014 | Test Loss 0.016 | Test Error 0.26
Epoch  36 | Time     2 | Train Loss 0.5759 | Test Loss 0.016 | Test Error 0.27
Epoch  37 | Time     2 | Train Loss 0.6003 | Test Loss 0.016 | Test Error 0.27
Epoch  38 | Time     2 | Train Loss 0.5582 | Test Loss 0.016 | Test Error 0.30
Epoch  39 | Time     2 | Train Loss 0.5424 | Test Loss 0.016 | Test Error 0.30
Epoch  40 | Time     2 | Train Loss 0.4846 | Test Loss 0.017 | Test Error 0.30
Epoch  41 | Time     2 | Train Loss 0.4641 | Test Loss 0.017 | Test Error 0.30
Epoch  42 | Time     2 | Train Loss 0.4307 | Test Loss 0.018 | Test Error 0.30
Epoch  43 | Time     2 | Train Loss 0.4402 | Test Loss 0.018 | Test Error 0.31
Epoch  44 | Time     2 | Train Loss 0.3691 | Test Loss 0.019 | Test Error 0.31
Epoch  45 | Time     2 | Train Loss 0.4110 | Test Loss 0.018 | Test Error 0.31
Epoch  46 | Time     2 | Train Loss 0.3728 | Test Loss 0.018 | Test Error 0.31
Epoch  47 | Time     2 | Train Loss 0.3799 | Test Loss 0.019 | Test Error 0.31
Epoch  48 | Time     2 | Train Loss 0.4941 | Test Loss 0.019 | Test Error 0.31
Epoch  49 | Time     2 | Train Loss 0.3975 | Test Loss 0.019 | Test Error 0.31
Epoch  50 | Time     2 | Train Loss 0.2957 | Test Loss 0.019 | Test Error 0.31
Epoch  51 | Time     2 | Train Loss 0.3599 | Test Loss 0.019 | Test Error 0.30
Epoch  52 | Time     2 | Train Loss 0.3276 | Test Loss 0.019 | Test Error 0.30
Epoch  53 | Time     2 | Train Loss 0.3250 | Test Loss 0.020 | Test Error 0.30
Epoch  54 | Time     2 | Train Loss 0.2101 | Test Loss 0.020 | Test Error 0.30
Epoch  55 | Time     2 | Train Loss 0.2198 | Test Loss 0.019 | Test Error 0.30
Epoch  56 | Time     2 | Train Loss 0.2601 | Test Loss 0.020 | Test Error 0.30
Epoch  57 | Time     2 | Train Loss 0.1766 | Test Loss 0.020 | Test Error 0.30
Epoch  58 | Time     2 | Train Loss 0.1868 | Test Loss 0.020 | Test Error 0.31
Epoch  59 | Time     2 | Train Loss 0.2046 | Test Loss 0.020 | Test Error 0.31
Epoch  60 | Time     3 | Train Loss 0.2824 | Test Loss 0.020 | Test Error 0.30
Epoch  61 | Time     2 | Train Loss 0.1235 | Test Loss 0.020 | Test Error 0.30
Epoch  62 | Time     2 | Train Loss 0.1397 | Test Loss 0.020 | Test Error 0.30
Epoch  63 | Time     2 | Train Loss 0.2173 | Test Loss 0.020 | Test Error 0.30
Epoch  64 | Time     2 | Train Loss 0.1055 | Test Loss 0.021 | Test Error 0.30
Epoch  65 | Time     2 | Train Loss 0.1410 | Test Loss 0.021 | Test Error 0.30
Epoch  66 | Time     2 | Train Loss 0.2251 | Test Loss 0.021 | Test Error 0.30
Epoch  67 | Time     2 | Train Loss 0.1003 | Test Loss 0.021 | Test Error 0.29
Epoch  68 | Time     2 | Train Loss 0.1491 | Test Loss 0.022 | Test Error 0.29
Epoch  69 | Time     2 | Train Loss 0.1798 | Test Loss 0.023 | Test Error 0.30
Epoch  70 | Time     2 | Train Loss 0.2884 | Test Loss 0.022 | Test Error 0.29
Epoch  71 | Time     2 | Train Loss 0.1258 | Test Loss 0.022 | Test Error 0.29
Epoch  72 | Time     2 | Train Loss 0.0699 | Test Loss 0.023 | Test Error 0.30
Epoch  73 | Time     2 | Train Loss 0.0699 | Test Loss 0.023 | Test Error 0.30
Epoch  74 | Time     2 | Train Loss 0.0994 | Test Loss 0.023 | Test Error 0.30
Epoch  75 | Time     2 | Train Loss 0.1157 | Test Loss 0.023 | Test Error 0.31
Epoch  76 | Time     2 | Train Loss 0.1247 | Test Loss 0.023 | Test Error 0.31
Epoch  77 | Time     2 | Train Loss 0.1059 | Test Loss 0.023 | Test Error 0.31
Epoch  78 | Time     2 | Train Loss 0.0435 | Test Loss 0.023 | Test Error 0.31
Epoch  79 | Time     2 | Train Loss 0.0581 | Test Loss 0.023 | Test Error 0.31
Epoch  80 | Time     2 | Train Loss 0.1318 | Test Loss 0.023 | Test Error 0.32
Epoch  81 | Time     2 | Train Loss 0.0744 | Test Loss 0.023 | Test Error 0.32
Epoch  82 | Time     2 | Train Loss 0.0867 | Test Loss 0.023 | Test Error 0.32
Epoch  83 | Time     2 | Train Loss 0.0704 | Test Loss 0.023 | Test Error 0.32
Epoch  84 | Time     2 | Train Loss 0.0703 | Test Loss 0.023 | Test Error 0.34
Epoch  85 | Time     2 | Train Loss 0.1178 | Test Loss 0.023 | Test Error 0.32
Epoch  86 | Time     2 | Train Loss 0.1025 | Test Loss 0.023 | Test Error 0.32
Epoch  87 | Time     2 | Train Loss 0.0911 | Test Loss 0.024 | Test Error 0.32
Epoch  88 | Time     2 | Train Loss 0.0915 | Test Loss 0.024 | Test Error 0.31
Epoch  89 | Time     2 | Train Loss 0.1417 | Test Loss 0.025 | Test Error 0.31
Epoch  90 | Time     2 | Train Loss 0.0675 | Test Loss 0.025 | Test Error 0.31
Epoch  91 | Time     2 | Train Loss 0.1473 | Test Loss 0.024 | Test Error 0.31
Epoch  92 | Time     2 | Train Loss 0.0364 | Test Loss 0.024 | Test Error 0.31
Epoch  93 | Time     2 | Train Loss 0.0466 | Test Loss 0.025 | Test Error 0.31
Epoch  94 | Time     2 | Train Loss 0.0326 | Test Loss 0.025 | Test Error 0.31
Epoch  95 | Time     2 | Train Loss 0.0905 | Test Loss 0.025 | Test Error 0.31
Epoch  96 | Time     2 | Train Loss 0.0602 | Test Loss 0.024 | Test Error 0.31
Epoch  97 | Time     2 | Train Loss 0.0943 | Test Loss 0.024 | Test Error 0.31
Epoch  98 | Time     2 | Train Loss 0.0640 | Test Loss 0.024 | Test Error 0.31
Epoch  99 | Time     2 | Train Loss 0.0858 | Test Loss 0.024 | Test Error 0.31
Epoch 100 | Time     2 | Train Loss 0.0724 | Test Loss 0.024 | Test Error 0.31
ic| len(dset): 60000
ic| len(dset): 10000
Namespace(dataset='MNIST', test_bs=200, num_to_avg=5, validate=False, use_xent=False, method_name='cifar10_allconv_baseline', layers=40, widen_factor=2, droprate=0.3, load='./snapshots', ngpu=1, prefetch=1, out_as_pos=False, score='energy', T=1.0, noise=0, type='energy', ft_epochs=99, ft_n=32, regime='Balanced')
Model restored!
Error Rate 0.31


Error Detection
			cifar10_allconv_baseline
FPR95:			96.82
FPR99:			0.00
AUROC:			97.45
AUPR:			33.96
Configuration: MNIST_Balanced_32

MNIST Detection

[-25.664999 -24.63784  -25.783417] [-5.8415866 -5.1396623 -6.5472765]
				cifar10_allconv_baseline
  TPR95 TPR99 AUROC AUPR
99.75 & 97.74 & 99.88 & 99.98
0.00 & 0.28 & 0.01 & 0.00
ic| len(dset): 60000
ic| len(dset): 10000
Namespace(dataset='MNIST', test_bs=200, num_to_avg=5, validate=False, use_xent=False, method_name='cifar10_allconv_baseline', layers=40, widen_factor=2, droprate=0.3, load='./snapshots', ngpu=1, prefetch=1, out_as_pos=False, score='energy', T=1.0, noise=0, type='pretrained', ft_epochs=199, ft_n=4, regime='Balanced')
Model restored!
Error Rate 0.22


Error Detection
			cifar10_allconv_baseline
FPR95:			78.11
FPR99:			78.02
AUROC:			98.35
AUPR:			30.32

MNIST Detection

[-10.824994  -10.623583  -11.0840225] [-7.660175 -4.46971  -4.217462]
				cifar10_allconv_baseline
  TPR95 TPR99 AUROC AUPR
97.93 & 76.89 & 99.07 & 99.78
0.10 & 0.25 & 0.03 & 0.01
