ic| len(dset): 60000
ic| len(dset): 10000
{'dataset': 'MNIST', 'model': 'densenet', 'calibration': False, 'epochs': 100, 'learning_rate': 0.001, 'batch_size': 128, 'oe_batch_size': 256, 'test_bs': 200, 'momentum': 0.9, 'decay': 0.0005, 'layers': 40, 'widen_factor': 2, 'droprate': 0.3, 'save': './snapshots/energy_ft', 'load': './snapshots/pretrained', 'test': False, 'ngpu': 1, 'prefetch': 1, 'm_in': -25.0, 'm_out': -7.0, 'score': 'energy', 'seed': 1, 'regime': 'Balanced', 'n_ood': 64}
torch.Size([128, 1, 28, 28])
Counter({8: 64, 9: 64})
Tesla V100-PCIE-16GB
Model restored!
  0%|          | 0/63 [00:00<?, ?it/s]  2%|▏         | 1/63 [00:00<00:17,  3.53it/s]  8%|▊         | 5/63 [00:00<00:03, 14.96it/s] 14%|█▍        | 9/63 [00:00<00:02, 21.98it/s] 21%|██        | 13/63 [00:00<00:01, 26.52it/s] 27%|██▋       | 17/63 [00:00<00:01, 29.55it/s] 33%|███▎      | 21/63 [00:00<00:01, 31.62it/s] 40%|███▉      | 25/63 [00:00<00:01, 33.04it/s] 46%|████▌     | 29/63 [00:01<00:00, 34.03it/s] 52%|█████▏    | 33/63 [00:01<00:00, 34.72it/s] 59%|█████▊    | 37/63 [00:01<00:00, 35.20it/s] 65%|██████▌   | 41/63 [00:01<00:00, 35.52it/s] 71%|███████▏  | 45/63 [00:01<00:00, 35.76it/s] 78%|███████▊  | 49/63 [00:01<00:00, 35.94it/s] 84%|████████▍ | 53/63 [00:01<00:00, 36.06it/s] 90%|█████████ | 57/63 [00:01<00:00, 36.15it/s] 97%|█████████▋| 61/63 [00:01<00:00, 36.21it/s]100%|██████████| 63/63 [00:01<00:00, 31.64it/s]
0.9972718253968254
0.010138743690890444
0.9972558313583637
Beginning Training

/home/xysong/.conda/envs/OoD/lib/python3.9/site-packages/torch/optim/lr_scheduler.py:131: UserWarning: Detected call of `lr_scheduler.step()` before `optimizer.step()`. In PyTorch 1.1.0 and later, you should call them in the opposite order: `optimizer.step()` before `lr_scheduler.step()`.  Failure to do this will result in PyTorch skipping the first value of the learning rate schedule. See more details at https://pytorch.org/docs/stable/optim.html#how-to-adjust-learning-rate
  warnings.warn("Detected call of `lr_scheduler.step()` before `optimizer.step()`. "
Epoch   1 | Time     3 | Train Loss 3.0757 | Test Loss 0.009 | Test Error 0.24
Epoch   2 | Time     2 | Train Loss 2.9431 | Test Loss 0.009 | Test Error 0.25
Epoch   3 | Time     2 | Train Loss 2.8798 | Test Loss 0.010 | Test Error 0.27
Epoch   4 | Time     2 | Train Loss 2.8296 | Test Loss 0.010 | Test Error 0.25
Epoch   5 | Time     2 | Train Loss 2.6586 | Test Loss 0.011 | Test Error 0.29
Epoch   6 | Time     2 | Train Loss 2.4864 | Test Loss 0.011 | Test Error 0.26
Epoch   7 | Time     2 | Train Loss 2.3883 | Test Loss 0.011 | Test Error 0.25
Epoch   8 | Time     2 | Train Loss 2.1972 | Test Loss 0.012 | Test Error 0.25
Epoch   9 | Time     2 | Train Loss 2.1867 | Test Loss 0.012 | Test Error 0.27
Epoch  10 | Time     2 | Train Loss 2.0555 | Test Loss 0.013 | Test Error 0.26
Epoch  11 | Time     2 | Train Loss 2.0391 | Test Loss 0.013 | Test Error 0.29
Epoch  12 | Time     2 | Train Loss 1.7735 | Test Loss 0.013 | Test Error 0.29
Epoch  13 | Time     2 | Train Loss 1.7982 | Test Loss 0.014 | Test Error 0.27
Epoch  14 | Time     2 | Train Loss 1.6924 | Test Loss 0.014 | Test Error 0.27
Epoch  15 | Time     2 | Train Loss 1.5423 | Test Loss 0.015 | Test Error 0.27
Epoch  16 | Time     2 | Train Loss 1.4468 | Test Loss 0.015 | Test Error 0.30
Epoch  17 | Time     2 | Train Loss 1.3229 | Test Loss 0.015 | Test Error 0.29
Epoch  18 | Time     2 | Train Loss 1.2015 | Test Loss 0.016 | Test Error 0.29
Epoch  19 | Time     2 | Train Loss 1.2359 | Test Loss 0.016 | Test Error 0.27
Epoch  20 | Time     2 | Train Loss 1.1254 | Test Loss 0.016 | Test Error 0.27
Epoch  21 | Time     2 | Train Loss 1.0196 | Test Loss 0.016 | Test Error 0.26
Epoch  22 | Time     2 | Train Loss 0.8782 | Test Loss 0.016 | Test Error 0.27
Epoch  23 | Time     2 | Train Loss 1.0137 | Test Loss 0.017 | Test Error 0.25
Epoch  24 | Time     2 | Train Loss 0.8459 | Test Loss 0.017 | Test Error 0.24
Epoch  25 | Time     2 | Train Loss 0.7731 | Test Loss 0.017 | Test Error 0.26
Epoch  26 | Time     2 | Train Loss 0.7652 | Test Loss 0.017 | Test Error 0.25
Epoch  27 | Time     2 | Train Loss 0.6182 | Test Loss 0.018 | Test Error 0.25
Epoch  28 | Time     2 | Train Loss 0.6047 | Test Loss 0.017 | Test Error 0.27
Epoch  29 | Time     2 | Train Loss 0.5935 | Test Loss 0.017 | Test Error 0.27
Epoch  30 | Time     2 | Train Loss 0.4929 | Test Loss 0.018 | Test Error 0.29
Epoch  31 | Time     2 | Train Loss 0.5350 | Test Loss 0.018 | Test Error 0.27
Epoch  32 | Time     2 | Train Loss 0.5119 | Test Loss 0.018 | Test Error 0.27
Epoch  33 | Time     2 | Train Loss 0.5494 | Test Loss 0.018 | Test Error 0.27
Epoch  34 | Time     2 | Train Loss 0.4354 | Test Loss 0.018 | Test Error 0.27
Epoch  35 | Time     2 | Train Loss 0.4075 | Test Loss 0.018 | Test Error 0.26
Epoch  36 | Time     2 | Train Loss 0.3070 | Test Loss 0.019 | Test Error 0.27
Epoch  37 | Time     2 | Train Loss 0.3481 | Test Loss 0.019 | Test Error 0.27
Epoch  38 | Time     2 | Train Loss 0.3032 | Test Loss 0.019 | Test Error 0.27
Epoch  39 | Time     2 | Train Loss 0.3229 | Test Loss 0.019 | Test Error 0.27
Epoch  40 | Time     2 | Train Loss 0.2611 | Test Loss 0.020 | Test Error 0.29
Epoch  41 | Time     2 | Train Loss 0.2511 | Test Loss 0.020 | Test Error 0.29
Epoch  42 | Time     2 | Train Loss 0.2527 | Test Loss 0.021 | Test Error 0.29
Epoch  43 | Time     2 | Train Loss 0.2437 | Test Loss 0.021 | Test Error 0.31
Epoch  44 | Time     2 | Train Loss 0.2037 | Test Loss 0.021 | Test Error 0.31
Epoch  45 | Time     2 | Train Loss 0.2518 | Test Loss 0.021 | Test Error 0.32
Epoch  46 | Time     2 | Train Loss 0.2083 | Test Loss 0.021 | Test Error 0.32
Epoch  47 | Time     2 | Train Loss 0.2336 | Test Loss 0.022 | Test Error 0.31
Epoch  48 | Time     2 | Train Loss 0.3398 | Test Loss 0.022 | Test Error 0.32
Epoch  49 | Time     2 | Train Loss 0.2598 | Test Loss 0.021 | Test Error 0.30
Epoch  50 | Time     2 | Train Loss 0.1680 | Test Loss 0.021 | Test Error 0.30
Epoch  51 | Time     2 | Train Loss 0.2224 | Test Loss 0.021 | Test Error 0.30
Epoch  52 | Time     2 | Train Loss 0.2035 | Test Loss 0.022 | Test Error 0.29
Epoch  53 | Time     2 | Train Loss 0.2187 | Test Loss 0.022 | Test Error 0.30
Epoch  54 | Time     2 | Train Loss 0.1289 | Test Loss 0.022 | Test Error 0.29
Epoch  55 | Time     2 | Train Loss 0.1297 | Test Loss 0.021 | Test Error 0.29
Epoch  56 | Time     2 | Train Loss 0.1762 | Test Loss 0.021 | Test Error 0.29
Epoch  57 | Time     2 | Train Loss 0.1086 | Test Loss 0.021 | Test Error 0.29
Epoch  58 | Time     2 | Train Loss 0.1385 | Test Loss 0.021 | Test Error 0.27
Epoch  59 | Time     2 | Train Loss 0.1393 | Test Loss 0.021 | Test Error 0.27
Epoch  60 | Time     2 | Train Loss 0.1959 | Test Loss 0.021 | Test Error 0.29
Epoch  61 | Time     2 | Train Loss 0.0731 | Test Loss 0.021 | Test Error 0.29
Epoch  62 | Time     2 | Train Loss 0.0942 | Test Loss 0.021 | Test Error 0.29
Epoch  63 | Time     2 | Train Loss 0.1402 | Test Loss 0.022 | Test Error 0.31
Epoch  64 | Time     2 | Train Loss 0.0669 | Test Loss 0.022 | Test Error 0.31
Epoch  65 | Time     2 | Train Loss 0.0932 | Test Loss 0.022 | Test Error 0.31
Epoch  66 | Time     2 | Train Loss 0.1587 | Test Loss 0.022 | Test Error 0.31
Epoch  67 | Time     2 | Train Loss 0.0562 | Test Loss 0.022 | Test Error 0.30
Epoch  68 | Time     2 | Train Loss 0.1035 | Test Loss 0.023 | Test Error 0.29
Epoch  69 | Time     2 | Train Loss 0.1242 | Test Loss 0.023 | Test Error 0.30
Epoch  70 | Time     2 | Train Loss 0.2120 | Test Loss 0.023 | Test Error 0.30
Epoch  71 | Time     2 | Train Loss 0.0799 | Test Loss 0.023 | Test Error 0.31
Epoch  72 | Time     2 | Train Loss 0.0425 | Test Loss 0.024 | Test Error 0.31
Epoch  73 | Time     2 | Train Loss 0.0431 | Test Loss 0.024 | Test Error 0.31
Epoch  74 | Time     2 | Train Loss 0.0647 | Test Loss 0.024 | Test Error 0.31
Epoch  75 | Time     2 | Train Loss 0.0774 | Test Loss 0.024 | Test Error 0.31
Epoch  76 | Time     2 | Train Loss 0.0946 | Test Loss 0.024 | Test Error 0.32
Epoch  77 | Time     2 | Train Loss 0.0688 | Test Loss 0.024 | Test Error 0.34
Epoch  78 | Time     2 | Train Loss 0.0268 | Test Loss 0.024 | Test Error 0.34
Epoch  79 | Time     2 | Train Loss 0.0352 | Test Loss 0.024 | Test Error 0.34
Epoch  80 | Time     2 | Train Loss 0.0999 | Test Loss 0.024 | Test Error 0.32
Epoch  81 | Time     2 | Train Loss 0.0638 | Test Loss 0.024 | Test Error 0.32
Epoch  82 | Time     2 | Train Loss 0.0673 | Test Loss 0.024 | Test Error 0.32
Epoch  83 | Time     2 | Train Loss 0.0425 | Test Loss 0.024 | Test Error 0.34
Epoch  84 | Time     2 | Train Loss 0.0500 | Test Loss 0.024 | Test Error 0.32
Epoch  85 | Time     2 | Train Loss 0.0937 | Test Loss 0.024 | Test Error 0.32
Epoch  86 | Time     2 | Train Loss 0.0724 | Test Loss 0.024 | Test Error 0.32
Epoch  87 | Time     2 | Train Loss 0.0723 | Test Loss 0.025 | Test Error 0.34
Epoch  88 | Time     2 | Train Loss 0.0651 | Test Loss 0.025 | Test Error 0.32
Epoch  89 | Time     3 | Train Loss 0.1132 | Test Loss 0.025 | Test Error 0.34
Epoch  90 | Time     2 | Train Loss 0.0515 | Test Loss 0.025 | Test Error 0.32
Epoch  91 | Time     2 | Train Loss 0.1071 | Test Loss 0.025 | Test Error 0.32
Epoch  92 | Time     2 | Train Loss 0.0281 | Test Loss 0.025 | Test Error 0.32
Epoch  93 | Time     2 | Train Loss 0.0302 | Test Loss 0.025 | Test Error 0.32
Epoch  94 | Time     2 | Train Loss 0.0226 | Test Loss 0.025 | Test Error 0.32
Epoch  95 | Time     2 | Train Loss 0.0675 | Test Loss 0.025 | Test Error 0.32
Epoch  96 | Time     4 | Train Loss 0.0476 | Test Loss 0.025 | Test Error 0.32
Epoch  97 | Time     2 | Train Loss 0.0657 | Test Loss 0.025 | Test Error 0.32
Epoch  98 | Time     2 | Train Loss 0.0571 | Test Loss 0.025 | Test Error 0.32
Epoch  99 | Time     2 | Train Loss 0.0643 | Test Loss 0.025 | Test Error 0.32
Epoch 100 | Time     2 | Train Loss 0.0565 | Test Loss 0.025 | Test Error 0.32
ic| len(dset): 60000
ic| len(dset): 10000
Namespace(dataset='MNIST', test_bs=200, num_to_avg=5, validate=False, use_xent=False, method_name='cifar10_allconv_baseline', layers=40, widen_factor=2, droprate=0.3, load='./snapshots', ngpu=1, prefetch=1, out_as_pos=False, score='energy', T=1.0, noise=0, type='energy', ft_epochs=99, ft_n=64, regime='Balanced')
Model restored!
Error Rate 0.32


Error Detection
			cifar10_allconv_baseline
FPR95:			97.22
FPR99:			0.00
AUROC:			97.59
AUPR:			34.76
Configuration: MNIST_Balanced_64

MNIST Detection

[-26.202198 -25.212048 -26.71362 ] [-4.011386 -8.805251 -7.782034]
				cifar10_allconv_baseline
  TPR95 TPR99 AUROC AUPR
99.84 & 98.22 & 99.91 & 99.98
0.03 & 0.13 & 0.01 & 0.00
ic| len(dset): 60000
ic| len(dset): 10000
Namespace(dataset='MNIST', test_bs=200, num_to_avg=5, validate=False, use_xent=False, method_name='cifar10_allconv_baseline', layers=40, widen_factor=2, droprate=0.3, load='./snapshots', ngpu=1, prefetch=1, out_as_pos=False, score='energy', T=1.0, noise=0, type='pretrained', ft_epochs=199, ft_n=4, regime='Balanced')
Model restored!
Error Rate 0.22


Error Detection
			cifar10_allconv_baseline
FPR95:			78.11
FPR99:			78.02
AUROC:			98.35
AUPR:			30.32

MNIST Detection

[-10.824996 -10.623584 -11.084024] [-5.483277  -4.9360285 -4.5903196]
				cifar10_allconv_baseline
  TPR95 TPR99 AUROC AUPR
98.05 & 77.06 & 99.08 & 99.79
0.05 & 0.46 & 0.01 & 0.00
