ic| len(dset): 60000
ic| len(dset): 10000
{'dataset': 'FashionMNIST', 'model': 'densenet', 'calibration': False, 'epochs': 100, 'learning_rate': 0.001, 'batch_size': 128, 'oe_batch_size': 256, 'test_bs': 200, 'momentum': 0.9, 'decay': 0.0005, 'layers': 40, 'widen_factor': 2, 'droprate': 0.3, 'save': './snapshots/energy_ft', 'load': './snapshots/pretrained', 'test': False, 'ngpu': 1, 'prefetch': 1, 'm_in': -25.0, 'm_out': -7.0, 'score': 'energy', 'seed': 1, 'regime': 'Balanced', 'n_ood': 128}
torch.Size([256, 1, 28, 28])
Counter({8: 128, 9: 128})
Tesla V100-PCIE-16GB
Model restored!
  0%|          | 0/63 [00:00<?, ?it/s]  2%|▏         | 1/63 [00:00<00:15,  4.06it/s]  8%|▊         | 5/63 [00:00<00:03, 16.54it/s] 14%|█▍        | 9/63 [00:00<00:02, 23.52it/s] 21%|██        | 13/63 [00:00<00:01, 27.78it/s] 27%|██▋       | 17/63 [00:00<00:01, 30.51it/s] 33%|███▎      | 21/63 [00:00<00:01, 32.31it/s] 40%|███▉      | 25/63 [00:00<00:01, 33.53it/s] 46%|████▌     | 29/63 [00:01<00:00, 34.35it/s] 52%|█████▏    | 33/63 [00:01<00:00, 34.93it/s] 59%|█████▊    | 37/63 [00:01<00:00, 35.34it/s] 65%|██████▌   | 41/63 [00:01<00:00, 35.62it/s] 71%|███████▏  | 45/63 [00:01<00:00, 35.83it/s] 78%|███████▊  | 49/63 [00:01<00:00, 35.97it/s] 84%|████████▍ | 53/63 [00:01<00:00, 36.07it/s] 90%|█████████ | 57/63 [00:01<00:00, 36.14it/s] 97%|█████████▋| 61/63 [00:01<00:00, 36.17it/s]100%|██████████| 63/63 [00:01<00:00, 32.36it/s]
0.9322916666666666
0.3319878768589761
0.9323749999999998
Beginning Training

/home/xysong/.conda/envs/OoD/lib/python3.9/site-packages/torch/optim/lr_scheduler.py:131: UserWarning: Detected call of `lr_scheduler.step()` before `optimizer.step()`. In PyTorch 1.1.0 and later, you should call them in the opposite order: `optimizer.step()` before `lr_scheduler.step()`.  Failure to do this will result in PyTorch skipping the first value of the learning rate schedule. See more details at https://pytorch.org/docs/stable/optim.html#how-to-adjust-learning-rate
  warnings.warn("Detected call of `lr_scheduler.step()` before `optimizer.step()`. "
Epoch   1 | Time     3 | Train Loss 2.5835 | Test Loss 0.332 | Test Error 6.39
Epoch   2 | Time     2 | Train Loss 2.3511 | Test Loss 0.341 | Test Error 6.53
Epoch   3 | Time     2 | Train Loss 2.0941 | Test Loss 0.350 | Test Error 6.54
Epoch   4 | Time     2 | Train Loss 2.0114 | Test Loss 0.361 | Test Error 6.58
Epoch   5 | Time     2 | Train Loss 1.9087 | Test Loss 0.372 | Test Error 6.61
Epoch   6 | Time     2 | Train Loss 1.7699 | Test Loss 0.386 | Test Error 6.54
Epoch   7 | Time     2 | Train Loss 1.4416 | Test Loss 0.399 | Test Error 6.56
Epoch   8 | Time     2 | Train Loss 1.4053 | Test Loss 0.412 | Test Error 6.62
Epoch   9 | Time     2 | Train Loss 1.2776 | Test Loss 0.425 | Test Error 6.64
Epoch  10 | Time     2 | Train Loss 1.1252 | Test Loss 0.439 | Test Error 6.73
Epoch  11 | Time     2 | Train Loss 1.0679 | Test Loss 0.451 | Test Error 6.76
Epoch  12 | Time     2 | Train Loss 0.8727 | Test Loss 0.464 | Test Error 6.84
Epoch  13 | Time     2 | Train Loss 0.7814 | Test Loss 0.475 | Test Error 6.88
Epoch  14 | Time     2 | Train Loss 0.7338 | Test Loss 0.485 | Test Error 6.95
Epoch  15 | Time     2 | Train Loss 0.7153 | Test Loss 0.494 | Test Error 6.91
Epoch  16 | Time     2 | Train Loss 0.6121 | Test Loss 0.502 | Test Error 6.92
Epoch  17 | Time     2 | Train Loss 0.7063 | Test Loss 0.510 | Test Error 6.95
Epoch  18 | Time     2 | Train Loss 0.7287 | Test Loss 0.520 | Test Error 6.92
Epoch  19 | Time     2 | Train Loss 0.6194 | Test Loss 0.528 | Test Error 6.96
Epoch  20 | Time     2 | Train Loss 0.5236 | Test Loss 0.536 | Test Error 6.95
Epoch  21 | Time     2 | Train Loss 0.3657 | Test Loss 0.541 | Test Error 6.95
Epoch  22 | Time     2 | Train Loss 0.5462 | Test Loss 0.547 | Test Error 6.89
Epoch  23 | Time     2 | Train Loss 0.4091 | Test Loss 0.552 | Test Error 6.84
Epoch  24 | Time     2 | Train Loss 0.4774 | Test Loss 0.555 | Test Error 6.79
Epoch  25 | Time     2 | Train Loss 0.2922 | Test Loss 0.558 | Test Error 6.86
Epoch  26 | Time     2 | Train Loss 0.5392 | Test Loss 0.569 | Test Error 6.89
Epoch  27 | Time     2 | Train Loss 0.4347 | Test Loss 0.576 | Test Error 6.92
Epoch  28 | Time     2 | Train Loss 0.4154 | Test Loss 0.583 | Test Error 6.99
Epoch  29 | Time     2 | Train Loss 0.4709 | Test Loss 0.588 | Test Error 6.95
Epoch  30 | Time     2 | Train Loss 0.4144 | Test Loss 0.592 | Test Error 6.94
Epoch  31 | Time     2 | Train Loss 0.2744 | Test Loss 0.593 | Test Error 6.99
Epoch  32 | Time     2 | Train Loss 0.3895 | Test Loss 0.593 | Test Error 6.94
Epoch  33 | Time     2 | Train Loss 0.3398 | Test Loss 0.597 | Test Error 6.89
Epoch  34 | Time     2 | Train Loss 0.3146 | Test Loss 0.597 | Test Error 6.89
Epoch  35 | Time     2 | Train Loss 0.3412 | Test Loss 0.597 | Test Error 6.88
Epoch  36 | Time     2 | Train Loss 0.3193 | Test Loss 0.597 | Test Error 6.92
Epoch  37 | Time     2 | Train Loss 0.2995 | Test Loss 0.597 | Test Error 6.91
Epoch  38 | Time     2 | Train Loss 0.3152 | Test Loss 0.596 | Test Error 6.91
Epoch  39 | Time     2 | Train Loss 0.2045 | Test Loss 0.596 | Test Error 6.94
Epoch  40 | Time     2 | Train Loss 0.2909 | Test Loss 0.598 | Test Error 6.92
Epoch  41 | Time     2 | Train Loss 0.2221 | Test Loss 0.600 | Test Error 6.91
Epoch  42 | Time     2 | Train Loss 0.1845 | Test Loss 0.600 | Test Error 6.89
Epoch  43 | Time     2 | Train Loss 0.1810 | Test Loss 0.599 | Test Error 6.86
Epoch  44 | Time     2 | Train Loss 0.2363 | Test Loss 0.601 | Test Error 6.83
Epoch  45 | Time     2 | Train Loss 0.2756 | Test Loss 0.603 | Test Error 6.85
Epoch  46 | Time     2 | Train Loss 0.2108 | Test Loss 0.602 | Test Error 6.76
Epoch  47 | Time     2 | Train Loss 0.2995 | Test Loss 0.604 | Test Error 6.77
Epoch  48 | Time     2 | Train Loss 0.1654 | Test Loss 0.604 | Test Error 6.74
Epoch  49 | Time     2 | Train Loss 0.2319 | Test Loss 0.606 | Test Error 6.74
Epoch  50 | Time     2 | Train Loss 0.2726 | Test Loss 0.605 | Test Error 6.74
Epoch  51 | Time     2 | Train Loss 0.2025 | Test Loss 0.603 | Test Error 6.74
Epoch  52 | Time     2 | Train Loss 0.2468 | Test Loss 0.601 | Test Error 6.73
Epoch  53 | Time     2 | Train Loss 0.0676 | Test Loss 0.600 | Test Error 6.73
Epoch  54 | Time     2 | Train Loss 0.1925 | Test Loss 0.598 | Test Error 6.71
Epoch  55 | Time     2 | Train Loss 0.2094 | Test Loss 0.595 | Test Error 6.73
Epoch  56 | Time     2 | Train Loss 0.2150 | Test Loss 0.595 | Test Error 6.71
Epoch  57 | Time     2 | Train Loss 0.1297 | Test Loss 0.597 | Test Error 6.73
Epoch  58 | Time     2 | Train Loss 0.1109 | Test Loss 0.595 | Test Error 6.71
Epoch  59 | Time     2 | Train Loss 0.1743 | Test Loss 0.597 | Test Error 6.79
Epoch  60 | Time     2 | Train Loss 0.0973 | Test Loss 0.598 | Test Error 6.76
Epoch  61 | Time     2 | Train Loss 0.1680 | Test Loss 0.601 | Test Error 6.73
Epoch  62 | Time     2 | Train Loss 0.3071 | Test Loss 0.603 | Test Error 6.71
Epoch  63 | Time     2 | Train Loss 0.1620 | Test Loss 0.604 | Test Error 6.71
Epoch  64 | Time     2 | Train Loss 0.0853 | Test Loss 0.606 | Test Error 6.74
Epoch  65 | Time     2 | Train Loss 0.0974 | Test Loss 0.607 | Test Error 6.71
Epoch  66 | Time     2 | Train Loss 0.1507 | Test Loss 0.608 | Test Error 6.73
Epoch  67 | Time     2 | Train Loss 0.1283 | Test Loss 0.606 | Test Error 6.70
Epoch  68 | Time     2 | Train Loss 0.1512 | Test Loss 0.605 | Test Error 6.71
Epoch  69 | Time     2 | Train Loss 0.2003 | Test Loss 0.606 | Test Error 6.69
Epoch  70 | Time     2 | Train Loss 0.1793 | Test Loss 0.604 | Test Error 6.66
Epoch  71 | Time     2 | Train Loss 0.1846 | Test Loss 0.605 | Test Error 6.70
Epoch  72 | Time     2 | Train Loss 0.1350 | Test Loss 0.604 | Test Error 6.67
Epoch  73 | Time     2 | Train Loss 0.2094 | Test Loss 0.605 | Test Error 6.69
Epoch  74 | Time     2 | Train Loss 0.1291 | Test Loss 0.605 | Test Error 6.66
Epoch  75 | Time     2 | Train Loss 0.0796 | Test Loss 0.606 | Test Error 6.71
Epoch  76 | Time     2 | Train Loss 0.1405 | Test Loss 0.608 | Test Error 6.71
Epoch  77 | Time     2 | Train Loss 0.1623 | Test Loss 0.611 | Test Error 6.73
Epoch  78 | Time     2 | Train Loss 0.1772 | Test Loss 0.612 | Test Error 6.73
Epoch  79 | Time     2 | Train Loss 0.0999 | Test Loss 0.613 | Test Error 6.71
Epoch  80 | Time     2 | Train Loss 0.1042 | Test Loss 0.613 | Test Error 6.74
Epoch  81 | Time     2 | Train Loss 0.1008 | Test Loss 0.612 | Test Error 6.74
Epoch  82 | Time     2 | Train Loss 0.1219 | Test Loss 0.611 | Test Error 6.74
Epoch  83 | Time     2 | Train Loss 0.1636 | Test Loss 0.614 | Test Error 6.71
Epoch  84 | Time     2 | Train Loss 0.0697 | Test Loss 0.614 | Test Error 6.75
Epoch  85 | Time     2 | Train Loss 0.1410 | Test Loss 0.617 | Test Error 6.77
Epoch  86 | Time     2 | Train Loss 0.2058 | Test Loss 0.621 | Test Error 6.74
Epoch  87 | Time     2 | Train Loss 0.0765 | Test Loss 0.623 | Test Error 6.75
Epoch  88 | Time     2 | Train Loss 0.1297 | Test Loss 0.623 | Test Error 6.79
Epoch  89 | Time     2 | Train Loss 0.1384 | Test Loss 0.627 | Test Error 6.80
Epoch  90 | Time     2 | Train Loss 0.1296 | Test Loss 0.628 | Test Error 6.74
Epoch  91 | Time     2 | Train Loss 0.1009 | Test Loss 0.631 | Test Error 6.71
Epoch  92 | Time     2 | Train Loss 0.0877 | Test Loss 0.630 | Test Error 6.73
Epoch  93 | Time     2 | Train Loss 0.0908 | Test Loss 0.632 | Test Error 6.67
Epoch  94 | Time     2 | Train Loss 0.1237 | Test Loss 0.631 | Test Error 6.71
Epoch  95 | Time     2 | Train Loss 0.1379 | Test Loss 0.633 | Test Error 6.71
Epoch  96 | Time     2 | Train Loss 0.0522 | Test Loss 0.633 | Test Error 6.74
Epoch  97 | Time     2 | Train Loss 0.1203 | Test Loss 0.632 | Test Error 6.73
Epoch  98 | Time     2 | Train Loss 0.0589 | Test Loss 0.632 | Test Error 6.66
Epoch  99 | Time     2 | Train Loss 0.0499 | Test Loss 0.632 | Test Error 6.67
Epoch 100 | Time     2 | Train Loss 0.1270 | Test Loss 0.633 | Test Error 6.66
ic| len(dset): 60000
ic| len(dset): 10000
Namespace(dataset='FashionMNIST', test_bs=200, num_to_avg=5, validate=False, use_xent=False, method_name='cifar10_allconv_baseline', layers=40, widen_factor=2, droprate=0.3, load='./snapshots', ngpu=1, prefetch=1, out_as_pos=False, score='energy', T=1.0, noise=0, type='energy', ft_epochs=99, ft_n=128, regime='Balanced')
Model restored!
Error Rate 6.66


Error Detection
			cifar10_allconv_baseline
FPR95:			0.00
FPR99:			0.00
AUROC:			87.11
AUPR:			37.02
Configuration: FashionMNIST_Balanced_128

FashionMNIST Detection

[-24.418264 -29.440735 -30.77819 ] [-3.2308695 -8.660589  -5.301959 ]
				cifar10_allconv_baseline
  TPR95 TPR99 AUROC AUPR
97.24 & 91.16 & 99.42 & 99.88
0.14 & 0.23 & 0.02 & 0.00
ic| len(dset): 60000
ic| len(dset): 10000
Namespace(dataset='FashionMNIST', test_bs=200, num_to_avg=5, validate=False, use_xent=False, method_name='cifar10_allconv_baseline', layers=40, widen_factor=2, droprate=0.3, load='./snapshots', ngpu=1, prefetch=1, out_as_pos=False, score='energy', T=1.0, noise=0, type='pretrained', ft_epochs=199, ft_n=4, regime='Balanced')
Model restored!
Error Rate 6.54


Error Detection
			cifar10_allconv_baseline
FPR95:			65.24
FPR99:			28.10
AUROC:			90.15
AUPR:			39.03

FashionMNIST Detection

[ -9.675636 -11.333784 -11.22754 ] [-8.417    -7.631771 -7.670285]
				cifar10_allconv_baseline
  TPR95 TPR99 AUROC AUPR
67.29 & 38.32 & 94.29 & 98.78
0.66 & 0.72 & 0.13 & 0.03
