ic| len(dset): 60000
ic| len(dset): 10000
{'dataset': 'FashionMNIST', 'model': 'densenet', 'calibration': False, 'epochs': 100, 'learning_rate': 0.001, 'batch_size': 128, 'oe_batch_size': 256, 'test_bs': 200, 'momentum': 0.9, 'decay': 0.0005, 'layers': 40, 'widen_factor': 2, 'droprate': 0.3, 'save': './snapshots/energy_ft', 'load': './snapshots/pretrained', 'test': False, 'ngpu': 1, 'prefetch': 1, 'm_in': -25.0, 'm_out': -7.0, 'score': 'energy', 'seed': 1, 'regime': 'Balanced', 'n_ood': 512}
torch.Size([1024, 1, 28, 28])
Counter({8: 512, 9: 512})
Tesla V100-PCIE-16GB
Model restored!
  0%|          | 0/63 [00:00<?, ?it/s]  2%|▏         | 1/63 [00:00<00:17,  3.52it/s]  8%|▊         | 5/63 [00:00<00:03, 15.08it/s] 14%|█▍        | 9/63 [00:00<00:02, 22.10it/s] 21%|██        | 13/63 [00:00<00:01, 26.61it/s] 27%|██▋       | 17/63 [00:00<00:01, 29.58it/s] 33%|███▎      | 21/63 [00:00<00:01, 31.60it/s] 40%|███▉      | 25/63 [00:00<00:01, 32.99it/s] 46%|████▌     | 29/63 [00:01<00:01, 33.95it/s] 52%|█████▏    | 33/63 [00:01<00:00, 34.63it/s] 59%|█████▊    | 37/63 [00:01<00:00, 35.07it/s] 65%|██████▌   | 41/63 [00:01<00:00, 35.41it/s] 71%|███████▏  | 45/63 [00:01<00:00, 35.65it/s] 78%|███████▊  | 49/63 [00:01<00:00, 35.82it/s] 84%|████████▍ | 53/63 [00:01<00:00, 35.96it/s] 90%|█████████ | 57/63 [00:01<00:00, 36.05it/s] 97%|█████████▋| 61/63 [00:01<00:00, 36.13it/s]100%|██████████| 63/63 [00:01<00:00, 31.66it/s]
0.9322916666666666
0.3319878768589761
0.9323749999999998
Beginning Training

/home/xysong/.conda/envs/OoD/lib/python3.9/site-packages/torch/optim/lr_scheduler.py:131: UserWarning: Detected call of `lr_scheduler.step()` before `optimizer.step()`. In PyTorch 1.1.0 and later, you should call them in the opposite order: `optimizer.step()` before `lr_scheduler.step()`.  Failure to do this will result in PyTorch skipping the first value of the learning rate schedule. See more details at https://pytorch.org/docs/stable/optim.html#how-to-adjust-learning-rate
  warnings.warn("Detected call of `lr_scheduler.step()` before `optimizer.step()`. "
Epoch   1 | Time     4 | Train Loss 6.5407 | Test Loss 0.361 | Test Error 6.54
Epoch   2 | Time     2 | Train Loss 4.4708 | Test Loss 0.411 | Test Error 6.51
Epoch   3 | Time     2 | Train Loss 3.5113 | Test Loss 0.464 | Test Error 6.80
Epoch   4 | Time     2 | Train Loss 2.3849 | Test Loss 0.499 | Test Error 6.81
Epoch   5 | Time     2 | Train Loss 1.9434 | Test Loss 0.524 | Test Error 6.88
Epoch   6 | Time     2 | Train Loss 1.3705 | Test Loss 0.548 | Test Error 6.86
Epoch   7 | Time     2 | Train Loss 1.1661 | Test Loss 0.558 | Test Error 6.76
Epoch   8 | Time     2 | Train Loss 1.1102 | Test Loss 0.561 | Test Error 6.77
Epoch   9 | Time     2 | Train Loss 0.9984 | Test Loss 0.564 | Test Error 6.71
Epoch  10 | Time     2 | Train Loss 0.9701 | Test Loss 0.570 | Test Error 6.67
Epoch  11 | Time     2 | Train Loss 0.7294 | Test Loss 0.568 | Test Error 6.62
Epoch  12 | Time     2 | Train Loss 0.8503 | Test Loss 0.572 | Test Error 6.65
Epoch  13 | Time     2 | Train Loss 0.7420 | Test Loss 0.576 | Test Error 6.62
Epoch  14 | Time     2 | Train Loss 0.7683 | Test Loss 0.581 | Test Error 6.64
Epoch  15 | Time     2 | Train Loss 0.8162 | Test Loss 0.587 | Test Error 6.70
Epoch  16 | Time     3 | Train Loss 0.6450 | Test Loss 0.593 | Test Error 6.64
Epoch  17 | Time     2 | Train Loss 0.6636 | Test Loss 0.600 | Test Error 6.65
Epoch  18 | Time     2 | Train Loss 0.5931 | Test Loss 0.606 | Test Error 6.64
Epoch  19 | Time     2 | Train Loss 0.4152 | Test Loss 0.611 | Test Error 6.65
Epoch  20 | Time     2 | Train Loss 0.5716 | Test Loss 0.619 | Test Error 6.56
Epoch  21 | Time     3 | Train Loss 0.4897 | Test Loss 0.617 | Test Error 6.60
Epoch  22 | Time     2 | Train Loss 0.5277 | Test Loss 0.622 | Test Error 6.59
Epoch  23 | Time     2 | Train Loss 0.4135 | Test Loss 0.628 | Test Error 6.54
Epoch  24 | Time     2 | Train Loss 0.3613 | Test Loss 0.629 | Test Error 6.71
Epoch  25 | Time     2 | Train Loss 0.2702 | Test Loss 0.636 | Test Error 6.67
Epoch  26 | Time     2 | Train Loss 0.3732 | Test Loss 0.638 | Test Error 6.66
Epoch  27 | Time     2 | Train Loss 0.3494 | Test Loss 0.640 | Test Error 6.71
Epoch  28 | Time     2 | Train Loss 0.3737 | Test Loss 0.639 | Test Error 6.66
Epoch  29 | Time     2 | Train Loss 0.4505 | Test Loss 0.639 | Test Error 6.62
Epoch  30 | Time     2 | Train Loss 0.4259 | Test Loss 0.641 | Test Error 6.62
Epoch  31 | Time     2 | Train Loss 0.3063 | Test Loss 0.644 | Test Error 6.60
Epoch  32 | Time     2 | Train Loss 0.3936 | Test Loss 0.645 | Test Error 6.60
Epoch  33 | Time     2 | Train Loss 0.3133 | Test Loss 0.649 | Test Error 6.64
Epoch  34 | Time     2 | Train Loss 0.3673 | Test Loss 0.645 | Test Error 6.58
Epoch  35 | Time     2 | Train Loss 0.3876 | Test Loss 0.649 | Test Error 6.59
Epoch  36 | Time     3 | Train Loss 0.3407 | Test Loss 0.652 | Test Error 6.56
Epoch  37 | Time     2 | Train Loss 0.2532 | Test Loss 0.649 | Test Error 6.56
Epoch  38 | Time     2 | Train Loss 0.2448 | Test Loss 0.652 | Test Error 6.61
Epoch  39 | Time     2 | Train Loss 0.2582 | Test Loss 0.650 | Test Error 6.55
Epoch  40 | Time     2 | Train Loss 0.2565 | Test Loss 0.651 | Test Error 6.60
Epoch  41 | Time     2 | Train Loss 0.1891 | Test Loss 0.647 | Test Error 6.53
Epoch  42 | Time     2 | Train Loss 0.2548 | Test Loss 0.651 | Test Error 6.51
Epoch  43 | Time     2 | Train Loss 0.2614 | Test Loss 0.650 | Test Error 6.58
Epoch  44 | Time     2 | Train Loss 0.1835 | Test Loss 0.656 | Test Error 6.55
Epoch  45 | Time     2 | Train Loss 0.2178 | Test Loss 0.664 | Test Error 6.54
Epoch  46 | Time     2 | Train Loss 0.1880 | Test Loss 0.656 | Test Error 6.56
Epoch  47 | Time     2 | Train Loss 0.2924 | Test Loss 0.662 | Test Error 6.62
Epoch  48 | Time     3 | Train Loss 0.1705 | Test Loss 0.655 | Test Error 6.55
Epoch  49 | Time     2 | Train Loss 0.1908 | Test Loss 0.668 | Test Error 6.53
Epoch  50 | Time     2 | Train Loss 0.3622 | Test Loss 0.661 | Test Error 6.58
Epoch  51 | Time     2 | Train Loss 0.1895 | Test Loss 0.659 | Test Error 6.58
Epoch  52 | Time     2 | Train Loss 0.1646 | Test Loss 0.658 | Test Error 6.65
Epoch  53 | Time     2 | Train Loss 0.1577 | Test Loss 0.657 | Test Error 6.62
Epoch  54 | Time     2 | Train Loss 0.2246 | Test Loss 0.657 | Test Error 6.66
Epoch  55 | Time     2 | Train Loss 0.1579 | Test Loss 0.652 | Test Error 6.65
Epoch  56 | Time     2 | Train Loss 0.1598 | Test Loss 0.661 | Test Error 6.67
Epoch  57 | Time     2 | Train Loss 0.2082 | Test Loss 0.669 | Test Error 6.73
Epoch  58 | Time     3 | Train Loss 0.2159 | Test Loss 0.665 | Test Error 6.66
Epoch  59 | Time     2 | Train Loss 0.1102 | Test Loss 0.667 | Test Error 6.75
Epoch  60 | Time     3 | Train Loss 0.1512 | Test Loss 0.668 | Test Error 6.74
Epoch  61 | Time     2 | Train Loss 0.1903 | Test Loss 0.677 | Test Error 6.74
Epoch  62 | Time     2 | Train Loss 0.1856 | Test Loss 0.678 | Test Error 6.76
Epoch  63 | Time     3 | Train Loss 0.1701 | Test Loss 0.679 | Test Error 6.76
Epoch  64 | Time     2 | Train Loss 0.1654 | Test Loss 0.685 | Test Error 6.77
Epoch  65 | Time     2 | Train Loss 0.1079 | Test Loss 0.682 | Test Error 6.71
Epoch  66 | Time     4 | Train Loss 0.1120 | Test Loss 0.678 | Test Error 6.73
Epoch  67 | Time     2 | Train Loss 0.2150 | Test Loss 0.681 | Test Error 6.84
Epoch  68 | Time     2 | Train Loss 0.1635 | Test Loss 0.681 | Test Error 6.79
Epoch  69 | Time     4 | Train Loss 0.1147 | Test Loss 0.684 | Test Error 6.80
Epoch  70 | Time     2 | Train Loss 0.1586 | Test Loss 0.681 | Test Error 6.70
Epoch  71 | Time     2 | Train Loss 0.1689 | Test Loss 0.682 | Test Error 6.67
Epoch  72 | Time     3 | Train Loss 0.1831 | Test Loss 0.686 | Test Error 6.67
Epoch  73 | Time     2 | Train Loss 0.1286 | Test Loss 0.687 | Test Error 6.74
Epoch  74 | Time     2 | Train Loss 0.1237 | Test Loss 0.684 | Test Error 6.76
Epoch  75 | Time     2 | Train Loss 0.1554 | Test Loss 0.685 | Test Error 6.80
Epoch  76 | Time     2 | Train Loss 0.1380 | Test Loss 0.683 | Test Error 6.75
Epoch  77 | Time     3 | Train Loss 0.1522 | Test Loss 0.690 | Test Error 6.62
Epoch  78 | Time     2 | Train Loss 0.1327 | Test Loss 0.691 | Test Error 6.73
Epoch  79 | Time     2 | Train Loss 0.1311 | Test Loss 0.689 | Test Error 6.65
Epoch  80 | Time     2 | Train Loss 0.0470 | Test Loss 0.688 | Test Error 6.64
Epoch  81 | Time     2 | Train Loss 0.0676 | Test Loss 0.683 | Test Error 6.56
Epoch  82 | Time     3 | Train Loss 0.0586 | Test Loss 0.678 | Test Error 6.60
Epoch  83 | Time     2 | Train Loss 0.1307 | Test Loss 0.684 | Test Error 6.60
Epoch  84 | Time     2 | Train Loss 0.1030 | Test Loss 0.685 | Test Error 6.58
Epoch  85 | Time     2 | Train Loss 0.1267 | Test Loss 0.688 | Test Error 6.61
Epoch  86 | Time     2 | Train Loss 0.1123 | Test Loss 0.693 | Test Error 6.58
Epoch  87 | Time     2 | Train Loss 0.1134 | Test Loss 0.700 | Test Error 6.56
Epoch  88 | Time     2 | Train Loss 0.1228 | Test Loss 0.698 | Test Error 6.50
Epoch  89 | Time     2 | Train Loss 0.1292 | Test Loss 0.701 | Test Error 6.50
Epoch  90 | Time     2 | Train Loss 0.0761 | Test Loss 0.699 | Test Error 6.62
Epoch  91 | Time     2 | Train Loss 0.0933 | Test Loss 0.699 | Test Error 6.61
Epoch  92 | Time     2 | Train Loss 0.0573 | Test Loss 0.702 | Test Error 6.59
Epoch  93 | Time     2 | Train Loss 0.0757 | Test Loss 0.702 | Test Error 6.60
Epoch  94 | Time     2 | Train Loss 0.0624 | Test Loss 0.701 | Test Error 6.59
Epoch  95 | Time     2 | Train Loss 0.0678 | Test Loss 0.695 | Test Error 6.60
Epoch  96 | Time     2 | Train Loss 0.0692 | Test Loss 0.694 | Test Error 6.69
Epoch  97 | Time     2 | Train Loss 0.0941 | Test Loss 0.697 | Test Error 6.59
Epoch  98 | Time     2 | Train Loss 0.0958 | Test Loss 0.702 | Test Error 6.66
Epoch  99 | Time     2 | Train Loss 0.0744 | Test Loss 0.700 | Test Error 6.61
Epoch 100 | Time     2 | Train Loss 0.1643 | Test Loss 0.708 | Test Error 6.65
ic| len(dset): 60000
ic| len(dset): 10000
Namespace(dataset='FashionMNIST', test_bs=200, num_to_avg=5, validate=False, use_xent=False, method_name='cifar10_allconv_baseline', layers=40, widen_factor=2, droprate=0.3, load='./snapshots', ngpu=1, prefetch=1, out_as_pos=False, score='energy', T=1.0, noise=0, type='energy', ft_epochs=99, ft_n=512, regime='Balanced')
Model restored!
Error Rate 6.65


Error Detection
			cifar10_allconv_baseline
FPR95:			0.00
FPR99:			0.00
AUROC:			86.12
AUPR:			34.94
Configuration: FashionMNIST_Balanced_512

FashionMNIST Detection

[-27.743809 -36.72397  -35.294273] [-3.5099058 -4.4862328 -4.047138 ]
				cifar10_allconv_baseline
  TPR95 TPR99 AUROC AUPR
97.03 & 92.91 & 99.37 & 99.86
0.20 & 0.35 & 0.04 & 0.01
ic| len(dset): 60000
ic| len(dset): 10000
Namespace(dataset='FashionMNIST', test_bs=200, num_to_avg=5, validate=False, use_xent=False, method_name='cifar10_allconv_baseline', layers=40, widen_factor=2, droprate=0.3, load='./snapshots', ngpu=1, prefetch=1, out_as_pos=False, score='energy', T=1.0, noise=0, type='pretrained', ft_epochs=199, ft_n=4, regime='Balanced')
Model restored!
Error Rate 6.54


Error Detection
			cifar10_allconv_baseline
FPR95:			65.24
FPR99:			28.10
AUROC:			90.15
AUPR:			39.03

FashionMNIST Detection

[ -9.675637 -11.333786 -11.227538] [-4.7777157 -5.4517994 -4.230972 ]
				cifar10_allconv_baseline
  TPR95 TPR99 AUROC AUPR
67.18 & 37.96 & 94.22 & 98.76
0.40 & 0.77 & 0.13 & 0.03
