ic| len(dset): 60000
ic| len(dset): 10000
{'dataset': 'FashionMNIST', 'model': 'densenet', 'calibration': False, 'epochs': 100, 'learning_rate': 0.001, 'batch_size': 128, 'oe_batch_size': 256, 'test_bs': 200, 'momentum': 0.9, 'decay': 0.0005, 'layers': 40, 'widen_factor': 2, 'droprate': 0.3, 'save': './snapshots/energy_ft', 'load': './snapshots/pretrained', 'test': False, 'ngpu': 1, 'prefetch': 1, 'm_in': -25.0, 'm_out': -7.0, 'score': 'energy', 'seed': 1, 'regime': 'Balanced', 'n_ood': 64}
torch.Size([128, 1, 28, 28])
Counter({8: 64, 9: 64})
Tesla V100-PCIE-16GB
Model restored!
  0%|          | 0/63 [00:00<?, ?it/s]  2%|▏         | 1/63 [00:00<00:17,  3.51it/s]  8%|▊         | 5/63 [00:00<00:03, 14.78it/s] 14%|█▍        | 9/63 [00:00<00:02, 21.76it/s] 21%|██        | 13/63 [00:00<00:01, 26.31it/s] 27%|██▋       | 17/63 [00:00<00:01, 29.37it/s] 33%|███▎      | 21/63 [00:00<00:01, 31.45it/s] 40%|███▉      | 25/63 [00:00<00:01, 32.89it/s] 46%|████▌     | 29/63 [00:01<00:01, 33.88it/s] 52%|█████▏    | 33/63 [00:01<00:00, 34.57it/s] 59%|█████▊    | 37/63 [00:01<00:00, 35.05it/s] 65%|██████▌   | 41/63 [00:01<00:00, 35.39it/s] 71%|███████▏  | 45/63 [00:01<00:00, 35.64it/s] 78%|███████▊  | 49/63 [00:01<00:00, 35.82it/s] 84%|████████▍ | 53/63 [00:01<00:00, 35.95it/s] 90%|█████████ | 57/63 [00:01<00:00, 36.04it/s] 97%|█████████▋| 61/63 [00:01<00:00, 36.11it/s]100%|██████████| 63/63 [00:01<00:00, 31.55it/s]
0.9322916666666666
0.3319878768589761
0.9323749999999998
Beginning Training

/home/xysong/.conda/envs/OoD/lib/python3.9/site-packages/torch/optim/lr_scheduler.py:131: UserWarning: Detected call of `lr_scheduler.step()` before `optimizer.step()`. In PyTorch 1.1.0 and later, you should call them in the opposite order: `optimizer.step()` before `lr_scheduler.step()`.  Failure to do this will result in PyTorch skipping the first value of the learning rate schedule. See more details at https://pytorch.org/docs/stable/optim.html#how-to-adjust-learning-rate
  warnings.warn("Detected call of `lr_scheduler.step()` before `optimizer.step()`. "
Epoch   1 | Time     3 | Train Loss 2.7517 | Test Loss 0.330 | Test Error 6.36
Epoch   2 | Time     2 | Train Loss 2.6237 | Test Loss 0.337 | Test Error 6.46
Epoch   3 | Time     2 | Train Loss 2.3720 | Test Loss 0.343 | Test Error 6.49
Epoch   4 | Time     2 | Train Loss 2.2759 | Test Loss 0.350 | Test Error 6.50
Epoch   5 | Time     2 | Train Loss 2.2316 | Test Loss 0.357 | Test Error 6.51
Epoch   6 | Time     2 | Train Loss 2.0914 | Test Loss 0.366 | Test Error 6.45
Epoch   7 | Time     2 | Train Loss 1.8328 | Test Loss 0.374 | Test Error 6.47
Epoch   8 | Time     2 | Train Loss 1.8198 | Test Loss 0.383 | Test Error 6.49
Epoch   9 | Time     2 | Train Loss 1.6807 | Test Loss 0.391 | Test Error 6.58
Epoch  10 | Time     2 | Train Loss 1.5302 | Test Loss 0.401 | Test Error 6.58
Epoch  11 | Time     2 | Train Loss 1.4715 | Test Loss 0.409 | Test Error 6.59
Epoch  12 | Time     2 | Train Loss 1.2984 | Test Loss 0.418 | Test Error 6.67
Epoch  13 | Time     2 | Train Loss 1.1716 | Test Loss 0.426 | Test Error 6.71
Epoch  14 | Time     2 | Train Loss 1.0891 | Test Loss 0.433 | Test Error 6.79
Epoch  15 | Time     2 | Train Loss 1.1022 | Test Loss 0.439 | Test Error 6.90
Epoch  16 | Time     2 | Train Loss 0.9403 | Test Loss 0.446 | Test Error 6.88
Epoch  17 | Time     2 | Train Loss 1.0402 | Test Loss 0.453 | Test Error 6.89
Epoch  18 | Time     2 | Train Loss 1.0839 | Test Loss 0.461 | Test Error 6.89
Epoch  19 | Time     2 | Train Loss 0.9488 | Test Loss 0.468 | Test Error 6.89
Epoch  20 | Time     2 | Train Loss 0.8393 | Test Loss 0.475 | Test Error 6.89
Epoch  21 | Time     2 | Train Loss 0.6110 | Test Loss 0.479 | Test Error 6.85
Epoch  22 | Time     4 | Train Loss 0.7824 | Test Loss 0.484 | Test Error 6.79
Epoch  23 | Time     2 | Train Loss 0.6892 | Test Loss 0.490 | Test Error 6.77
Epoch  24 | Time     2 | Train Loss 0.7625 | Test Loss 0.492 | Test Error 6.80
Epoch  25 | Time     2 | Train Loss 0.5182 | Test Loss 0.495 | Test Error 6.83
Epoch  26 | Time     2 | Train Loss 0.7651 | Test Loss 0.504 | Test Error 6.88
Epoch  27 | Time     2 | Train Loss 0.6272 | Test Loss 0.509 | Test Error 6.90
Epoch  28 | Time     3 | Train Loss 0.6367 | Test Loss 0.515 | Test Error 6.89
Epoch  29 | Time     2 | Train Loss 0.6559 | Test Loss 0.521 | Test Error 6.90
Epoch  30 | Time     2 | Train Loss 0.5866 | Test Loss 0.524 | Test Error 6.86
Epoch  31 | Time     2 | Train Loss 0.4472 | Test Loss 0.525 | Test Error 6.81
Epoch  32 | Time     3 | Train Loss 0.5575 | Test Loss 0.525 | Test Error 6.86
Epoch  33 | Time     2 | Train Loss 0.4678 | Test Loss 0.528 | Test Error 6.89
Epoch  34 | Time     2 | Train Loss 0.4941 | Test Loss 0.528 | Test Error 6.80
Epoch  35 | Time     2 | Train Loss 0.4821 | Test Loss 0.529 | Test Error 6.84
Epoch  36 | Time     2 | Train Loss 0.4877 | Test Loss 0.529 | Test Error 6.80
Epoch  37 | Time     2 | Train Loss 0.4375 | Test Loss 0.529 | Test Error 6.74
Epoch  38 | Time     2 | Train Loss 0.4632 | Test Loss 0.528 | Test Error 6.79
Epoch  39 | Time     2 | Train Loss 0.3110 | Test Loss 0.528 | Test Error 6.77
Epoch  40 | Time     2 | Train Loss 0.4286 | Test Loss 0.530 | Test Error 6.75
Epoch  41 | Time     2 | Train Loss 0.3415 | Test Loss 0.532 | Test Error 6.77
Epoch  42 | Time     2 | Train Loss 0.2887 | Test Loss 0.532 | Test Error 6.85
Epoch  43 | Time     2 | Train Loss 0.3041 | Test Loss 0.531 | Test Error 6.81
Epoch  44 | Time     2 | Train Loss 0.3510 | Test Loss 0.533 | Test Error 6.84
Epoch  45 | Time     2 | Train Loss 0.3654 | Test Loss 0.535 | Test Error 6.84
Epoch  46 | Time     2 | Train Loss 0.2915 | Test Loss 0.535 | Test Error 6.83
Epoch  47 | Time     2 | Train Loss 0.3573 | Test Loss 0.537 | Test Error 6.80
Epoch  48 | Time     2 | Train Loss 0.2298 | Test Loss 0.538 | Test Error 6.77
Epoch  49 | Time     2 | Train Loss 0.3232 | Test Loss 0.541 | Test Error 6.79
Epoch  50 | Time     2 | Train Loss 0.3685 | Test Loss 0.541 | Test Error 6.83
Epoch  51 | Time     2 | Train Loss 0.2757 | Test Loss 0.540 | Test Error 6.77
Epoch  52 | Time     2 | Train Loss 0.3353 | Test Loss 0.538 | Test Error 6.79
Epoch  53 | Time     2 | Train Loss 0.1390 | Test Loss 0.538 | Test Error 6.80
Epoch  54 | Time     4 | Train Loss 0.2853 | Test Loss 0.537 | Test Error 6.79
Epoch  55 | Time     2 | Train Loss 0.2890 | Test Loss 0.534 | Test Error 6.79
Epoch  56 | Time     2 | Train Loss 0.3108 | Test Loss 0.535 | Test Error 6.69
Epoch  57 | Time     2 | Train Loss 0.1953 | Test Loss 0.537 | Test Error 6.66
Epoch  58 | Time     2 | Train Loss 0.1833 | Test Loss 0.536 | Test Error 6.70
Epoch  59 | Time     2 | Train Loss 0.2542 | Test Loss 0.537 | Test Error 6.73
Epoch  60 | Time     2 | Train Loss 0.1418 | Test Loss 0.538 | Test Error 6.70
Epoch  61 | Time     2 | Train Loss 0.1886 | Test Loss 0.541 | Test Error 6.71
Epoch  62 | Time     2 | Train Loss 0.3518 | Test Loss 0.544 | Test Error 6.73
Epoch  63 | Time     2 | Train Loss 0.2403 | Test Loss 0.546 | Test Error 6.70
Epoch  64 | Time     2 | Train Loss 0.1333 | Test Loss 0.548 | Test Error 6.67
Epoch  65 | Time     2 | Train Loss 0.1793 | Test Loss 0.549 | Test Error 6.71
Epoch  66 | Time     2 | Train Loss 0.2017 | Test Loss 0.550 | Test Error 6.74
Epoch  67 | Time     2 | Train Loss 0.1685 | Test Loss 0.549 | Test Error 6.75
Epoch  68 | Time     2 | Train Loss 0.2129 | Test Loss 0.547 | Test Error 6.71
Epoch  69 | Time     2 | Train Loss 0.2207 | Test Loss 0.549 | Test Error 6.75
Epoch  70 | Time     2 | Train Loss 0.2324 | Test Loss 0.547 | Test Error 6.67
Epoch  71 | Time     2 | Train Loss 0.2275 | Test Loss 0.547 | Test Error 6.70
Epoch  72 | Time     2 | Train Loss 0.1791 | Test Loss 0.547 | Test Error 6.71
Epoch  73 | Time     2 | Train Loss 0.2353 | Test Loss 0.548 | Test Error 6.71
Epoch  74 | Time     2 | Train Loss 0.1786 | Test Loss 0.548 | Test Error 6.71
Epoch  75 | Time     2 | Train Loss 0.1119 | Test Loss 0.549 | Test Error 6.67
Epoch  76 | Time     2 | Train Loss 0.1834 | Test Loss 0.552 | Test Error 6.73
Epoch  77 | Time     2 | Train Loss 0.2086 | Test Loss 0.555 | Test Error 6.74
Epoch  78 | Time     2 | Train Loss 0.1741 | Test Loss 0.556 | Test Error 6.71
Epoch  79 | Time     2 | Train Loss 0.1431 | Test Loss 0.557 | Test Error 6.67
Epoch  80 | Time     2 | Train Loss 0.1469 | Test Loss 0.557 | Test Error 6.66
Epoch  81 | Time     2 | Train Loss 0.1359 | Test Loss 0.557 | Test Error 6.66
Epoch  82 | Time     2 | Train Loss 0.1532 | Test Loss 0.557 | Test Error 6.64
Epoch  83 | Time     2 | Train Loss 0.2086 | Test Loss 0.559 | Test Error 6.65
Epoch  84 | Time     2 | Train Loss 0.1006 | Test Loss 0.559 | Test Error 6.67
Epoch  85 | Time     2 | Train Loss 0.1632 | Test Loss 0.562 | Test Error 6.66
Epoch  86 | Time     2 | Train Loss 0.2515 | Test Loss 0.566 | Test Error 6.64
Epoch  87 | Time     2 | Train Loss 0.1021 | Test Loss 0.568 | Test Error 6.65
Epoch  88 | Time     2 | Train Loss 0.1862 | Test Loss 0.567 | Test Error 6.66
Epoch  89 | Time     2 | Train Loss 0.1905 | Test Loss 0.572 | Test Error 6.73
Epoch  90 | Time     2 | Train Loss 0.1772 | Test Loss 0.573 | Test Error 6.71
Epoch  91 | Time     2 | Train Loss 0.1164 | Test Loss 0.575 | Test Error 6.67
Epoch  92 | Time     2 | Train Loss 0.0978 | Test Loss 0.575 | Test Error 6.69
Epoch  93 | Time     2 | Train Loss 0.1228 | Test Loss 0.576 | Test Error 6.66
Epoch  94 | Time     2 | Train Loss 0.1374 | Test Loss 0.575 | Test Error 6.70
Epoch  95 | Time     2 | Train Loss 0.1594 | Test Loss 0.576 | Test Error 6.70
Epoch  96 | Time     2 | Train Loss 0.0692 | Test Loss 0.576 | Test Error 6.61
Epoch  97 | Time     2 | Train Loss 0.1609 | Test Loss 0.575 | Test Error 6.66
Epoch  98 | Time     2 | Train Loss 0.0883 | Test Loss 0.575 | Test Error 6.66
Epoch  99 | Time     2 | Train Loss 0.0738 | Test Loss 0.575 | Test Error 6.64
Epoch 100 | Time     2 | Train Loss 0.1437 | Test Loss 0.576 | Test Error 6.60
ic| len(dset): 60000
ic| len(dset): 10000
Namespace(dataset='FashionMNIST', test_bs=200, num_to_avg=5, validate=False, use_xent=False, method_name='cifar10_allconv_baseline', layers=40, widen_factor=2, droprate=0.3, load='./snapshots', ngpu=1, prefetch=1, out_as_pos=False, score='energy', T=1.0, noise=0, type='energy', ft_epochs=99, ft_n=64, regime='Balanced')
Model restored!
Error Rate 6.60


Error Detection
			cifar10_allconv_baseline
FPR95:			77.18
FPR99:			0.00
AUROC:			88.41
AUPR:			36.02
Configuration: FashionMNIST_Balanced_64

FashionMNIST Detection

[-23.628145 -28.308674 -27.989681] [ -4.123096  -7.936063 -21.866072]
				cifar10_allconv_baseline
  TPR95 TPR99 AUROC AUPR
95.06 & 87.07 & 99.02 & 99.78
0.19 & 0.48 & 0.05 & 0.01
ic| len(dset): 60000
ic| len(dset): 10000
Namespace(dataset='FashionMNIST', test_bs=200, num_to_avg=5, validate=False, use_xent=False, method_name='cifar10_allconv_baseline', layers=40, widen_factor=2, droprate=0.3, load='./snapshots', ngpu=1, prefetch=1, out_as_pos=False, score='energy', T=1.0, noise=0, type='pretrained', ft_epochs=199, ft_n=4, regime='Balanced')
Model restored!
Error Rate 6.54


Error Detection
			cifar10_allconv_baseline
FPR95:			65.24
FPR99:			28.10
AUROC:			90.15
AUPR:			39.03

FashionMNIST Detection

[ -9.675636 -11.333784 -11.22754 ] [ -4.2347984  -9.63663   -11.454067 ]
				cifar10_allconv_baseline
  TPR95 TPR99 AUROC AUPR
67.89 & 38.23 & 94.33 & 98.79
0.63 & 0.65 & 0.12 & 0.03
